[1.371s] Invoking command in '/home/user/ros2_ws/src/move_towards_object': PYTHONPATH=/home/user/ros2_ws/build/move_towards_object/prefix_override:/home/user/ros2_ws/install/move_towards_object/lib/python3.10/site-packages:${PYTHONPATH} _=/usr/bin/env /usr/bin/python3 -W ignore:setup.py install is deprecated setup.py egg_info --egg-base ../../build/move_towards_object build --build-base /home/user/ros2_ws/build/move_towards_object/build install --record /home/user/ros2_ws/build/move_towards_object/install.log --single-version-externally-managed install_data
[1.876s] running egg_info
[1.877s] writing ../../build/move_towards_object/move_towards_object.egg-info/PKG-INFO
[1.877s] writing dependency_links to ../../build/move_towards_object/move_towards_object.egg-info/dependency_links.txt
[1.878s] writing entry points to ../../build/move_towards_object/move_towards_object.egg-info/entry_points.txt
[1.878s] writing requirements to ../../build/move_towards_object/move_towards_object.egg-info/requires.txt
[1.878s] writing top-level names to ../../build/move_towards_object/move_towards_object.egg-info/top_level.txt
[1.880s] reading manifest file '../../build/move_towards_object/move_towards_object.egg-info/SOURCES.txt'
[1.881s] writing manifest file '../../build/move_towards_object/move_towards_object.egg-info/SOURCES.txt'
[1.881s] running build
[1.882s] running build_py
[1.882s] copying move_towards_object/move_towards_object_node.py -> /home/user/ros2_ws/build/move_towards_object/build/lib/move_towards_object
[1.882s] running install
[1.883s] running install_lib
[1.884s] copying /home/user/ros2_ws/build/move_towards_object/build/lib/move_towards_object/move_towards_object_node.py -> /home/user/ros2_ws/install/move_towards_object/lib/python3.10/site-packages/move_towards_object
[1.885s] byte-compiling /home/user/ros2_ws/install/move_towards_object/lib/python3.10/site-packages/move_towards_object/move_towards_object_node.py to move_towards_object_node.cpython-310.pyc
[1.886s] running install_data
[1.886s] running install_egg_info
[1.890s] removing '/home/user/ros2_ws/install/move_towards_object/lib/python3.10/site-packages/move_towards_object-0.0.0-py3.10.egg-info' (and everything under it)
[1.891s] Copying ../../build/move_towards_object/move_towards_object.egg-info to /home/user/ros2_ws/install/move_towards_object/lib/python3.10/site-packages/move_towards_object-0.0.0-py3.10.egg-info
[1.892s] running install_scripts
[1.923s] Installing move_towards_object_node script to /home/user/ros2_ws/install/move_towards_object/lib/move_towards_object
[1.923s] writing list of installed files to '/home/user/ros2_ws/build/move_towards_object/install.log'
[1.962s] Invoked command in '/home/user/ros2_ws/src/move_towards_object' returned '0': PYTHONPATH=/home/user/ros2_ws/build/move_towards_object/prefix_override:/home/user/ros2_ws/install/move_towards_object/lib/python3.10/site-packages:${PYTHONPATH} _=/usr/bin/env /usr/bin/python3 -W ignore:setup.py install is deprecated setup.py egg_info --egg-base ../../build/move_towards_object build --build-base /home/user/ros2_ws/build/move_towards_object/build install --record /home/user/ros2_ws/build/move_towards_object/install.log --single-version-externally-managed install_data
