[2.296s] DEBUG:colcon:Command line arguments: ['/usr/bin/colcon', 'build', '--packages-select', '3d_object_detection']
[2.297s] DEBUG:colcon:Parsed command line arguments: Namespace(log_base=None, log_level=None, verb_name='build', build_base='build', install_base='install', merge_install=False, symlink_install=False, test_result_base=None, continue_on_error=False, executor='parallel', parallel_workers=4, event_handlers=None, ignore_user_meta=False, metas=['./colcon.meta'], base_paths=['.'], packages_ignore=None, packages_ignore_regex=None, paths=None, packages_up_to=None, packages_up_to_regex=None, packages_above=None, packages_above_and_dependencies=None, packages_above_depth=None, packages_select_by_dep=None, packages_skip_by_dep=None, packages_skip_up_to=None, packages_select_build_failed=False, packages_skip_build_finished=False, packages_select_test_failures=False, packages_skip_test_passed=False, packages_select=['3d_object_detection'], packages_skip=None, packages_select_regex=None, packages_skip_regex=None, packages_start=None, packages_end=None, lookup_in_workspace=False, cargo_args=None, clean_build=False, cmake_args=None, cmake_target=None, cmake_target_skip_unavailable=False, cmake_clean_cache=False, cmake_clean_first=False, cmake_force_configure=False, ament_cmake_args=None, catkin_cmake_args=None, catkin_skip_building_tests=False, mixin_files=None, mixin=None, verb_parser=<colcon_mixin.mixin.mixin_argument.MixinArgumentDecorator object at 0x7fcc542860e0>, verb_extension=<colcon_core.verb.build.BuildVerb object at 0x7fcc54285570>, main=<bound method BuildVerb.main of <colcon_core.verb.build.BuildVerb object at 0x7fcc54285570>>, mixin_verb=('build',))
[4.382s] Level 1:colcon.colcon_core.package_discovery:discover_packages(colcon_meta) check parameters
[4.382s] Level 1:colcon.colcon_core.package_discovery:discover_packages(recursive) check parameters
[4.382s] Level 1:colcon.colcon_core.package_discovery:discover_packages(ignore) check parameters
[4.382s] Level 1:colcon.colcon_core.package_discovery:discover_packages(path) check parameters
[4.382s] Level 1:colcon.colcon_core.package_discovery:discover_packages(colcon_meta) discover
[4.382s] Level 1:colcon.colcon_core.package_discovery:discover_packages(recursive) discover
[4.382s] INFO:colcon.colcon_core.package_discovery:Crawling recursively for packages in '/home/user/ros2_ws'
[4.382s] Level 1:colcon.colcon_core.package_identification:_identify(.) by extensions ['ignore', 'ignore_ament_install']
[4.382s] Level 1:colcon.colcon_core.package_identification:_identify(.) by extension 'ignore'
[4.383s] Level 1:colcon.colcon_core.package_identification:_identify(.) by extension 'ignore_ament_install'
[4.383s] Level 1:colcon.colcon_core.package_identification:_identify(.) by extensions ['colcon_pkg']
[4.383s] Level 1:colcon.colcon_core.package_identification:_identify(.) by extension 'colcon_pkg'
[4.384s] Level 1:colcon.colcon_core.package_identification:_identify(.) by extensions ['colcon_meta']
[4.384s] Level 1:colcon.colcon_core.package_identification:_identify(.) by extension 'colcon_meta'
[4.384s] Level 1:colcon.colcon_core.package_identification:_identify(.) by extensions ['ament_cargo']
[4.384s] Level 1:colcon.colcon_core.package_identification:_identify(.) by extension 'ament_cargo'
[4.384s] Level 1:colcon.colcon_core.package_identification:_identify(.) by extensions ['ros']
[4.384s] Level 1:colcon.colcon_core.package_identification:_identify(.) by extension 'ros'
[4.421s] Level 1:colcon.colcon_core.package_identification:_identify(.) by extensions ['cargo', 'cmake', 'python']
[4.422s] Level 1:colcon.colcon_core.package_identification:_identify(.) by extension 'cargo'
[4.422s] Level 1:colcon.colcon_core.package_identification:_identify(.) by extension 'cmake'
[4.422s] Level 1:colcon.colcon_core.package_identification:_identify(.) by extension 'python'
[4.422s] Level 1:colcon.colcon_core.package_identification:_identify(.) by extensions ['python_setup_py']
[4.422s] Level 1:colcon.colcon_core.package_identification:_identify(.) by extension 'python_setup_py'
[4.422s] Level 1:colcon.colcon_core.package_identification:_identify(build) by extensions ['ignore', 'ignore_ament_install']
[4.422s] Level 1:colcon.colcon_core.package_identification:_identify(build) by extension 'ignore'
[4.422s] Level 1:colcon.colcon_core.package_identification:_identify(build) ignored
[4.422s] Level 1:colcon.colcon_core.package_identification:_identify(install) by extensions ['ignore', 'ignore_ament_install']
[4.423s] Level 1:colcon.colcon_core.package_identification:_identify(install) by extension 'ignore'
[4.423s] Level 1:colcon.colcon_core.package_identification:_identify(install) ignored
[4.423s] Level 1:colcon.colcon_core.package_identification:_identify(log) by extensions ['ignore', 'ignore_ament_install']
[4.423s] Level 1:colcon.colcon_core.package_identification:_identify(log) by extension 'ignore'
[4.423s] Level 1:colcon.colcon_core.package_identification:_identify(log) ignored
[4.423s] Level 1:colcon.colcon_core.package_identification:_identify(src) by extensions ['ignore', 'ignore_ament_install']
[4.423s] Level 1:colcon.colcon_core.package_identification:_identify(src) by extension 'ignore'
[4.423s] Level 1:colcon.colcon_core.package_identification:_identify(src) by extension 'ignore_ament_install'
[4.424s] Level 1:colcon.colcon_core.package_identification:_identify(src) by extensions ['colcon_pkg']
[4.468s] Level 1:colcon.colcon_core.package_identification:_identify(src) by extension 'colcon_pkg'
[4.468s] Level 1:colcon.colcon_core.package_identification:_identify(src) by extensions ['colcon_meta']
[4.468s] Level 1:colcon.colcon_core.package_identification:_identify(src) by extension 'colcon_meta'
[4.468s] Level 1:colcon.colcon_core.package_identification:_identify(src) by extensions ['ament_cargo']
[4.468s] Level 1:colcon.colcon_core.package_identification:_identify(src) by extension 'ament_cargo'
[4.468s] Level 1:colcon.colcon_core.package_identification:_identify(src) by extensions ['ros']
[4.468s] Level 1:colcon.colcon_core.package_identification:_identify(src) by extension 'ros'
[4.468s] Level 1:colcon.colcon_core.package_identification:_identify(src) by extensions ['cargo', 'cmake', 'python']
[4.468s] Level 1:colcon.colcon_core.package_identification:_identify(src) by extension 'cargo'
[4.468s] Level 1:colcon.colcon_core.package_identification:_identify(src) by extension 'cmake'
[4.468s] Level 1:colcon.colcon_core.package_identification:_identify(src) by extension 'python'
[4.468s] Level 1:colcon.colcon_core.package_identification:_identify(src) by extensions ['python_setup_py']
[4.468s] Level 1:colcon.colcon_core.package_identification:_identify(src) by extension 'python_setup_py'
[4.469s] Level 1:colcon.colcon_core.package_identification:_identify(src/3d_object_detection) by extensions ['ignore', 'ignore_ament_install']
[4.469s] Level 1:colcon.colcon_core.package_identification:_identify(src/3d_object_detection) by extension 'ignore'
[4.469s] Level 1:colcon.colcon_core.package_identification:_identify(src/3d_object_detection) by extension 'ignore_ament_install'
[4.469s] Level 1:colcon.colcon_core.package_identification:_identify(src/3d_object_detection) by extensions ['colcon_pkg']
[4.469s] Level 1:colcon.colcon_core.package_identification:_identify(src/3d_object_detection) by extension 'colcon_pkg'
[4.469s] Level 1:colcon.colcon_core.package_identification:_identify(src/3d_object_detection) by extensions ['colcon_meta']
[4.469s] Level 1:colcon.colcon_core.package_identification:_identify(src/3d_object_detection) by extension 'colcon_meta'
[4.469s] Level 1:colcon.colcon_core.package_identification:_identify(src/3d_object_detection) by extensions ['ament_cargo']
[4.469s] Level 1:colcon.colcon_core.package_identification:_identify(src/3d_object_detection) by extension 'ament_cargo'
[4.469s] Level 1:colcon.colcon_core.package_identification:_identify(src/3d_object_detection) by extensions ['ros']
[4.469s] Level 1:colcon.colcon_core.package_identification:_identify(src/3d_object_detection) by extension 'ros'
[4.482s] DEBUG:colcon.colcon_core.package_identification:Package 'src/3d_object_detection' with type 'ros.ament_python' and name '3d_object_detection'
[4.482s] Level 1:colcon.colcon_core.package_identification:_identify(src/limo_files) by extensions ['ignore', 'ignore_ament_install']
[4.482s] Level 1:colcon.colcon_core.package_identification:_identify(src/limo_files) by extension 'ignore'
[4.482s] Level 1:colcon.colcon_core.package_identification:_identify(src/limo_files) by extension 'ignore_ament_install'
[4.482s] Level 1:colcon.colcon_core.package_identification:_identify(src/limo_files) by extensions ['colcon_pkg']
[4.483s] Level 1:colcon.colcon_core.package_identification:_identify(src/limo_files) by extension 'colcon_pkg'
[4.483s] Level 1:colcon.colcon_core.package_identification:_identify(src/limo_files) by extensions ['colcon_meta']
[4.483s] Level 1:colcon.colcon_core.package_identification:_identify(src/limo_files) by extension 'colcon_meta'
[4.484s] Level 1:colcon.colcon_core.package_identification:_identify(src/limo_files) by extensions ['ament_cargo']
[4.484s] Level 1:colcon.colcon_core.package_identification:_identify(src/limo_files) by extension 'ament_cargo'
[4.484s] Level 1:colcon.colcon_core.package_identification:_identify(src/limo_files) by extensions ['ros']
[4.484s] Level 1:colcon.colcon_core.package_identification:_identify(src/limo_files) by extension 'ros'
[4.484s] Level 1:colcon.colcon_core.package_identification:_identify(src/limo_files) by extensions ['cargo', 'cmake', 'python']
[4.484s] Level 1:colcon.colcon_core.package_identification:_identify(src/limo_files) by extension 'cargo'
[4.484s] Level 1:colcon.colcon_core.package_identification:_identify(src/limo_files) by extension 'cmake'
[4.484s] Level 1:colcon.colcon_core.package_identification:_identify(src/limo_files) by extension 'python'
[4.484s] Level 1:colcon.colcon_core.package_identification:_identify(src/limo_files) by extensions ['python_setup_py']
[4.484s] Level 1:colcon.colcon_core.package_identification:_identify(src/limo_files) by extension 'python_setup_py'
[4.484s] Level 1:colcon.colcon_core.package_identification:_identify(src/limo_files/gazebo_plugins_ros_mod) by extensions ['ignore', 'ignore_ament_install']
[4.484s] Level 1:colcon.colcon_core.package_identification:_identify(src/limo_files/gazebo_plugins_ros_mod) by extension 'ignore'
[4.485s] Level 1:colcon.colcon_core.package_identification:_identify(src/limo_files/gazebo_plugins_ros_mod) by extension 'ignore_ament_install'
[4.485s] Level 1:colcon.colcon_core.package_identification:_identify(src/limo_files/gazebo_plugins_ros_mod) by extensions ['colcon_pkg']
[4.485s] Level 1:colcon.colcon_core.package_identification:_identify(src/limo_files/gazebo_plugins_ros_mod) by extension 'colcon_pkg'
[4.485s] Level 1:colcon.colcon_core.package_identification:_identify(src/limo_files/gazebo_plugins_ros_mod) by extensions ['colcon_meta']
[4.485s] Level 1:colcon.colcon_core.package_identification:_identify(src/limo_files/gazebo_plugins_ros_mod) by extension 'colcon_meta'
[4.485s] Level 1:colcon.colcon_core.package_identification:_identify(src/limo_files/gazebo_plugins_ros_mod) by extensions ['ament_cargo']
[4.485s] Level 1:colcon.colcon_core.package_identification:_identify(src/limo_files/gazebo_plugins_ros_mod) by extension 'ament_cargo'
[4.485s] Level 1:colcon.colcon_core.package_identification:_identify(src/limo_files/gazebo_plugins_ros_mod) by extensions ['ros']
[4.485s] Level 1:colcon.colcon_core.package_identification:_identify(src/limo_files/gazebo_plugins_ros_mod) by extension 'ros'
[4.485s] Level 1:colcon.colcon_core.package_identification:_identify(src/limo_files/gazebo_plugins_ros_mod) by extensions ['cargo', 'cmake', 'python']
[4.485s] Level 1:colcon.colcon_core.package_identification:_identify(src/limo_files/gazebo_plugins_ros_mod) by extension 'cargo'
[4.485s] Level 1:colcon.colcon_core.package_identification:_identify(src/limo_files/gazebo_plugins_ros_mod) by extension 'cmake'
[4.485s] Level 1:colcon.colcon_core.package_identification:_identify(src/limo_files/gazebo_plugins_ros_mod) by extension 'python'
[4.486s] Level 1:colcon.colcon_core.package_identification:_identify(src/limo_files/gazebo_plugins_ros_mod) by extensions ['python_setup_py']
[4.486s] Level 1:colcon.colcon_core.package_identification:_identify(src/limo_files/gazebo_plugins_ros_mod) by extension 'python_setup_py'
[4.487s] Level 1:colcon.colcon_core.package_identification:_identify(src/limo_files/gazebo_plugins_ros_mod/tc_gazebo_plugins) by extensions ['ignore', 'ignore_ament_install']
[4.487s] Level 1:colcon.colcon_core.package_identification:_identify(src/limo_files/gazebo_plugins_ros_mod/tc_gazebo_plugins) by extension 'ignore'
[4.487s] Level 1:colcon.colcon_core.package_identification:_identify(src/limo_files/gazebo_plugins_ros_mod/tc_gazebo_plugins) by extension 'ignore_ament_install'
[4.487s] Level 1:colcon.colcon_core.package_identification:_identify(src/limo_files/gazebo_plugins_ros_mod/tc_gazebo_plugins) by extensions ['colcon_pkg']
[4.487s] Level 1:colcon.colcon_core.package_identification:_identify(src/limo_files/gazebo_plugins_ros_mod/tc_gazebo_plugins) by extension 'colcon_pkg'
[4.487s] Level 1:colcon.colcon_core.package_identification:_identify(src/limo_files/gazebo_plugins_ros_mod/tc_gazebo_plugins) by extensions ['colcon_meta']
[4.487s] Level 1:colcon.colcon_core.package_identification:_identify(src/limo_files/gazebo_plugins_ros_mod/tc_gazebo_plugins) by extension 'colcon_meta'
[4.487s] Level 1:colcon.colcon_core.package_identification:_identify(src/limo_files/gazebo_plugins_ros_mod/tc_gazebo_plugins) by extensions ['ament_cargo']
[4.487s] Level 1:colcon.colcon_core.package_identification:_identify(src/limo_files/gazebo_plugins_ros_mod/tc_gazebo_plugins) by extension 'ament_cargo'
[4.487s] Level 1:colcon.colcon_core.package_identification:_identify(src/limo_files/gazebo_plugins_ros_mod/tc_gazebo_plugins) by extensions ['ros']
[4.487s] Level 1:colcon.colcon_core.package_identification:_identify(src/limo_files/gazebo_plugins_ros_mod/tc_gazebo_plugins) by extension 'ros'
[4.494s] DEBUG:colcon.colcon_core.package_identification:Package 'src/limo_files/gazebo_plugins_ros_mod/tc_gazebo_plugins' with type 'ros.ament_cmake' and name 'tc_gazebo_plugins'
[4.494s] Level 1:colcon.colcon_core.package_identification:_identify(src/limo_files/limo_ros2) by extensions ['ignore', 'ignore_ament_install']
[4.494s] Level 1:colcon.colcon_core.package_identification:_identify(src/limo_files/limo_ros2) by extension 'ignore'
[4.494s] Level 1:colcon.colcon_core.package_identification:_identify(src/limo_files/limo_ros2) by extension 'ignore_ament_install'
[4.494s] Level 1:colcon.colcon_core.package_identification:_identify(src/limo_files/limo_ros2) by extensions ['colcon_pkg']
[4.494s] Level 1:colcon.colcon_core.package_identification:_identify(src/limo_files/limo_ros2) by extension 'colcon_pkg'
[4.494s] Level 1:colcon.colcon_core.package_identification:_identify(src/limo_files/limo_ros2) by extensions ['colcon_meta']
[4.494s] Level 1:colcon.colcon_core.package_identification:_identify(src/limo_files/limo_ros2) by extension 'colcon_meta'
[4.494s] Level 1:colcon.colcon_core.package_identification:_identify(src/limo_files/limo_ros2) by extensions ['ament_cargo']
[4.494s] Level 1:colcon.colcon_core.package_identification:_identify(src/limo_files/limo_ros2) by extension 'ament_cargo'
[4.494s] Level 1:colcon.colcon_core.package_identification:_identify(src/limo_files/limo_ros2) by extensions ['ros']
[4.494s] Level 1:colcon.colcon_core.package_identification:_identify(src/limo_files/limo_ros2) by extension 'ros'
[4.494s] Level 1:colcon.colcon_core.package_identification:_identify(src/limo_files/limo_ros2) by extensions ['cargo', 'cmake', 'python']
[4.494s] Level 1:colcon.colcon_core.package_identification:_identify(src/limo_files/limo_ros2) by extension 'cargo'
[4.494s] Level 1:colcon.colcon_core.package_identification:_identify(src/limo_files/limo_ros2) by extension 'cmake'
[4.494s] Level 1:colcon.colcon_core.package_identification:_identify(src/limo_files/limo_ros2) by extension 'python'
[4.494s] Level 1:colcon.colcon_core.package_identification:_identify(src/limo_files/limo_ros2) by extensions ['python_setup_py']
[4.494s] Level 1:colcon.colcon_core.package_identification:_identify(src/limo_files/limo_ros2) by extension 'python_setup_py'
[4.497s] Level 1:colcon.colcon_core.package_identification:_identify(src/limo_files/limo_ros2/limo_base) by extensions ['ignore', 'ignore_ament_install']
[4.515s] Level 1:colcon.colcon_core.package_identification:_identify(src/limo_files/limo_ros2/limo_base) by extension 'ignore'
[4.515s] Level 1:colcon.colcon_core.package_identification:_identify(src/limo_files/limo_ros2/limo_base) by extension 'ignore_ament_install'
[4.515s] Level 1:colcon.colcon_core.package_identification:_identify(src/limo_files/limo_ros2/limo_base) by extensions ['colcon_pkg']
[4.515s] Level 1:colcon.colcon_core.package_identification:_identify(src/limo_files/limo_ros2/limo_base) by extension 'colcon_pkg'
[4.515s] Level 1:colcon.colcon_core.package_identification:_identify(src/limo_files/limo_ros2/limo_base) by extensions ['colcon_meta']
[4.515s] Level 1:colcon.colcon_core.package_identification:_identify(src/limo_files/limo_ros2/limo_base) by extension 'colcon_meta'
[4.515s] Level 1:colcon.colcon_core.package_identification:_identify(src/limo_files/limo_ros2/limo_base) by extensions ['ament_cargo']
[4.516s] Level 1:colcon.colcon_core.package_identification:_identify(src/limo_files/limo_ros2/limo_base) by extension 'ament_cargo'
[4.516s] Level 1:colcon.colcon_core.package_identification:_identify(src/limo_files/limo_ros2/limo_base) by extensions ['ros']
[4.516s] Level 1:colcon.colcon_core.package_identification:_identify(src/limo_files/limo_ros2/limo_base) by extension 'ros'
[4.518s] DEBUG:colcon.colcon_core.package_identification:Package 'src/limo_files/limo_ros2/limo_base' with type 'ros.ament_cmake' and name 'limo_base'
[4.520s] Level 1:colcon.colcon_core.package_identification:_identify(src/limo_files/limo_ros2/limo_car) by extensions ['ignore', 'ignore_ament_install']
[4.520s] Level 1:colcon.colcon_core.package_identification:_identify(src/limo_files/limo_ros2/limo_car) by extension 'ignore'
[4.524s] Level 1:colcon.colcon_core.package_identification:_identify(src/limo_files/limo_ros2/limo_car) by extension 'ignore_ament_install'
[4.532s] Level 1:colcon.colcon_core.package_identification:_identify(src/limo_files/limo_ros2/limo_car) by extensions ['colcon_pkg']
[4.532s] Level 1:colcon.colcon_core.package_identification:_identify(src/limo_files/limo_ros2/limo_car) by extension 'colcon_pkg'
[4.532s] Level 1:colcon.colcon_core.package_identification:_identify(src/limo_files/limo_ros2/limo_car) by extensions ['colcon_meta']
[4.532s] Level 1:colcon.colcon_core.package_identification:_identify(src/limo_files/limo_ros2/limo_car) by extension 'colcon_meta'
[4.532s] Level 1:colcon.colcon_core.package_identification:_identify(src/limo_files/limo_ros2/limo_car) by extensions ['ament_cargo']
[4.532s] Level 1:colcon.colcon_core.package_identification:_identify(src/limo_files/limo_ros2/limo_car) by extension 'ament_cargo'
[4.532s] Level 1:colcon.colcon_core.package_identification:_identify(src/limo_files/limo_ros2/limo_car) by extensions ['ros']
[4.532s] Level 1:colcon.colcon_core.package_identification:_identify(src/limo_files/limo_ros2/limo_car) by extension 'ros'
[4.574s] DEBUG:colcon.colcon_core.package_identification:Package 'src/limo_files/limo_ros2/limo_car' with type 'ros.ament_cmake' and name 'limo_car'
[4.575s] Level 1:colcon.colcon_core.package_identification:_identify(src/limo_files/limo_ros2/limo_description) by extensions ['ignore', 'ignore_ament_install']
[4.575s] Level 1:colcon.colcon_core.package_identification:_identify(src/limo_files/limo_ros2/limo_description) by extension 'ignore'
[4.575s] Level 1:colcon.colcon_core.package_identification:_identify(src/limo_files/limo_ros2/limo_description) by extension 'ignore_ament_install'
[4.575s] Level 1:colcon.colcon_core.package_identification:_identify(src/limo_files/limo_ros2/limo_description) by extensions ['colcon_pkg']
[4.575s] Level 1:colcon.colcon_core.package_identification:_identify(src/limo_files/limo_ros2/limo_description) by extension 'colcon_pkg'
[4.575s] Level 1:colcon.colcon_core.package_identification:_identify(src/limo_files/limo_ros2/limo_description) by extensions ['colcon_meta']
[4.580s] Level 1:colcon.colcon_core.package_identification:_identify(src/limo_files/limo_ros2/limo_description) by extension 'colcon_meta'
[4.580s] Level 1:colcon.colcon_core.package_identification:_identify(src/limo_files/limo_ros2/limo_description) by extensions ['ament_cargo']
[4.581s] Level 1:colcon.colcon_core.package_identification:_identify(src/limo_files/limo_ros2/limo_description) by extension 'ament_cargo'
[4.581s] Level 1:colcon.colcon_core.package_identification:_identify(src/limo_files/limo_ros2/limo_description) by extensions ['ros']
[4.581s] Level 1:colcon.colcon_core.package_identification:_identify(src/limo_files/limo_ros2/limo_description) by extension 'ros'
[4.586s] DEBUG:colcon.colcon_core.package_identification:Package 'src/limo_files/limo_ros2/limo_description' with type 'ros.ament_cmake' and name 'limo_description'
[4.586s] Level 1:colcon.colcon_core.package_identification:_identify(src/limo_files/limo_ros2/limo_msgs) by extensions ['ignore', 'ignore_ament_install']
[4.586s] Level 1:colcon.colcon_core.package_identification:_identify(src/limo_files/limo_ros2/limo_msgs) by extension 'ignore'
[4.586s] Level 1:colcon.colcon_core.package_identification:_identify(src/limo_files/limo_ros2/limo_msgs) by extension 'ignore_ament_install'
[4.587s] Level 1:colcon.colcon_core.package_identification:_identify(src/limo_files/limo_ros2/limo_msgs) by extensions ['colcon_pkg']
[4.587s] Level 1:colcon.colcon_core.package_identification:_identify(src/limo_files/limo_ros2/limo_msgs) by extension 'colcon_pkg'
[4.587s] Level 1:colcon.colcon_core.package_identification:_identify(src/limo_files/limo_ros2/limo_msgs) by extensions ['colcon_meta']
[4.587s] Level 1:colcon.colcon_core.package_identification:_identify(src/limo_files/limo_ros2/limo_msgs) by extension 'colcon_meta'
[4.587s] Level 1:colcon.colcon_core.package_identification:_identify(src/limo_files/limo_ros2/limo_msgs) by extensions ['ament_cargo']
[4.587s] Level 1:colcon.colcon_core.package_identification:_identify(src/limo_files/limo_ros2/limo_msgs) by extension 'ament_cargo'
[4.587s] Level 1:colcon.colcon_core.package_identification:_identify(src/limo_files/limo_ros2/limo_msgs) by extensions ['ros']
[4.587s] Level 1:colcon.colcon_core.package_identification:_identify(src/limo_files/limo_ros2/limo_msgs) by extension 'ros'
[4.589s] DEBUG:colcon.colcon_core.package_identification:Package 'src/limo_files/limo_ros2/limo_msgs' with type 'ros.ament_cmake' and name 'limo_msgs'
[4.590s] Level 1:colcon.colcon_core.package_identification:_identify(src/limo_files/limo_ros2/scripts) by extensions ['ignore', 'ignore_ament_install']
[4.590s] Level 1:colcon.colcon_core.package_identification:_identify(src/limo_files/limo_ros2/scripts) by extension 'ignore'
[4.590s] Level 1:colcon.colcon_core.package_identification:_identify(src/limo_files/limo_ros2/scripts) by extension 'ignore_ament_install'
[4.590s] Level 1:colcon.colcon_core.package_identification:_identify(src/limo_files/limo_ros2/scripts) by extensions ['colcon_pkg']
[4.590s] Level 1:colcon.colcon_core.package_identification:_identify(src/limo_files/limo_ros2/scripts) by extension 'colcon_pkg'
[4.590s] Level 1:colcon.colcon_core.package_identification:_identify(src/limo_files/limo_ros2/scripts) by extensions ['colcon_meta']
[4.590s] Level 1:colcon.colcon_core.package_identification:_identify(src/limo_files/limo_ros2/scripts) by extension 'colcon_meta'
[4.590s] Level 1:colcon.colcon_core.package_identification:_identify(src/limo_files/limo_ros2/scripts) by extensions ['ament_cargo']
[4.590s] Level 1:colcon.colcon_core.package_identification:_identify(src/limo_files/limo_ros2/scripts) by extension 'ament_cargo'
[4.590s] Level 1:colcon.colcon_core.package_identification:_identify(src/limo_files/limo_ros2/scripts) by extensions ['ros']
[4.590s] Level 1:colcon.colcon_core.package_identification:_identify(src/limo_files/limo_ros2/scripts) by extension 'ros'
[4.590s] Level 1:colcon.colcon_core.package_identification:_identify(src/limo_files/limo_ros2/scripts) by extensions ['cargo', 'cmake', 'python']
[4.590s] Level 1:colcon.colcon_core.package_identification:_identify(src/limo_files/limo_ros2/scripts) by extension 'cargo'
[4.590s] Level 1:colcon.colcon_core.package_identification:_identify(src/limo_files/limo_ros2/scripts) by extension 'cmake'
[4.591s] Level 1:colcon.colcon_core.package_identification:_identify(src/limo_files/limo_ros2/scripts) by extension 'python'
[4.591s] Level 1:colcon.colcon_core.package_identification:_identify(src/limo_files/limo_ros2/scripts) by extensions ['python_setup_py']
[4.591s] Level 1:colcon.colcon_core.package_identification:_identify(src/limo_files/limo_ros2/scripts) by extension 'python_setup_py'
[4.591s] Level 1:colcon.colcon_core.package_identification:_identify(src/limo_files/ros_components_description) by extensions ['ignore', 'ignore_ament_install']
[4.591s] Level 1:colcon.colcon_core.package_identification:_identify(src/limo_files/ros_components_description) by extension 'ignore'
[4.591s] Level 1:colcon.colcon_core.package_identification:_identify(src/limo_files/ros_components_description) by extension 'ignore_ament_install'
[4.591s] Level 1:colcon.colcon_core.package_identification:_identify(src/limo_files/ros_components_description) by extensions ['colcon_pkg']
[4.591s] Level 1:colcon.colcon_core.package_identification:_identify(src/limo_files/ros_components_description) by extension 'colcon_pkg'
[4.591s] Level 1:colcon.colcon_core.package_identification:_identify(src/limo_files/ros_components_description) by extensions ['colcon_meta']
[4.591s] Level 1:colcon.colcon_core.package_identification:_identify(src/limo_files/ros_components_description) by extension 'colcon_meta'
[4.591s] Level 1:colcon.colcon_core.package_identification:_identify(src/limo_files/ros_components_description) by extensions ['ament_cargo']
[4.591s] Level 1:colcon.colcon_core.package_identification:_identify(src/limo_files/ros_components_description) by extension 'ament_cargo'
[4.591s] Level 1:colcon.colcon_core.package_identification:_identify(src/limo_files/ros_components_description) by extensions ['ros']
[4.591s] Level 1:colcon.colcon_core.package_identification:_identify(src/limo_files/ros_components_description) by extension 'ros'
[4.618s] DEBUG:colcon.colcon_core.package_identification:Package 'src/limo_files/ros_components_description' with type 'ros.ament_cmake' and name 'ros_components_description'
[4.619s] Level 1:colcon.colcon_core.package_identification:_identify(src/limo_files/rviz) by extensions ['ignore', 'ignore_ament_install']
[4.619s] Level 1:colcon.colcon_core.package_identification:_identify(src/limo_files/rviz) by extension 'ignore'
[4.619s] Level 1:colcon.colcon_core.package_identification:_identify(src/limo_files/rviz) by extension 'ignore_ament_install'
[4.619s] Level 1:colcon.colcon_core.package_identification:_identify(src/limo_files/rviz) by extensions ['colcon_pkg']
[4.619s] Level 1:colcon.colcon_core.package_identification:_identify(src/limo_files/rviz) by extension 'colcon_pkg'
[4.619s] Level 1:colcon.colcon_core.package_identification:_identify(src/limo_files/rviz) by extensions ['colcon_meta']
[4.619s] Level 1:colcon.colcon_core.package_identification:_identify(src/limo_files/rviz) by extension 'colcon_meta'
[4.619s] Level 1:colcon.colcon_core.package_identification:_identify(src/limo_files/rviz) by extensions ['ament_cargo']
[4.619s] Level 1:colcon.colcon_core.package_identification:_identify(src/limo_files/rviz) by extension 'ament_cargo'
[4.619s] Level 1:colcon.colcon_core.package_identification:_identify(src/limo_files/rviz) by extensions ['ros']
[4.619s] Level 1:colcon.colcon_core.package_identification:_identify(src/limo_files/rviz) by extension 'ros'
[4.619s] Level 1:colcon.colcon_core.package_identification:_identify(src/limo_files/rviz) by extensions ['cargo', 'cmake', 'python']
[4.619s] Level 1:colcon.colcon_core.package_identification:_identify(src/limo_files/rviz) by extension 'cargo'
[4.619s] Level 1:colcon.colcon_core.package_identification:_identify(src/limo_files/rviz) by extension 'cmake'
[4.619s] Level 1:colcon.colcon_core.package_identification:_identify(src/limo_files/rviz) by extension 'python'
[4.619s] Level 1:colcon.colcon_core.package_identification:_identify(src/limo_files/rviz) by extensions ['python_setup_py']
[4.619s] Level 1:colcon.colcon_core.package_identification:_identify(src/limo_files/rviz) by extension 'python_setup_py'
[4.620s] Level 1:colcon.colcon_core.package_identification:_identify(src/limo_files/scripts) by extensions ['ignore', 'ignore_ament_install']
[4.620s] Level 1:colcon.colcon_core.package_identification:_identify(src/limo_files/scripts) by extension 'ignore'
[4.620s] Level 1:colcon.colcon_core.package_identification:_identify(src/limo_files/scripts) by extension 'ignore_ament_install'
[4.620s] Level 1:colcon.colcon_core.package_identification:_identify(src/limo_files/scripts) by extensions ['colcon_pkg']
[4.620s] Level 1:colcon.colcon_core.package_identification:_identify(src/limo_files/scripts) by extension 'colcon_pkg'
[4.620s] Level 1:colcon.colcon_core.package_identification:_identify(src/limo_files/scripts) by extensions ['colcon_meta']
[4.620s] Level 1:colcon.colcon_core.package_identification:_identify(src/limo_files/scripts) by extension 'colcon_meta'
[4.620s] Level 1:colcon.colcon_core.package_identification:_identify(src/limo_files/scripts) by extensions ['ament_cargo']
[4.620s] Level 1:colcon.colcon_core.package_identification:_identify(src/limo_files/scripts) by extension 'ament_cargo'
[4.620s] Level 1:colcon.colcon_core.package_identification:_identify(src/limo_files/scripts) by extensions ['ros']
[4.620s] Level 1:colcon.colcon_core.package_identification:_identify(src/limo_files/scripts) by extension 'ros'
[4.620s] Level 1:colcon.colcon_core.package_identification:_identify(src/limo_files/scripts) by extensions ['cargo', 'cmake', 'python']
[4.620s] Level 1:colcon.colcon_core.package_identification:_identify(src/limo_files/scripts) by extension 'cargo'
[4.620s] Level 1:colcon.colcon_core.package_identification:_identify(src/limo_files/scripts) by extension 'cmake'
[4.620s] Level 1:colcon.colcon_core.package_identification:_identify(src/limo_files/scripts) by extension 'python'
[4.620s] Level 1:colcon.colcon_core.package_identification:_identify(src/limo_files/scripts) by extensions ['python_setup_py']
[4.620s] Level 1:colcon.colcon_core.package_identification:_identify(src/limo_files/scripts) by extension 'python_setup_py'
[4.621s] Level 1:colcon.colcon_core.package_identification:_identify(src/raw_test) by extensions ['ignore', 'ignore_ament_install']
[4.621s] Level 1:colcon.colcon_core.package_identification:_identify(src/raw_test) by extension 'ignore'
[4.621s] Level 1:colcon.colcon_core.package_identification:_identify(src/raw_test) by extension 'ignore_ament_install'
[4.621s] Level 1:colcon.colcon_core.package_identification:_identify(src/raw_test) by extensions ['colcon_pkg']
[4.621s] Level 1:colcon.colcon_core.package_identification:_identify(src/raw_test) by extension 'colcon_pkg'
[4.621s] Level 1:colcon.colcon_core.package_identification:_identify(src/raw_test) by extensions ['colcon_meta']
[4.621s] Level 1:colcon.colcon_core.package_identification:_identify(src/raw_test) by extension 'colcon_meta'
[4.621s] Level 1:colcon.colcon_core.package_identification:_identify(src/raw_test) by extensions ['ament_cargo']
[4.621s] Level 1:colcon.colcon_core.package_identification:_identify(src/raw_test) by extension 'ament_cargo'
[4.621s] Level 1:colcon.colcon_core.package_identification:_identify(src/raw_test) by extensions ['ros']
[4.621s] Level 1:colcon.colcon_core.package_identification:_identify(src/raw_test) by extension 'ros'
[4.621s] Level 1:colcon.colcon_core.package_identification:_identify(src/raw_test) by extensions ['cargo', 'cmake', 'python']
[4.621s] Level 1:colcon.colcon_core.package_identification:_identify(src/raw_test) by extension 'cargo'
[4.621s] Level 1:colcon.colcon_core.package_identification:_identify(src/raw_test) by extension 'cmake'
[4.621s] Level 1:colcon.colcon_core.package_identification:_identify(src/raw_test) by extension 'python'
[4.621s] Level 1:colcon.colcon_core.package_identification:_identify(src/raw_test) by extensions ['python_setup_py']
[4.621s] Level 1:colcon.colcon_core.package_identification:_identify(src/raw_test) by extension 'python_setup_py'
[4.621s] Level 1:colcon.colcon_core.package_identification:_identify(src/raw_test/openrobotics_darknet_ros) by extensions ['ignore', 'ignore_ament_install']
[4.622s] Level 1:colcon.colcon_core.package_identification:_identify(src/raw_test/openrobotics_darknet_ros) by extension 'ignore'
[4.622s] Level 1:colcon.colcon_core.package_identification:_identify(src/raw_test/openrobotics_darknet_ros) by extension 'ignore_ament_install'
[4.622s] Level 1:colcon.colcon_core.package_identification:_identify(src/raw_test/openrobotics_darknet_ros) by extensions ['colcon_pkg']
[4.622s] Level 1:colcon.colcon_core.package_identification:_identify(src/raw_test/openrobotics_darknet_ros) by extension 'colcon_pkg'
[4.622s] Level 1:colcon.colcon_core.package_identification:_identify(src/raw_test/openrobotics_darknet_ros) by extensions ['colcon_meta']
[4.622s] Level 1:colcon.colcon_core.package_identification:_identify(src/raw_test/openrobotics_darknet_ros) by extension 'colcon_meta'
[4.622s] Level 1:colcon.colcon_core.package_identification:_identify(src/raw_test/openrobotics_darknet_ros) by extensions ['ament_cargo']
[4.622s] Level 1:colcon.colcon_core.package_identification:_identify(src/raw_test/openrobotics_darknet_ros) by extension 'ament_cargo'
[4.622s] Level 1:colcon.colcon_core.package_identification:_identify(src/raw_test/openrobotics_darknet_ros) by extensions ['ros']
[4.622s] Level 1:colcon.colcon_core.package_identification:_identify(src/raw_test/openrobotics_darknet_ros) by extension 'ros'
[4.669s] DEBUG:colcon.colcon_core.package_identification:Package 'src/raw_test/openrobotics_darknet_ros' with type 'ros.ament_cmake' and name 'openrobotics_darknet_ros'
[4.669s] Level 1:colcon.colcon_core.package_identification:_identify(src/raw_test/vision_msgs) by extensions ['ignore', 'ignore_ament_install']
[4.669s] Level 1:colcon.colcon_core.package_identification:_identify(src/raw_test/vision_msgs) by extension 'ignore'
[4.669s] Level 1:colcon.colcon_core.package_identification:_identify(src/raw_test/vision_msgs) by extension 'ignore_ament_install'
[4.670s] Level 1:colcon.colcon_core.package_identification:_identify(src/raw_test/vision_msgs) by extensions ['colcon_pkg']
[4.670s] Level 1:colcon.colcon_core.package_identification:_identify(src/raw_test/vision_msgs) by extension 'colcon_pkg'
[4.670s] Level 1:colcon.colcon_core.package_identification:_identify(src/raw_test/vision_msgs) by extensions ['colcon_meta']
[4.670s] Level 1:colcon.colcon_core.package_identification:_identify(src/raw_test/vision_msgs) by extension 'colcon_meta'
[4.670s] Level 1:colcon.colcon_core.package_identification:_identify(src/raw_test/vision_msgs) by extensions ['ament_cargo']
[4.670s] Level 1:colcon.colcon_core.package_identification:_identify(src/raw_test/vision_msgs) by extension 'ament_cargo'
[4.670s] Level 1:colcon.colcon_core.package_identification:_identify(src/raw_test/vision_msgs) by extensions ['ros']
[4.670s] Level 1:colcon.colcon_core.package_identification:_identify(src/raw_test/vision_msgs) by extension 'ros'
[4.670s] Level 1:colcon.colcon_core.package_identification:_identify(src/raw_test/vision_msgs) by extensions ['cargo', 'cmake', 'python']
[4.671s] Level 1:colcon.colcon_core.package_identification:_identify(src/raw_test/vision_msgs) by extension 'cargo'
[4.671s] Level 1:colcon.colcon_core.package_identification:_identify(src/raw_test/vision_msgs) by extension 'cmake'
[4.671s] Level 1:colcon.colcon_core.package_identification:_identify(src/raw_test/vision_msgs) by extension 'python'
[4.671s] Level 1:colcon.colcon_core.package_identification:_identify(src/raw_test/vision_msgs) by extensions ['python_setup_py']
[4.671s] Level 1:colcon.colcon_core.package_identification:_identify(src/raw_test/vision_msgs) by extension 'python_setup_py'
[4.671s] Level 1:colcon.colcon_core.package_identification:_identify(src/raw_test/vision_msgs/vision_msgs) by extensions ['ignore', 'ignore_ament_install']
[4.671s] Level 1:colcon.colcon_core.package_identification:_identify(src/raw_test/vision_msgs/vision_msgs) by extension 'ignore'
[4.671s] Level 1:colcon.colcon_core.package_identification:_identify(src/raw_test/vision_msgs/vision_msgs) by extension 'ignore_ament_install'
[4.671s] Level 1:colcon.colcon_core.package_identification:_identify(src/raw_test/vision_msgs/vision_msgs) by extensions ['colcon_pkg']
[4.671s] Level 1:colcon.colcon_core.package_identification:_identify(src/raw_test/vision_msgs/vision_msgs) by extension 'colcon_pkg'
[4.671s] Level 1:colcon.colcon_core.package_identification:_identify(src/raw_test/vision_msgs/vision_msgs) by extensions ['colcon_meta']
[4.671s] Level 1:colcon.colcon_core.package_identification:_identify(src/raw_test/vision_msgs/vision_msgs) by extension 'colcon_meta'
[4.672s] Level 1:colcon.colcon_core.package_identification:_identify(src/raw_test/vision_msgs/vision_msgs) by extensions ['ament_cargo']
[4.672s] Level 1:colcon.colcon_core.package_identification:_identify(src/raw_test/vision_msgs/vision_msgs) by extension 'ament_cargo'
[4.672s] Level 1:colcon.colcon_core.package_identification:_identify(src/raw_test/vision_msgs/vision_msgs) by extensions ['ros']
[4.672s] Level 1:colcon.colcon_core.package_identification:_identify(src/raw_test/vision_msgs/vision_msgs) by extension 'ros'
[4.674s] DEBUG:colcon.colcon_core.package_identification:Package 'src/raw_test/vision_msgs/vision_msgs' with type 'ros.ament_cmake' and name 'vision_msgs'
[4.674s] Level 1:colcon.colcon_core.package_identification:_identify(src/raw_test/vision_msgs/vision_msgs_rviz_plugins) by extensions ['ignore', 'ignore_ament_install']
[4.674s] Level 1:colcon.colcon_core.package_identification:_identify(src/raw_test/vision_msgs/vision_msgs_rviz_plugins) by extension 'ignore'
[4.674s] Level 1:colcon.colcon_core.package_identification:_identify(src/raw_test/vision_msgs/vision_msgs_rviz_plugins) by extension 'ignore_ament_install'
[4.675s] Level 1:colcon.colcon_core.package_identification:_identify(src/raw_test/vision_msgs/vision_msgs_rviz_plugins) by extensions ['colcon_pkg']
[4.675s] Level 1:colcon.colcon_core.package_identification:_identify(src/raw_test/vision_msgs/vision_msgs_rviz_plugins) by extension 'colcon_pkg'
[4.675s] Level 1:colcon.colcon_core.package_identification:_identify(src/raw_test/vision_msgs/vision_msgs_rviz_plugins) by extensions ['colcon_meta']
[4.675s] Level 1:colcon.colcon_core.package_identification:_identify(src/raw_test/vision_msgs/vision_msgs_rviz_plugins) by extension 'colcon_meta'
[4.675s] Level 1:colcon.colcon_core.package_identification:_identify(src/raw_test/vision_msgs/vision_msgs_rviz_plugins) by extensions ['ament_cargo']
[4.675s] Level 1:colcon.colcon_core.package_identification:_identify(src/raw_test/vision_msgs/vision_msgs_rviz_plugins) by extension 'ament_cargo'
[4.675s] Level 1:colcon.colcon_core.package_identification:_identify(src/raw_test/vision_msgs/vision_msgs_rviz_plugins) by extensions ['ros']
[4.675s] Level 1:colcon.colcon_core.package_identification:_identify(src/raw_test/vision_msgs/vision_msgs_rviz_plugins) by extension 'ros'
[4.681s] DEBUG:colcon.colcon_core.package_identification:Package 'src/raw_test/vision_msgs/vision_msgs_rviz_plugins' with type 'ros.ament_cmake' and name 'vision_msgs_rviz_plugins'
[4.684s] Level 1:colcon.colcon_core.package_identification:_identify(src/raw_test/yolo_pointcloud_marker) by extensions ['ignore', 'ignore_ament_install']
[4.684s] Level 1:colcon.colcon_core.package_identification:_identify(src/raw_test/yolo_pointcloud_marker) by extension 'ignore'
[4.684s] Level 1:colcon.colcon_core.package_identification:_identify(src/raw_test/yolo_pointcloud_marker) by extension 'ignore_ament_install'
[4.684s] Level 1:colcon.colcon_core.package_identification:_identify(src/raw_test/yolo_pointcloud_marker) by extensions ['colcon_pkg']
[4.684s] Level 1:colcon.colcon_core.package_identification:_identify(src/raw_test/yolo_pointcloud_marker) by extension 'colcon_pkg'
[4.684s] Level 1:colcon.colcon_core.package_identification:_identify(src/raw_test/yolo_pointcloud_marker) by extensions ['colcon_meta']
[4.684s] Level 1:colcon.colcon_core.package_identification:_identify(src/raw_test/yolo_pointcloud_marker) by extension 'colcon_meta'
[4.692s] Level 1:colcon.colcon_core.package_identification:_identify(src/raw_test/yolo_pointcloud_marker) by extensions ['ament_cargo']
[4.692s] Level 1:colcon.colcon_core.package_identification:_identify(src/raw_test/yolo_pointcloud_marker) by extension 'ament_cargo'
[4.692s] Level 1:colcon.colcon_core.package_identification:_identify(src/raw_test/yolo_pointcloud_marker) by extensions ['ros']
[4.692s] Level 1:colcon.colcon_core.package_identification:_identify(src/raw_test/yolo_pointcloud_marker) by extension 'ros'
[4.697s] DEBUG:colcon.colcon_core.package_identification:Package 'src/raw_test/yolo_pointcloud_marker' with type 'ros.ament_python' and name 'yolo_pointcloud_marker'
[4.697s] Level 1:colcon.colcon_core.package_discovery:discover_packages(recursive) using defaults
[4.698s] Level 1:colcon.colcon_core.package_discovery:discover_packages(ignore) discover
[4.698s] Level 1:colcon.colcon_core.package_discovery:discover_packages(ignore) using defaults
[4.698s] Level 1:colcon.colcon_core.package_discovery:discover_packages(path) discover
[4.698s] Level 1:colcon.colcon_core.package_discovery:discover_packages(path) using defaults
[4.886s] INFO:colcon.colcon_core.package_selection:Skipping not selected package 'limo_car' in 'src/limo_files/limo_ros2/limo_car'
[4.887s] INFO:colcon.colcon_core.package_selection:Skipping not selected package 'limo_description' in 'src/limo_files/limo_ros2/limo_description'
[4.887s] INFO:colcon.colcon_core.package_selection:Skipping not selected package 'limo_msgs' in 'src/limo_files/limo_ros2/limo_msgs'
[4.887s] INFO:colcon.colcon_core.package_selection:Skipping not selected package 'ros_components_description' in 'src/limo_files/ros_components_description'
[4.887s] INFO:colcon.colcon_core.package_selection:Skipping not selected package 'tc_gazebo_plugins' in 'src/limo_files/gazebo_plugins_ros_mod/tc_gazebo_plugins'
[4.887s] INFO:colcon.colcon_core.package_selection:Skipping not selected package 'vision_msgs' in 'src/raw_test/vision_msgs/vision_msgs'
[4.887s] INFO:colcon.colcon_core.package_selection:Skipping not selected package 'limo_base' in 'src/limo_files/limo_ros2/limo_base'
[4.887s] INFO:colcon.colcon_core.package_selection:Skipping not selected package 'openrobotics_darknet_ros' in 'src/raw_test/openrobotics_darknet_ros'
[4.887s] INFO:colcon.colcon_core.package_selection:Skipping not selected package 'vision_msgs_rviz_plugins' in 'src/raw_test/vision_msgs/vision_msgs_rviz_plugins'
[4.887s] INFO:colcon.colcon_core.package_selection:Skipping not selected package 'yolo_pointcloud_marker' in 'src/raw_test/yolo_pointcloud_marker'
[4.887s] Level 5:colcon.colcon_core.verb:set package '3d_object_detection' build argument 'lookup_in_workspace' from command line to 'False'
[4.888s] Level 5:colcon.colcon_core.verb:set package '3d_object_detection' build argument 'cargo_args' from command line to 'None'
[4.888s] Level 5:colcon.colcon_core.verb:set package '3d_object_detection' build argument 'clean_build' from command line to 'False'
[4.889s] Level 5:colcon.colcon_core.verb:set package '3d_object_detection' build argument 'cmake_args' from command line to 'None'
[4.889s] Level 5:colcon.colcon_core.verb:set package '3d_object_detection' build argument 'cmake_target' from command line to 'None'
[4.889s] Level 5:colcon.colcon_core.verb:set package '3d_object_detection' build argument 'cmake_target_skip_unavailable' from command line to 'False'
[4.889s] Level 5:colcon.colcon_core.verb:set package '3d_object_detection' build argument 'cmake_clean_cache' from command line to 'False'
[4.889s] Level 5:colcon.colcon_core.verb:set package '3d_object_detection' build argument 'cmake_clean_first' from command line to 'False'
[4.889s] Level 5:colcon.colcon_core.verb:set package '3d_object_detection' build argument 'cmake_force_configure' from command line to 'False'
[4.889s] Level 5:colcon.colcon_core.verb:set package '3d_object_detection' build argument 'ament_cmake_args' from command line to 'None'
[4.889s] Level 5:colcon.colcon_core.verb:set package '3d_object_detection' build argument 'catkin_cmake_args' from command line to 'None'
[4.889s] Level 5:colcon.colcon_core.verb:set package '3d_object_detection' build argument 'catkin_skip_building_tests' from command line to 'False'
[4.889s] DEBUG:colcon.colcon_core.verb:Building package '3d_object_detection' with the following arguments: {'ament_cmake_args': None, 'build_base': '/home/user/ros2_ws/build/3d_object_detection', 'cargo_args': None, 'catkin_cmake_args': None, 'catkin_skip_building_tests': False, 'clean_build': False, 'cmake_args': None, 'cmake_clean_cache': False, 'cmake_clean_first': False, 'cmake_force_configure': False, 'cmake_target': None, 'cmake_target_skip_unavailable': False, 'install_base': '/home/user/ros2_ws/install/3d_object_detection', 'lookup_in_workspace': False, 'merge_install': False, 'path': '/home/user/ros2_ws/src/3d_object_detection', 'symlink_install': False, 'test_result_base': None}
[4.889s] INFO:colcon.colcon_core.executor:Executing jobs using 'parallel' executor
[4.900s] DEBUG:colcon.colcon_parallel_executor.executor.parallel:run_until_complete
[4.900s] INFO:colcon.colcon_ros.task.ament_python.build:Building ROS package in '/home/user/ros2_ws/src/3d_object_detection' with build type 'ament_python'
[4.901s] Level 1:colcon.colcon_core.shell:create_environment_hook('3d_object_detection', 'ament_prefix_path')
[4.980s] INFO:colcon.colcon_core.plugin_system:Skipping extension 'colcon_core.shell.bat': Not used on non-Windows systems
[4.981s] INFO:colcon.colcon_core.shell:Creating environment hook '/home/user/ros2_ws/install/3d_object_detection/share/3d_object_detection/hook/ament_prefix_path.ps1'
[4.984s] INFO:colcon.colcon_core.shell:Creating environment descriptor '/home/user/ros2_ws/install/3d_object_detection/share/3d_object_detection/hook/ament_prefix_path.dsv'
[4.985s] INFO:colcon.colcon_core.shell:Creating environment hook '/home/user/ros2_ws/install/3d_object_detection/share/3d_object_detection/hook/ament_prefix_path.sh'
[4.987s] INFO:colcon.colcon_core.shell:Skip shell extension 'powershell' for command environment: Not usable outside of PowerShell
[4.987s] DEBUG:colcon.colcon_core.shell:Skip shell extension 'dsv' for command environment
[6.668s] INFO:colcon.colcon_core.task.python.build:Building Python package in '/home/user/ros2_ws/src/3d_object_detection'
[6.669s] INFO:colcon.colcon_core.shell:Skip shell extension 'powershell' for command environment: Not usable outside of PowerShell
[6.669s] DEBUG:colcon.colcon_core.shell:Skip shell extension 'dsv' for command environment
[9.781s] DEBUG:colcon.colcon_core.event_handler.log_command:Invoking command in '/home/user/ros2_ws/src/3d_object_detection': CMAKE_PREFIX_PATH=/home/user/ros2_ws/install/vision_msgs:/home/simulations/ros2_sims_ws/install/common_interfaces:/home/simulations/ros2_sims_ws/install/visualization_msgs:/home/simulations/ros2_sims_ws/install/test_msgs:/home/simulations/ros2_sims_ws/install/example_interfaces:/home/simulations/ros2_sims_ws/install/action_msgs:/home/simulations/ros2_sims_ws/install/unique_identifier_msgs:/home/simulations/ros2_sims_ws/install/trajectory_msgs:/home/simulations/ros2_sims_ws/install/test_interface_files:/home/simulations/ros2_sims_ws/install/stereo_msgs:/home/simulations/ros2_sims_ws/install/std_srvs:/home/simulations/ros2_sims_ws/install/shape_msgs:/home/simulations/ros2_sims_ws/install/sensor_msgs:/home/simulations/ros2_sims_ws/install/nav_msgs:/home/simulations/ros2_sims_ws/install/diagnostic_msgs:/home/simulations/ros2_sims_ws/install/geometry_msgs:/home/simulations/ros2_sims_ws/install/actionlib_msgs:/home/simulations/ros2_sims_ws/install/std_msgs:/home/simulations/ros2_sims_ws/install/statistics_msgs:/home/simulations/ros2_sims_ws/install/rosgraph_msgs:/home/simulations/ros2_sims_ws/install/rclrs_example_msgs:/home/simulations/ros2_sims_ws/install/composition_interfaces:/home/simulations/ros2_sims_ws/install/rcl_interfaces:/home/simulations/ros2_sims_ws/install/lifecycle_msgs:/home/simulations/ros2_sims_ws/install/builtin_interfaces:/home/simulations/ros2_sims_ws/install/rosidl_default_runtime:/home/simulations/ros2_sims_ws/install/rosidl_default_generators:/home/simulations/ros2_sims_ws/install/rosidl_generator_rs:/home/user/ros2_ws/install/vision_msgs_rviz_plugins:/home/user/ros2_ws/install/openrobotics_darknet_ros:/home/user/ros2_ws/install/tc_gazebo_plugins:/home/user/ros2_ws/install/ros_components_description:/home/user/ros2_ws/install/limo_base:/home/user/ros2_ws/install/limo_msgs:/home/user/ros2_ws/install/limo_description:/home/user/ros2_ws/install/limo_car LD_LIBRARY_PATH=/home/user/ros2_ws/install/vision_msgs/lib:/usr/local/cuda-10.2/lib64:/home/user/.catkin_ws_python3/src/TensorRT-7.0.0.11/lib:/home/simulations/ros2_sims_ws/install/visualization_msgs/lib:/home/simulations/ros2_sims_ws/install/test_msgs/lib:/home/simulations/ros2_sims_ws/install/example_interfaces/lib:/home/simulations/ros2_sims_ws/install/action_msgs/lib:/home/simulations/ros2_sims_ws/install/unique_identifier_msgs/lib:/home/simulations/ros2_sims_ws/install/trajectory_msgs/lib:/home/simulations/ros2_sims_ws/install/stereo_msgs/lib:/home/simulations/ros2_sims_ws/install/std_srvs/lib:/home/simulations/ros2_sims_ws/install/shape_msgs/lib:/home/simulations/ros2_sims_ws/install/sensor_msgs/lib:/home/simulations/ros2_sims_ws/install/nav_msgs/lib:/home/simulations/ros2_sims_ws/install/diagnostic_msgs/lib:/home/simulations/ros2_sims_ws/install/geometry_msgs/lib:/home/simulations/ros2_sims_ws/install/actionlib_msgs/lib:/home/simulations/ros2_sims_ws/install/std_msgs/lib:/home/simulations/ros2_sims_ws/install/statistics_msgs/lib:/home/simulations/ros2_sims_ws/install/rosgraph_msgs/lib:/home/simulations/ros2_sims_ws/install/rclrs_example_msgs/lib:/home/simulations/ros2_sims_ws/install/composition_interfaces/lib:/home/simulations/ros2_sims_ws/install/rcl_interfaces/lib:/home/simulations/ros2_sims_ws/install/lifecycle_msgs/lib:/home/simulations/ros2_sims_ws/install/builtin_interfaces/lib:/home/user/ros2_ws/install/vision_msgs_rviz_plugins/lib:/home/user/ros2_ws/install/openrobotics_darknet_ros/lib:/home/user/ros2_ws/install/tc_gazebo_plugins/lib:/home/user/ros2_ws/install/limo_msgs/lib:/opt/ros/humble/opt/rviz_ogre_vendor/lib:/opt/ros/humble/lib/x86_64-linux-gnu:/opt/ros/humble/lib:/usr/local/cuda-10.2/lib64:/home/user/.catkin_ws_python3/src/TensorRT-7.0.0.11/lib:/usr/lib/x86_64-linux-gnu/gazebo-11/plugins:/usr/lib/x86_64-linux-gnu/gazebo-11/plugins:/usr/lib/x86_64-linux-gnu/gazebo-11/plugins PYTHONPATH=/home/user/ros2_ws/build/3d_object_detection/prefix_override:/home/user/ros2_ws/install/3d_object_detection/lib/python3.10/site-packages:${PYTHONPATH} _=/usr/bin/env /usr/bin/python3 -W ignore:setup.py install is deprecated setup.py egg_info --egg-base ../../build/3d_object_detection build --build-base /home/user/ros2_ws/build/3d_object_detection/build install --record /home/user/ros2_ws/build/3d_object_detection/install.log --single-version-externally-managed install_data
[11.320s] DEBUG:colcon.colcon_core.event_handler.log_command:Invoked command in '/home/user/ros2_ws/src/3d_object_detection' returned '0': CMAKE_PREFIX_PATH=/home/user/ros2_ws/install/vision_msgs:/home/simulations/ros2_sims_ws/install/common_interfaces:/home/simulations/ros2_sims_ws/install/visualization_msgs:/home/simulations/ros2_sims_ws/install/test_msgs:/home/simulations/ros2_sims_ws/install/example_interfaces:/home/simulations/ros2_sims_ws/install/action_msgs:/home/simulations/ros2_sims_ws/install/unique_identifier_msgs:/home/simulations/ros2_sims_ws/install/trajectory_msgs:/home/simulations/ros2_sims_ws/install/test_interface_files:/home/simulations/ros2_sims_ws/install/stereo_msgs:/home/simulations/ros2_sims_ws/install/std_srvs:/home/simulations/ros2_sims_ws/install/shape_msgs:/home/simulations/ros2_sims_ws/install/sensor_msgs:/home/simulations/ros2_sims_ws/install/nav_msgs:/home/simulations/ros2_sims_ws/install/diagnostic_msgs:/home/simulations/ros2_sims_ws/install/geometry_msgs:/home/simulations/ros2_sims_ws/install/actionlib_msgs:/home/simulations/ros2_sims_ws/install/std_msgs:/home/simulations/ros2_sims_ws/install/statistics_msgs:/home/simulations/ros2_sims_ws/install/rosgraph_msgs:/home/simulations/ros2_sims_ws/install/rclrs_example_msgs:/home/simulations/ros2_sims_ws/install/composition_interfaces:/home/simulations/ros2_sims_ws/install/rcl_interfaces:/home/simulations/ros2_sims_ws/install/lifecycle_msgs:/home/simulations/ros2_sims_ws/install/builtin_interfaces:/home/simulations/ros2_sims_ws/install/rosidl_default_runtime:/home/simulations/ros2_sims_ws/install/rosidl_default_generators:/home/simulations/ros2_sims_ws/install/rosidl_generator_rs:/home/user/ros2_ws/install/vision_msgs_rviz_plugins:/home/user/ros2_ws/install/openrobotics_darknet_ros:/home/user/ros2_ws/install/tc_gazebo_plugins:/home/user/ros2_ws/install/ros_components_description:/home/user/ros2_ws/install/limo_base:/home/user/ros2_ws/install/limo_msgs:/home/user/ros2_ws/install/limo_description:/home/user/ros2_ws/install/limo_car LD_LIBRARY_PATH=/home/user/ros2_ws/install/vision_msgs/lib:/usr/local/cuda-10.2/lib64:/home/user/.catkin_ws_python3/src/TensorRT-7.0.0.11/lib:/home/simulations/ros2_sims_ws/install/visualization_msgs/lib:/home/simulations/ros2_sims_ws/install/test_msgs/lib:/home/simulations/ros2_sims_ws/install/example_interfaces/lib:/home/simulations/ros2_sims_ws/install/action_msgs/lib:/home/simulations/ros2_sims_ws/install/unique_identifier_msgs/lib:/home/simulations/ros2_sims_ws/install/trajectory_msgs/lib:/home/simulations/ros2_sims_ws/install/stereo_msgs/lib:/home/simulations/ros2_sims_ws/install/std_srvs/lib:/home/simulations/ros2_sims_ws/install/shape_msgs/lib:/home/simulations/ros2_sims_ws/install/sensor_msgs/lib:/home/simulations/ros2_sims_ws/install/nav_msgs/lib:/home/simulations/ros2_sims_ws/install/diagnostic_msgs/lib:/home/simulations/ros2_sims_ws/install/geometry_msgs/lib:/home/simulations/ros2_sims_ws/install/actionlib_msgs/lib:/home/simulations/ros2_sims_ws/install/std_msgs/lib:/home/simulations/ros2_sims_ws/install/statistics_msgs/lib:/home/simulations/ros2_sims_ws/install/rosgraph_msgs/lib:/home/simulations/ros2_sims_ws/install/rclrs_example_msgs/lib:/home/simulations/ros2_sims_ws/install/composition_interfaces/lib:/home/simulations/ros2_sims_ws/install/rcl_interfaces/lib:/home/simulations/ros2_sims_ws/install/lifecycle_msgs/lib:/home/simulations/ros2_sims_ws/install/builtin_interfaces/lib:/home/user/ros2_ws/install/vision_msgs_rviz_plugins/lib:/home/user/ros2_ws/install/openrobotics_darknet_ros/lib:/home/user/ros2_ws/install/tc_gazebo_plugins/lib:/home/user/ros2_ws/install/limo_msgs/lib:/opt/ros/humble/opt/rviz_ogre_vendor/lib:/opt/ros/humble/lib/x86_64-linux-gnu:/opt/ros/humble/lib:/usr/local/cuda-10.2/lib64:/home/user/.catkin_ws_python3/src/TensorRT-7.0.0.11/lib:/usr/lib/x86_64-linux-gnu/gazebo-11/plugins:/usr/lib/x86_64-linux-gnu/gazebo-11/plugins:/usr/lib/x86_64-linux-gnu/gazebo-11/plugins PYTHONPATH=/home/user/ros2_ws/build/3d_object_detection/prefix_override:/home/user/ros2_ws/install/3d_object_detection/lib/python3.10/site-packages:${PYTHONPATH} _=/usr/bin/env /usr/bin/python3 -W ignore:setup.py install is deprecated setup.py egg_info --egg-base ../../build/3d_object_detection build --build-base /home/user/ros2_ws/build/3d_object_detection/build install --record /home/user/ros2_ws/build/3d_object_detection/install.log --single-version-externally-managed install_data
[11.380s] Level 1:colcon.colcon_core.environment:checking '/home/user/ros2_ws/install/3d_object_detection' for CMake module files
[11.381s] Level 1:colcon.colcon_core.environment:checking '/home/user/ros2_ws/install/3d_object_detection' for CMake config files
[11.382s] Level 1:colcon.colcon_core.environment:checking '/home/user/ros2_ws/install/3d_object_detection/lib'
[11.382s] Level 1:colcon.colcon_core.environment:checking '/home/user/ros2_ws/install/3d_object_detection/bin'
[11.382s] Level 1:colcon.colcon_core.environment:checking '/home/user/ros2_ws/install/3d_object_detection/lib/pkgconfig/3d_object_detection.pc'
[11.382s] Level 1:colcon.colcon_core.environment:checking '/home/user/ros2_ws/install/3d_object_detection/lib/python3.10/site-packages'
[11.382s] Level 1:colcon.colcon_core.shell:create_environment_hook('3d_object_detection', 'pythonpath')
[11.383s] INFO:colcon.colcon_core.shell:Creating environment hook '/home/user/ros2_ws/install/3d_object_detection/share/3d_object_detection/hook/pythonpath.ps1'
[11.383s] INFO:colcon.colcon_core.shell:Creating environment descriptor '/home/user/ros2_ws/install/3d_object_detection/share/3d_object_detection/hook/pythonpath.dsv'
[11.384s] INFO:colcon.colcon_core.shell:Creating environment hook '/home/user/ros2_ws/install/3d_object_detection/share/3d_object_detection/hook/pythonpath.sh'
[11.384s] Level 1:colcon.colcon_core.environment:checking '/home/user/ros2_ws/install/3d_object_detection/bin'
[11.385s] Level 1:colcon.colcon_core.environment:create_environment_scripts_only(3d_object_detection)
[11.386s] INFO:colcon.colcon_core.shell:Creating package script '/home/user/ros2_ws/install/3d_object_detection/share/3d_object_detection/package.ps1'
[11.406s] INFO:colcon.colcon_core.shell:Creating package descriptor '/home/user/ros2_ws/install/3d_object_detection/share/3d_object_detection/package.dsv'
[11.424s] INFO:colcon.colcon_core.shell:Creating package script '/home/user/ros2_ws/install/3d_object_detection/share/3d_object_detection/package.sh'
[11.470s] INFO:colcon.colcon_core.shell:Creating package script '/home/user/ros2_ws/install/3d_object_detection/share/3d_object_detection/package.bash'
[11.485s] INFO:colcon.colcon_core.shell:Creating package script '/home/user/ros2_ws/install/3d_object_detection/share/3d_object_detection/package.zsh'
[11.487s] Level 1:colcon.colcon_core.environment:create_file_with_runtime_dependencies(/home/user/ros2_ws/install/3d_object_detection/share/colcon-core/packages/3d_object_detection)
[11.488s] DEBUG:colcon.colcon_parallel_executor.executor.parallel:closing loop
[11.488s] DEBUG:colcon.colcon_parallel_executor.executor.parallel:loop closed
[11.488s] DEBUG:colcon.colcon_parallel_executor.executor.parallel:run_until_complete finished with '0'
[11.488s] DEBUG:colcon.colcon_core.event_reactor:joining thread
[11.522s] INFO:colcon.colcon_core.plugin_system:Skipping extension 'colcon_notification.desktop_notification.notify_send': Could not find 'notify-send'
[11.523s] INFO:colcon.colcon_core.plugin_system:Skipping extension 'colcon_notification.desktop_notification.terminal_notifier': Not used on non-Darwin systems
[11.523s] INFO:colcon.colcon_core.plugin_system:Skipping extension 'colcon_notification.desktop_notification.win32': Not used on non-Windows systems
[11.523s] INFO:colcon.colcon_notification.desktop_notification:Sending desktop notification using 'notify2'
[11.526s] DEBUG:colcon.colcon_notification.desktop_notification.notify2:Failed to initialize notify2: org.freedesktop.DBus.Error.Spawn.ExecFailed: /usr/bin/dbus-launch terminated abnormally without any error message
[11.526s] DEBUG:colcon.colcon_core.event_reactor:joined thread
[11.527s] INFO:colcon.colcon_core.shell:Creating prefix script '/home/user/ros2_ws/install/local_setup.ps1'
[11.569s] INFO:colcon.colcon_core.shell:Creating prefix util module '/home/user/ros2_ws/install/_local_setup_util_ps1.py'
[11.570s] INFO:colcon.colcon_core.shell:Creating prefix chain script '/home/user/ros2_ws/install/setup.ps1'
[11.575s] INFO:colcon.colcon_core.shell:Creating prefix script '/home/user/ros2_ws/install/local_setup.sh'
[11.578s] INFO:colcon.colcon_core.shell:Creating prefix util module '/home/user/ros2_ws/install/_local_setup_util_sh.py'
[11.579s] INFO:colcon.colcon_core.shell:Creating prefix chain script '/home/user/ros2_ws/install/setup.sh'
[11.587s] INFO:colcon.colcon_core.shell:Creating prefix script '/home/user/ros2_ws/install/local_setup.bash'
[11.589s] INFO:colcon.colcon_core.shell:Creating prefix chain script '/home/user/ros2_ws/install/setup.bash'
[11.605s] INFO:colcon.colcon_core.shell:Creating prefix script '/home/user/ros2_ws/install/local_setup.zsh'
[11.609s] INFO:colcon.colcon_core.shell:Creating prefix chain script '/home/user/ros2_ws/install/setup.zsh'
