[1.733s] Invoking command in '/home/user/ros2_ws/src/move_towards_object': PYTHONPATH=/home/user/ros2_ws/build/move_towards_object/prefix_override:/home/user/ros2_ws/install/move_towards_object/lib/python3.10/site-packages:${PYTHONPATH} _=/usr/bin/env /usr/bin/python3 -W ignore:setup.py install is deprecated setup.py egg_info --egg-base ../../build/move_towards_object build --build-base /home/user/ros2_ws/build/move_towards_object/build install --record /home/user/ros2_ws/build/move_towards_object/install.log --single-version-externally-managed install_data
[2.412s] running egg_info
[2.416s] writing ../../build/move_towards_object/move_towards_object.egg-info/PKG-INFO
[2.422s] writing dependency_links to ../../build/move_towards_object/move_towards_object.egg-info/dependency_links.txt
[2.423s] writing entry points to ../../build/move_towards_object/move_towards_object.egg-info/entry_points.txt
[2.423s] writing requirements to ../../build/move_towards_object/move_towards_object.egg-info/requires.txt
[2.423s] writing top-level names to ../../build/move_towards_object/move_towards_object.egg-info/top_level.txt
[2.425s] reading manifest file '../../build/move_towards_object/move_towards_object.egg-info/SOURCES.txt'
[2.429s] writing manifest file '../../build/move_towards_object/move_towards_object.egg-info/SOURCES.txt'
[2.430s] running build
[2.430s] running build_py
[2.430s] copying move_towards_object/q_learning_agent.py -> /home/user/ros2_ws/build/move_towards_object/build/lib/move_towards_object
[2.431s] copying move_towards_object/robot_environment.py -> /home/user/ros2_ws/build/move_towards_object/build/lib/move_towards_object
[2.431s] copying move_towards_object/move_towards_object_node.py -> /home/user/ros2_ws/build/move_towards_object/build/lib/move_towards_object
[2.433s] running install
[2.433s] running install_lib
[2.436s] copying /home/user/ros2_ws/build/move_towards_object/build/lib/move_towards_object/q_learning_agent.py -> /home/user/ros2_ws/install/move_towards_object/lib/python3.10/site-packages/move_towards_object
[2.437s] copying /home/user/ros2_ws/build/move_towards_object/build/lib/move_towards_object/robot_environment.py -> /home/user/ros2_ws/install/move_towards_object/lib/python3.10/site-packages/move_towards_object
[2.437s] copying /home/user/ros2_ws/build/move_towards_object/build/lib/move_towards_object/move_towards_object_node.py -> /home/user/ros2_ws/install/move_towards_object/lib/python3.10/site-packages/move_towards_object
[2.439s] byte-compiling /home/user/ros2_ws/install/move_towards_object/lib/python3.10/site-packages/move_towards_object/q_learning_agent.py to q_learning_agent.cpython-310.pyc
[2.441s] byte-compiling /home/user/ros2_ws/install/move_towards_object/lib/python3.10/site-packages/move_towards_object/robot_environment.py to robot_environment.cpython-310.pyc
[2.442s] byte-compiling /home/user/ros2_ws/install/move_towards_object/lib/python3.10/site-packages/move_towards_object/move_towards_object_node.py to move_towards_object_node.cpython-310.pyc
[2.444s] running install_data
[2.445s] running install_egg_info
[2.447s] removing '/home/user/ros2_ws/install/move_towards_object/lib/python3.10/site-packages/move_towards_object-0.0.0-py3.10.egg-info' (and everything under it)
[2.448s] Copying ../../build/move_towards_object/move_towards_object.egg-info to /home/user/ros2_ws/install/move_towards_object/lib/python3.10/site-packages/move_towards_object-0.0.0-py3.10.egg-info
[2.453s] running install_scripts
[2.494s] Installing move_towards_object_node script to /home/user/ros2_ws/install/move_towards_object/lib/move_towards_object
[2.494s] writing list of installed files to '/home/user/ros2_ws/build/move_towards_object/install.log'
[2.533s] Invoked command in '/home/user/ros2_ws/src/move_towards_object' returned '0': PYTHONPATH=/home/user/ros2_ws/build/move_towards_object/prefix_override:/home/user/ros2_ws/install/move_towards_object/lib/python3.10/site-packages:${PYTHONPATH} _=/usr/bin/env /usr/bin/python3 -W ignore:setup.py install is deprecated setup.py egg_info --egg-base ../../build/move_towards_object build --build-base /home/user/ros2_ws/build/move_towards_object/build install --record /home/user/ros2_ws/build/move_towards_object/install.log --single-version-externally-managed install_data
