running egg_info
creating ../../build/3d_object_detection/3d_object_detection.egg-info
writing ../../build/3d_object_detection/3d_object_detection.egg-info/PKG-INFO
writing dependency_links to ../../build/3d_object_detection/3d_object_detection.egg-info/dependency_links.txt
writing entry points to ../../build/3d_object_detection/3d_object_detection.egg-info/entry_points.txt
writing requirements to ../../build/3d_object_detection/3d_object_detection.egg-info/requires.txt
writing top-level names to ../../build/3d_object_detection/3d_object_detection.egg-info/top_level.txt
writing manifest file '../../build/3d_object_detection/3d_object_detection.egg-info/SOURCES.txt'
reading manifest file '../../build/3d_object_detection/3d_object_detection.egg-info/SOURCES.txt'
writing manifest file '../../build/3d_object_detection/3d_object_detection.egg-info/SOURCES.txt'
running build
running build_py
creating /home/user/ros2_ws/build/3d_object_detection/build
creating /home/user/ros2_ws/build/3d_object_detection/build/lib
creating /home/user/ros2_ws/build/3d_object_detection/build/lib/3d_object_detection
copying 3d_object_detection/__init__.py -> /home/user/ros2_ws/build/3d_object_detection/build/lib/3d_object_detection
copying 3d_object_detection/3d_object_detection_node.py -> /home/user/ros2_ws/build/3d_object_detection/build/lib/3d_object_detection
running install
running install_lib
creating /home/user/ros2_ws/install/3d_object_detection/lib/python3.10/site-packages/3d_object_detection
copying /home/user/ros2_ws/build/3d_object_detection/build/lib/3d_object_detection/__init__.py -> /home/user/ros2_ws/install/3d_object_detection/lib/python3.10/site-packages/3d_object_detection
copying /home/user/ros2_ws/build/3d_object_detection/build/lib/3d_object_detection/3d_object_detection_node.py -> /home/user/ros2_ws/install/3d_object_detection/lib/python3.10/site-packages/3d_object_detection
byte-compiling /home/user/ros2_ws/install/3d_object_detection/lib/python3.10/site-packages/3d_object_detection/__init__.py to __init__.cpython-310.pyc
byte-compiling /home/user/ros2_ws/install/3d_object_detection/lib/python3.10/site-packages/3d_object_detection/3d_object_detection_node.py to 3d_object_detection_node.cpython-310.pyc
running install_data
creating /home/user/ros2_ws/install/3d_object_detection/share/ament_index
creating /home/user/ros2_ws/install/3d_object_detection/share/ament_index/resource_index
creating /home/user/ros2_ws/install/3d_object_detection/share/ament_index/resource_index/packages
copying resource/3d_object_detection -> /home/user/ros2_ws/install/3d_object_detection/share/ament_index/resource_index/packages
copying package.xml -> /home/user/ros2_ws/install/3d_object_detection/share/3d_object_detection
running install_egg_info
Copying ../../build/3d_object_detection/3d_object_detection.egg-info to /home/user/ros2_ws/install/3d_object_detection/lib/python3.10/site-packages/3d_object_detection-0.0.0-py3.10.egg-info
running install_scripts
Installing 3d_object_detection_node script to /home/user/ros2_ws/install/3d_object_detection/lib/3d_object_detection
writing list of installed files to '/home/user/ros2_ws/build/3d_object_detection/install.log'
