[0.473s] DEBUG:colcon:Command line arguments: ['/usr/bin/colcon', 'build', '--packages-select', 'move_towards_object']
[0.473s] DEBUG:colcon:Parsed command line arguments: Namespace(log_base=None, log_level=None, verb_name='build', build_base='build', install_base='install', merge_install=False, symlink_install=False, test_result_base=None, continue_on_error=False, executor='parallel', parallel_workers=4, event_handlers=None, ignore_user_meta=False, metas=['./colcon.meta'], base_paths=['.'], packages_ignore=None, packages_ignore_regex=None, paths=None, packages_up_to=None, packages_up_to_regex=None, packages_above=None, packages_above_and_dependencies=None, packages_above_depth=None, packages_select_by_dep=None, packages_skip_by_dep=None, packages_skip_up_to=None, packages_select_build_failed=False, packages_skip_build_finished=False, packages_select_test_failures=False, packages_skip_test_passed=False, packages_select=['move_towards_object'], packages_skip=None, packages_select_regex=None, packages_skip_regex=None, packages_start=None, packages_end=None, lookup_in_workspace=False, cargo_args=None, clean_build=False, cmake_args=None, cmake_target=None, cmake_target_skip_unavailable=False, cmake_clean_cache=False, cmake_clean_first=False, cmake_force_configure=False, ament_cmake_args=None, catkin_cmake_args=None, catkin_skip_building_tests=False, mixin_files=None, mixin=None, verb_parser=<colcon_mixin.mixin.mixin_argument.MixinArgumentDecorator object at 0x7f468c69a3e0>, verb_extension=<colcon_core.verb.build.BuildVerb object at 0x7f468c699870>, main=<bound method BuildVerb.main of <colcon_core.verb.build.BuildVerb object at 0x7f468c699870>>, mixin_verb=('build',))
[1.115s] Level 1:colcon.colcon_core.package_discovery:discover_packages(colcon_meta) check parameters
[1.115s] Level 1:colcon.colcon_core.package_discovery:discover_packages(recursive) check parameters
[1.115s] Level 1:colcon.colcon_core.package_discovery:discover_packages(ignore) check parameters
[1.115s] Level 1:colcon.colcon_core.package_discovery:discover_packages(path) check parameters
[1.115s] Level 1:colcon.colcon_core.package_discovery:discover_packages(colcon_meta) discover
[1.116s] Level 1:colcon.colcon_core.package_discovery:discover_packages(recursive) discover
[1.116s] INFO:colcon.colcon_core.package_discovery:Crawling recursively for packages in '/home/user/ros2_ws'
[1.116s] Level 1:colcon.colcon_core.package_identification:_identify(.) by extensions ['ignore', 'ignore_ament_install']
[1.116s] Level 1:colcon.colcon_core.package_identification:_identify(.) by extension 'ignore'
[1.116s] Level 1:colcon.colcon_core.package_identification:_identify(.) by extension 'ignore_ament_install'
[1.116s] Level 1:colcon.colcon_core.package_identification:_identify(.) by extensions ['colcon_pkg']
[1.116s] Level 1:colcon.colcon_core.package_identification:_identify(.) by extension 'colcon_pkg'
[1.116s] Level 1:colcon.colcon_core.package_identification:_identify(.) by extensions ['colcon_meta']
[1.116s] Level 1:colcon.colcon_core.package_identification:_identify(.) by extension 'colcon_meta'
[1.116s] Level 1:colcon.colcon_core.package_identification:_identify(.) by extensions ['ament_cargo']
[1.116s] Level 1:colcon.colcon_core.package_identification:_identify(.) by extension 'ament_cargo'
[1.117s] Level 1:colcon.colcon_core.package_identification:_identify(.) by extensions ['ros']
[1.117s] Level 1:colcon.colcon_core.package_identification:_identify(.) by extension 'ros'
[1.143s] Level 1:colcon.colcon_core.package_identification:_identify(.) by extensions ['cargo', 'cmake', 'python']
[1.143s] Level 1:colcon.colcon_core.package_identification:_identify(.) by extension 'cargo'
[1.143s] Level 1:colcon.colcon_core.package_identification:_identify(.) by extension 'cmake'
[1.144s] Level 1:colcon.colcon_core.package_identification:_identify(.) by extension 'python'
[1.144s] Level 1:colcon.colcon_core.package_identification:_identify(.) by extensions ['python_setup_py']
[1.144s] Level 1:colcon.colcon_core.package_identification:_identify(.) by extension 'python_setup_py'
[1.144s] Level 1:colcon.colcon_core.package_identification:_identify(build) by extensions ['ignore', 'ignore_ament_install']
[1.144s] Level 1:colcon.colcon_core.package_identification:_identify(build) by extension 'ignore'
[1.144s] Level 1:colcon.colcon_core.package_identification:_identify(build) ignored
[1.144s] Level 1:colcon.colcon_core.package_identification:_identify(install) by extensions ['ignore', 'ignore_ament_install']
[1.144s] Level 1:colcon.colcon_core.package_identification:_identify(install) by extension 'ignore'
[1.144s] Level 1:colcon.colcon_core.package_identification:_identify(install) ignored
[1.145s] Level 1:colcon.colcon_core.package_identification:_identify(log) by extensions ['ignore', 'ignore_ament_install']
[1.145s] Level 1:colcon.colcon_core.package_identification:_identify(log) by extension 'ignore'
[1.145s] Level 1:colcon.colcon_core.package_identification:_identify(log) ignored
[1.145s] Level 1:colcon.colcon_core.package_identification:_identify(src) by extensions ['ignore', 'ignore_ament_install']
[1.145s] Level 1:colcon.colcon_core.package_identification:_identify(src) by extension 'ignore'
[1.145s] Level 1:colcon.colcon_core.package_identification:_identify(src) by extension 'ignore_ament_install'
[1.145s] Level 1:colcon.colcon_core.package_identification:_identify(src) by extensions ['colcon_pkg']
[1.145s] Level 1:colcon.colcon_core.package_identification:_identify(src) by extension 'colcon_pkg'
[1.145s] Level 1:colcon.colcon_core.package_identification:_identify(src) by extensions ['colcon_meta']
[1.145s] Level 1:colcon.colcon_core.package_identification:_identify(src) by extension 'colcon_meta'
[1.146s] Level 1:colcon.colcon_core.package_identification:_identify(src) by extensions ['ament_cargo']
[1.146s] Level 1:colcon.colcon_core.package_identification:_identify(src) by extension 'ament_cargo'
[1.146s] Level 1:colcon.colcon_core.package_identification:_identify(src) by extensions ['ros']
[1.146s] Level 1:colcon.colcon_core.package_identification:_identify(src) by extension 'ros'
[1.146s] Level 1:colcon.colcon_core.package_identification:_identify(src) by extensions ['cargo', 'cmake', 'python']
[1.146s] Level 1:colcon.colcon_core.package_identification:_identify(src) by extension 'cargo'
[1.146s] Level 1:colcon.colcon_core.package_identification:_identify(src) by extension 'cmake'
[1.146s] Level 1:colcon.colcon_core.package_identification:_identify(src) by extension 'python'
[1.146s] Level 1:colcon.colcon_core.package_identification:_identify(src) by extensions ['python_setup_py']
[1.147s] Level 1:colcon.colcon_core.package_identification:_identify(src) by extension 'python_setup_py'
[1.147s] Level 1:colcon.colcon_core.package_identification:_identify(src/3d_object_detection) by extensions ['ignore', 'ignore_ament_install']
[1.147s] Level 1:colcon.colcon_core.package_identification:_identify(src/3d_object_detection) by extension 'ignore'
[1.147s] Level 1:colcon.colcon_core.package_identification:_identify(src/3d_object_detection) by extension 'ignore_ament_install'
[1.147s] Level 1:colcon.colcon_core.package_identification:_identify(src/3d_object_detection) by extensions ['colcon_pkg']
[1.147s] Level 1:colcon.colcon_core.package_identification:_identify(src/3d_object_detection) by extension 'colcon_pkg'
[1.147s] Level 1:colcon.colcon_core.package_identification:_identify(src/3d_object_detection) by extensions ['colcon_meta']
[1.147s] Level 1:colcon.colcon_core.package_identification:_identify(src/3d_object_detection) by extension 'colcon_meta'
[1.147s] Level 1:colcon.colcon_core.package_identification:_identify(src/3d_object_detection) by extensions ['ament_cargo']
[1.147s] Level 1:colcon.colcon_core.package_identification:_identify(src/3d_object_detection) by extension 'ament_cargo'
[1.147s] Level 1:colcon.colcon_core.package_identification:_identify(src/3d_object_detection) by extensions ['ros']
[1.147s] Level 1:colcon.colcon_core.package_identification:_identify(src/3d_object_detection) by extension 'ros'
[1.190s] DEBUG:colcon.colcon_core.package_identification:Package 'src/3d_object_detection' with type 'ros.ament_python' and name '3d_object_detection'
[1.190s] Level 1:colcon.colcon_core.package_identification:_identify(src/limo_files) by extensions ['ignore', 'ignore_ament_install']
[1.190s] Level 1:colcon.colcon_core.package_identification:_identify(src/limo_files) by extension 'ignore'
[1.190s] Level 1:colcon.colcon_core.package_identification:_identify(src/limo_files) by extension 'ignore_ament_install'
[1.190s] Level 1:colcon.colcon_core.package_identification:_identify(src/limo_files) by extensions ['colcon_pkg']
[1.191s] Level 1:colcon.colcon_core.package_identification:_identify(src/limo_files) by extension 'colcon_pkg'
[1.191s] Level 1:colcon.colcon_core.package_identification:_identify(src/limo_files) by extensions ['colcon_meta']
[1.191s] Level 1:colcon.colcon_core.package_identification:_identify(src/limo_files) by extension 'colcon_meta'
[1.191s] Level 1:colcon.colcon_core.package_identification:_identify(src/limo_files) by extensions ['ament_cargo']
[1.191s] Level 1:colcon.colcon_core.package_identification:_identify(src/limo_files) by extension 'ament_cargo'
[1.191s] Level 1:colcon.colcon_core.package_identification:_identify(src/limo_files) by extensions ['ros']
[1.191s] Level 1:colcon.colcon_core.package_identification:_identify(src/limo_files) by extension 'ros'
[1.191s] Level 1:colcon.colcon_core.package_identification:_identify(src/limo_files) by extensions ['cargo', 'cmake', 'python']
[1.191s] Level 1:colcon.colcon_core.package_identification:_identify(src/limo_files) by extension 'cargo'
[1.191s] Level 1:colcon.colcon_core.package_identification:_identify(src/limo_files) by extension 'cmake'
[1.191s] Level 1:colcon.colcon_core.package_identification:_identify(src/limo_files) by extension 'python'
[1.191s] Level 1:colcon.colcon_core.package_identification:_identify(src/limo_files) by extensions ['python_setup_py']
[1.191s] Level 1:colcon.colcon_core.package_identification:_identify(src/limo_files) by extension 'python_setup_py'
[1.196s] Level 1:colcon.colcon_core.package_identification:_identify(src/limo_files/gazebo_plugins_ros_mod) by extensions ['ignore', 'ignore_ament_install']
[1.196s] Level 1:colcon.colcon_core.package_identification:_identify(src/limo_files/gazebo_plugins_ros_mod) by extension 'ignore'
[1.197s] Level 1:colcon.colcon_core.package_identification:_identify(src/limo_files/gazebo_plugins_ros_mod) by extension 'ignore_ament_install'
[1.197s] Level 1:colcon.colcon_core.package_identification:_identify(src/limo_files/gazebo_plugins_ros_mod) by extensions ['colcon_pkg']
[1.197s] Level 1:colcon.colcon_core.package_identification:_identify(src/limo_files/gazebo_plugins_ros_mod) by extension 'colcon_pkg'
[1.197s] Level 1:colcon.colcon_core.package_identification:_identify(src/limo_files/gazebo_plugins_ros_mod) by extensions ['colcon_meta']
[1.197s] Level 1:colcon.colcon_core.package_identification:_identify(src/limo_files/gazebo_plugins_ros_mod) by extension 'colcon_meta'
[1.197s] Level 1:colcon.colcon_core.package_identification:_identify(src/limo_files/gazebo_plugins_ros_mod) by extensions ['ament_cargo']
[1.197s] Level 1:colcon.colcon_core.package_identification:_identify(src/limo_files/gazebo_plugins_ros_mod) by extension 'ament_cargo'
[1.197s] Level 1:colcon.colcon_core.package_identification:_identify(src/limo_files/gazebo_plugins_ros_mod) by extensions ['ros']
[1.197s] Level 1:colcon.colcon_core.package_identification:_identify(src/limo_files/gazebo_plugins_ros_mod) by extension 'ros'
[1.197s] Level 1:colcon.colcon_core.package_identification:_identify(src/limo_files/gazebo_plugins_ros_mod) by extensions ['cargo', 'cmake', 'python']
[1.197s] Level 1:colcon.colcon_core.package_identification:_identify(src/limo_files/gazebo_plugins_ros_mod) by extension 'cargo'
[1.197s] Level 1:colcon.colcon_core.package_identification:_identify(src/limo_files/gazebo_plugins_ros_mod) by extension 'cmake'
[1.197s] Level 1:colcon.colcon_core.package_identification:_identify(src/limo_files/gazebo_plugins_ros_mod) by extension 'python'
[1.198s] Level 1:colcon.colcon_core.package_identification:_identify(src/limo_files/gazebo_plugins_ros_mod) by extensions ['python_setup_py']
[1.198s] Level 1:colcon.colcon_core.package_identification:_identify(src/limo_files/gazebo_plugins_ros_mod) by extension 'python_setup_py'
[1.199s] Level 1:colcon.colcon_core.package_identification:_identify(src/limo_files/gazebo_plugins_ros_mod/tc_gazebo_plugins) by extensions ['ignore', 'ignore_ament_install']
[1.200s] Level 1:colcon.colcon_core.package_identification:_identify(src/limo_files/gazebo_plugins_ros_mod/tc_gazebo_plugins) by extension 'ignore'
[1.200s] Level 1:colcon.colcon_core.package_identification:_identify(src/limo_files/gazebo_plugins_ros_mod/tc_gazebo_plugins) by extension 'ignore_ament_install'
[1.200s] Level 1:colcon.colcon_core.package_identification:_identify(src/limo_files/gazebo_plugins_ros_mod/tc_gazebo_plugins) by extensions ['colcon_pkg']
[1.200s] Level 1:colcon.colcon_core.package_identification:_identify(src/limo_files/gazebo_plugins_ros_mod/tc_gazebo_plugins) by extension 'colcon_pkg'
[1.200s] Level 1:colcon.colcon_core.package_identification:_identify(src/limo_files/gazebo_plugins_ros_mod/tc_gazebo_plugins) by extensions ['colcon_meta']
[1.200s] Level 1:colcon.colcon_core.package_identification:_identify(src/limo_files/gazebo_plugins_ros_mod/tc_gazebo_plugins) by extension 'colcon_meta'
[1.201s] Level 1:colcon.colcon_core.package_identification:_identify(src/limo_files/gazebo_plugins_ros_mod/tc_gazebo_plugins) by extensions ['ament_cargo']
[1.201s] Level 1:colcon.colcon_core.package_identification:_identify(src/limo_files/gazebo_plugins_ros_mod/tc_gazebo_plugins) by extension 'ament_cargo'
[1.202s] Level 1:colcon.colcon_core.package_identification:_identify(src/limo_files/gazebo_plugins_ros_mod/tc_gazebo_plugins) by extensions ['ros']
[1.202s] Level 1:colcon.colcon_core.package_identification:_identify(src/limo_files/gazebo_plugins_ros_mod/tc_gazebo_plugins) by extension 'ros'
[1.216s] DEBUG:colcon.colcon_core.package_identification:Package 'src/limo_files/gazebo_plugins_ros_mod/tc_gazebo_plugins' with type 'ros.ament_cmake' and name 'tc_gazebo_plugins'
[1.217s] Level 1:colcon.colcon_core.package_identification:_identify(src/limo_files/limo_ros2) by extensions ['ignore', 'ignore_ament_install']
[1.217s] Level 1:colcon.colcon_core.package_identification:_identify(src/limo_files/limo_ros2) by extension 'ignore'
[1.217s] Level 1:colcon.colcon_core.package_identification:_identify(src/limo_files/limo_ros2) by extension 'ignore_ament_install'
[1.217s] Level 1:colcon.colcon_core.package_identification:_identify(src/limo_files/limo_ros2) by extensions ['colcon_pkg']
[1.217s] Level 1:colcon.colcon_core.package_identification:_identify(src/limo_files/limo_ros2) by extension 'colcon_pkg'
[1.217s] Level 1:colcon.colcon_core.package_identification:_identify(src/limo_files/limo_ros2) by extensions ['colcon_meta']
[1.217s] Level 1:colcon.colcon_core.package_identification:_identify(src/limo_files/limo_ros2) by extension 'colcon_meta'
[1.217s] Level 1:colcon.colcon_core.package_identification:_identify(src/limo_files/limo_ros2) by extensions ['ament_cargo']
[1.217s] Level 1:colcon.colcon_core.package_identification:_identify(src/limo_files/limo_ros2) by extension 'ament_cargo'
[1.217s] Level 1:colcon.colcon_core.package_identification:_identify(src/limo_files/limo_ros2) by extensions ['ros']
[1.217s] Level 1:colcon.colcon_core.package_identification:_identify(src/limo_files/limo_ros2) by extension 'ros'
[1.218s] Level 1:colcon.colcon_core.package_identification:_identify(src/limo_files/limo_ros2) by extensions ['cargo', 'cmake', 'python']
[1.218s] Level 1:colcon.colcon_core.package_identification:_identify(src/limo_files/limo_ros2) by extension 'cargo'
[1.218s] Level 1:colcon.colcon_core.package_identification:_identify(src/limo_files/limo_ros2) by extension 'cmake'
[1.223s] Level 1:colcon.colcon_core.package_identification:_identify(src/limo_files/limo_ros2) by extension 'python'
[1.223s] Level 1:colcon.colcon_core.package_identification:_identify(src/limo_files/limo_ros2) by extensions ['python_setup_py']
[1.225s] Level 1:colcon.colcon_core.package_identification:_identify(src/limo_files/limo_ros2) by extension 'python_setup_py'
[1.225s] Level 1:colcon.colcon_core.package_identification:_identify(src/limo_files/limo_ros2/limo_base) by extensions ['ignore', 'ignore_ament_install']
[1.226s] Level 1:colcon.colcon_core.package_identification:_identify(src/limo_files/limo_ros2/limo_base) by extension 'ignore'
[1.226s] Level 1:colcon.colcon_core.package_identification:_identify(src/limo_files/limo_ros2/limo_base) by extension 'ignore_ament_install'
[1.226s] Level 1:colcon.colcon_core.package_identification:_identify(src/limo_files/limo_ros2/limo_base) by extensions ['colcon_pkg']
[1.226s] Level 1:colcon.colcon_core.package_identification:_identify(src/limo_files/limo_ros2/limo_base) by extension 'colcon_pkg'
[1.226s] Level 1:colcon.colcon_core.package_identification:_identify(src/limo_files/limo_ros2/limo_base) by extensions ['colcon_meta']
[1.226s] Level 1:colcon.colcon_core.package_identification:_identify(src/limo_files/limo_ros2/limo_base) by extension 'colcon_meta'
[1.226s] Level 1:colcon.colcon_core.package_identification:_identify(src/limo_files/limo_ros2/limo_base) by extensions ['ament_cargo']
[1.226s] Level 1:colcon.colcon_core.package_identification:_identify(src/limo_files/limo_ros2/limo_base) by extension 'ament_cargo'
[1.226s] Level 1:colcon.colcon_core.package_identification:_identify(src/limo_files/limo_ros2/limo_base) by extensions ['ros']
[1.226s] Level 1:colcon.colcon_core.package_identification:_identify(src/limo_files/limo_ros2/limo_base) by extension 'ros'
[1.258s] DEBUG:colcon.colcon_core.package_identification:Package 'src/limo_files/limo_ros2/limo_base' with type 'ros.ament_cmake' and name 'limo_base'
[1.258s] Level 1:colcon.colcon_core.package_identification:_identify(src/limo_files/limo_ros2/limo_car) by extensions ['ignore', 'ignore_ament_install']
[1.258s] Level 1:colcon.colcon_core.package_identification:_identify(src/limo_files/limo_ros2/limo_car) by extension 'ignore'
[1.258s] Level 1:colcon.colcon_core.package_identification:_identify(src/limo_files/limo_ros2/limo_car) by extension 'ignore_ament_install'
[1.258s] Level 1:colcon.colcon_core.package_identification:_identify(src/limo_files/limo_ros2/limo_car) by extensions ['colcon_pkg']
[1.258s] Level 1:colcon.colcon_core.package_identification:_identify(src/limo_files/limo_ros2/limo_car) by extension 'colcon_pkg'
[1.259s] Level 1:colcon.colcon_core.package_identification:_identify(src/limo_files/limo_ros2/limo_car) by extensions ['colcon_meta']
[1.259s] Level 1:colcon.colcon_core.package_identification:_identify(src/limo_files/limo_ros2/limo_car) by extension 'colcon_meta'
[1.259s] Level 1:colcon.colcon_core.package_identification:_identify(src/limo_files/limo_ros2/limo_car) by extensions ['ament_cargo']
[1.259s] Level 1:colcon.colcon_core.package_identification:_identify(src/limo_files/limo_ros2/limo_car) by extension 'ament_cargo'
[1.259s] Level 1:colcon.colcon_core.package_identification:_identify(src/limo_files/limo_ros2/limo_car) by extensions ['ros']
[1.259s] Level 1:colcon.colcon_core.package_identification:_identify(src/limo_files/limo_ros2/limo_car) by extension 'ros'
[1.262s] DEBUG:colcon.colcon_core.package_identification:Package 'src/limo_files/limo_ros2/limo_car' with type 'ros.ament_cmake' and name 'limo_car'
[1.263s] Level 1:colcon.colcon_core.package_identification:_identify(src/limo_files/limo_ros2/limo_description) by extensions ['ignore', 'ignore_ament_install']
[1.263s] Level 1:colcon.colcon_core.package_identification:_identify(src/limo_files/limo_ros2/limo_description) by extension 'ignore'
[1.263s] Level 1:colcon.colcon_core.package_identification:_identify(src/limo_files/limo_ros2/limo_description) by extension 'ignore_ament_install'
[1.263s] Level 1:colcon.colcon_core.package_identification:_identify(src/limo_files/limo_ros2/limo_description) by extensions ['colcon_pkg']
[1.263s] Level 1:colcon.colcon_core.package_identification:_identify(src/limo_files/limo_ros2/limo_description) by extension 'colcon_pkg'
[1.263s] Level 1:colcon.colcon_core.package_identification:_identify(src/limo_files/limo_ros2/limo_description) by extensions ['colcon_meta']
[1.263s] Level 1:colcon.colcon_core.package_identification:_identify(src/limo_files/limo_ros2/limo_description) by extension 'colcon_meta'
[1.263s] Level 1:colcon.colcon_core.package_identification:_identify(src/limo_files/limo_ros2/limo_description) by extensions ['ament_cargo']
[1.263s] Level 1:colcon.colcon_core.package_identification:_identify(src/limo_files/limo_ros2/limo_description) by extension 'ament_cargo'
[1.263s] Level 1:colcon.colcon_core.package_identification:_identify(src/limo_files/limo_ros2/limo_description) by extensions ['ros']
[1.263s] Level 1:colcon.colcon_core.package_identification:_identify(src/limo_files/limo_ros2/limo_description) by extension 'ros'
[1.265s] DEBUG:colcon.colcon_core.package_identification:Package 'src/limo_files/limo_ros2/limo_description' with type 'ros.ament_cmake' and name 'limo_description'
[1.265s] Level 1:colcon.colcon_core.package_identification:_identify(src/limo_files/limo_ros2/limo_msgs) by extensions ['ignore', 'ignore_ament_install']
[1.265s] Level 1:colcon.colcon_core.package_identification:_identify(src/limo_files/limo_ros2/limo_msgs) by extension 'ignore'
[1.265s] Level 1:colcon.colcon_core.package_identification:_identify(src/limo_files/limo_ros2/limo_msgs) by extension 'ignore_ament_install'
[1.265s] Level 1:colcon.colcon_core.package_identification:_identify(src/limo_files/limo_ros2/limo_msgs) by extensions ['colcon_pkg']
[1.265s] Level 1:colcon.colcon_core.package_identification:_identify(src/limo_files/limo_ros2/limo_msgs) by extension 'colcon_pkg'
[1.266s] Level 1:colcon.colcon_core.package_identification:_identify(src/limo_files/limo_ros2/limo_msgs) by extensions ['colcon_meta']
[1.266s] Level 1:colcon.colcon_core.package_identification:_identify(src/limo_files/limo_ros2/limo_msgs) by extension 'colcon_meta'
[1.266s] Level 1:colcon.colcon_core.package_identification:_identify(src/limo_files/limo_ros2/limo_msgs) by extensions ['ament_cargo']
[1.266s] Level 1:colcon.colcon_core.package_identification:_identify(src/limo_files/limo_ros2/limo_msgs) by extension 'ament_cargo'
[1.266s] Level 1:colcon.colcon_core.package_identification:_identify(src/limo_files/limo_ros2/limo_msgs) by extensions ['ros']
[1.266s] Level 1:colcon.colcon_core.package_identification:_identify(src/limo_files/limo_ros2/limo_msgs) by extension 'ros'
[1.271s] DEBUG:colcon.colcon_core.package_identification:Package 'src/limo_files/limo_ros2/limo_msgs' with type 'ros.ament_cmake' and name 'limo_msgs'
[1.271s] Level 1:colcon.colcon_core.package_identification:_identify(src/limo_files/limo_ros2/scripts) by extensions ['ignore', 'ignore_ament_install']
[1.272s] Level 1:colcon.colcon_core.package_identification:_identify(src/limo_files/limo_ros2/scripts) by extension 'ignore'
[1.272s] Level 1:colcon.colcon_core.package_identification:_identify(src/limo_files/limo_ros2/scripts) by extension 'ignore_ament_install'
[1.272s] Level 1:colcon.colcon_core.package_identification:_identify(src/limo_files/limo_ros2/scripts) by extensions ['colcon_pkg']
[1.272s] Level 1:colcon.colcon_core.package_identification:_identify(src/limo_files/limo_ros2/scripts) by extension 'colcon_pkg'
[1.272s] Level 1:colcon.colcon_core.package_identification:_identify(src/limo_files/limo_ros2/scripts) by extensions ['colcon_meta']
[1.272s] Level 1:colcon.colcon_core.package_identification:_identify(src/limo_files/limo_ros2/scripts) by extension 'colcon_meta'
[1.272s] Level 1:colcon.colcon_core.package_identification:_identify(src/limo_files/limo_ros2/scripts) by extensions ['ament_cargo']
[1.273s] Level 1:colcon.colcon_core.package_identification:_identify(src/limo_files/limo_ros2/scripts) by extension 'ament_cargo'
[1.273s] Level 1:colcon.colcon_core.package_identification:_identify(src/limo_files/limo_ros2/scripts) by extensions ['ros']
[1.273s] Level 1:colcon.colcon_core.package_identification:_identify(src/limo_files/limo_ros2/scripts) by extension 'ros'
[1.273s] Level 1:colcon.colcon_core.package_identification:_identify(src/limo_files/limo_ros2/scripts) by extensions ['cargo', 'cmake', 'python']
[1.273s] Level 1:colcon.colcon_core.package_identification:_identify(src/limo_files/limo_ros2/scripts) by extension 'cargo'
[1.273s] Level 1:colcon.colcon_core.package_identification:_identify(src/limo_files/limo_ros2/scripts) by extension 'cmake'
[1.273s] Level 1:colcon.colcon_core.package_identification:_identify(src/limo_files/limo_ros2/scripts) by extension 'python'
[1.273s] Level 1:colcon.colcon_core.package_identification:_identify(src/limo_files/limo_ros2/scripts) by extensions ['python_setup_py']
[1.273s] Level 1:colcon.colcon_core.package_identification:_identify(src/limo_files/limo_ros2/scripts) by extension 'python_setup_py'
[1.274s] Level 1:colcon.colcon_core.package_identification:_identify(src/limo_files/ros_components_description) by extensions ['ignore', 'ignore_ament_install']
[1.274s] Level 1:colcon.colcon_core.package_identification:_identify(src/limo_files/ros_components_description) by extension 'ignore'
[1.274s] Level 1:colcon.colcon_core.package_identification:_identify(src/limo_files/ros_components_description) by extension 'ignore_ament_install'
[1.274s] Level 1:colcon.colcon_core.package_identification:_identify(src/limo_files/ros_components_description) by extensions ['colcon_pkg']
[1.274s] Level 1:colcon.colcon_core.package_identification:_identify(src/limo_files/ros_components_description) by extension 'colcon_pkg'
[1.274s] Level 1:colcon.colcon_core.package_identification:_identify(src/limo_files/ros_components_description) by extensions ['colcon_meta']
[1.274s] Level 1:colcon.colcon_core.package_identification:_identify(src/limo_files/ros_components_description) by extension 'colcon_meta'
[1.274s] Level 1:colcon.colcon_core.package_identification:_identify(src/limo_files/ros_components_description) by extensions ['ament_cargo']
[1.274s] Level 1:colcon.colcon_core.package_identification:_identify(src/limo_files/ros_components_description) by extension 'ament_cargo'
[1.275s] Level 1:colcon.colcon_core.package_identification:_identify(src/limo_files/ros_components_description) by extensions ['ros']
[1.275s] Level 1:colcon.colcon_core.package_identification:_identify(src/limo_files/ros_components_description) by extension 'ros'
[1.310s] DEBUG:colcon.colcon_core.package_identification:Package 'src/limo_files/ros_components_description' with type 'ros.ament_cmake' and name 'ros_components_description'
[1.310s] Level 1:colcon.colcon_core.package_identification:_identify(src/limo_files/rviz) by extensions ['ignore', 'ignore_ament_install']
[1.310s] Level 1:colcon.colcon_core.package_identification:_identify(src/limo_files/rviz) by extension 'ignore'
[1.310s] Level 1:colcon.colcon_core.package_identification:_identify(src/limo_files/rviz) by extension 'ignore_ament_install'
[1.310s] Level 1:colcon.colcon_core.package_identification:_identify(src/limo_files/rviz) by extensions ['colcon_pkg']
[1.311s] Level 1:colcon.colcon_core.package_identification:_identify(src/limo_files/rviz) by extension 'colcon_pkg'
[1.311s] Level 1:colcon.colcon_core.package_identification:_identify(src/limo_files/rviz) by extensions ['colcon_meta']
[1.311s] Level 1:colcon.colcon_core.package_identification:_identify(src/limo_files/rviz) by extension 'colcon_meta'
[1.311s] Level 1:colcon.colcon_core.package_identification:_identify(src/limo_files/rviz) by extensions ['ament_cargo']
[1.311s] Level 1:colcon.colcon_core.package_identification:_identify(src/limo_files/rviz) by extension 'ament_cargo'
[1.311s] Level 1:colcon.colcon_core.package_identification:_identify(src/limo_files/rviz) by extensions ['ros']
[1.311s] Level 1:colcon.colcon_core.package_identification:_identify(src/limo_files/rviz) by extension 'ros'
[1.311s] Level 1:colcon.colcon_core.package_identification:_identify(src/limo_files/rviz) by extensions ['cargo', 'cmake', 'python']
[1.311s] Level 1:colcon.colcon_core.package_identification:_identify(src/limo_files/rviz) by extension 'cargo'
[1.311s] Level 1:colcon.colcon_core.package_identification:_identify(src/limo_files/rviz) by extension 'cmake'
[1.311s] Level 1:colcon.colcon_core.package_identification:_identify(src/limo_files/rviz) by extension 'python'
[1.311s] Level 1:colcon.colcon_core.package_identification:_identify(src/limo_files/rviz) by extensions ['python_setup_py']
[1.311s] Level 1:colcon.colcon_core.package_identification:_identify(src/limo_files/rviz) by extension 'python_setup_py'
[1.312s] Level 1:colcon.colcon_core.package_identification:_identify(src/limo_files/scripts) by extensions ['ignore', 'ignore_ament_install']
[1.312s] Level 1:colcon.colcon_core.package_identification:_identify(src/limo_files/scripts) by extension 'ignore'
[1.312s] Level 1:colcon.colcon_core.package_identification:_identify(src/limo_files/scripts) by extension 'ignore_ament_install'
[1.312s] Level 1:colcon.colcon_core.package_identification:_identify(src/limo_files/scripts) by extensions ['colcon_pkg']
[1.312s] Level 1:colcon.colcon_core.package_identification:_identify(src/limo_files/scripts) by extension 'colcon_pkg'
[1.312s] Level 1:colcon.colcon_core.package_identification:_identify(src/limo_files/scripts) by extensions ['colcon_meta']
[1.312s] Level 1:colcon.colcon_core.package_identification:_identify(src/limo_files/scripts) by extension 'colcon_meta'
[1.312s] Level 1:colcon.colcon_core.package_identification:_identify(src/limo_files/scripts) by extensions ['ament_cargo']
[1.312s] Level 1:colcon.colcon_core.package_identification:_identify(src/limo_files/scripts) by extension 'ament_cargo'
[1.312s] Level 1:colcon.colcon_core.package_identification:_identify(src/limo_files/scripts) by extensions ['ros']
[1.312s] Level 1:colcon.colcon_core.package_identification:_identify(src/limo_files/scripts) by extension 'ros'
[1.312s] Level 1:colcon.colcon_core.package_identification:_identify(src/limo_files/scripts) by extensions ['cargo', 'cmake', 'python']
[1.313s] Level 1:colcon.colcon_core.package_identification:_identify(src/limo_files/scripts) by extension 'cargo'
[1.313s] Level 1:colcon.colcon_core.package_identification:_identify(src/limo_files/scripts) by extension 'cmake'
[1.313s] Level 1:colcon.colcon_core.package_identification:_identify(src/limo_files/scripts) by extension 'python'
[1.313s] Level 1:colcon.colcon_core.package_identification:_identify(src/limo_files/scripts) by extensions ['python_setup_py']
[1.313s] Level 1:colcon.colcon_core.package_identification:_identify(src/limo_files/scripts) by extension 'python_setup_py'
[1.313s] Level 1:colcon.colcon_core.package_identification:_identify(src/move_towards_object) by extensions ['ignore', 'ignore_ament_install']
[1.313s] Level 1:colcon.colcon_core.package_identification:_identify(src/move_towards_object) by extension 'ignore'
[1.313s] Level 1:colcon.colcon_core.package_identification:_identify(src/move_towards_object) by extension 'ignore_ament_install'
[1.313s] Level 1:colcon.colcon_core.package_identification:_identify(src/move_towards_object) by extensions ['colcon_pkg']
[1.313s] Level 1:colcon.colcon_core.package_identification:_identify(src/move_towards_object) by extension 'colcon_pkg'
[1.313s] Level 1:colcon.colcon_core.package_identification:_identify(src/move_towards_object) by extensions ['colcon_meta']
[1.313s] Level 1:colcon.colcon_core.package_identification:_identify(src/move_towards_object) by extension 'colcon_meta'
[1.314s] Level 1:colcon.colcon_core.package_identification:_identify(src/move_towards_object) by extensions ['ament_cargo']
[1.314s] Level 1:colcon.colcon_core.package_identification:_identify(src/move_towards_object) by extension 'ament_cargo'
[1.314s] Level 1:colcon.colcon_core.package_identification:_identify(src/move_towards_object) by extensions ['ros']
[1.314s] Level 1:colcon.colcon_core.package_identification:_identify(src/move_towards_object) by extension 'ros'
[1.315s] DEBUG:colcon.colcon_core.package_identification:Package 'src/move_towards_object' with type 'ros.ament_python' and name 'move_towards_object'
[1.316s] Level 1:colcon.colcon_core.package_identification:_identify(src/raw_test) by extensions ['ignore', 'ignore_ament_install']
[1.316s] Level 1:colcon.colcon_core.package_identification:_identify(src/raw_test) by extension 'ignore'
[1.317s] Level 1:colcon.colcon_core.package_identification:_identify(src/raw_test) by extension 'ignore_ament_install'
[1.317s] Level 1:colcon.colcon_core.package_identification:_identify(src/raw_test) by extensions ['colcon_pkg']
[1.317s] Level 1:colcon.colcon_core.package_identification:_identify(src/raw_test) by extension 'colcon_pkg'
[1.317s] Level 1:colcon.colcon_core.package_identification:_identify(src/raw_test) by extensions ['colcon_meta']
[1.317s] Level 1:colcon.colcon_core.package_identification:_identify(src/raw_test) by extension 'colcon_meta'
[1.318s] Level 1:colcon.colcon_core.package_identification:_identify(src/raw_test) by extensions ['ament_cargo']
[1.318s] Level 1:colcon.colcon_core.package_identification:_identify(src/raw_test) by extension 'ament_cargo'
[1.318s] Level 1:colcon.colcon_core.package_identification:_identify(src/raw_test) by extensions ['ros']
[1.318s] Level 1:colcon.colcon_core.package_identification:_identify(src/raw_test) by extension 'ros'
[1.318s] Level 1:colcon.colcon_core.package_identification:_identify(src/raw_test) by extensions ['cargo', 'cmake', 'python']
[1.318s] Level 1:colcon.colcon_core.package_identification:_identify(src/raw_test) by extension 'cargo'
[1.318s] Level 1:colcon.colcon_core.package_identification:_identify(src/raw_test) by extension 'cmake'
[1.319s] Level 1:colcon.colcon_core.package_identification:_identify(src/raw_test) by extension 'python'
[1.319s] Level 1:colcon.colcon_core.package_identification:_identify(src/raw_test) by extensions ['python_setup_py']
[1.319s] Level 1:colcon.colcon_core.package_identification:_identify(src/raw_test) by extension 'python_setup_py'
[1.319s] Level 1:colcon.colcon_core.package_identification:_identify(src/raw_test/openrobotics_darknet_ros) by extensions ['ignore', 'ignore_ament_install']
[1.319s] Level 1:colcon.colcon_core.package_identification:_identify(src/raw_test/openrobotics_darknet_ros) by extension 'ignore'
[1.320s] Level 1:colcon.colcon_core.package_identification:_identify(src/raw_test/openrobotics_darknet_ros) by extension 'ignore_ament_install'
[1.320s] Level 1:colcon.colcon_core.package_identification:_identify(src/raw_test/openrobotics_darknet_ros) by extensions ['colcon_pkg']
[1.320s] Level 1:colcon.colcon_core.package_identification:_identify(src/raw_test/openrobotics_darknet_ros) by extension 'colcon_pkg'
[1.320s] Level 1:colcon.colcon_core.package_identification:_identify(src/raw_test/openrobotics_darknet_ros) by extensions ['colcon_meta']
[1.320s] Level 1:colcon.colcon_core.package_identification:_identify(src/raw_test/openrobotics_darknet_ros) by extension 'colcon_meta'
[1.321s] Level 1:colcon.colcon_core.package_identification:_identify(src/raw_test/openrobotics_darknet_ros) by extensions ['ament_cargo']
[1.321s] Level 1:colcon.colcon_core.package_identification:_identify(src/raw_test/openrobotics_darknet_ros) by extension 'ament_cargo'
[1.321s] Level 1:colcon.colcon_core.package_identification:_identify(src/raw_test/openrobotics_darknet_ros) by extensions ['ros']
[1.321s] Level 1:colcon.colcon_core.package_identification:_identify(src/raw_test/openrobotics_darknet_ros) by extension 'ros'
[1.324s] DEBUG:colcon.colcon_core.package_identification:Package 'src/raw_test/openrobotics_darknet_ros' with type 'ros.ament_cmake' and name 'openrobotics_darknet_ros'
[1.325s] Level 1:colcon.colcon_core.package_identification:_identify(src/raw_test/vision_msgs) by extensions ['ignore', 'ignore_ament_install']
[1.325s] Level 1:colcon.colcon_core.package_identification:_identify(src/raw_test/vision_msgs) by extension 'ignore'
[1.325s] Level 1:colcon.colcon_core.package_identification:_identify(src/raw_test/vision_msgs) by extension 'ignore_ament_install'
[1.325s] Level 1:colcon.colcon_core.package_identification:_identify(src/raw_test/vision_msgs) by extensions ['colcon_pkg']
[1.326s] Level 1:colcon.colcon_core.package_identification:_identify(src/raw_test/vision_msgs) by extension 'colcon_pkg'
[1.326s] Level 1:colcon.colcon_core.package_identification:_identify(src/raw_test/vision_msgs) by extensions ['colcon_meta']
[1.326s] Level 1:colcon.colcon_core.package_identification:_identify(src/raw_test/vision_msgs) by extension 'colcon_meta'
[1.326s] Level 1:colcon.colcon_core.package_identification:_identify(src/raw_test/vision_msgs) by extensions ['ament_cargo']
[1.326s] Level 1:colcon.colcon_core.package_identification:_identify(src/raw_test/vision_msgs) by extension 'ament_cargo'
[1.326s] Level 1:colcon.colcon_core.package_identification:_identify(src/raw_test/vision_msgs) by extensions ['ros']
[1.326s] Level 1:colcon.colcon_core.package_identification:_identify(src/raw_test/vision_msgs) by extension 'ros'
[1.327s] Level 1:colcon.colcon_core.package_identification:_identify(src/raw_test/vision_msgs) by extensions ['cargo', 'cmake', 'python']
[1.327s] Level 1:colcon.colcon_core.package_identification:_identify(src/raw_test/vision_msgs) by extension 'cargo'
[1.327s] Level 1:colcon.colcon_core.package_identification:_identify(src/raw_test/vision_msgs) by extension 'cmake'
[1.327s] Level 1:colcon.colcon_core.package_identification:_identify(src/raw_test/vision_msgs) by extension 'python'
[1.327s] Level 1:colcon.colcon_core.package_identification:_identify(src/raw_test/vision_msgs) by extensions ['python_setup_py']
[1.327s] Level 1:colcon.colcon_core.package_identification:_identify(src/raw_test/vision_msgs) by extension 'python_setup_py'
[1.328s] Level 1:colcon.colcon_core.package_identification:_identify(src/raw_test/vision_msgs/vision_msgs) by extensions ['ignore', 'ignore_ament_install']
[1.328s] Level 1:colcon.colcon_core.package_identification:_identify(src/raw_test/vision_msgs/vision_msgs) by extension 'ignore'
[1.328s] Level 1:colcon.colcon_core.package_identification:_identify(src/raw_test/vision_msgs/vision_msgs) by extension 'ignore_ament_install'
[1.328s] Level 1:colcon.colcon_core.package_identification:_identify(src/raw_test/vision_msgs/vision_msgs) by extensions ['colcon_pkg']
[1.329s] Level 1:colcon.colcon_core.package_identification:_identify(src/raw_test/vision_msgs/vision_msgs) by extension 'colcon_pkg'
[1.329s] Level 1:colcon.colcon_core.package_identification:_identify(src/raw_test/vision_msgs/vision_msgs) by extensions ['colcon_meta']
[1.329s] Level 1:colcon.colcon_core.package_identification:_identify(src/raw_test/vision_msgs/vision_msgs) by extension 'colcon_meta'
[1.329s] Level 1:colcon.colcon_core.package_identification:_identify(src/raw_test/vision_msgs/vision_msgs) by extensions ['ament_cargo']
[1.329s] Level 1:colcon.colcon_core.package_identification:_identify(src/raw_test/vision_msgs/vision_msgs) by extension 'ament_cargo'
[1.329s] Level 1:colcon.colcon_core.package_identification:_identify(src/raw_test/vision_msgs/vision_msgs) by extensions ['ros']
[1.330s] Level 1:colcon.colcon_core.package_identification:_identify(src/raw_test/vision_msgs/vision_msgs) by extension 'ros'
[1.332s] DEBUG:colcon.colcon_core.package_identification:Package 'src/raw_test/vision_msgs/vision_msgs' with type 'ros.ament_cmake' and name 'vision_msgs'
[1.333s] Level 1:colcon.colcon_core.package_identification:_identify(src/raw_test/vision_msgs/vision_msgs_rviz_plugins) by extensions ['ignore', 'ignore_ament_install']
[1.334s] Level 1:colcon.colcon_core.package_identification:_identify(src/raw_test/vision_msgs/vision_msgs_rviz_plugins) by extension 'ignore'
[1.335s] Level 1:colcon.colcon_core.package_identification:_identify(src/raw_test/vision_msgs/vision_msgs_rviz_plugins) by extension 'ignore_ament_install'
[1.336s] Level 1:colcon.colcon_core.package_identification:_identify(src/raw_test/vision_msgs/vision_msgs_rviz_plugins) by extensions ['colcon_pkg']
[1.337s] Level 1:colcon.colcon_core.package_identification:_identify(src/raw_test/vision_msgs/vision_msgs_rviz_plugins) by extension 'colcon_pkg'
[1.338s] Level 1:colcon.colcon_core.package_identification:_identify(src/raw_test/vision_msgs/vision_msgs_rviz_plugins) by extensions ['colcon_meta']
[1.339s] Level 1:colcon.colcon_core.package_identification:_identify(src/raw_test/vision_msgs/vision_msgs_rviz_plugins) by extension 'colcon_meta'
[1.340s] Level 1:colcon.colcon_core.package_identification:_identify(src/raw_test/vision_msgs/vision_msgs_rviz_plugins) by extensions ['ament_cargo']
[1.342s] Level 1:colcon.colcon_core.package_identification:_identify(src/raw_test/vision_msgs/vision_msgs_rviz_plugins) by extension 'ament_cargo'
[1.342s] Level 1:colcon.colcon_core.package_identification:_identify(src/raw_test/vision_msgs/vision_msgs_rviz_plugins) by extensions ['ros']
[1.343s] Level 1:colcon.colcon_core.package_identification:_identify(src/raw_test/vision_msgs/vision_msgs_rviz_plugins) by extension 'ros'
[1.346s] DEBUG:colcon.colcon_core.package_identification:Package 'src/raw_test/vision_msgs/vision_msgs_rviz_plugins' with type 'ros.ament_cmake' and name 'vision_msgs_rviz_plugins'
[1.347s] Level 1:colcon.colcon_core.package_identification:_identify(src/raw_test/yolo_pointcloud_marker) by extensions ['ignore', 'ignore_ament_install']
[1.348s] Level 1:colcon.colcon_core.package_identification:_identify(src/raw_test/yolo_pointcloud_marker) by extension 'ignore'
[1.348s] Level 1:colcon.colcon_core.package_identification:_identify(src/raw_test/yolo_pointcloud_marker) by extension 'ignore_ament_install'
[1.350s] Level 1:colcon.colcon_core.package_identification:_identify(src/raw_test/yolo_pointcloud_marker) by extensions ['colcon_pkg']
[1.350s] Level 1:colcon.colcon_core.package_identification:_identify(src/raw_test/yolo_pointcloud_marker) by extension 'colcon_pkg'
[1.352s] Level 1:colcon.colcon_core.package_identification:_identify(src/raw_test/yolo_pointcloud_marker) by extensions ['colcon_meta']
[1.352s] Level 1:colcon.colcon_core.package_identification:_identify(src/raw_test/yolo_pointcloud_marker) by extension 'colcon_meta'
[1.353s] Level 1:colcon.colcon_core.package_identification:_identify(src/raw_test/yolo_pointcloud_marker) by extensions ['ament_cargo']
[1.353s] Level 1:colcon.colcon_core.package_identification:_identify(src/raw_test/yolo_pointcloud_marker) by extension 'ament_cargo'
[1.353s] Level 1:colcon.colcon_core.package_identification:_identify(src/raw_test/yolo_pointcloud_marker) by extensions ['ros']
[1.354s] Level 1:colcon.colcon_core.package_identification:_identify(src/raw_test/yolo_pointcloud_marker) by extension 'ros'
[1.356s] DEBUG:colcon.colcon_core.package_identification:Package 'src/raw_test/yolo_pointcloud_marker' with type 'ros.ament_python' and name 'yolo_pointcloud_marker'
[1.358s] Level 1:colcon.colcon_core.package_discovery:discover_packages(recursive) using defaults
[1.359s] Level 1:colcon.colcon_core.package_discovery:discover_packages(ignore) discover
[1.361s] Level 1:colcon.colcon_core.package_discovery:discover_packages(ignore) using defaults
[1.361s] Level 1:colcon.colcon_core.package_discovery:discover_packages(path) discover
[1.362s] Level 1:colcon.colcon_core.package_discovery:discover_packages(path) using defaults
[1.442s] INFO:colcon.colcon_core.package_selection:Skipping not selected package 'limo_car' in 'src/limo_files/limo_ros2/limo_car'
[1.443s] INFO:colcon.colcon_core.package_selection:Skipping not selected package 'limo_description' in 'src/limo_files/limo_ros2/limo_description'
[1.443s] INFO:colcon.colcon_core.package_selection:Skipping not selected package 'limo_msgs' in 'src/limo_files/limo_ros2/limo_msgs'
[1.444s] INFO:colcon.colcon_core.package_selection:Skipping not selected package 'ros_components_description' in 'src/limo_files/ros_components_description'
[1.444s] INFO:colcon.colcon_core.package_selection:Skipping not selected package 'tc_gazebo_plugins' in 'src/limo_files/gazebo_plugins_ros_mod/tc_gazebo_plugins'
[1.444s] INFO:colcon.colcon_core.package_selection:Skipping not selected package 'vision_msgs' in 'src/raw_test/vision_msgs/vision_msgs'
[1.444s] INFO:colcon.colcon_core.package_selection:Skipping not selected package '3d_object_detection' in 'src/3d_object_detection'
[1.444s] INFO:colcon.colcon_core.package_selection:Skipping not selected package 'limo_base' in 'src/limo_files/limo_ros2/limo_base'
[1.444s] INFO:colcon.colcon_core.package_selection:Skipping not selected package 'openrobotics_darknet_ros' in 'src/raw_test/openrobotics_darknet_ros'
[1.444s] INFO:colcon.colcon_core.package_selection:Skipping not selected package 'vision_msgs_rviz_plugins' in 'src/raw_test/vision_msgs/vision_msgs_rviz_plugins'
[1.444s] INFO:colcon.colcon_core.package_selection:Skipping not selected package 'yolo_pointcloud_marker' in 'src/raw_test/yolo_pointcloud_marker'
[1.445s] Level 5:colcon.colcon_core.verb:set package 'move_towards_object' build argument 'lookup_in_workspace' from command line to 'False'
[1.445s] Level 5:colcon.colcon_core.verb:set package 'move_towards_object' build argument 'cargo_args' from command line to 'None'
[1.445s] Level 5:colcon.colcon_core.verb:set package 'move_towards_object' build argument 'clean_build' from command line to 'False'
[1.446s] Level 5:colcon.colcon_core.verb:set package 'move_towards_object' build argument 'cmake_args' from command line to 'None'
[1.446s] Level 5:colcon.colcon_core.verb:set package 'move_towards_object' build argument 'cmake_target' from command line to 'None'
[1.446s] Level 5:colcon.colcon_core.verb:set package 'move_towards_object' build argument 'cmake_target_skip_unavailable' from command line to 'False'
[1.446s] Level 5:colcon.colcon_core.verb:set package 'move_towards_object' build argument 'cmake_clean_cache' from command line to 'False'
[1.446s] Level 5:colcon.colcon_core.verb:set package 'move_towards_object' build argument 'cmake_clean_first' from command line to 'False'
[1.446s] Level 5:colcon.colcon_core.verb:set package 'move_towards_object' build argument 'cmake_force_configure' from command line to 'False'
[1.446s] Level 5:colcon.colcon_core.verb:set package 'move_towards_object' build argument 'ament_cmake_args' from command line to 'None'
[1.446s] Level 5:colcon.colcon_core.verb:set package 'move_towards_object' build argument 'catkin_cmake_args' from command line to 'None'
[1.446s] Level 5:colcon.colcon_core.verb:set package 'move_towards_object' build argument 'catkin_skip_building_tests' from command line to 'False'
[1.446s] DEBUG:colcon.colcon_core.verb:Building package 'move_towards_object' with the following arguments: {'ament_cmake_args': None, 'build_base': '/home/user/ros2_ws/build/move_towards_object', 'cargo_args': None, 'catkin_cmake_args': None, 'catkin_skip_building_tests': False, 'clean_build': False, 'cmake_args': None, 'cmake_clean_cache': False, 'cmake_clean_first': False, 'cmake_force_configure': False, 'cmake_target': None, 'cmake_target_skip_unavailable': False, 'install_base': '/home/user/ros2_ws/install/move_towards_object', 'lookup_in_workspace': False, 'merge_install': False, 'path': '/home/user/ros2_ws/src/move_towards_object', 'symlink_install': False, 'test_result_base': None}
[1.446s] INFO:colcon.colcon_core.executor:Executing jobs using 'parallel' executor
[1.448s] DEBUG:colcon.colcon_parallel_executor.executor.parallel:run_until_complete
[1.448s] INFO:colcon.colcon_ros.task.ament_python.build:Building ROS package in '/home/user/ros2_ws/src/move_towards_object' with build type 'ament_python'
[1.449s] Level 1:colcon.colcon_core.shell:create_environment_hook('move_towards_object', 'ament_prefix_path')
[1.455s] INFO:colcon.colcon_core.plugin_system:Skipping extension 'colcon_core.shell.bat': Not used on non-Windows systems
[1.456s] INFO:colcon.colcon_core.shell:Creating environment hook '/home/user/ros2_ws/install/move_towards_object/share/move_towards_object/hook/ament_prefix_path.ps1'
[1.458s] INFO:colcon.colcon_core.shell:Creating environment descriptor '/home/user/ros2_ws/install/move_towards_object/share/move_towards_object/hook/ament_prefix_path.dsv'
[1.459s] INFO:colcon.colcon_core.shell:Creating environment hook '/home/user/ros2_ws/install/move_towards_object/share/move_towards_object/hook/ament_prefix_path.sh'
[1.461s] INFO:colcon.colcon_core.shell:Skip shell extension 'powershell' for command environment: Not usable outside of PowerShell
[1.461s] DEBUG:colcon.colcon_core.shell:Skip shell extension 'dsv' for command environment
[2.420s] INFO:colcon.colcon_core.task.python.build:Building Python package in '/home/user/ros2_ws/src/move_towards_object'
[2.420s] INFO:colcon.colcon_core.shell:Skip shell extension 'powershell' for command environment: Not usable outside of PowerShell
[2.421s] DEBUG:colcon.colcon_core.shell:Skip shell extension 'dsv' for command environment
[3.426s] DEBUG:colcon.colcon_core.event_handler.log_command:Invoking command in '/home/user/ros2_ws/src/move_towards_object': PYTHONPATH=/home/user/ros2_ws/build/move_towards_object/prefix_override:/home/user/ros2_ws/install/move_towards_object/lib/python3.10/site-packages:${PYTHONPATH} _=/usr/bin/env /usr/bin/python3 -W ignore:setup.py install is deprecated setup.py egg_info --egg-base ../../build/move_towards_object build --build-base /home/user/ros2_ws/build/move_towards_object/build install --record /home/user/ros2_ws/build/move_towards_object/install.log --single-version-externally-managed install_data
[4.460s] DEBUG:colcon.colcon_core.event_handler.log_command:Invoked command in '/home/user/ros2_ws/src/move_towards_object' returned '0': PYTHONPATH=/home/user/ros2_ws/build/move_towards_object/prefix_override:/home/user/ros2_ws/install/move_towards_object/lib/python3.10/site-packages:${PYTHONPATH} _=/usr/bin/env /usr/bin/python3 -W ignore:setup.py install is deprecated setup.py egg_info --egg-base ../../build/move_towards_object build --build-base /home/user/ros2_ws/build/move_towards_object/build install --record /home/user/ros2_ws/build/move_towards_object/install.log --single-version-externally-managed install_data
[4.461s] Level 1:colcon.colcon_core.environment:checking '/home/user/ros2_ws/install/move_towards_object' for CMake module files
[4.462s] Level 1:colcon.colcon_core.environment:checking '/home/user/ros2_ws/install/move_towards_object' for CMake config files
[4.463s] Level 1:colcon.colcon_core.environment:checking '/home/user/ros2_ws/install/move_towards_object/lib'
[4.464s] Level 1:colcon.colcon_core.environment:checking '/home/user/ros2_ws/install/move_towards_object/bin'
[4.464s] Level 1:colcon.colcon_core.environment:checking '/home/user/ros2_ws/install/move_towards_object/lib/pkgconfig/move_towards_object.pc'
[4.465s] Level 1:colcon.colcon_core.environment:checking '/home/user/ros2_ws/install/move_towards_object/lib/python3.10/site-packages'
[4.465s] Level 1:colcon.colcon_core.shell:create_environment_hook('move_towards_object', 'pythonpath')
[4.465s] INFO:colcon.colcon_core.shell:Creating environment hook '/home/user/ros2_ws/install/move_towards_object/share/move_towards_object/hook/pythonpath.ps1'
[4.466s] INFO:colcon.colcon_core.shell:Creating environment descriptor '/home/user/ros2_ws/install/move_towards_object/share/move_towards_object/hook/pythonpath.dsv'
[4.467s] INFO:colcon.colcon_core.shell:Creating environment hook '/home/user/ros2_ws/install/move_towards_object/share/move_towards_object/hook/pythonpath.sh'
[4.468s] Level 1:colcon.colcon_core.environment:checking '/home/user/ros2_ws/install/move_towards_object/bin'
[4.468s] Level 1:colcon.colcon_core.environment:create_environment_scripts_only(move_towards_object)
[4.468s] INFO:colcon.colcon_core.shell:Creating package script '/home/user/ros2_ws/install/move_towards_object/share/move_towards_object/package.ps1'
[4.470s] INFO:colcon.colcon_core.shell:Creating package descriptor '/home/user/ros2_ws/install/move_towards_object/share/move_towards_object/package.dsv'
[4.471s] INFO:colcon.colcon_core.shell:Creating package script '/home/user/ros2_ws/install/move_towards_object/share/move_towards_object/package.sh'
[4.472s] INFO:colcon.colcon_core.shell:Creating package script '/home/user/ros2_ws/install/move_towards_object/share/move_towards_object/package.bash'
[4.473s] INFO:colcon.colcon_core.shell:Creating package script '/home/user/ros2_ws/install/move_towards_object/share/move_towards_object/package.zsh'
[4.474s] Level 1:colcon.colcon_core.environment:create_file_with_runtime_dependencies(/home/user/ros2_ws/install/move_towards_object/share/colcon-core/packages/move_towards_object)
[4.475s] DEBUG:colcon.colcon_parallel_executor.executor.parallel:closing loop
[4.475s] DEBUG:colcon.colcon_parallel_executor.executor.parallel:loop closed
[4.475s] DEBUG:colcon.colcon_parallel_executor.executor.parallel:run_until_complete finished with '0'
[4.476s] DEBUG:colcon.colcon_core.event_reactor:joining thread
[4.501s] INFO:colcon.colcon_core.plugin_system:Skipping extension 'colcon_notification.desktop_notification.notify_send': Could not find 'notify-send'
[4.501s] INFO:colcon.colcon_core.plugin_system:Skipping extension 'colcon_notification.desktop_notification.terminal_notifier': Not used on non-Darwin systems
[4.501s] INFO:colcon.colcon_core.plugin_system:Skipping extension 'colcon_notification.desktop_notification.win32': Not used on non-Windows systems
[4.501s] INFO:colcon.colcon_notification.desktop_notification:Sending desktop notification using 'notify2'
[4.504s] DEBUG:colcon.colcon_notification.desktop_notification.notify2:Failed to initialize notify2: org.freedesktop.DBus.Error.Spawn.ExecFailed: /usr/bin/dbus-launch terminated abnormally without any error message
[4.504s] DEBUG:colcon.colcon_core.event_reactor:joined thread
[4.505s] INFO:colcon.colcon_core.shell:Creating prefix script '/home/user/ros2_ws/install/local_setup.ps1'
[4.507s] INFO:colcon.colcon_core.shell:Creating prefix util module '/home/user/ros2_ws/install/_local_setup_util_ps1.py'
[4.509s] INFO:colcon.colcon_core.shell:Creating prefix chain script '/home/user/ros2_ws/install/setup.ps1'
[4.514s] INFO:colcon.colcon_core.shell:Creating prefix script '/home/user/ros2_ws/install/local_setup.sh'
[4.515s] INFO:colcon.colcon_core.shell:Creating prefix util module '/home/user/ros2_ws/install/_local_setup_util_sh.py'
[4.516s] INFO:colcon.colcon_core.shell:Creating prefix chain script '/home/user/ros2_ws/install/setup.sh'
[4.521s] INFO:colcon.colcon_core.shell:Creating prefix script '/home/user/ros2_ws/install/local_setup.bash'
[4.521s] INFO:colcon.colcon_core.shell:Creating prefix chain script '/home/user/ros2_ws/install/setup.bash'
[4.537s] INFO:colcon.colcon_core.shell:Creating prefix script '/home/user/ros2_ws/install/local_setup.zsh'
[4.538s] INFO:colcon.colcon_core.shell:Creating prefix chain script '/home/user/ros2_ws/install/setup.zsh'
