[0.893s] DEBUG:colcon:Command line arguments: ['/usr/bin/colcon', 'build', '--packages-select', '3d_object_detection']
[0.893s] DEBUG:colcon:Parsed command line arguments: Namespace(log_base=None, log_level=None, verb_name='build', build_base='build', install_base='install', merge_install=False, symlink_install=False, test_result_base=None, continue_on_error=False, executor='parallel', parallel_workers=4, event_handlers=None, ignore_user_meta=False, metas=['./colcon.meta'], base_paths=['.'], packages_ignore=None, packages_ignore_regex=None, paths=None, packages_up_to=None, packages_up_to_regex=None, packages_above=None, packages_above_and_dependencies=None, packages_above_depth=None, packages_select_by_dep=None, packages_skip_by_dep=None, packages_skip_up_to=None, packages_select_build_failed=False, packages_skip_build_finished=False, packages_select_test_failures=False, packages_skip_test_passed=False, packages_select=['3d_object_detection'], packages_skip=None, packages_select_regex=None, packages_skip_regex=None, packages_start=None, packages_end=None, lookup_in_workspace=False, cargo_args=None, clean_build=False, cmake_args=None, cmake_target=None, cmake_target_skip_unavailable=False, cmake_clean_cache=False, cmake_clean_first=False, cmake_force_configure=False, ament_cmake_args=None, catkin_cmake_args=None, catkin_skip_building_tests=False, mixin_files=None, mixin=None, verb_parser=<colcon_mixin.mixin.mixin_argument.MixinArgumentDecorator object at 0x7ffb2eb4e650>, verb_extension=<colcon_core.verb.build.BuildVerb object at 0x7ffb2eb4dae0>, main=<bound method BuildVerb.main of <colcon_core.verb.build.BuildVerb object at 0x7ffb2eb4dae0>>, mixin_verb=('build',))
[2.274s] Level 1:colcon.colcon_core.package_discovery:discover_packages(colcon_meta) check parameters
[2.274s] Level 1:colcon.colcon_core.package_discovery:discover_packages(recursive) check parameters
[2.274s] Level 1:colcon.colcon_core.package_discovery:discover_packages(ignore) check parameters
[2.274s] Level 1:colcon.colcon_core.package_discovery:discover_packages(path) check parameters
[2.274s] Level 1:colcon.colcon_core.package_discovery:discover_packages(colcon_meta) discover
[2.274s] Level 1:colcon.colcon_core.package_discovery:discover_packages(recursive) discover
[2.274s] INFO:colcon.colcon_core.package_discovery:Crawling recursively for packages in '/home/user/ros2_ws'
[2.274s] Level 1:colcon.colcon_core.package_identification:_identify(.) by extensions ['ignore', 'ignore_ament_install']
[2.274s] Level 1:colcon.colcon_core.package_identification:_identify(.) by extension 'ignore'
[2.274s] Level 1:colcon.colcon_core.package_identification:_identify(.) by extension 'ignore_ament_install'
[2.274s] Level 1:colcon.colcon_core.package_identification:_identify(.) by extensions ['colcon_pkg']
[2.274s] Level 1:colcon.colcon_core.package_identification:_identify(.) by extension 'colcon_pkg'
[2.275s] Level 1:colcon.colcon_core.package_identification:_identify(.) by extensions ['colcon_meta']
[2.275s] Level 1:colcon.colcon_core.package_identification:_identify(.) by extension 'colcon_meta'
[2.275s] Level 1:colcon.colcon_core.package_identification:_identify(.) by extensions ['ament_cargo']
[2.275s] Level 1:colcon.colcon_core.package_identification:_identify(.) by extension 'ament_cargo'
[2.275s] Level 1:colcon.colcon_core.package_identification:_identify(.) by extensions ['ros']
[2.275s] Level 1:colcon.colcon_core.package_identification:_identify(.) by extension 'ros'
[2.324s] Level 1:colcon.colcon_core.package_identification:_identify(.) by extensions ['cargo', 'cmake', 'python']
[2.324s] Level 1:colcon.colcon_core.package_identification:_identify(.) by extension 'cargo'
[2.324s] Level 1:colcon.colcon_core.package_identification:_identify(.) by extension 'cmake'
[2.324s] Level 1:colcon.colcon_core.package_identification:_identify(.) by extension 'python'
[2.324s] Level 1:colcon.colcon_core.package_identification:_identify(.) by extensions ['python_setup_py']
[2.324s] Level 1:colcon.colcon_core.package_identification:_identify(.) by extension 'python_setup_py'
[2.324s] Level 1:colcon.colcon_core.package_identification:_identify(build) by extensions ['ignore', 'ignore_ament_install']
[2.325s] Level 1:colcon.colcon_core.package_identification:_identify(build) by extension 'ignore'
[2.325s] Level 1:colcon.colcon_core.package_identification:_identify(build) ignored
[2.329s] Level 1:colcon.colcon_core.package_identification:_identify(install) by extensions ['ignore', 'ignore_ament_install']
[2.329s] Level 1:colcon.colcon_core.package_identification:_identify(install) by extension 'ignore'
[2.330s] Level 1:colcon.colcon_core.package_identification:_identify(install) ignored
[2.330s] Level 1:colcon.colcon_core.package_identification:_identify(log) by extensions ['ignore', 'ignore_ament_install']
[2.330s] Level 1:colcon.colcon_core.package_identification:_identify(log) by extension 'ignore'
[2.330s] Level 1:colcon.colcon_core.package_identification:_identify(log) ignored
[2.330s] Level 1:colcon.colcon_core.package_identification:_identify(src) by extensions ['ignore', 'ignore_ament_install']
[2.330s] Level 1:colcon.colcon_core.package_identification:_identify(src) by extension 'ignore'
[2.330s] Level 1:colcon.colcon_core.package_identification:_identify(src) by extension 'ignore_ament_install'
[2.330s] Level 1:colcon.colcon_core.package_identification:_identify(src) by extensions ['colcon_pkg']
[2.330s] Level 1:colcon.colcon_core.package_identification:_identify(src) by extension 'colcon_pkg'
[2.331s] Level 1:colcon.colcon_core.package_identification:_identify(src) by extensions ['colcon_meta']
[2.331s] Level 1:colcon.colcon_core.package_identification:_identify(src) by extension 'colcon_meta'
[2.331s] Level 1:colcon.colcon_core.package_identification:_identify(src) by extensions ['ament_cargo']
[2.331s] Level 1:colcon.colcon_core.package_identification:_identify(src) by extension 'ament_cargo'
[2.331s] Level 1:colcon.colcon_core.package_identification:_identify(src) by extensions ['ros']
[2.331s] Level 1:colcon.colcon_core.package_identification:_identify(src) by extension 'ros'
[2.331s] Level 1:colcon.colcon_core.package_identification:_identify(src) by extensions ['cargo', 'cmake', 'python']
[2.331s] Level 1:colcon.colcon_core.package_identification:_identify(src) by extension 'cargo'
[2.331s] Level 1:colcon.colcon_core.package_identification:_identify(src) by extension 'cmake'
[2.331s] Level 1:colcon.colcon_core.package_identification:_identify(src) by extension 'python'
[2.331s] Level 1:colcon.colcon_core.package_identification:_identify(src) by extensions ['python_setup_py']
[2.331s] Level 1:colcon.colcon_core.package_identification:_identify(src) by extension 'python_setup_py'
[2.331s] Level 1:colcon.colcon_core.package_identification:_identify(src/3d_object_detection) by extensions ['ignore', 'ignore_ament_install']
[2.331s] Level 1:colcon.colcon_core.package_identification:_identify(src/3d_object_detection) by extension 'ignore'
[2.332s] Level 1:colcon.colcon_core.package_identification:_identify(src/3d_object_detection) by extension 'ignore_ament_install'
[2.332s] Level 1:colcon.colcon_core.package_identification:_identify(src/3d_object_detection) by extensions ['colcon_pkg']
[2.332s] Level 1:colcon.colcon_core.package_identification:_identify(src/3d_object_detection) by extension 'colcon_pkg'
[2.332s] Level 1:colcon.colcon_core.package_identification:_identify(src/3d_object_detection) by extensions ['colcon_meta']
[2.332s] Level 1:colcon.colcon_core.package_identification:_identify(src/3d_object_detection) by extension 'colcon_meta'
[2.332s] Level 1:colcon.colcon_core.package_identification:_identify(src/3d_object_detection) by extensions ['ament_cargo']
[2.332s] Level 1:colcon.colcon_core.package_identification:_identify(src/3d_object_detection) by extension 'ament_cargo'
[2.332s] Level 1:colcon.colcon_core.package_identification:_identify(src/3d_object_detection) by extensions ['ros']
[2.332s] Level 1:colcon.colcon_core.package_identification:_identify(src/3d_object_detection) by extension 'ros'
[2.358s] DEBUG:colcon.colcon_core.package_identification:Package 'src/3d_object_detection' with type 'ros.ament_python' and name '3d_object_detection'
[2.358s] Level 1:colcon.colcon_core.package_identification:_identify(src/limo_files) by extensions ['ignore', 'ignore_ament_install']
[2.358s] Level 1:colcon.colcon_core.package_identification:_identify(src/limo_files) by extension 'ignore'
[2.358s] Level 1:colcon.colcon_core.package_identification:_identify(src/limo_files) by extension 'ignore_ament_install'
[2.358s] Level 1:colcon.colcon_core.package_identification:_identify(src/limo_files) by extensions ['colcon_pkg']
[2.358s] Level 1:colcon.colcon_core.package_identification:_identify(src/limo_files) by extension 'colcon_pkg'
[2.358s] Level 1:colcon.colcon_core.package_identification:_identify(src/limo_files) by extensions ['colcon_meta']
[2.358s] Level 1:colcon.colcon_core.package_identification:_identify(src/limo_files) by extension 'colcon_meta'
[2.358s] Level 1:colcon.colcon_core.package_identification:_identify(src/limo_files) by extensions ['ament_cargo']
[2.359s] Level 1:colcon.colcon_core.package_identification:_identify(src/limo_files) by extension 'ament_cargo'
[2.359s] Level 1:colcon.colcon_core.package_identification:_identify(src/limo_files) by extensions ['ros']
[2.359s] Level 1:colcon.colcon_core.package_identification:_identify(src/limo_files) by extension 'ros'
[2.359s] Level 1:colcon.colcon_core.package_identification:_identify(src/limo_files) by extensions ['cargo', 'cmake', 'python']
[2.359s] Level 1:colcon.colcon_core.package_identification:_identify(src/limo_files) by extension 'cargo'
[2.359s] Level 1:colcon.colcon_core.package_identification:_identify(src/limo_files) by extension 'cmake'
[2.359s] Level 1:colcon.colcon_core.package_identification:_identify(src/limo_files) by extension 'python'
[2.359s] Level 1:colcon.colcon_core.package_identification:_identify(src/limo_files) by extensions ['python_setup_py']
[2.359s] Level 1:colcon.colcon_core.package_identification:_identify(src/limo_files) by extension 'python_setup_py'
[2.359s] Level 1:colcon.colcon_core.package_identification:_identify(src/limo_files/gazebo_plugins_ros_mod) by extensions ['ignore', 'ignore_ament_install']
[2.359s] Level 1:colcon.colcon_core.package_identification:_identify(src/limo_files/gazebo_plugins_ros_mod) by extension 'ignore'
[2.359s] Level 1:colcon.colcon_core.package_identification:_identify(src/limo_files/gazebo_plugins_ros_mod) by extension 'ignore_ament_install'
[2.366s] Level 1:colcon.colcon_core.package_identification:_identify(src/limo_files/gazebo_plugins_ros_mod) by extensions ['colcon_pkg']
[2.367s] Level 1:colcon.colcon_core.package_identification:_identify(src/limo_files/gazebo_plugins_ros_mod) by extension 'colcon_pkg'
[2.367s] Level 1:colcon.colcon_core.package_identification:_identify(src/limo_files/gazebo_plugins_ros_mod) by extensions ['colcon_meta']
[2.367s] Level 1:colcon.colcon_core.package_identification:_identify(src/limo_files/gazebo_plugins_ros_mod) by extension 'colcon_meta'
[2.367s] Level 1:colcon.colcon_core.package_identification:_identify(src/limo_files/gazebo_plugins_ros_mod) by extensions ['ament_cargo']
[2.367s] Level 1:colcon.colcon_core.package_identification:_identify(src/limo_files/gazebo_plugins_ros_mod) by extension 'ament_cargo'
[2.367s] Level 1:colcon.colcon_core.package_identification:_identify(src/limo_files/gazebo_plugins_ros_mod) by extensions ['ros']
[2.367s] Level 1:colcon.colcon_core.package_identification:_identify(src/limo_files/gazebo_plugins_ros_mod) by extension 'ros'
[2.367s] Level 1:colcon.colcon_core.package_identification:_identify(src/limo_files/gazebo_plugins_ros_mod) by extensions ['cargo', 'cmake', 'python']
[2.367s] Level 1:colcon.colcon_core.package_identification:_identify(src/limo_files/gazebo_plugins_ros_mod) by extension 'cargo'
[2.367s] Level 1:colcon.colcon_core.package_identification:_identify(src/limo_files/gazebo_plugins_ros_mod) by extension 'cmake'
[2.367s] Level 1:colcon.colcon_core.package_identification:_identify(src/limo_files/gazebo_plugins_ros_mod) by extension 'python'
[2.367s] Level 1:colcon.colcon_core.package_identification:_identify(src/limo_files/gazebo_plugins_ros_mod) by extensions ['python_setup_py']
[2.367s] Level 1:colcon.colcon_core.package_identification:_identify(src/limo_files/gazebo_plugins_ros_mod) by extension 'python_setup_py'
[2.367s] Level 1:colcon.colcon_core.package_identification:_identify(src/limo_files/gazebo_plugins_ros_mod/tc_gazebo_plugins) by extensions ['ignore', 'ignore_ament_install']
[2.367s] Level 1:colcon.colcon_core.package_identification:_identify(src/limo_files/gazebo_plugins_ros_mod/tc_gazebo_plugins) by extension 'ignore'
[2.367s] Level 1:colcon.colcon_core.package_identification:_identify(src/limo_files/gazebo_plugins_ros_mod/tc_gazebo_plugins) by extension 'ignore_ament_install'
[2.368s] Level 1:colcon.colcon_core.package_identification:_identify(src/limo_files/gazebo_plugins_ros_mod/tc_gazebo_plugins) by extensions ['colcon_pkg']
[2.368s] Level 1:colcon.colcon_core.package_identification:_identify(src/limo_files/gazebo_plugins_ros_mod/tc_gazebo_plugins) by extension 'colcon_pkg'
[2.368s] Level 1:colcon.colcon_core.package_identification:_identify(src/limo_files/gazebo_plugins_ros_mod/tc_gazebo_plugins) by extensions ['colcon_meta']
[2.368s] Level 1:colcon.colcon_core.package_identification:_identify(src/limo_files/gazebo_plugins_ros_mod/tc_gazebo_plugins) by extension 'colcon_meta'
[2.368s] Level 1:colcon.colcon_core.package_identification:_identify(src/limo_files/gazebo_plugins_ros_mod/tc_gazebo_plugins) by extensions ['ament_cargo']
[2.368s] Level 1:colcon.colcon_core.package_identification:_identify(src/limo_files/gazebo_plugins_ros_mod/tc_gazebo_plugins) by extension 'ament_cargo'
[2.368s] Level 1:colcon.colcon_core.package_identification:_identify(src/limo_files/gazebo_plugins_ros_mod/tc_gazebo_plugins) by extensions ['ros']
[2.368s] Level 1:colcon.colcon_core.package_identification:_identify(src/limo_files/gazebo_plugins_ros_mod/tc_gazebo_plugins) by extension 'ros'
[2.379s] DEBUG:colcon.colcon_core.package_identification:Package 'src/limo_files/gazebo_plugins_ros_mod/tc_gazebo_plugins' with type 'ros.ament_cmake' and name 'tc_gazebo_plugins'
[2.379s] Level 1:colcon.colcon_core.package_identification:_identify(src/limo_files/limo_ros2) by extensions ['ignore', 'ignore_ament_install']
[2.379s] Level 1:colcon.colcon_core.package_identification:_identify(src/limo_files/limo_ros2) by extension 'ignore'
[2.379s] Level 1:colcon.colcon_core.package_identification:_identify(src/limo_files/limo_ros2) by extension 'ignore_ament_install'
[2.379s] Level 1:colcon.colcon_core.package_identification:_identify(src/limo_files/limo_ros2) by extensions ['colcon_pkg']
[2.379s] Level 1:colcon.colcon_core.package_identification:_identify(src/limo_files/limo_ros2) by extension 'colcon_pkg'
[2.379s] Level 1:colcon.colcon_core.package_identification:_identify(src/limo_files/limo_ros2) by extensions ['colcon_meta']
[2.379s] Level 1:colcon.colcon_core.package_identification:_identify(src/limo_files/limo_ros2) by extension 'colcon_meta'
[2.379s] Level 1:colcon.colcon_core.package_identification:_identify(src/limo_files/limo_ros2) by extensions ['ament_cargo']
[2.379s] Level 1:colcon.colcon_core.package_identification:_identify(src/limo_files/limo_ros2) by extension 'ament_cargo'
[2.380s] Level 1:colcon.colcon_core.package_identification:_identify(src/limo_files/limo_ros2) by extensions ['ros']
[2.380s] Level 1:colcon.colcon_core.package_identification:_identify(src/limo_files/limo_ros2) by extension 'ros'
[2.380s] Level 1:colcon.colcon_core.package_identification:_identify(src/limo_files/limo_ros2) by extensions ['cargo', 'cmake', 'python']
[2.380s] Level 1:colcon.colcon_core.package_identification:_identify(src/limo_files/limo_ros2) by extension 'cargo'
[2.380s] Level 1:colcon.colcon_core.package_identification:_identify(src/limo_files/limo_ros2) by extension 'cmake'
[2.380s] Level 1:colcon.colcon_core.package_identification:_identify(src/limo_files/limo_ros2) by extension 'python'
[2.381s] Level 1:colcon.colcon_core.package_identification:_identify(src/limo_files/limo_ros2) by extensions ['python_setup_py']
[2.381s] Level 1:colcon.colcon_core.package_identification:_identify(src/limo_files/limo_ros2) by extension 'python_setup_py'
[2.381s] Level 1:colcon.colcon_core.package_identification:_identify(src/limo_files/limo_ros2/limo_base) by extensions ['ignore', 'ignore_ament_install']
[2.381s] Level 1:colcon.colcon_core.package_identification:_identify(src/limo_files/limo_ros2/limo_base) by extension 'ignore'
[2.381s] Level 1:colcon.colcon_core.package_identification:_identify(src/limo_files/limo_ros2/limo_base) by extension 'ignore_ament_install'
[2.381s] Level 1:colcon.colcon_core.package_identification:_identify(src/limo_files/limo_ros2/limo_base) by extensions ['colcon_pkg']
[2.381s] Level 1:colcon.colcon_core.package_identification:_identify(src/limo_files/limo_ros2/limo_base) by extension 'colcon_pkg'
[2.381s] Level 1:colcon.colcon_core.package_identification:_identify(src/limo_files/limo_ros2/limo_base) by extensions ['colcon_meta']
[2.401s] Level 1:colcon.colcon_core.package_identification:_identify(src/limo_files/limo_ros2/limo_base) by extension 'colcon_meta'
[2.401s] Level 1:colcon.colcon_core.package_identification:_identify(src/limo_files/limo_ros2/limo_base) by extensions ['ament_cargo']
[2.401s] Level 1:colcon.colcon_core.package_identification:_identify(src/limo_files/limo_ros2/limo_base) by extension 'ament_cargo'
[2.402s] Level 1:colcon.colcon_core.package_identification:_identify(src/limo_files/limo_ros2/limo_base) by extensions ['ros']
[2.402s] Level 1:colcon.colcon_core.package_identification:_identify(src/limo_files/limo_ros2/limo_base) by extension 'ros'
[2.481s] DEBUG:colcon.colcon_core.package_identification:Package 'src/limo_files/limo_ros2/limo_base' with type 'ros.ament_cmake' and name 'limo_base'
[2.482s] Level 1:colcon.colcon_core.package_identification:_identify(src/limo_files/limo_ros2/limo_car) by extensions ['ignore', 'ignore_ament_install']
[2.482s] Level 1:colcon.colcon_core.package_identification:_identify(src/limo_files/limo_ros2/limo_car) by extension 'ignore'
[2.482s] Level 1:colcon.colcon_core.package_identification:_identify(src/limo_files/limo_ros2/limo_car) by extension 'ignore_ament_install'
[2.482s] Level 1:colcon.colcon_core.package_identification:_identify(src/limo_files/limo_ros2/limo_car) by extensions ['colcon_pkg']
[2.482s] Level 1:colcon.colcon_core.package_identification:_identify(src/limo_files/limo_ros2/limo_car) by extension 'colcon_pkg'
[2.482s] Level 1:colcon.colcon_core.package_identification:_identify(src/limo_files/limo_ros2/limo_car) by extensions ['colcon_meta']
[2.482s] Level 1:colcon.colcon_core.package_identification:_identify(src/limo_files/limo_ros2/limo_car) by extension 'colcon_meta'
[2.482s] Level 1:colcon.colcon_core.package_identification:_identify(src/limo_files/limo_ros2/limo_car) by extensions ['ament_cargo']
[2.482s] Level 1:colcon.colcon_core.package_identification:_identify(src/limo_files/limo_ros2/limo_car) by extension 'ament_cargo'
[2.482s] Level 1:colcon.colcon_core.package_identification:_identify(src/limo_files/limo_ros2/limo_car) by extensions ['ros']
[2.482s] Level 1:colcon.colcon_core.package_identification:_identify(src/limo_files/limo_ros2/limo_car) by extension 'ros'
[2.490s] DEBUG:colcon.colcon_core.package_identification:Package 'src/limo_files/limo_ros2/limo_car' with type 'ros.ament_cmake' and name 'limo_car'
[2.490s] Level 1:colcon.colcon_core.package_identification:_identify(src/limo_files/limo_ros2/limo_description) by extensions ['ignore', 'ignore_ament_install']
[2.490s] Level 1:colcon.colcon_core.package_identification:_identify(src/limo_files/limo_ros2/limo_description) by extension 'ignore'
[2.490s] Level 1:colcon.colcon_core.package_identification:_identify(src/limo_files/limo_ros2/limo_description) by extension 'ignore_ament_install'
[2.490s] Level 1:colcon.colcon_core.package_identification:_identify(src/limo_files/limo_ros2/limo_description) by extensions ['colcon_pkg']
[2.490s] Level 1:colcon.colcon_core.package_identification:_identify(src/limo_files/limo_ros2/limo_description) by extension 'colcon_pkg'
[2.490s] Level 1:colcon.colcon_core.package_identification:_identify(src/limo_files/limo_ros2/limo_description) by extensions ['colcon_meta']
[2.490s] Level 1:colcon.colcon_core.package_identification:_identify(src/limo_files/limo_ros2/limo_description) by extension 'colcon_meta'
[2.490s] Level 1:colcon.colcon_core.package_identification:_identify(src/limo_files/limo_ros2/limo_description) by extensions ['ament_cargo']
[2.490s] Level 1:colcon.colcon_core.package_identification:_identify(src/limo_files/limo_ros2/limo_description) by extension 'ament_cargo'
[2.490s] Level 1:colcon.colcon_core.package_identification:_identify(src/limo_files/limo_ros2/limo_description) by extensions ['ros']
[2.490s] Level 1:colcon.colcon_core.package_identification:_identify(src/limo_files/limo_ros2/limo_description) by extension 'ros'
[2.498s] DEBUG:colcon.colcon_core.package_identification:Package 'src/limo_files/limo_ros2/limo_description' with type 'ros.ament_cmake' and name 'limo_description'
[2.498s] Level 1:colcon.colcon_core.package_identification:_identify(src/limo_files/limo_ros2/limo_msgs) by extensions ['ignore', 'ignore_ament_install']
[2.498s] Level 1:colcon.colcon_core.package_identification:_identify(src/limo_files/limo_ros2/limo_msgs) by extension 'ignore'
[2.498s] Level 1:colcon.colcon_core.package_identification:_identify(src/limo_files/limo_ros2/limo_msgs) by extension 'ignore_ament_install'
[2.499s] Level 1:colcon.colcon_core.package_identification:_identify(src/limo_files/limo_ros2/limo_msgs) by extensions ['colcon_pkg']
[2.499s] Level 1:colcon.colcon_core.package_identification:_identify(src/limo_files/limo_ros2/limo_msgs) by extension 'colcon_pkg'
[2.499s] Level 1:colcon.colcon_core.package_identification:_identify(src/limo_files/limo_ros2/limo_msgs) by extensions ['colcon_meta']
[2.499s] Level 1:colcon.colcon_core.package_identification:_identify(src/limo_files/limo_ros2/limo_msgs) by extension 'colcon_meta'
[2.499s] Level 1:colcon.colcon_core.package_identification:_identify(src/limo_files/limo_ros2/limo_msgs) by extensions ['ament_cargo']
[2.499s] Level 1:colcon.colcon_core.package_identification:_identify(src/limo_files/limo_ros2/limo_msgs) by extension 'ament_cargo'
[2.499s] Level 1:colcon.colcon_core.package_identification:_identify(src/limo_files/limo_ros2/limo_msgs) by extensions ['ros']
[2.499s] Level 1:colcon.colcon_core.package_identification:_identify(src/limo_files/limo_ros2/limo_msgs) by extension 'ros'
[2.503s] DEBUG:colcon.colcon_core.package_identification:Package 'src/limo_files/limo_ros2/limo_msgs' with type 'ros.ament_cmake' and name 'limo_msgs'
[2.503s] Level 1:colcon.colcon_core.package_identification:_identify(src/limo_files/limo_ros2/scripts) by extensions ['ignore', 'ignore_ament_install']
[2.503s] Level 1:colcon.colcon_core.package_identification:_identify(src/limo_files/limo_ros2/scripts) by extension 'ignore'
[2.503s] Level 1:colcon.colcon_core.package_identification:_identify(src/limo_files/limo_ros2/scripts) by extension 'ignore_ament_install'
[2.503s] Level 1:colcon.colcon_core.package_identification:_identify(src/limo_files/limo_ros2/scripts) by extensions ['colcon_pkg']
[2.503s] Level 1:colcon.colcon_core.package_identification:_identify(src/limo_files/limo_ros2/scripts) by extension 'colcon_pkg'
[2.545s] Level 1:colcon.colcon_core.package_identification:_identify(src/limo_files/limo_ros2/scripts) by extensions ['colcon_meta']
[2.546s] Level 1:colcon.colcon_core.package_identification:_identify(src/limo_files/limo_ros2/scripts) by extension 'colcon_meta'
[2.546s] Level 1:colcon.colcon_core.package_identification:_identify(src/limo_files/limo_ros2/scripts) by extensions ['ament_cargo']
[2.546s] Level 1:colcon.colcon_core.package_identification:_identify(src/limo_files/limo_ros2/scripts) by extension 'ament_cargo'
[2.546s] Level 1:colcon.colcon_core.package_identification:_identify(src/limo_files/limo_ros2/scripts) by extensions ['ros']
[2.546s] Level 1:colcon.colcon_core.package_identification:_identify(src/limo_files/limo_ros2/scripts) by extension 'ros'
[2.546s] Level 1:colcon.colcon_core.package_identification:_identify(src/limo_files/limo_ros2/scripts) by extensions ['cargo', 'cmake', 'python']
[2.546s] Level 1:colcon.colcon_core.package_identification:_identify(src/limo_files/limo_ros2/scripts) by extension 'cargo'
[2.546s] Level 1:colcon.colcon_core.package_identification:_identify(src/limo_files/limo_ros2/scripts) by extension 'cmake'
[2.546s] Level 1:colcon.colcon_core.package_identification:_identify(src/limo_files/limo_ros2/scripts) by extension 'python'
[2.546s] Level 1:colcon.colcon_core.package_identification:_identify(src/limo_files/limo_ros2/scripts) by extensions ['python_setup_py']
[2.546s] Level 1:colcon.colcon_core.package_identification:_identify(src/limo_files/limo_ros2/scripts) by extension 'python_setup_py'
[2.546s] Level 1:colcon.colcon_core.package_identification:_identify(src/limo_files/ros_components_description) by extensions ['ignore', 'ignore_ament_install']
[2.547s] Level 1:colcon.colcon_core.package_identification:_identify(src/limo_files/ros_components_description) by extension 'ignore'
[2.547s] Level 1:colcon.colcon_core.package_identification:_identify(src/limo_files/ros_components_description) by extension 'ignore_ament_install'
[2.547s] Level 1:colcon.colcon_core.package_identification:_identify(src/limo_files/ros_components_description) by extensions ['colcon_pkg']
[2.547s] Level 1:colcon.colcon_core.package_identification:_identify(src/limo_files/ros_components_description) by extension 'colcon_pkg'
[2.547s] Level 1:colcon.colcon_core.package_identification:_identify(src/limo_files/ros_components_description) by extensions ['colcon_meta']
[2.547s] Level 1:colcon.colcon_core.package_identification:_identify(src/limo_files/ros_components_description) by extension 'colcon_meta'
[2.547s] Level 1:colcon.colcon_core.package_identification:_identify(src/limo_files/ros_components_description) by extensions ['ament_cargo']
[2.547s] Level 1:colcon.colcon_core.package_identification:_identify(src/limo_files/ros_components_description) by extension 'ament_cargo'
[2.547s] Level 1:colcon.colcon_core.package_identification:_identify(src/limo_files/ros_components_description) by extensions ['ros']
[2.547s] Level 1:colcon.colcon_core.package_identification:_identify(src/limo_files/ros_components_description) by extension 'ros'
[2.811s] DEBUG:colcon.colcon_core.package_identification:Package 'src/limo_files/ros_components_description' with type 'ros.ament_cmake' and name 'ros_components_description'
[2.811s] Level 1:colcon.colcon_core.package_identification:_identify(src/limo_files/rviz) by extensions ['ignore', 'ignore_ament_install']
[2.811s] Level 1:colcon.colcon_core.package_identification:_identify(src/limo_files/rviz) by extension 'ignore'
[2.811s] Level 1:colcon.colcon_core.package_identification:_identify(src/limo_files/rviz) by extension 'ignore_ament_install'
[2.811s] Level 1:colcon.colcon_core.package_identification:_identify(src/limo_files/rviz) by extensions ['colcon_pkg']
[2.811s] Level 1:colcon.colcon_core.package_identification:_identify(src/limo_files/rviz) by extension 'colcon_pkg'
[2.811s] Level 1:colcon.colcon_core.package_identification:_identify(src/limo_files/rviz) by extensions ['colcon_meta']
[2.811s] Level 1:colcon.colcon_core.package_identification:_identify(src/limo_files/rviz) by extension 'colcon_meta'
[2.811s] Level 1:colcon.colcon_core.package_identification:_identify(src/limo_files/rviz) by extensions ['ament_cargo']
[2.811s] Level 1:colcon.colcon_core.package_identification:_identify(src/limo_files/rviz) by extension 'ament_cargo'
[2.812s] Level 1:colcon.colcon_core.package_identification:_identify(src/limo_files/rviz) by extensions ['ros']
[2.812s] Level 1:colcon.colcon_core.package_identification:_identify(src/limo_files/rviz) by extension 'ros'
[2.812s] Level 1:colcon.colcon_core.package_identification:_identify(src/limo_files/rviz) by extensions ['cargo', 'cmake', 'python']
[2.812s] Level 1:colcon.colcon_core.package_identification:_identify(src/limo_files/rviz) by extension 'cargo'
[2.812s] Level 1:colcon.colcon_core.package_identification:_identify(src/limo_files/rviz) by extension 'cmake'
[2.812s] Level 1:colcon.colcon_core.package_identification:_identify(src/limo_files/rviz) by extension 'python'
[2.812s] Level 1:colcon.colcon_core.package_identification:_identify(src/limo_files/rviz) by extensions ['python_setup_py']
[2.812s] Level 1:colcon.colcon_core.package_identification:_identify(src/limo_files/rviz) by extension 'python_setup_py'
[2.812s] Level 1:colcon.colcon_core.package_identification:_identify(src/limo_files/scripts) by extensions ['ignore', 'ignore_ament_install']
[2.812s] Level 1:colcon.colcon_core.package_identification:_identify(src/limo_files/scripts) by extension 'ignore'
[2.812s] Level 1:colcon.colcon_core.package_identification:_identify(src/limo_files/scripts) by extension 'ignore_ament_install'
[2.812s] Level 1:colcon.colcon_core.package_identification:_identify(src/limo_files/scripts) by extensions ['colcon_pkg']
[2.812s] Level 1:colcon.colcon_core.package_identification:_identify(src/limo_files/scripts) by extension 'colcon_pkg'
[2.812s] Level 1:colcon.colcon_core.package_identification:_identify(src/limo_files/scripts) by extensions ['colcon_meta']
[2.812s] Level 1:colcon.colcon_core.package_identification:_identify(src/limo_files/scripts) by extension 'colcon_meta'
[2.812s] Level 1:colcon.colcon_core.package_identification:_identify(src/limo_files/scripts) by extensions ['ament_cargo']
[2.812s] Level 1:colcon.colcon_core.package_identification:_identify(src/limo_files/scripts) by extension 'ament_cargo'
[2.813s] Level 1:colcon.colcon_core.package_identification:_identify(src/limo_files/scripts) by extensions ['ros']
[2.813s] Level 1:colcon.colcon_core.package_identification:_identify(src/limo_files/scripts) by extension 'ros'
[2.813s] Level 1:colcon.colcon_core.package_identification:_identify(src/limo_files/scripts) by extensions ['cargo', 'cmake', 'python']
[2.813s] Level 1:colcon.colcon_core.package_identification:_identify(src/limo_files/scripts) by extension 'cargo'
[2.813s] Level 1:colcon.colcon_core.package_identification:_identify(src/limo_files/scripts) by extension 'cmake'
[2.813s] Level 1:colcon.colcon_core.package_identification:_identify(src/limo_files/scripts) by extension 'python'
[2.813s] Level 1:colcon.colcon_core.package_identification:_identify(src/limo_files/scripts) by extensions ['python_setup_py']
[2.813s] Level 1:colcon.colcon_core.package_identification:_identify(src/limo_files/scripts) by extension 'python_setup_py'
[2.813s] Level 1:colcon.colcon_core.package_identification:_identify(src/move_towards_object) by extensions ['ignore', 'ignore_ament_install']
[2.829s] Level 1:colcon.colcon_core.package_identification:_identify(src/move_towards_object) by extension 'ignore'
[2.829s] Level 1:colcon.colcon_core.package_identification:_identify(src/move_towards_object) by extension 'ignore_ament_install'
[2.829s] Level 1:colcon.colcon_core.package_identification:_identify(src/move_towards_object) by extensions ['colcon_pkg']
[2.829s] Level 1:colcon.colcon_core.package_identification:_identify(src/move_towards_object) by extension 'colcon_pkg'
[2.829s] Level 1:colcon.colcon_core.package_identification:_identify(src/move_towards_object) by extensions ['colcon_meta']
[2.829s] Level 1:colcon.colcon_core.package_identification:_identify(src/move_towards_object) by extension 'colcon_meta'
[2.829s] Level 1:colcon.colcon_core.package_identification:_identify(src/move_towards_object) by extensions ['ament_cargo']
[2.829s] Level 1:colcon.colcon_core.package_identification:_identify(src/move_towards_object) by extension 'ament_cargo'
[2.829s] Level 1:colcon.colcon_core.package_identification:_identify(src/move_towards_object) by extensions ['ros']
[2.829s] Level 1:colcon.colcon_core.package_identification:_identify(src/move_towards_object) by extension 'ros'
[2.839s] DEBUG:colcon.colcon_core.package_identification:Package 'src/move_towards_object' with type 'ros.ament_python' and name 'move_towards_object'
[2.840s] Level 1:colcon.colcon_core.package_identification:_identify(src/raw_test) by extensions ['ignore', 'ignore_ament_install']
[2.859s] Level 1:colcon.colcon_core.package_identification:_identify(src/raw_test) by extension 'ignore'
[2.859s] Level 1:colcon.colcon_core.package_identification:_identify(src/raw_test) by extension 'ignore_ament_install'
[2.859s] Level 1:colcon.colcon_core.package_identification:_identify(src/raw_test) by extensions ['colcon_pkg']
[2.859s] Level 1:colcon.colcon_core.package_identification:_identify(src/raw_test) by extension 'colcon_pkg'
[2.859s] Level 1:colcon.colcon_core.package_identification:_identify(src/raw_test) by extensions ['colcon_meta']
[2.859s] Level 1:colcon.colcon_core.package_identification:_identify(src/raw_test) by extension 'colcon_meta'
[2.859s] Level 1:colcon.colcon_core.package_identification:_identify(src/raw_test) by extensions ['ament_cargo']
[2.859s] Level 1:colcon.colcon_core.package_identification:_identify(src/raw_test) by extension 'ament_cargo'
[2.860s] Level 1:colcon.colcon_core.package_identification:_identify(src/raw_test) by extensions ['ros']
[2.860s] Level 1:colcon.colcon_core.package_identification:_identify(src/raw_test) by extension 'ros'
[2.860s] Level 1:colcon.colcon_core.package_identification:_identify(src/raw_test) by extensions ['cargo', 'cmake', 'python']
[2.860s] Level 1:colcon.colcon_core.package_identification:_identify(src/raw_test) by extension 'cargo'
[2.860s] Level 1:colcon.colcon_core.package_identification:_identify(src/raw_test) by extension 'cmake'
[2.860s] Level 1:colcon.colcon_core.package_identification:_identify(src/raw_test) by extension 'python'
[2.860s] Level 1:colcon.colcon_core.package_identification:_identify(src/raw_test) by extensions ['python_setup_py']
[2.860s] Level 1:colcon.colcon_core.package_identification:_identify(src/raw_test) by extension 'python_setup_py'
[2.860s] Level 1:colcon.colcon_core.package_identification:_identify(src/raw_test/openrobotics_darknet_ros) by extensions ['ignore', 'ignore_ament_install']
[2.861s] Level 1:colcon.colcon_core.package_identification:_identify(src/raw_test/openrobotics_darknet_ros) by extension 'ignore'
[2.861s] Level 1:colcon.colcon_core.package_identification:_identify(src/raw_test/openrobotics_darknet_ros) by extension 'ignore_ament_install'
[2.861s] Level 1:colcon.colcon_core.package_identification:_identify(src/raw_test/openrobotics_darknet_ros) by extensions ['colcon_pkg']
[2.861s] Level 1:colcon.colcon_core.package_identification:_identify(src/raw_test/openrobotics_darknet_ros) by extension 'colcon_pkg'
[2.861s] Level 1:colcon.colcon_core.package_identification:_identify(src/raw_test/openrobotics_darknet_ros) by extensions ['colcon_meta']
[2.861s] Level 1:colcon.colcon_core.package_identification:_identify(src/raw_test/openrobotics_darknet_ros) by extension 'colcon_meta'
[2.861s] Level 1:colcon.colcon_core.package_identification:_identify(src/raw_test/openrobotics_darknet_ros) by extensions ['ament_cargo']
[2.861s] Level 1:colcon.colcon_core.package_identification:_identify(src/raw_test/openrobotics_darknet_ros) by extension 'ament_cargo'
[2.861s] Level 1:colcon.colcon_core.package_identification:_identify(src/raw_test/openrobotics_darknet_ros) by extensions ['ros']
[2.861s] Level 1:colcon.colcon_core.package_identification:_identify(src/raw_test/openrobotics_darknet_ros) by extension 'ros'
[2.878s] DEBUG:colcon.colcon_core.package_identification:Package 'src/raw_test/openrobotics_darknet_ros' with type 'ros.ament_cmake' and name 'openrobotics_darknet_ros'
[2.893s] Level 1:colcon.colcon_core.package_identification:_identify(src/raw_test/vision_msgs) by extensions ['ignore', 'ignore_ament_install']
[2.894s] Level 1:colcon.colcon_core.package_identification:_identify(src/raw_test/vision_msgs) by extension 'ignore'
[2.894s] Level 1:colcon.colcon_core.package_identification:_identify(src/raw_test/vision_msgs) by extension 'ignore_ament_install'
[2.894s] Level 1:colcon.colcon_core.package_identification:_identify(src/raw_test/vision_msgs) by extensions ['colcon_pkg']
[2.894s] Level 1:colcon.colcon_core.package_identification:_identify(src/raw_test/vision_msgs) by extension 'colcon_pkg'
[2.894s] Level 1:colcon.colcon_core.package_identification:_identify(src/raw_test/vision_msgs) by extensions ['colcon_meta']
[2.894s] Level 1:colcon.colcon_core.package_identification:_identify(src/raw_test/vision_msgs) by extension 'colcon_meta'
[2.894s] Level 1:colcon.colcon_core.package_identification:_identify(src/raw_test/vision_msgs) by extensions ['ament_cargo']
[2.894s] Level 1:colcon.colcon_core.package_identification:_identify(src/raw_test/vision_msgs) by extension 'ament_cargo'
[2.894s] Level 1:colcon.colcon_core.package_identification:_identify(src/raw_test/vision_msgs) by extensions ['ros']
[2.894s] Level 1:colcon.colcon_core.package_identification:_identify(src/raw_test/vision_msgs) by extension 'ros'
[2.894s] Level 1:colcon.colcon_core.package_identification:_identify(src/raw_test/vision_msgs) by extensions ['cargo', 'cmake', 'python']
[2.894s] Level 1:colcon.colcon_core.package_identification:_identify(src/raw_test/vision_msgs) by extension 'cargo'
[2.894s] Level 1:colcon.colcon_core.package_identification:_identify(src/raw_test/vision_msgs) by extension 'cmake'
[2.894s] Level 1:colcon.colcon_core.package_identification:_identify(src/raw_test/vision_msgs) by extension 'python'
[2.894s] Level 1:colcon.colcon_core.package_identification:_identify(src/raw_test/vision_msgs) by extensions ['python_setup_py']
[2.894s] Level 1:colcon.colcon_core.package_identification:_identify(src/raw_test/vision_msgs) by extension 'python_setup_py'
[2.895s] Level 1:colcon.colcon_core.package_identification:_identify(src/raw_test/vision_msgs/vision_msgs) by extensions ['ignore', 'ignore_ament_install']
[2.895s] Level 1:colcon.colcon_core.package_identification:_identify(src/raw_test/vision_msgs/vision_msgs) by extension 'ignore'
[2.895s] Level 1:colcon.colcon_core.package_identification:_identify(src/raw_test/vision_msgs/vision_msgs) by extension 'ignore_ament_install'
[2.895s] Level 1:colcon.colcon_core.package_identification:_identify(src/raw_test/vision_msgs/vision_msgs) by extensions ['colcon_pkg']
[2.895s] Level 1:colcon.colcon_core.package_identification:_identify(src/raw_test/vision_msgs/vision_msgs) by extension 'colcon_pkg'
[2.895s] Level 1:colcon.colcon_core.package_identification:_identify(src/raw_test/vision_msgs/vision_msgs) by extensions ['colcon_meta']
[2.895s] Level 1:colcon.colcon_core.package_identification:_identify(src/raw_test/vision_msgs/vision_msgs) by extension 'colcon_meta'
[2.895s] Level 1:colcon.colcon_core.package_identification:_identify(src/raw_test/vision_msgs/vision_msgs) by extensions ['ament_cargo']
[2.895s] Level 1:colcon.colcon_core.package_identification:_identify(src/raw_test/vision_msgs/vision_msgs) by extension 'ament_cargo'
[2.895s] Level 1:colcon.colcon_core.package_identification:_identify(src/raw_test/vision_msgs/vision_msgs) by extensions ['ros']
[2.895s] Level 1:colcon.colcon_core.package_identification:_identify(src/raw_test/vision_msgs/vision_msgs) by extension 'ros'
[2.903s] DEBUG:colcon.colcon_core.package_identification:Package 'src/raw_test/vision_msgs/vision_msgs' with type 'ros.ament_cmake' and name 'vision_msgs'
[2.904s] Level 1:colcon.colcon_core.package_identification:_identify(src/raw_test/vision_msgs/vision_msgs_rviz_plugins) by extensions ['ignore', 'ignore_ament_install']
[2.904s] Level 1:colcon.colcon_core.package_identification:_identify(src/raw_test/vision_msgs/vision_msgs_rviz_plugins) by extension 'ignore'
[2.904s] Level 1:colcon.colcon_core.package_identification:_identify(src/raw_test/vision_msgs/vision_msgs_rviz_plugins) by extension 'ignore_ament_install'
[2.904s] Level 1:colcon.colcon_core.package_identification:_identify(src/raw_test/vision_msgs/vision_msgs_rviz_plugins) by extensions ['colcon_pkg']
[2.904s] Level 1:colcon.colcon_core.package_identification:_identify(src/raw_test/vision_msgs/vision_msgs_rviz_plugins) by extension 'colcon_pkg'
[2.904s] Level 1:colcon.colcon_core.package_identification:_identify(src/raw_test/vision_msgs/vision_msgs_rviz_plugins) by extensions ['colcon_meta']
[2.904s] Level 1:colcon.colcon_core.package_identification:_identify(src/raw_test/vision_msgs/vision_msgs_rviz_plugins) by extension 'colcon_meta'
[2.904s] Level 1:colcon.colcon_core.package_identification:_identify(src/raw_test/vision_msgs/vision_msgs_rviz_plugins) by extensions ['ament_cargo']
[2.904s] Level 1:colcon.colcon_core.package_identification:_identify(src/raw_test/vision_msgs/vision_msgs_rviz_plugins) by extension 'ament_cargo'
[2.904s] Level 1:colcon.colcon_core.package_identification:_identify(src/raw_test/vision_msgs/vision_msgs_rviz_plugins) by extensions ['ros']
[2.904s] Level 1:colcon.colcon_core.package_identification:_identify(src/raw_test/vision_msgs/vision_msgs_rviz_plugins) by extension 'ros'
[2.907s] DEBUG:colcon.colcon_core.package_identification:Package 'src/raw_test/vision_msgs/vision_msgs_rviz_plugins' with type 'ros.ament_cmake' and name 'vision_msgs_rviz_plugins'
[2.907s] Level 1:colcon.colcon_core.package_identification:_identify(src/raw_test/yolo_pointcloud_marker) by extensions ['ignore', 'ignore_ament_install']
[2.907s] Level 1:colcon.colcon_core.package_identification:_identify(src/raw_test/yolo_pointcloud_marker) by extension 'ignore'
[2.907s] Level 1:colcon.colcon_core.package_identification:_identify(src/raw_test/yolo_pointcloud_marker) by extension 'ignore_ament_install'
[2.907s] Level 1:colcon.colcon_core.package_identification:_identify(src/raw_test/yolo_pointcloud_marker) by extensions ['colcon_pkg']
[2.908s] Level 1:colcon.colcon_core.package_identification:_identify(src/raw_test/yolo_pointcloud_marker) by extension 'colcon_pkg'
[2.908s] Level 1:colcon.colcon_core.package_identification:_identify(src/raw_test/yolo_pointcloud_marker) by extensions ['colcon_meta']
[2.908s] Level 1:colcon.colcon_core.package_identification:_identify(src/raw_test/yolo_pointcloud_marker) by extension 'colcon_meta'
[2.908s] Level 1:colcon.colcon_core.package_identification:_identify(src/raw_test/yolo_pointcloud_marker) by extensions ['ament_cargo']
[2.908s] Level 1:colcon.colcon_core.package_identification:_identify(src/raw_test/yolo_pointcloud_marker) by extension 'ament_cargo'
[2.908s] Level 1:colcon.colcon_core.package_identification:_identify(src/raw_test/yolo_pointcloud_marker) by extensions ['ros']
[2.908s] Level 1:colcon.colcon_core.package_identification:_identify(src/raw_test/yolo_pointcloud_marker) by extension 'ros'
[2.926s] DEBUG:colcon.colcon_core.package_identification:Package 'src/raw_test/yolo_pointcloud_marker' with type 'ros.ament_python' and name 'yolo_pointcloud_marker'
[2.927s] Level 1:colcon.colcon_core.package_discovery:discover_packages(recursive) using defaults
[2.927s] Level 1:colcon.colcon_core.package_discovery:discover_packages(ignore) discover
[2.927s] Level 1:colcon.colcon_core.package_discovery:discover_packages(ignore) using defaults
[2.927s] Level 1:colcon.colcon_core.package_discovery:discover_packages(path) discover
[2.927s] Level 1:colcon.colcon_core.package_discovery:discover_packages(path) using defaults
[3.135s] INFO:colcon.colcon_core.package_selection:Skipping not selected package 'limo_car' in 'src/limo_files/limo_ros2/limo_car'
[3.135s] INFO:colcon.colcon_core.package_selection:Skipping not selected package 'limo_description' in 'src/limo_files/limo_ros2/limo_description'
[3.135s] INFO:colcon.colcon_core.package_selection:Skipping not selected package 'limo_msgs' in 'src/limo_files/limo_ros2/limo_msgs'
[3.135s] INFO:colcon.colcon_core.package_selection:Skipping not selected package 'move_towards_object' in 'src/move_towards_object'
[3.135s] INFO:colcon.colcon_core.package_selection:Skipping not selected package 'ros_components_description' in 'src/limo_files/ros_components_description'
[3.135s] INFO:colcon.colcon_core.package_selection:Skipping not selected package 'tc_gazebo_plugins' in 'src/limo_files/gazebo_plugins_ros_mod/tc_gazebo_plugins'
[3.136s] INFO:colcon.colcon_core.package_selection:Skipping not selected package 'vision_msgs' in 'src/raw_test/vision_msgs/vision_msgs'
[3.136s] INFO:colcon.colcon_core.package_selection:Skipping not selected package 'limo_base' in 'src/limo_files/limo_ros2/limo_base'
[3.136s] INFO:colcon.colcon_core.package_selection:Skipping not selected package 'openrobotics_darknet_ros' in 'src/raw_test/openrobotics_darknet_ros'
[3.136s] INFO:colcon.colcon_core.package_selection:Skipping not selected package 'vision_msgs_rviz_plugins' in 'src/raw_test/vision_msgs/vision_msgs_rviz_plugins'
[3.136s] INFO:colcon.colcon_core.package_selection:Skipping not selected package 'yolo_pointcloud_marker' in 'src/raw_test/yolo_pointcloud_marker'
[3.136s] Level 5:colcon.colcon_core.verb:set package '3d_object_detection' build argument 'lookup_in_workspace' from command line to 'False'
[3.137s] Level 5:colcon.colcon_core.verb:set package '3d_object_detection' build argument 'cargo_args' from command line to 'None'
[3.137s] Level 5:colcon.colcon_core.verb:set package '3d_object_detection' build argument 'clean_build' from command line to 'False'
[3.137s] Level 5:colcon.colcon_core.verb:set package '3d_object_detection' build argument 'cmake_args' from command line to 'None'
[3.137s] Level 5:colcon.colcon_core.verb:set package '3d_object_detection' build argument 'cmake_target' from command line to 'None'
[3.137s] Level 5:colcon.colcon_core.verb:set package '3d_object_detection' build argument 'cmake_target_skip_unavailable' from command line to 'False'
[3.137s] Level 5:colcon.colcon_core.verb:set package '3d_object_detection' build argument 'cmake_clean_cache' from command line to 'False'
[3.137s] Level 5:colcon.colcon_core.verb:set package '3d_object_detection' build argument 'cmake_clean_first' from command line to 'False'
[3.137s] Level 5:colcon.colcon_core.verb:set package '3d_object_detection' build argument 'cmake_force_configure' from command line to 'False'
[3.137s] Level 5:colcon.colcon_core.verb:set package '3d_object_detection' build argument 'ament_cmake_args' from command line to 'None'
[3.137s] Level 5:colcon.colcon_core.verb:set package '3d_object_detection' build argument 'catkin_cmake_args' from command line to 'None'
[3.137s] Level 5:colcon.colcon_core.verb:set package '3d_object_detection' build argument 'catkin_skip_building_tests' from command line to 'False'
[3.137s] DEBUG:colcon.colcon_core.verb:Building package '3d_object_detection' with the following arguments: {'ament_cmake_args': None, 'build_base': '/home/user/ros2_ws/build/3d_object_detection', 'cargo_args': None, 'catkin_cmake_args': None, 'catkin_skip_building_tests': False, 'clean_build': False, 'cmake_args': None, 'cmake_clean_cache': False, 'cmake_clean_first': False, 'cmake_force_configure': False, 'cmake_target': None, 'cmake_target_skip_unavailable': False, 'install_base': '/home/user/ros2_ws/install/3d_object_detection', 'lookup_in_workspace': False, 'merge_install': False, 'path': '/home/user/ros2_ws/src/3d_object_detection', 'symlink_install': False, 'test_result_base': None}
[3.138s] INFO:colcon.colcon_core.executor:Executing jobs using 'parallel' executor
[3.143s] DEBUG:colcon.colcon_parallel_executor.executor.parallel:run_until_complete
[3.143s] INFO:colcon.colcon_ros.task.ament_python.build:Building ROS package in '/home/user/ros2_ws/src/3d_object_detection' with build type 'ament_python'
[3.143s] Level 1:colcon.colcon_core.shell:create_environment_hook('3d_object_detection', 'ament_prefix_path')
[3.155s] INFO:colcon.colcon_core.plugin_system:Skipping extension 'colcon_core.shell.bat': Not used on non-Windows systems
[3.156s] INFO:colcon.colcon_core.shell:Creating environment hook '/home/user/ros2_ws/install/3d_object_detection/share/3d_object_detection/hook/ament_prefix_path.ps1'
[3.160s] INFO:colcon.colcon_core.shell:Creating environment descriptor '/home/user/ros2_ws/install/3d_object_detection/share/3d_object_detection/hook/ament_prefix_path.dsv'
[3.162s] INFO:colcon.colcon_core.shell:Creating environment hook '/home/user/ros2_ws/install/3d_object_detection/share/3d_object_detection/hook/ament_prefix_path.sh'
[3.166s] INFO:colcon.colcon_core.shell:Skip shell extension 'powershell' for command environment: Not usable outside of PowerShell
[3.167s] DEBUG:colcon.colcon_core.shell:Skip shell extension 'dsv' for command environment
[5.350s] INFO:colcon.colcon_core.task.python.build:Building Python package in '/home/user/ros2_ws/src/3d_object_detection'
[5.351s] INFO:colcon.colcon_core.shell:Skip shell extension 'powershell' for command environment: Not usable outside of PowerShell
[5.351s] DEBUG:colcon.colcon_core.shell:Skip shell extension 'dsv' for command environment
[9.548s] DEBUG:colcon.colcon_core.event_handler.log_command:Invoking command in '/home/user/ros2_ws/src/3d_object_detection': CMAKE_PREFIX_PATH=/home/user/ros2_ws/install/vision_msgs:/home/simulations/ros2_sims_ws/install/common_interfaces:/home/simulations/ros2_sims_ws/install/visualization_msgs:/home/simulations/ros2_sims_ws/install/test_msgs:/home/simulations/ros2_sims_ws/install/example_interfaces:/home/simulations/ros2_sims_ws/install/action_msgs:/home/simulations/ros2_sims_ws/install/unique_identifier_msgs:/home/simulations/ros2_sims_ws/install/trajectory_msgs:/home/simulations/ros2_sims_ws/install/test_interface_files:/home/simulations/ros2_sims_ws/install/stereo_msgs:/home/simulations/ros2_sims_ws/install/std_srvs:/home/simulations/ros2_sims_ws/install/shape_msgs:/home/simulations/ros2_sims_ws/install/sensor_msgs:/home/simulations/ros2_sims_ws/install/nav_msgs:/home/simulations/ros2_sims_ws/install/diagnostic_msgs:/home/simulations/ros2_sims_ws/install/geometry_msgs:/home/simulations/ros2_sims_ws/install/actionlib_msgs:/home/simulations/ros2_sims_ws/install/std_msgs:/home/simulations/ros2_sims_ws/install/statistics_msgs:/home/simulations/ros2_sims_ws/install/rosgraph_msgs:/home/simulations/ros2_sims_ws/install/rclrs_example_msgs:/home/simulations/ros2_sims_ws/install/composition_interfaces:/home/simulations/ros2_sims_ws/install/rcl_interfaces:/home/simulations/ros2_sims_ws/install/lifecycle_msgs:/home/simulations/ros2_sims_ws/install/builtin_interfaces:/home/simulations/ros2_sims_ws/install/rosidl_default_runtime:/home/simulations/ros2_sims_ws/install/rosidl_default_generators:/home/simulations/ros2_sims_ws/install/rosidl_generator_rs:/home/user/ros2_ws/install/vision_msgs_rviz_plugins:/home/user/ros2_ws/install/openrobotics_darknet_ros:/home/user/ros2_ws/install/tc_gazebo_plugins:/home/user/ros2_ws/install/ros_components_description:/home/user/ros2_ws/install/limo_base:/home/user/ros2_ws/install/limo_msgs:/home/user/ros2_ws/install/limo_description:/home/user/ros2_ws/install/limo_car LD_LIBRARY_PATH=/home/user/ros2_ws/install/vision_msgs/lib:/usr/local/cuda-10.2/lib64:/home/user/.catkin_ws_python3/src/TensorRT-7.0.0.11/lib:/home/simulations/ros2_sims_ws/install/visualization_msgs/lib:/home/simulations/ros2_sims_ws/install/test_msgs/lib:/home/simulations/ros2_sims_ws/install/example_interfaces/lib:/home/simulations/ros2_sims_ws/install/action_msgs/lib:/home/simulations/ros2_sims_ws/install/unique_identifier_msgs/lib:/home/simulations/ros2_sims_ws/install/trajectory_msgs/lib:/home/simulations/ros2_sims_ws/install/stereo_msgs/lib:/home/simulations/ros2_sims_ws/install/std_srvs/lib:/home/simulations/ros2_sims_ws/install/shape_msgs/lib:/home/simulations/ros2_sims_ws/install/sensor_msgs/lib:/home/simulations/ros2_sims_ws/install/nav_msgs/lib:/home/simulations/ros2_sims_ws/install/diagnostic_msgs/lib:/home/simulations/ros2_sims_ws/install/geometry_msgs/lib:/home/simulations/ros2_sims_ws/install/actionlib_msgs/lib:/home/simulations/ros2_sims_ws/install/std_msgs/lib:/home/simulations/ros2_sims_ws/install/statistics_msgs/lib:/home/simulations/ros2_sims_ws/install/rosgraph_msgs/lib:/home/simulations/ros2_sims_ws/install/rclrs_example_msgs/lib:/home/simulations/ros2_sims_ws/install/composition_interfaces/lib:/home/simulations/ros2_sims_ws/install/rcl_interfaces/lib:/home/simulations/ros2_sims_ws/install/lifecycle_msgs/lib:/home/simulations/ros2_sims_ws/install/builtin_interfaces/lib:/home/user/ros2_ws/install/vision_msgs_rviz_plugins/lib:/home/user/ros2_ws/install/openrobotics_darknet_ros/lib:/home/user/ros2_ws/install/tc_gazebo_plugins/lib:/home/user/ros2_ws/install/limo_msgs/lib:/opt/ros/humble/opt/rviz_ogre_vendor/lib:/opt/ros/humble/lib/x86_64-linux-gnu:/opt/ros/humble/lib:/usr/local/cuda-10.2/lib64:/home/user/.catkin_ws_python3/src/TensorRT-7.0.0.11/lib:/usr/lib/x86_64-linux-gnu/gazebo-11/plugins:/usr/lib/x86_64-linux-gnu/gazebo-11/plugins:/usr/lib/x86_64-linux-gnu/gazebo-11/plugins PYTHONPATH=/home/user/ros2_ws/build/3d_object_detection/prefix_override:/home/user/ros2_ws/install/3d_object_detection/lib/python3.10/site-packages:${PYTHONPATH} _=/usr/bin/env /usr/bin/python3 -W ignore:setup.py install is deprecated setup.py egg_info --egg-base ../../build/3d_object_detection build --build-base /home/user/ros2_ws/build/3d_object_detection/build install --record /home/user/ros2_ws/build/3d_object_detection/install.log --single-version-externally-managed install_data
[11.837s] DEBUG:colcon.colcon_core.event_handler.log_command:Invoked command in '/home/user/ros2_ws/src/3d_object_detection' returned '0': CMAKE_PREFIX_PATH=/home/user/ros2_ws/install/vision_msgs:/home/simulations/ros2_sims_ws/install/common_interfaces:/home/simulations/ros2_sims_ws/install/visualization_msgs:/home/simulations/ros2_sims_ws/install/test_msgs:/home/simulations/ros2_sims_ws/install/example_interfaces:/home/simulations/ros2_sims_ws/install/action_msgs:/home/simulations/ros2_sims_ws/install/unique_identifier_msgs:/home/simulations/ros2_sims_ws/install/trajectory_msgs:/home/simulations/ros2_sims_ws/install/test_interface_files:/home/simulations/ros2_sims_ws/install/stereo_msgs:/home/simulations/ros2_sims_ws/install/std_srvs:/home/simulations/ros2_sims_ws/install/shape_msgs:/home/simulations/ros2_sims_ws/install/sensor_msgs:/home/simulations/ros2_sims_ws/install/nav_msgs:/home/simulations/ros2_sims_ws/install/diagnostic_msgs:/home/simulations/ros2_sims_ws/install/geometry_msgs:/home/simulations/ros2_sims_ws/install/actionlib_msgs:/home/simulations/ros2_sims_ws/install/std_msgs:/home/simulations/ros2_sims_ws/install/statistics_msgs:/home/simulations/ros2_sims_ws/install/rosgraph_msgs:/home/simulations/ros2_sims_ws/install/rclrs_example_msgs:/home/simulations/ros2_sims_ws/install/composition_interfaces:/home/simulations/ros2_sims_ws/install/rcl_interfaces:/home/simulations/ros2_sims_ws/install/lifecycle_msgs:/home/simulations/ros2_sims_ws/install/builtin_interfaces:/home/simulations/ros2_sims_ws/install/rosidl_default_runtime:/home/simulations/ros2_sims_ws/install/rosidl_default_generators:/home/simulations/ros2_sims_ws/install/rosidl_generator_rs:/home/user/ros2_ws/install/vision_msgs_rviz_plugins:/home/user/ros2_ws/install/openrobotics_darknet_ros:/home/user/ros2_ws/install/tc_gazebo_plugins:/home/user/ros2_ws/install/ros_components_description:/home/user/ros2_ws/install/limo_base:/home/user/ros2_ws/install/limo_msgs:/home/user/ros2_ws/install/limo_description:/home/user/ros2_ws/install/limo_car LD_LIBRARY_PATH=/home/user/ros2_ws/install/vision_msgs/lib:/usr/local/cuda-10.2/lib64:/home/user/.catkin_ws_python3/src/TensorRT-7.0.0.11/lib:/home/simulations/ros2_sims_ws/install/visualization_msgs/lib:/home/simulations/ros2_sims_ws/install/test_msgs/lib:/home/simulations/ros2_sims_ws/install/example_interfaces/lib:/home/simulations/ros2_sims_ws/install/action_msgs/lib:/home/simulations/ros2_sims_ws/install/unique_identifier_msgs/lib:/home/simulations/ros2_sims_ws/install/trajectory_msgs/lib:/home/simulations/ros2_sims_ws/install/stereo_msgs/lib:/home/simulations/ros2_sims_ws/install/std_srvs/lib:/home/simulations/ros2_sims_ws/install/shape_msgs/lib:/home/simulations/ros2_sims_ws/install/sensor_msgs/lib:/home/simulations/ros2_sims_ws/install/nav_msgs/lib:/home/simulations/ros2_sims_ws/install/diagnostic_msgs/lib:/home/simulations/ros2_sims_ws/install/geometry_msgs/lib:/home/simulations/ros2_sims_ws/install/actionlib_msgs/lib:/home/simulations/ros2_sims_ws/install/std_msgs/lib:/home/simulations/ros2_sims_ws/install/statistics_msgs/lib:/home/simulations/ros2_sims_ws/install/rosgraph_msgs/lib:/home/simulations/ros2_sims_ws/install/rclrs_example_msgs/lib:/home/simulations/ros2_sims_ws/install/composition_interfaces/lib:/home/simulations/ros2_sims_ws/install/rcl_interfaces/lib:/home/simulations/ros2_sims_ws/install/lifecycle_msgs/lib:/home/simulations/ros2_sims_ws/install/builtin_interfaces/lib:/home/user/ros2_ws/install/vision_msgs_rviz_plugins/lib:/home/user/ros2_ws/install/openrobotics_darknet_ros/lib:/home/user/ros2_ws/install/tc_gazebo_plugins/lib:/home/user/ros2_ws/install/limo_msgs/lib:/opt/ros/humble/opt/rviz_ogre_vendor/lib:/opt/ros/humble/lib/x86_64-linux-gnu:/opt/ros/humble/lib:/usr/local/cuda-10.2/lib64:/home/user/.catkin_ws_python3/src/TensorRT-7.0.0.11/lib:/usr/lib/x86_64-linux-gnu/gazebo-11/plugins:/usr/lib/x86_64-linux-gnu/gazebo-11/plugins:/usr/lib/x86_64-linux-gnu/gazebo-11/plugins PYTHONPATH=/home/user/ros2_ws/build/3d_object_detection/prefix_override:/home/user/ros2_ws/install/3d_object_detection/lib/python3.10/site-packages:${PYTHONPATH} _=/usr/bin/env /usr/bin/python3 -W ignore:setup.py install is deprecated setup.py egg_info --egg-base ../../build/3d_object_detection build --build-base /home/user/ros2_ws/build/3d_object_detection/build install --record /home/user/ros2_ws/build/3d_object_detection/install.log --single-version-externally-managed install_data
[11.850s] Level 1:colcon.colcon_core.environment:checking '/home/user/ros2_ws/install/3d_object_detection' for CMake module files
[11.851s] Level 1:colcon.colcon_core.environment:checking '/home/user/ros2_ws/install/3d_object_detection' for CMake config files
[11.851s] Level 1:colcon.colcon_core.environment:checking '/home/user/ros2_ws/install/3d_object_detection/lib'
[11.852s] Level 1:colcon.colcon_core.environment:checking '/home/user/ros2_ws/install/3d_object_detection/bin'
[11.852s] Level 1:colcon.colcon_core.environment:checking '/home/user/ros2_ws/install/3d_object_detection/lib/pkgconfig/3d_object_detection.pc'
[11.852s] Level 1:colcon.colcon_core.environment:checking '/home/user/ros2_ws/install/3d_object_detection/lib/python3.10/site-packages'
[11.852s] Level 1:colcon.colcon_core.shell:create_environment_hook('3d_object_detection', 'pythonpath')
[11.852s] INFO:colcon.colcon_core.shell:Creating environment hook '/home/user/ros2_ws/install/3d_object_detection/share/3d_object_detection/hook/pythonpath.ps1'
[11.853s] INFO:colcon.colcon_core.shell:Creating environment descriptor '/home/user/ros2_ws/install/3d_object_detection/share/3d_object_detection/hook/pythonpath.dsv'
[11.861s] INFO:colcon.colcon_core.shell:Creating environment hook '/home/user/ros2_ws/install/3d_object_detection/share/3d_object_detection/hook/pythonpath.sh'
[11.862s] Level 1:colcon.colcon_core.environment:checking '/home/user/ros2_ws/install/3d_object_detection/bin'
[11.869s] Level 1:colcon.colcon_core.environment:create_environment_scripts_only(3d_object_detection)
[11.870s] INFO:colcon.colcon_core.shell:Creating package script '/home/user/ros2_ws/install/3d_object_detection/share/3d_object_detection/package.ps1'
[11.873s] INFO:colcon.colcon_core.shell:Creating package descriptor '/home/user/ros2_ws/install/3d_object_detection/share/3d_object_detection/package.dsv'
[11.883s] INFO:colcon.colcon_core.shell:Creating package script '/home/user/ros2_ws/install/3d_object_detection/share/3d_object_detection/package.sh'
[11.885s] INFO:colcon.colcon_core.shell:Creating package script '/home/user/ros2_ws/install/3d_object_detection/share/3d_object_detection/package.bash'
[11.897s] INFO:colcon.colcon_core.shell:Creating package script '/home/user/ros2_ws/install/3d_object_detection/share/3d_object_detection/package.zsh'
[11.899s] Level 1:colcon.colcon_core.environment:create_file_with_runtime_dependencies(/home/user/ros2_ws/install/3d_object_detection/share/colcon-core/packages/3d_object_detection)
[11.910s] DEBUG:colcon.colcon_parallel_executor.executor.parallel:closing loop
[11.911s] DEBUG:colcon.colcon_parallel_executor.executor.parallel:loop closed
[11.911s] DEBUG:colcon.colcon_parallel_executor.executor.parallel:run_until_complete finished with '0'
[11.913s] DEBUG:colcon.colcon_core.event_reactor:joining thread
[11.937s] INFO:colcon.colcon_core.plugin_system:Skipping extension 'colcon_notification.desktop_notification.notify_send': Could not find 'notify-send'
[11.941s] INFO:colcon.colcon_core.plugin_system:Skipping extension 'colcon_notification.desktop_notification.terminal_notifier': Not used on non-Darwin systems
[11.945s] INFO:colcon.colcon_core.plugin_system:Skipping extension 'colcon_notification.desktop_notification.win32': Not used on non-Windows systems
[11.945s] INFO:colcon.colcon_notification.desktop_notification:Sending desktop notification using 'notify2'
[11.948s] DEBUG:colcon.colcon_notification.desktop_notification.notify2:Failed to initialize notify2: org.freedesktop.DBus.Error.Spawn.ExecFailed: /usr/bin/dbus-launch terminated abnormally without any error message
[11.953s] DEBUG:colcon.colcon_core.event_reactor:joined thread
[11.954s] INFO:colcon.colcon_core.shell:Creating prefix script '/home/user/ros2_ws/install/local_setup.ps1'
[11.963s] INFO:colcon.colcon_core.shell:Creating prefix util module '/home/user/ros2_ws/install/_local_setup_util_ps1.py'
[11.974s] INFO:colcon.colcon_core.shell:Creating prefix chain script '/home/user/ros2_ws/install/setup.ps1'
[11.988s] INFO:colcon.colcon_core.shell:Creating prefix script '/home/user/ros2_ws/install/local_setup.sh'
[11.997s] INFO:colcon.colcon_core.shell:Creating prefix util module '/home/user/ros2_ws/install/_local_setup_util_sh.py'
[11.998s] INFO:colcon.colcon_core.shell:Creating prefix chain script '/home/user/ros2_ws/install/setup.sh'
[12.020s] INFO:colcon.colcon_core.shell:Creating prefix script '/home/user/ros2_ws/install/local_setup.bash'
[12.021s] INFO:colcon.colcon_core.shell:Creating prefix chain script '/home/user/ros2_ws/install/setup.bash'
[12.033s] INFO:colcon.colcon_core.shell:Creating prefix script '/home/user/ros2_ws/install/local_setup.zsh'
[12.034s] INFO:colcon.colcon_core.shell:Creating prefix chain script '/home/user/ros2_ws/install/setup.zsh'
