running egg_info
creating ../../build/move_towards_object/move_towards_object.egg-info
writing ../../build/move_towards_object/move_towards_object.egg-info/PKG-INFO
writing dependency_links to ../../build/move_towards_object/move_towards_object.egg-info/dependency_links.txt
writing entry points to ../../build/move_towards_object/move_towards_object.egg-info/entry_points.txt
writing requirements to ../../build/move_towards_object/move_towards_object.egg-info/requires.txt
writing top-level names to ../../build/move_towards_object/move_towards_object.egg-info/top_level.txt
writing manifest file '../../build/move_towards_object/move_towards_object.egg-info/SOURCES.txt'
reading manifest file '../../build/move_towards_object/move_towards_object.egg-info/SOURCES.txt'
writing manifest file '../../build/move_towards_object/move_towards_object.egg-info/SOURCES.txt'
running build
running build_py
creating /home/user/ros2_ws/build/move_towards_object/build
creating /home/user/ros2_ws/build/move_towards_object/build/lib
creating /home/user/ros2_ws/build/move_towards_object/build/lib/move_towards_object
copying move_towards_object/__init__.py -> /home/user/ros2_ws/build/move_towards_object/build/lib/move_towards_object
copying move_towards_object/move_towards_object_node.py -> /home/user/ros2_ws/build/move_towards_object/build/lib/move_towards_object
running install
running install_lib
creating /home/user/ros2_ws/install/move_towards_object/lib/python3.10/site-packages/move_towards_object
copying /home/user/ros2_ws/build/move_towards_object/build/lib/move_towards_object/__init__.py -> /home/user/ros2_ws/install/move_towards_object/lib/python3.10/site-packages/move_towards_object
copying /home/user/ros2_ws/build/move_towards_object/build/lib/move_towards_object/move_towards_object_node.py -> /home/user/ros2_ws/install/move_towards_object/lib/python3.10/site-packages/move_towards_object
byte-compiling /home/user/ros2_ws/install/move_towards_object/lib/python3.10/site-packages/move_towards_object/__init__.py to __init__.cpython-310.pyc
byte-compiling /home/user/ros2_ws/install/move_towards_object/lib/python3.10/site-packages/move_towards_object/move_towards_object_node.py to move_towards_object_node.cpython-310.pyc
running install_data
creating /home/user/ros2_ws/install/move_towards_object/share/ament_index
creating /home/user/ros2_ws/install/move_towards_object/share/ament_index/resource_index
creating /home/user/ros2_ws/install/move_towards_object/share/ament_index/resource_index/packages
copying resource/move_towards_object -> /home/user/ros2_ws/install/move_towards_object/share/ament_index/resource_index/packages
copying package.xml -> /home/user/ros2_ws/install/move_towards_object/share/move_towards_object
running install_egg_info
Copying ../../build/move_towards_object/move_towards_object.egg-info to /home/user/ros2_ws/install/move_towards_object/lib/python3.10/site-packages/move_towards_object-0.0.0-py3.10.egg-info
running install_scripts
Installing move_towards_object_node script to /home/user/ros2_ws/install/move_towards_object/lib/move_towards_object
writing list of installed files to '/home/user/ros2_ws/build/move_towards_object/install.log'
