[0.915s] Invoking command in '/home/user/ros2_ws/src/move_towards_object': PYTHONPATH=/home/user/ros2_ws/build/move_towards_object/prefix_override:/home/user/ros2_ws/install/move_towards_object/lib/python3.10/site-packages:${PYTHONPATH} _=/usr/bin/env /usr/bin/python3 -W ignore:setup.py install is deprecated setup.py egg_info --egg-base ../../build/move_towards_object build --build-base /home/user/ros2_ws/build/move_towards_object/build install --record /home/user/ros2_ws/build/move_towards_object/install.log --single-version-externally-managed install_data
[1.299s] running egg_info
[1.300s] creating ../../build/move_towards_object/move_towards_object.egg-info
[1.300s] writing ../../build/move_towards_object/move_towards_object.egg-info/PKG-INFO
[1.300s] writing dependency_links to ../../build/move_towards_object/move_towards_object.egg-info/dependency_links.txt
[1.301s] writing entry points to ../../build/move_towards_object/move_towards_object.egg-info/entry_points.txt
[1.301s] writing requirements to ../../build/move_towards_object/move_towards_object.egg-info/requires.txt
[1.301s] writing top-level names to ../../build/move_towards_object/move_towards_object.egg-info/top_level.txt
[1.301s] writing manifest file '../../build/move_towards_object/move_towards_object.egg-info/SOURCES.txt'
[1.302s] reading manifest file '../../build/move_towards_object/move_towards_object.egg-info/SOURCES.txt'
[1.303s] writing manifest file '../../build/move_towards_object/move_towards_object.egg-info/SOURCES.txt'
[1.303s] running build
[1.303s] running build_py
[1.303s] creating /home/user/ros2_ws/build/move_towards_object/build
[1.304s] creating /home/user/ros2_ws/build/move_towards_object/build/lib
[1.304s] creating /home/user/ros2_ws/build/move_towards_object/build/lib/move_towards_object
[1.304s] copying move_towards_object/__init__.py -> /home/user/ros2_ws/build/move_towards_object/build/lib/move_towards_object
[1.304s] copying move_towards_object/move_towards_object_node.py -> /home/user/ros2_ws/build/move_towards_object/build/lib/move_towards_object
[1.304s] running install
[1.304s] running install_lib
[1.305s] creating /home/user/ros2_ws/install/move_towards_object/lib/python3.10/site-packages/move_towards_object
[1.305s] copying /home/user/ros2_ws/build/move_towards_object/build/lib/move_towards_object/__init__.py -> /home/user/ros2_ws/install/move_towards_object/lib/python3.10/site-packages/move_towards_object
[1.305s] copying /home/user/ros2_ws/build/move_towards_object/build/lib/move_towards_object/move_towards_object_node.py -> /home/user/ros2_ws/install/move_towards_object/lib/python3.10/site-packages/move_towards_object
[1.306s] byte-compiling /home/user/ros2_ws/install/move_towards_object/lib/python3.10/site-packages/move_towards_object/__init__.py to __init__.cpython-310.pyc
[1.306s] byte-compiling /home/user/ros2_ws/install/move_towards_object/lib/python3.10/site-packages/move_towards_object/move_towards_object_node.py to move_towards_object_node.cpython-310.pyc
[1.307s] running install_data
[1.307s] creating /home/user/ros2_ws/install/move_towards_object/share/ament_index
[1.307s] creating /home/user/ros2_ws/install/move_towards_object/share/ament_index/resource_index
[1.307s] creating /home/user/ros2_ws/install/move_towards_object/share/ament_index/resource_index/packages
[1.307s] copying resource/move_towards_object -> /home/user/ros2_ws/install/move_towards_object/share/ament_index/resource_index/packages
[1.307s] copying package.xml -> /home/user/ros2_ws/install/move_towards_object/share/move_towards_object
[1.307s] running install_egg_info
[1.310s] Copying ../../build/move_towards_object/move_towards_object.egg-info to /home/user/ros2_ws/install/move_towards_object/lib/python3.10/site-packages/move_towards_object-0.0.0-py3.10.egg-info
[1.311s] running install_scripts
[1.334s] Installing move_towards_object_node script to /home/user/ros2_ws/install/move_towards_object/lib/move_towards_object
[1.334s] writing list of installed files to '/home/user/ros2_ws/build/move_towards_object/install.log'
[1.358s] Invoked command in '/home/user/ros2_ws/src/move_towards_object' returned '0': PYTHONPATH=/home/user/ros2_ws/build/move_towards_object/prefix_override:/home/user/ros2_ws/install/move_towards_object/lib/python3.10/site-packages:${PYTHONPATH} _=/usr/bin/env /usr/bin/python3 -W ignore:setup.py install is deprecated setup.py egg_info --egg-base ../../build/move_towards_object build --build-base /home/user/ros2_ws/build/move_towards_object/build install --record /home/user/ros2_ws/build/move_towards_object/install.log --single-version-externally-managed install_data
