[0.030s] Invoking command in '/home/user/ros2_ws/build/ros_components_description': CMAKE_PREFIX_PATH=${CMAKE_PREFIX_PATH}:/home/simulations/ros2_sims_ws/install/rclrs_tests:/home/simulations/ros2_sims_ws/install/examples_rclrs_minimal_client_service:/home/simulations/ros2_sims_ws/install/sensor_msgs_py:/home/simulations/ros2_sims_ws/install/examples_rclrs_minimal_pub_sub:/home/simulations/ros2_sims_ws/install/examples_rclrs_message_demo:/home/simulations/ros2_sims_ws/install/rclrs:/home/simulations/ros2_sims_ws/install/rosidl_runtime_rs:/opt/ros/humble _=/usr/bin/env /usr/bin/cmake /home/user/ros2_ws/src/limo_files/ros_components_description -DDOWNLOAD_YOLO_CONFIG=ON -DCMAKE_INSTALL_PREFIX=/home/user/ros2_ws/install/ros_components_description
[0.130s] -- The C compiler identification is GNU 11.4.0
[0.219s] -- The CXX compiler identification is GNU 11.4.0
[0.230s] -- Detecting C compiler ABI info
[0.368s] -- Detecting C compiler ABI info - done
[0.378s] -- Check for working C compiler: /usr/bin/cc - skipped
[0.379s] -- Detecting C compile features
[0.380s] -- Detecting C compile features - done
[0.383s] -- Detecting CXX compiler ABI info
[0.525s] -- Detecting CXX compiler ABI info - done
[0.540s] -- Check for working CXX compiler: /usr/bin/c++ - skipped
[0.540s] -- Detecting CXX compile features
[0.541s] -- Detecting CXX compile features - done
[0.556s] -- Found ament_cmake: 1.3.8 (/opt/ros/humble/share/ament_cmake/cmake)
[0.875s] -- Found Python3: /usr/bin/python3 (found version "3.10.12") found components: Interpreter 
[1.295s] -- Configuring done
[1.299s] -- Generating done
[1.299s] [33mCMake Warning:
[1.299s]   Manually-specified variables were not used by the project:
[1.299s] 
[1.299s]     DOWNLOAD_YOLO_CONFIG
[1.300s] 
[1.300s] [0m
[1.300s] -- Build files have been written to: /home/user/ros2_ws/build/ros_components_description
[1.306s] Invoked command in '/home/user/ros2_ws/build/ros_components_description' returned '0': CMAKE_PREFIX_PATH=${CMAKE_PREFIX_PATH}:/home/simulations/ros2_sims_ws/install/rclrs_tests:/home/simulations/ros2_sims_ws/install/examples_rclrs_minimal_client_service:/home/simulations/ros2_sims_ws/install/sensor_msgs_py:/home/simulations/ros2_sims_ws/install/examples_rclrs_minimal_pub_sub:/home/simulations/ros2_sims_ws/install/examples_rclrs_message_demo:/home/simulations/ros2_sims_ws/install/rclrs:/home/simulations/ros2_sims_ws/install/rosidl_runtime_rs:/opt/ros/humble _=/usr/bin/env /usr/bin/cmake /home/user/ros2_ws/src/limo_files/ros_components_description -DDOWNLOAD_YOLO_CONFIG=ON -DCMAKE_INSTALL_PREFIX=/home/user/ros2_ws/install/ros_components_description
[1.308s] Invoking command in '/home/user/ros2_ws/build/ros_components_description': CMAKE_PREFIX_PATH=${CMAKE_PREFIX_PATH}:/home/simulations/ros2_sims_ws/install/rclrs_tests:/home/simulations/ros2_sims_ws/install/examples_rclrs_minimal_client_service:/home/simulations/ros2_sims_ws/install/sensor_msgs_py:/home/simulations/ros2_sims_ws/install/examples_rclrs_minimal_pub_sub:/home/simulations/ros2_sims_ws/install/examples_rclrs_message_demo:/home/simulations/ros2_sims_ws/install/rclrs:/home/simulations/ros2_sims_ws/install/rosidl_runtime_rs:/opt/ros/humble _=/usr/bin/env /usr/bin/cmake --build /home/user/ros2_ws/build/ros_components_description -- -j8 -l8
[1.391s] Invoked command in '/home/user/ros2_ws/build/ros_components_description' returned '0': CMAKE_PREFIX_PATH=${CMAKE_PREFIX_PATH}:/home/simulations/ros2_sims_ws/install/rclrs_tests:/home/simulations/ros2_sims_ws/install/examples_rclrs_minimal_client_service:/home/simulations/ros2_sims_ws/install/sensor_msgs_py:/home/simulations/ros2_sims_ws/install/examples_rclrs_minimal_pub_sub:/home/simulations/ros2_sims_ws/install/examples_rclrs_message_demo:/home/simulations/ros2_sims_ws/install/rclrs:/home/simulations/ros2_sims_ws/install/rosidl_runtime_rs:/opt/ros/humble _=/usr/bin/env /usr/bin/cmake --build /home/user/ros2_ws/build/ros_components_description -- -j8 -l8
[1.465s] Invoking command in '/home/user/ros2_ws/build/ros_components_description': CMAKE_PREFIX_PATH=${CMAKE_PREFIX_PATH}:/home/simulations/ros2_sims_ws/install/rclrs_tests:/home/simulations/ros2_sims_ws/install/examples_rclrs_minimal_client_service:/home/simulations/ros2_sims_ws/install/sensor_msgs_py:/home/simulations/ros2_sims_ws/install/examples_rclrs_minimal_pub_sub:/home/simulations/ros2_sims_ws/install/examples_rclrs_message_demo:/home/simulations/ros2_sims_ws/install/rclrs:/home/simulations/ros2_sims_ws/install/rosidl_runtime_rs:/opt/ros/humble _=/usr/bin/env /usr/bin/cmake --install /home/user/ros2_ws/build/ros_components_description
[1.481s] -- Install configuration: ""
[1.482s] -- Installing: /home/user/ros2_ws/install/ros_components_description/share/ros_components_description/meshes
[1.482s] -- Installing: /home/user/ros2_ws/install/ros_components_description/share/ros_components_description/meshes/slamtec_rplidar_a2m8.dae
[1.482s] -- Installing: /home/user/ros2_ws/install/ros_components_description/share/ros_components_description/meshes/intel_realsense_d435.dae
[1.483s] -- Installing: /home/user/ros2_ws/install/ros_components_description/share/ros_components_description/meshes/ouster_os1_32.dae
[1.484s] -- Installing: /home/user/ros2_ws/install/ros_components_description/share/ros_components_description/meshes/orbbec_astra.dae
[1.484s] -- Installing: /home/user/ros2_ws/install/ros_components_description/share/ros_components_description/meshes/slamtec_rplidar_ax.dae
[1.485s] -- Installing: /home/user/ros2_ws/install/ros_components_description/share/ros_components_description/meshes/slamtec_rplidar_s1.dae
[1.486s] -- Installing: /home/user/ros2_ws/install/ros_components_description/share/ros_components_description/meshes/velodyne_puck.dae
[1.486s] -- Installing: /home/user/ros2_ws/install/ros_components_description/share/ros_components_description/urdf
[1.486s] -- Installing: /home/user/ros2_ws/install/ros_components_description/share/ros_components_description/urdf/ouster_os1_32.urdf.xacro
[1.486s] -- Installing: /home/user/ros2_ws/install/ros_components_description/share/ros_components_description/urdf/slamtec_rplidar_a2.urdf.xacro
[1.486s] -- Installing: /home/user/ros2_ws/install/ros_components_description/share/ros_components_description/urdf/orbbec_astra.urdf.xacro
[1.486s] -- Installing: /home/user/ros2_ws/install/ros_components_description/share/ros_components_description/urdf/slamtec_rplidar_s1.urdf.xacro
[1.486s] -- Installing: /home/user/ros2_ws/install/ros_components_description/share/ros_components_description/urdf/slamtec_rplidar_a3.urdf.xacro
[1.487s] -- Installing: /home/user/ros2_ws/install/ros_components_description/share/ros_components_description/urdf/intel_realsense_d435.urdf.xacro
[1.487s] -- Installing: /home/user/ros2_ws/install/ros_components_description/share/ros_components_description/urdf/velodyne_puck.urdf.xacro
[1.487s] -- Installing: /home/user/ros2_ws/install/ros_components_description/share/ament_index/resource_index/package_run_dependencies/ros_components_description
[1.488s] -- Installing: /home/user/ros2_ws/install/ros_components_description/share/ament_index/resource_index/parent_prefix_path/ros_components_description
[1.488s] -- Installing: /home/user/ros2_ws/install/ros_components_description/share/ros_components_description/environment/ament_prefix_path.sh
[1.488s] -- Installing: /home/user/ros2_ws/install/ros_components_description/share/ros_components_description/environment/ament_prefix_path.dsv
[1.488s] -- Installing: /home/user/ros2_ws/install/ros_components_description/share/ros_components_description/environment/path.sh
[1.489s] -- Installing: /home/user/ros2_ws/install/ros_components_description/share/ros_components_description/environment/path.dsv
[1.489s] -- Installing: /home/user/ros2_ws/install/ros_components_description/share/ros_components_description/local_setup.bash
[1.489s] -- Installing: /home/user/ros2_ws/install/ros_components_description/share/ros_components_description/local_setup.sh
[1.489s] -- Installing: /home/user/ros2_ws/install/ros_components_description/share/ros_components_description/local_setup.zsh
[1.490s] -- Installing: /home/user/ros2_ws/install/ros_components_description/share/ros_components_description/local_setup.dsv
[1.490s] -- Installing: /home/user/ros2_ws/install/ros_components_description/share/ros_components_description/package.dsv
[1.490s] -- Installing: /home/user/ros2_ws/install/ros_components_description/share/ament_index/resource_index/packages/ros_components_description
[1.490s] -- Installing: /home/user/ros2_ws/install/ros_components_description/share/ros_components_description/cmake/ros_components_descriptionConfig.cmake
[1.491s] -- Installing: /home/user/ros2_ws/install/ros_components_description/share/ros_components_description/cmake/ros_components_descriptionConfig-version.cmake
[1.491s] -- Installing: /home/user/ros2_ws/install/ros_components_description/share/ros_components_description/package.xml
[1.494s] Invoked command in '/home/user/ros2_ws/build/ros_components_description' returned '0': CMAKE_PREFIX_PATH=${CMAKE_PREFIX_PATH}:/home/simulations/ros2_sims_ws/install/rclrs_tests:/home/simulations/ros2_sims_ws/install/examples_rclrs_minimal_client_service:/home/simulations/ros2_sims_ws/install/sensor_msgs_py:/home/simulations/ros2_sims_ws/install/examples_rclrs_minimal_pub_sub:/home/simulations/ros2_sims_ws/install/examples_rclrs_message_demo:/home/simulations/ros2_sims_ws/install/rclrs:/home/simulations/ros2_sims_ws/install/rosidl_runtime_rs:/opt/ros/humble _=/usr/bin/env /usr/bin/cmake --install /home/user/ros2_ws/build/ros_components_description
