[1.501s] Invoking command in '/home/user/ros2_ws/src/move_towards_object': PYTHONPATH=/home/user/ros2_ws/build/move_towards_object/prefix_override:/home/user/ros2_ws/install/move_towards_object/lib/python3.10/site-packages:${PYTHONPATH} _=/usr/bin/env /usr/bin/python3 -W ignore:setup.py install is deprecated setup.py egg_info --egg-base ../../build/move_towards_object build --build-base /home/user/ros2_ws/build/move_towards_object/build install --record /home/user/ros2_ws/build/move_towards_object/install.log --single-version-externally-managed install_data
[2.015s] running egg_info
[2.022s] writing ../../build/move_towards_object/move_towards_object.egg-info/PKG-INFO
[2.022s] writing dependency_links to ../../build/move_towards_object/move_towards_object.egg-info/dependency_links.txt
[2.022s] writing entry points to ../../build/move_towards_object/move_towards_object.egg-info/entry_points.txt
[2.023s] writing requirements to ../../build/move_towards_object/move_towards_object.egg-info/requires.txt
[2.023s] writing top-level names to ../../build/move_towards_object/move_towards_object.egg-info/top_level.txt
[2.023s] reading manifest file '../../build/move_towards_object/move_towards_object.egg-info/SOURCES.txt'
[2.023s] writing manifest file '../../build/move_towards_object/move_towards_object.egg-info/SOURCES.txt'
[2.023s] running build
[2.023s] running build_py
[2.023s] copying move_towards_object/move_towards_object_node.py -> /home/user/ros2_ws/build/move_towards_object/build/lib/move_towards_object
[2.024s] running install
[2.024s] running install_lib
[2.024s] copying /home/user/ros2_ws/build/move_towards_object/build/lib/move_towards_object/move_towards_object_node.py -> /home/user/ros2_ws/install/move_towards_object/lib/python3.10/site-packages/move_towards_object
[2.026s] byte-compiling /home/user/ros2_ws/install/move_towards_object/lib/python3.10/site-packages/move_towards_object/move_towards_object_node.py to move_towards_object_node.cpython-310.pyc
[2.027s] running install_data
[2.027s] running install_egg_info
[2.031s] removing '/home/user/ros2_ws/install/move_towards_object/lib/python3.10/site-packages/move_towards_object-0.0.0-py3.10.egg-info' (and everything under it)
[2.031s] Copying ../../build/move_towards_object/move_towards_object.egg-info to /home/user/ros2_ws/install/move_towards_object/lib/python3.10/site-packages/move_towards_object-0.0.0-py3.10.egg-info
[2.033s] running install_scripts
[2.081s] Installing move_towards_object_node script to /home/user/ros2_ws/install/move_towards_object/lib/move_towards_object
[2.082s] writing list of installed files to '/home/user/ros2_ws/build/move_towards_object/install.log'
[2.121s] Invoked command in '/home/user/ros2_ws/src/move_towards_object' returned '0': PYTHONPATH=/home/user/ros2_ws/build/move_towards_object/prefix_override:/home/user/ros2_ws/install/move_towards_object/lib/python3.10/site-packages:${PYTHONPATH} _=/usr/bin/env /usr/bin/python3 -W ignore:setup.py install is deprecated setup.py egg_info --egg-base ../../build/move_towards_object build --build-base /home/user/ros2_ws/build/move_towards_object/build install --record /home/user/ros2_ws/build/move_towards_object/install.log --single-version-externally-managed install_data
