-- The C compiler identification is GNU 11.4.0
-- The CXX compiler identification is GNU 11.4.0
-- Detecting C compiler ABI info
-- Detecting C compiler ABI info - done
-- Check for working C compiler: /usr/bin/cc - skipped
-- Detecting C compile features
-- Detecting C compile features - done
-- Detecting CXX compiler ABI info
-- Detecting CXX compiler ABI info - done
-- Check for working CXX compiler: /usr/bin/c++ - skipped
-- Detecting CXX compile features
-- Detecting CXX compile features - done
-- Found ament_cmake: 1.3.8 (/opt/ros/humble/share/ament_cmake/cmake)
-- Found Python3: /usr/bin/python3 (found version "3.10.12") found components: Interpreter 
-- Found cv_bridge: 3.2.1 (/opt/ros/humble/share/cv_bridge/cmake)
-- Found rosidl_generator_c: 3.1.5 (/opt/ros/humble/share/rosidl_generator_c/cmake)
-- Found rosidl_adapter: 3.1.5 (/opt/ros/humble/share/rosidl_adapter/cmake)
-- Found rosidl_generator_cpp: 3.1.5 (/opt/ros/humble/share/rosidl_generator_cpp/cmake)
-- Using all available rosidl_typesupport_c: rosidl_typesupport_fastrtps_c;rosidl_typesupport_introspection_c
-- Using all available rosidl_typesupport_cpp: rosidl_typesupport_fastrtps_cpp;rosidl_typesupport_introspection_cpp
-- Found OpenCV: /usr (found version "4.5.4") 
-- Looking for pthread.h
-- Looking for pthread.h - found
-- Performing Test CMAKE_HAVE_LIBC_PTHREAD
-- Performing Test CMAKE_HAVE_LIBC_PTHREAD - Success
-- Found Threads: TRUE  
-- Found OpenMP_C: -fopenmp (found version "4.5") 
-- Found OpenMP_CXX: -fopenmp (found version "4.5") 
-- Found OpenMP: TRUE (found version "4.5")  
-- Found Darknet: /home/user/darknet/include/darknet (found version "0.2.5.7") 
-- Found rclcpp: 16.0.8 (/opt/ros/humble/share/rclcpp/cmake)
-- Found rmw_implementation_cmake: 6.1.1 (/opt/ros/humble/share/rmw_implementation_cmake/cmake)
-- Found rmw_fastrtps_cpp: 6.2.6 (/opt/ros/humble/share/rmw_fastrtps_cpp/cmake)
-- Found OpenSSL: /usr/lib/x86_64-linux-gnu/libcrypto.so (found version "3.0.2")  
-- Found FastRTPS: /opt/ros/humble/include  
-- Using RMW implementation 'rmw_fastrtps_cpp' as default
-- Found rclcpp_components: 16.0.8 (/opt/ros/humble/share/rclcpp_components/cmake)
-- Found vision_msgs: 4.1.1 (/home/user/ros2_ws/install/vision_msgs/share/vision_msgs/cmake)
-- Found ament_lint_auto: 0.12.10 (/opt/ros/humble/share/ament_lint_auto/cmake)
-- Found gtest sources under '/opt/ros/humble/src/gtest_vendor': C++ tests using 'Google Test' will be built
-- [download 100% complete]
-- [download 100% complete]
-- [download 0% complete]
-- [download 1% complete]
-- [download 2% complete]
-- [download 7% complete]
-- [download 12% complete]
-- [download 18% complete]
-- [download 23% complete]
-- [download 28% complete]
-- [download 32% complete]
-- [download 37% complete]
-- [download 42% complete]
-- [download 47% complete]
-- [download 52% complete]
-- [download 57% complete]
-- [download 61% complete]
-- [download 66% complete]
-- [download 70% complete]
-- [download 75% complete]
-- [download 79% complete]
-- [download 84% complete]
-- [download 89% complete]
-- [download 94% complete]
-- [download 95% complete]
-- [download 96% complete]
-- [download 97% complete]
-- [download 98% complete]
-- [download 99% complete]
-- [download 100% complete]
-- Added test 'copyright' to check source files copyright and LICENSE
-- Added test 'cppcheck' to perform static code analysis on C / C++ code
-- Configured cppcheck include dirs: /home/user/ros2_ws/src/raw_test/openrobotics_darknet_ros/include
-- Configured cppcheck exclude dirs and/or files: 
-- Added test 'cpplint' to check C / C++ code against the Google style
-- Configured cpplint exclude dirs and/or files: 
-- Added test 'flake8' to check Python code syntax and style conventions
-- Added test 'lint_cmake' to check CMake code style
-- Added test 'pep257' to check Python code against some of the docstring style conventions in PEP 257
-- Added test 'uncrustify' to check C / C++ code style
-- Configured uncrustify additional arguments: 
-- Added test 'xmllint' to check XML markup files
-- Configuring done
-- Generating done
-- Build files have been written to: /home/user/ros2_ws/build/openrobotics_darknet_ros
[  6%] [32mBuilding CXX object gtest/CMakeFiles/gtest.dir/src/gtest-all.cc.o[0m
[ 13%] [32mBuilding CXX object CMakeFiles/openrobotics_darknet_ros.dir/src/detector_network.cpp.o[0m
[ 20%] [32mBuilding CXX object gtest/CMakeFiles/gtest_main.dir/src/gtest_main.cc.o[0m
[ 26%] [32mBuilding CXX object CMakeFiles/openrobotics_darknet_ros.dir/src/parse.cpp.o[0m
[ 33%] [32m[1mLinking CXX static library libgtest_main.a[0m
[ 33%] Built target gtest_main
[ 40%] [32m[1mLinking CXX shared library libopenrobotics_darknet_ros.so[0m
[ 40%] Built target openrobotics_darknet_ros
[ 46%] [32mBuilding CXX object CMakeFiles/detector_node.dir/src/detector_node.cpp.o[0m
[ 53%] [32m[1mLinking CXX static library libgtest.a[0m
[ 53%] Built target gtest
[ 60%] [32mBuilding CXX object CMakeFiles/test_parser.dir/test/test_parser.cpp.o[0m
[ 66%] [32mBuilding CXX object CMakeFiles/test_detector_network.dir/test/test_detector_network.cpp.o[0m
[ 73%] [32m[1mLinking CXX executable test_detector_network[0m
[ 80%] [32m[1mLinking CXX executable test_parser[0m
[ 80%] Built target test_detector_network
[ 80%] Built target test_parser
[ 86%] [32m[1mLinking CXX shared library libdetector_node.so[0m
[ 86%] Built target detector_node
[ 93%] [32mBuilding CXX object CMakeFiles/detector_node_main.dir/src/detector_node_main.cpp.o[0m
[100%] [32m[1mLinking CXX executable detector_node[0m
[100%] Built target detector_node_main
-- Install configuration: ""
-- Installing: /home/user/ros2_ws/install/openrobotics_darknet_ros/share/openrobotics_darknet_ros/environment/library_path.sh
-- Installing: /home/user/ros2_ws/install/openrobotics_darknet_ros/share/openrobotics_darknet_ros/environment/library_path.dsv
-- Installing: /home/user/ros2_ws/install/openrobotics_darknet_ros/lib/libopenrobotics_darknet_ros.so
-- Set runtime path of "/home/user/ros2_ws/install/openrobotics_darknet_ros/lib/libopenrobotics_darknet_ros.so" to "/home/simulations/ros2_sims_ws/install/sensor_msgs/lib:/home/simulations/ros2_sims_ws/install/geometry_msgs/lib:/home/simulations/ros2_sims_ws/install/std_msgs/lib:/home/simulations/ros2_sims_ws/install/builtin_interfaces/lib:/opt/ros/humble/lib:/home/user/ros2_ws/install/vision_msgs/lib:/home/user/darknet"
-- Installing: /home/user/ros2_ws/install/openrobotics_darknet_ros/lib/libdetector_node.so
-- Set runtime path of "/home/user/ros2_ws/install/openrobotics_darknet_ros/lib/libdetector_node.so" to ""
-- Installing: /home/user/ros2_ws/install/openrobotics_darknet_ros/lib/openrobotics_darknet_ros/detector_node
-- Set runtime path of "/home/user/ros2_ws/install/openrobotics_darknet_ros/lib/openrobotics_darknet_ros/detector_node" to ""
-- Installing: /home/user/ros2_ws/install/openrobotics_darknet_ros/share/openrobotics_darknet_ros/config/
-- Installing: /home/user/ros2_ws/install/openrobotics_darknet_ros/share/openrobotics_darknet_ros/config//yolo-v7-tiny
-- Installing: /home/user/ros2_ws/install/openrobotics_darknet_ros/share/openrobotics_darknet_ros/config//yolo-v7-tiny/coco.names
-- Installing: /home/user/ros2_ws/install/openrobotics_darknet_ros/share/openrobotics_darknet_ros/config//yolo-v7-tiny/yolov7-tiny.cfg
-- Installing: /home/user/ros2_ws/install/openrobotics_darknet_ros/share/openrobotics_darknet_ros/config//yolo-v7-tiny/yolov7-tiny.weights
-- Up-to-date: /home/user/ros2_ws/install/openrobotics_darknet_ros/share/openrobotics_darknet_ros
-- Installing: /home/user/ros2_ws/install/openrobotics_darknet_ros/share/openrobotics_darknet_ros/yolo-v7-tiny
-- Installing: /home/user/ros2_ws/install/openrobotics_darknet_ros/share/openrobotics_darknet_ros/yolo-v7-tiny/params.yaml
-- Up-to-date: /home/user/ros2_ws/install/openrobotics_darknet_ros/share/openrobotics_darknet_ros
-- Installing: /home/user/ros2_ws/install/openrobotics_darknet_ros/share/openrobotics_darknet_ros/detector_launch.py
-- Up-to-date: /home/user/ros2_ws/install/openrobotics_darknet_ros/share/openrobotics_darknet_ros/config
-- Up-to-date: /home/user/ros2_ws/install/openrobotics_darknet_ros/share/openrobotics_darknet_ros/config/yolo-v7-tiny
-- Installing: /home/user/ros2_ws/install/openrobotics_darknet_ros/share/openrobotics_darknet_ros/config/yolo-v7-tiny/params.yaml
-- Installing: /home/user/ros2_ws/install/openrobotics_darknet_ros/include
-- Installing: /home/user/ros2_ws/install/openrobotics_darknet_ros/include/openrobotics_darknet_ros
-- Installing: /home/user/ros2_ws/install/openrobotics_darknet_ros/include/openrobotics_darknet_ros/visibility_node.hpp
-- Installing: /home/user/ros2_ws/install/openrobotics_darknet_ros/include/openrobotics_darknet_ros/detector_node.hpp
-- Installing: /home/user/ros2_ws/install/openrobotics_darknet_ros/include/openrobotics_darknet_ros/visibility.hpp
-- Installing: /home/user/ros2_ws/install/openrobotics_darknet_ros/include/openrobotics_darknet_ros/parse.hpp
-- Installing: /home/user/ros2_ws/install/openrobotics_darknet_ros/include/openrobotics_darknet_ros/detector_network.hpp
-- Installing: /home/user/ros2_ws/install/openrobotics_darknet_ros/share/ament_index/resource_index/package_run_dependencies/openrobotics_darknet_ros
-- Installing: /home/user/ros2_ws/install/openrobotics_darknet_ros/share/ament_index/resource_index/parent_prefix_path/openrobotics_darknet_ros
-- Installing: /home/user/ros2_ws/install/openrobotics_darknet_ros/share/openrobotics_darknet_ros/environment/ament_prefix_path.sh
-- Installing: /home/user/ros2_ws/install/openrobotics_darknet_ros/share/openrobotics_darknet_ros/environment/ament_prefix_path.dsv
-- Installing: /home/user/ros2_ws/install/openrobotics_darknet_ros/share/openrobotics_darknet_ros/environment/path.sh
-- Installing: /home/user/ros2_ws/install/openrobotics_darknet_ros/share/openrobotics_darknet_ros/environment/path.dsv
-- Installing: /home/user/ros2_ws/install/openrobotics_darknet_ros/share/openrobotics_darknet_ros/local_setup.bash
-- Installing: /home/user/ros2_ws/install/openrobotics_darknet_ros/share/openrobotics_darknet_ros/local_setup.sh
-- Installing: /home/user/ros2_ws/install/openrobotics_darknet_ros/share/openrobotics_darknet_ros/local_setup.zsh
-- Installing: /home/user/ros2_ws/install/openrobotics_darknet_ros/share/openrobotics_darknet_ros/local_setup.dsv
-- Installing: /home/user/ros2_ws/install/openrobotics_darknet_ros/share/openrobotics_darknet_ros/package.dsv
-- Installing: /home/user/ros2_ws/install/openrobotics_darknet_ros/share/ament_index/resource_index/packages/openrobotics_darknet_ros
-- Installing: /home/user/ros2_ws/install/openrobotics_darknet_ros/share/ament_index/resource_index/rclcpp_components/openrobotics_darknet_ros
-- Installing: /home/user/ros2_ws/install/openrobotics_darknet_ros/share/openrobotics_darknet_ros/cmake/ament_cmake_export_libraries-extras.cmake
-- Installing: /home/user/ros2_ws/install/openrobotics_darknet_ros/share/openrobotics_darknet_ros/cmake/openrobotics_darknet_rosConfig.cmake
-- Installing: /home/user/ros2_ws/install/openrobotics_darknet_ros/share/openrobotics_darknet_ros/cmake/openrobotics_darknet_rosConfig-version.cmake
-- Installing: /home/user/ros2_ws/install/openrobotics_darknet_ros/share/openrobotics_darknet_ros/package.xml
