[0.187s] DEBUG:colcon:Command line arguments: ['/usr/bin/colcon', 'build', '--packages-select', 'yolo_pointcloud_marker']
[0.187s] DEBUG:colcon:Parsed command line arguments: Namespace(log_base=None, log_level=None, verb_name='build', build_base='build', install_base='install', merge_install=False, symlink_install=False, test_result_base=None, continue_on_error=False, executor='parallel', parallel_workers=8, event_handlers=None, ignore_user_meta=False, metas=['./colcon.meta'], base_paths=['.'], packages_ignore=None, packages_ignore_regex=None, paths=None, packages_up_to=None, packages_up_to_regex=None, packages_above=None, packages_above_and_dependencies=None, packages_above_depth=None, packages_select_by_dep=None, packages_skip_by_dep=None, packages_skip_up_to=None, packages_select_build_failed=False, packages_skip_build_finished=False, packages_select_test_failures=False, packages_skip_test_passed=False, packages_select=['yolo_pointcloud_marker'], packages_skip=None, packages_select_regex=None, packages_skip_regex=None, packages_start=None, packages_end=None, lookup_in_workspace=False, cargo_args=None, clean_build=False, cmake_args=None, cmake_target=None, cmake_target_skip_unavailable=False, cmake_clean_cache=False, cmake_clean_first=False, cmake_force_configure=False, ament_cmake_args=None, catkin_cmake_args=None, catkin_skip_building_tests=False, mixin_files=None, mixin=None, verb_parser=<colcon_mixin.mixin.mixin_argument.MixinArgumentDecorator object at 0x7fc435bedde0>, verb_extension=<colcon_core.verb.build.BuildVerb object at 0x7fc435bed270>, main=<bound method BuildVerb.main of <colcon_core.verb.build.BuildVerb object at 0x7fc435bed270>>, mixin_verb=('build',))
[0.464s] Level 1:colcon.colcon_core.package_discovery:discover_packages(colcon_meta) check parameters
[0.465s] Level 1:colcon.colcon_core.package_discovery:discover_packages(recursive) check parameters
[0.465s] Level 1:colcon.colcon_core.package_discovery:discover_packages(ignore) check parameters
[0.465s] Level 1:colcon.colcon_core.package_discovery:discover_packages(path) check parameters
[0.465s] Level 1:colcon.colcon_core.package_discovery:discover_packages(colcon_meta) discover
[0.465s] Level 1:colcon.colcon_core.package_discovery:discover_packages(recursive) discover
[0.465s] INFO:colcon.colcon_core.package_discovery:Crawling recursively for packages in '/home/user/ros2_ws'
[0.465s] Level 1:colcon.colcon_core.package_identification:_identify(.) by extensions ['ignore', 'ignore_ament_install']
[0.465s] Level 1:colcon.colcon_core.package_identification:_identify(.) by extension 'ignore'
[0.465s] Level 1:colcon.colcon_core.package_identification:_identify(.) by extension 'ignore_ament_install'
[0.465s] Level 1:colcon.colcon_core.package_identification:_identify(.) by extensions ['colcon_pkg']
[0.465s] Level 1:colcon.colcon_core.package_identification:_identify(.) by extension 'colcon_pkg'
[0.466s] Level 1:colcon.colcon_core.package_identification:_identify(.) by extensions ['colcon_meta']
[0.466s] Level 1:colcon.colcon_core.package_identification:_identify(.) by extension 'colcon_meta'
[0.466s] Level 1:colcon.colcon_core.package_identification:_identify(.) by extensions ['ament_cargo']
[0.466s] Level 1:colcon.colcon_core.package_identification:_identify(.) by extension 'ament_cargo'
[0.466s] Level 1:colcon.colcon_core.package_identification:_identify(.) by extensions ['ros']
[0.466s] Level 1:colcon.colcon_core.package_identification:_identify(.) by extension 'ros'
[0.482s] Level 1:colcon.colcon_core.package_identification:_identify(.) by extensions ['cargo', 'cmake', 'python']
[0.482s] Level 1:colcon.colcon_core.package_identification:_identify(.) by extension 'cargo'
[0.482s] Level 1:colcon.colcon_core.package_identification:_identify(.) by extension 'cmake'
[0.482s] Level 1:colcon.colcon_core.package_identification:_identify(.) by extension 'python'
[0.482s] Level 1:colcon.colcon_core.package_identification:_identify(.) by extensions ['python_setup_py']
[0.482s] Level 1:colcon.colcon_core.package_identification:_identify(.) by extension 'python_setup_py'
[0.483s] Level 1:colcon.colcon_core.package_identification:_identify(build) by extensions ['ignore', 'ignore_ament_install']
[0.483s] Level 1:colcon.colcon_core.package_identification:_identify(build) by extension 'ignore'
[0.483s] Level 1:colcon.colcon_core.package_identification:_identify(build) ignored
[0.483s] Level 1:colcon.colcon_core.package_identification:_identify(install) by extensions ['ignore', 'ignore_ament_install']
[0.483s] Level 1:colcon.colcon_core.package_identification:_identify(install) by extension 'ignore'
[0.483s] Level 1:colcon.colcon_core.package_identification:_identify(install) ignored
[0.483s] Level 1:colcon.colcon_core.package_identification:_identify(log) by extensions ['ignore', 'ignore_ament_install']
[0.483s] Level 1:colcon.colcon_core.package_identification:_identify(log) by extension 'ignore'
[0.483s] Level 1:colcon.colcon_core.package_identification:_identify(log) ignored
[0.483s] Level 1:colcon.colcon_core.package_identification:_identify(src) by extensions ['ignore', 'ignore_ament_install']
[0.484s] Level 1:colcon.colcon_core.package_identification:_identify(src) by extension 'ignore'
[0.484s] Level 1:colcon.colcon_core.package_identification:_identify(src) by extension 'ignore_ament_install'
[0.484s] Level 1:colcon.colcon_core.package_identification:_identify(src) by extensions ['colcon_pkg']
[0.484s] Level 1:colcon.colcon_core.package_identification:_identify(src) by extension 'colcon_pkg'
[0.484s] Level 1:colcon.colcon_core.package_identification:_identify(src) by extensions ['colcon_meta']
[0.484s] Level 1:colcon.colcon_core.package_identification:_identify(src) by extension 'colcon_meta'
[0.484s] Level 1:colcon.colcon_core.package_identification:_identify(src) by extensions ['ament_cargo']
[0.484s] Level 1:colcon.colcon_core.package_identification:_identify(src) by extension 'ament_cargo'
[0.484s] Level 1:colcon.colcon_core.package_identification:_identify(src) by extensions ['ros']
[0.484s] Level 1:colcon.colcon_core.package_identification:_identify(src) by extension 'ros'
[0.484s] Level 1:colcon.colcon_core.package_identification:_identify(src) by extensions ['cargo', 'cmake', 'python']
[0.484s] Level 1:colcon.colcon_core.package_identification:_identify(src) by extension 'cargo'
[0.484s] Level 1:colcon.colcon_core.package_identification:_identify(src) by extension 'cmake'
[0.484s] Level 1:colcon.colcon_core.package_identification:_identify(src) by extension 'python'
[0.484s] Level 1:colcon.colcon_core.package_identification:_identify(src) by extensions ['python_setup_py']
[0.485s] Level 1:colcon.colcon_core.package_identification:_identify(src) by extension 'python_setup_py'
[0.485s] Level 1:colcon.colcon_core.package_identification:_identify(src/limo_files) by extensions ['ignore', 'ignore_ament_install']
[0.485s] Level 1:colcon.colcon_core.package_identification:_identify(src/limo_files) by extension 'ignore'
[0.485s] Level 1:colcon.colcon_core.package_identification:_identify(src/limo_files) by extension 'ignore_ament_install'
[0.485s] Level 1:colcon.colcon_core.package_identification:_identify(src/limo_files) by extensions ['colcon_pkg']
[0.485s] Level 1:colcon.colcon_core.package_identification:_identify(src/limo_files) by extension 'colcon_pkg'
[0.485s] Level 1:colcon.colcon_core.package_identification:_identify(src/limo_files) by extensions ['colcon_meta']
[0.485s] Level 1:colcon.colcon_core.package_identification:_identify(src/limo_files) by extension 'colcon_meta'
[0.485s] Level 1:colcon.colcon_core.package_identification:_identify(src/limo_files) by extensions ['ament_cargo']
[0.485s] Level 1:colcon.colcon_core.package_identification:_identify(src/limo_files) by extension 'ament_cargo'
[0.485s] Level 1:colcon.colcon_core.package_identification:_identify(src/limo_files) by extensions ['ros']
[0.485s] Level 1:colcon.colcon_core.package_identification:_identify(src/limo_files) by extension 'ros'
[0.485s] Level 1:colcon.colcon_core.package_identification:_identify(src/limo_files) by extensions ['cargo', 'cmake', 'python']
[0.485s] Level 1:colcon.colcon_core.package_identification:_identify(src/limo_files) by extension 'cargo'
[0.485s] Level 1:colcon.colcon_core.package_identification:_identify(src/limo_files) by extension 'cmake'
[0.485s] Level 1:colcon.colcon_core.package_identification:_identify(src/limo_files) by extension 'python'
[0.485s] Level 1:colcon.colcon_core.package_identification:_identify(src/limo_files) by extensions ['python_setup_py']
[0.486s] Level 1:colcon.colcon_core.package_identification:_identify(src/limo_files) by extension 'python_setup_py'
[0.486s] Level 1:colcon.colcon_core.package_identification:_identify(src/limo_files/gazebo_plugins_ros_mod) by extensions ['ignore', 'ignore_ament_install']
[0.486s] Level 1:colcon.colcon_core.package_identification:_identify(src/limo_files/gazebo_plugins_ros_mod) by extension 'ignore'
[0.486s] Level 1:colcon.colcon_core.package_identification:_identify(src/limo_files/gazebo_plugins_ros_mod) by extension 'ignore_ament_install'
[0.486s] Level 1:colcon.colcon_core.package_identification:_identify(src/limo_files/gazebo_plugins_ros_mod) by extensions ['colcon_pkg']
[0.486s] Level 1:colcon.colcon_core.package_identification:_identify(src/limo_files/gazebo_plugins_ros_mod) by extension 'colcon_pkg'
[0.486s] Level 1:colcon.colcon_core.package_identification:_identify(src/limo_files/gazebo_plugins_ros_mod) by extensions ['colcon_meta']
[0.486s] Level 1:colcon.colcon_core.package_identification:_identify(src/limo_files/gazebo_plugins_ros_mod) by extension 'colcon_meta'
[0.486s] Level 1:colcon.colcon_core.package_identification:_identify(src/limo_files/gazebo_plugins_ros_mod) by extensions ['ament_cargo']
[0.486s] Level 1:colcon.colcon_core.package_identification:_identify(src/limo_files/gazebo_plugins_ros_mod) by extension 'ament_cargo'
[0.486s] Level 1:colcon.colcon_core.package_identification:_identify(src/limo_files/gazebo_plugins_ros_mod) by extensions ['ros']
[0.486s] Level 1:colcon.colcon_core.package_identification:_identify(src/limo_files/gazebo_plugins_ros_mod) by extension 'ros'
[0.487s] Level 1:colcon.colcon_core.package_identification:_identify(src/limo_files/gazebo_plugins_ros_mod) by extensions ['cargo', 'cmake', 'python']
[0.487s] Level 1:colcon.colcon_core.package_identification:_identify(src/limo_files/gazebo_plugins_ros_mod) by extension 'cargo'
[0.487s] Level 1:colcon.colcon_core.package_identification:_identify(src/limo_files/gazebo_plugins_ros_mod) by extension 'cmake'
[0.487s] Level 1:colcon.colcon_core.package_identification:_identify(src/limo_files/gazebo_plugins_ros_mod) by extension 'python'
[0.487s] Level 1:colcon.colcon_core.package_identification:_identify(src/limo_files/gazebo_plugins_ros_mod) by extensions ['python_setup_py']
[0.487s] Level 1:colcon.colcon_core.package_identification:_identify(src/limo_files/gazebo_plugins_ros_mod) by extension 'python_setup_py'
[0.487s] Level 1:colcon.colcon_core.package_identification:_identify(src/limo_files/gazebo_plugins_ros_mod/tc_gazebo_plugins) by extensions ['ignore', 'ignore_ament_install']
[0.487s] Level 1:colcon.colcon_core.package_identification:_identify(src/limo_files/gazebo_plugins_ros_mod/tc_gazebo_plugins) by extension 'ignore'
[0.487s] Level 1:colcon.colcon_core.package_identification:_identify(src/limo_files/gazebo_plugins_ros_mod/tc_gazebo_plugins) by extension 'ignore_ament_install'
[0.487s] Level 1:colcon.colcon_core.package_identification:_identify(src/limo_files/gazebo_plugins_ros_mod/tc_gazebo_plugins) by extensions ['colcon_pkg']
[0.487s] Level 1:colcon.colcon_core.package_identification:_identify(src/limo_files/gazebo_plugins_ros_mod/tc_gazebo_plugins) by extension 'colcon_pkg'
[0.487s] Level 1:colcon.colcon_core.package_identification:_identify(src/limo_files/gazebo_plugins_ros_mod/tc_gazebo_plugins) by extensions ['colcon_meta']
[0.487s] Level 1:colcon.colcon_core.package_identification:_identify(src/limo_files/gazebo_plugins_ros_mod/tc_gazebo_plugins) by extension 'colcon_meta'
[0.487s] Level 1:colcon.colcon_core.package_identification:_identify(src/limo_files/gazebo_plugins_ros_mod/tc_gazebo_plugins) by extensions ['ament_cargo']
[0.487s] Level 1:colcon.colcon_core.package_identification:_identify(src/limo_files/gazebo_plugins_ros_mod/tc_gazebo_plugins) by extension 'ament_cargo'
[0.488s] Level 1:colcon.colcon_core.package_identification:_identify(src/limo_files/gazebo_plugins_ros_mod/tc_gazebo_plugins) by extensions ['ros']
[0.488s] Level 1:colcon.colcon_core.package_identification:_identify(src/limo_files/gazebo_plugins_ros_mod/tc_gazebo_plugins) by extension 'ros'
[0.493s] DEBUG:colcon.colcon_core.package_identification:Package 'src/limo_files/gazebo_plugins_ros_mod/tc_gazebo_plugins' with type 'ros.ament_cmake' and name 'tc_gazebo_plugins'
[0.494s] Level 1:colcon.colcon_core.package_identification:_identify(src/limo_files/limo_ros2) by extensions ['ignore', 'ignore_ament_install']
[0.494s] Level 1:colcon.colcon_core.package_identification:_identify(src/limo_files/limo_ros2) by extension 'ignore'
[0.494s] Level 1:colcon.colcon_core.package_identification:_identify(src/limo_files/limo_ros2) by extension 'ignore_ament_install'
[0.494s] Level 1:colcon.colcon_core.package_identification:_identify(src/limo_files/limo_ros2) by extensions ['colcon_pkg']
[0.494s] Level 1:colcon.colcon_core.package_identification:_identify(src/limo_files/limo_ros2) by extension 'colcon_pkg'
[0.494s] Level 1:colcon.colcon_core.package_identification:_identify(src/limo_files/limo_ros2) by extensions ['colcon_meta']
[0.494s] Level 1:colcon.colcon_core.package_identification:_identify(src/limo_files/limo_ros2) by extension 'colcon_meta'
[0.494s] Level 1:colcon.colcon_core.package_identification:_identify(src/limo_files/limo_ros2) by extensions ['ament_cargo']
[0.494s] Level 1:colcon.colcon_core.package_identification:_identify(src/limo_files/limo_ros2) by extension 'ament_cargo'
[0.494s] Level 1:colcon.colcon_core.package_identification:_identify(src/limo_files/limo_ros2) by extensions ['ros']
[0.494s] Level 1:colcon.colcon_core.package_identification:_identify(src/limo_files/limo_ros2) by extension 'ros'
[0.494s] Level 1:colcon.colcon_core.package_identification:_identify(src/limo_files/limo_ros2) by extensions ['cargo', 'cmake', 'python']
[0.494s] Level 1:colcon.colcon_core.package_identification:_identify(src/limo_files/limo_ros2) by extension 'cargo'
[0.494s] Level 1:colcon.colcon_core.package_identification:_identify(src/limo_files/limo_ros2) by extension 'cmake'
[0.494s] Level 1:colcon.colcon_core.package_identification:_identify(src/limo_files/limo_ros2) by extension 'python'
[0.494s] Level 1:colcon.colcon_core.package_identification:_identify(src/limo_files/limo_ros2) by extensions ['python_setup_py']
[0.494s] Level 1:colcon.colcon_core.package_identification:_identify(src/limo_files/limo_ros2) by extension 'python_setup_py'
[0.495s] Level 1:colcon.colcon_core.package_identification:_identify(src/limo_files/limo_ros2/limo_base) by extensions ['ignore', 'ignore_ament_install']
[0.495s] Level 1:colcon.colcon_core.package_identification:_identify(src/limo_files/limo_ros2/limo_base) by extension 'ignore'
[0.495s] Level 1:colcon.colcon_core.package_identification:_identify(src/limo_files/limo_ros2/limo_base) by extension 'ignore_ament_install'
[0.495s] Level 1:colcon.colcon_core.package_identification:_identify(src/limo_files/limo_ros2/limo_base) by extensions ['colcon_pkg']
[0.495s] Level 1:colcon.colcon_core.package_identification:_identify(src/limo_files/limo_ros2/limo_base) by extension 'colcon_pkg'
[0.495s] Level 1:colcon.colcon_core.package_identification:_identify(src/limo_files/limo_ros2/limo_base) by extensions ['colcon_meta']
[0.495s] Level 1:colcon.colcon_core.package_identification:_identify(src/limo_files/limo_ros2/limo_base) by extension 'colcon_meta'
[0.495s] Level 1:colcon.colcon_core.package_identification:_identify(src/limo_files/limo_ros2/limo_base) by extensions ['ament_cargo']
[0.495s] Level 1:colcon.colcon_core.package_identification:_identify(src/limo_files/limo_ros2/limo_base) by extension 'ament_cargo'
[0.495s] Level 1:colcon.colcon_core.package_identification:_identify(src/limo_files/limo_ros2/limo_base) by extensions ['ros']
[0.495s] Level 1:colcon.colcon_core.package_identification:_identify(src/limo_files/limo_ros2/limo_base) by extension 'ros'
[0.511s] DEBUG:colcon.colcon_core.package_identification:Package 'src/limo_files/limo_ros2/limo_base' with type 'ros.ament_cmake' and name 'limo_base'
[0.511s] Level 1:colcon.colcon_core.package_identification:_identify(src/limo_files/limo_ros2/limo_car) by extensions ['ignore', 'ignore_ament_install']
[0.511s] Level 1:colcon.colcon_core.package_identification:_identify(src/limo_files/limo_ros2/limo_car) by extension 'ignore'
[0.511s] Level 1:colcon.colcon_core.package_identification:_identify(src/limo_files/limo_ros2/limo_car) by extension 'ignore_ament_install'
[0.511s] Level 1:colcon.colcon_core.package_identification:_identify(src/limo_files/limo_ros2/limo_car) by extensions ['colcon_pkg']
[0.512s] Level 1:colcon.colcon_core.package_identification:_identify(src/limo_files/limo_ros2/limo_car) by extension 'colcon_pkg'
[0.512s] Level 1:colcon.colcon_core.package_identification:_identify(src/limo_files/limo_ros2/limo_car) by extensions ['colcon_meta']
[0.512s] Level 1:colcon.colcon_core.package_identification:_identify(src/limo_files/limo_ros2/limo_car) by extension 'colcon_meta'
[0.512s] Level 1:colcon.colcon_core.package_identification:_identify(src/limo_files/limo_ros2/limo_car) by extensions ['ament_cargo']
[0.512s] Level 1:colcon.colcon_core.package_identification:_identify(src/limo_files/limo_ros2/limo_car) by extension 'ament_cargo'
[0.512s] Level 1:colcon.colcon_core.package_identification:_identify(src/limo_files/limo_ros2/limo_car) by extensions ['ros']
[0.512s] Level 1:colcon.colcon_core.package_identification:_identify(src/limo_files/limo_ros2/limo_car) by extension 'ros'
[0.513s] DEBUG:colcon.colcon_core.package_identification:Package 'src/limo_files/limo_ros2/limo_car' with type 'ros.ament_cmake' and name 'limo_car'
[0.513s] Level 1:colcon.colcon_core.package_identification:_identify(src/limo_files/limo_ros2/limo_description) by extensions ['ignore', 'ignore_ament_install']
[0.513s] Level 1:colcon.colcon_core.package_identification:_identify(src/limo_files/limo_ros2/limo_description) by extension 'ignore'
[0.513s] Level 1:colcon.colcon_core.package_identification:_identify(src/limo_files/limo_ros2/limo_description) by extension 'ignore_ament_install'
[0.513s] Level 1:colcon.colcon_core.package_identification:_identify(src/limo_files/limo_ros2/limo_description) by extensions ['colcon_pkg']
[0.513s] Level 1:colcon.colcon_core.package_identification:_identify(src/limo_files/limo_ros2/limo_description) by extension 'colcon_pkg'
[0.513s] Level 1:colcon.colcon_core.package_identification:_identify(src/limo_files/limo_ros2/limo_description) by extensions ['colcon_meta']
[0.514s] Level 1:colcon.colcon_core.package_identification:_identify(src/limo_files/limo_ros2/limo_description) by extension 'colcon_meta'
[0.514s] Level 1:colcon.colcon_core.package_identification:_identify(src/limo_files/limo_ros2/limo_description) by extensions ['ament_cargo']
[0.514s] Level 1:colcon.colcon_core.package_identification:_identify(src/limo_files/limo_ros2/limo_description) by extension 'ament_cargo'
[0.514s] Level 1:colcon.colcon_core.package_identification:_identify(src/limo_files/limo_ros2/limo_description) by extensions ['ros']
[0.514s] Level 1:colcon.colcon_core.package_identification:_identify(src/limo_files/limo_ros2/limo_description) by extension 'ros'
[0.515s] DEBUG:colcon.colcon_core.package_identification:Package 'src/limo_files/limo_ros2/limo_description' with type 'ros.ament_cmake' and name 'limo_description'
[0.515s] Level 1:colcon.colcon_core.package_identification:_identify(src/limo_files/limo_ros2/limo_msgs) by extensions ['ignore', 'ignore_ament_install']
[0.515s] Level 1:colcon.colcon_core.package_identification:_identify(src/limo_files/limo_ros2/limo_msgs) by extension 'ignore'
[0.515s] Level 1:colcon.colcon_core.package_identification:_identify(src/limo_files/limo_ros2/limo_msgs) by extension 'ignore_ament_install'
[0.515s] Level 1:colcon.colcon_core.package_identification:_identify(src/limo_files/limo_ros2/limo_msgs) by extensions ['colcon_pkg']
[0.515s] Level 1:colcon.colcon_core.package_identification:_identify(src/limo_files/limo_ros2/limo_msgs) by extension 'colcon_pkg'
[0.515s] Level 1:colcon.colcon_core.package_identification:_identify(src/limo_files/limo_ros2/limo_msgs) by extensions ['colcon_meta']
[0.515s] Level 1:colcon.colcon_core.package_identification:_identify(src/limo_files/limo_ros2/limo_msgs) by extension 'colcon_meta'
[0.515s] Level 1:colcon.colcon_core.package_identification:_identify(src/limo_files/limo_ros2/limo_msgs) by extensions ['ament_cargo']
[0.515s] Level 1:colcon.colcon_core.package_identification:_identify(src/limo_files/limo_ros2/limo_msgs) by extension 'ament_cargo'
[0.516s] Level 1:colcon.colcon_core.package_identification:_identify(src/limo_files/limo_ros2/limo_msgs) by extensions ['ros']
[0.516s] Level 1:colcon.colcon_core.package_identification:_identify(src/limo_files/limo_ros2/limo_msgs) by extension 'ros'
[0.517s] DEBUG:colcon.colcon_core.package_identification:Package 'src/limo_files/limo_ros2/limo_msgs' with type 'ros.ament_cmake' and name 'limo_msgs'
[0.517s] Level 1:colcon.colcon_core.package_identification:_identify(src/limo_files/limo_ros2/scripts) by extensions ['ignore', 'ignore_ament_install']
[0.517s] Level 1:colcon.colcon_core.package_identification:_identify(src/limo_files/limo_ros2/scripts) by extension 'ignore'
[0.517s] Level 1:colcon.colcon_core.package_identification:_identify(src/limo_files/limo_ros2/scripts) by extension 'ignore_ament_install'
[0.517s] Level 1:colcon.colcon_core.package_identification:_identify(src/limo_files/limo_ros2/scripts) by extensions ['colcon_pkg']
[0.517s] Level 1:colcon.colcon_core.package_identification:_identify(src/limo_files/limo_ros2/scripts) by extension 'colcon_pkg'
[0.517s] Level 1:colcon.colcon_core.package_identification:_identify(src/limo_files/limo_ros2/scripts) by extensions ['colcon_meta']
[0.517s] Level 1:colcon.colcon_core.package_identification:_identify(src/limo_files/limo_ros2/scripts) by extension 'colcon_meta'
[0.517s] Level 1:colcon.colcon_core.package_identification:_identify(src/limo_files/limo_ros2/scripts) by extensions ['ament_cargo']
[0.517s] Level 1:colcon.colcon_core.package_identification:_identify(src/limo_files/limo_ros2/scripts) by extension 'ament_cargo'
[0.517s] Level 1:colcon.colcon_core.package_identification:_identify(src/limo_files/limo_ros2/scripts) by extensions ['ros']
[0.518s] Level 1:colcon.colcon_core.package_identification:_identify(src/limo_files/limo_ros2/scripts) by extension 'ros'
[0.518s] Level 1:colcon.colcon_core.package_identification:_identify(src/limo_files/limo_ros2/scripts) by extensions ['cargo', 'cmake', 'python']
[0.518s] Level 1:colcon.colcon_core.package_identification:_identify(src/limo_files/limo_ros2/scripts) by extension 'cargo'
[0.518s] Level 1:colcon.colcon_core.package_identification:_identify(src/limo_files/limo_ros2/scripts) by extension 'cmake'
[0.518s] Level 1:colcon.colcon_core.package_identification:_identify(src/limo_files/limo_ros2/scripts) by extension 'python'
[0.518s] Level 1:colcon.colcon_core.package_identification:_identify(src/limo_files/limo_ros2/scripts) by extensions ['python_setup_py']
[0.518s] Level 1:colcon.colcon_core.package_identification:_identify(src/limo_files/limo_ros2/scripts) by extension 'python_setup_py'
[0.518s] Level 1:colcon.colcon_core.package_identification:_identify(src/limo_files/ros_components_description) by extensions ['ignore', 'ignore_ament_install']
[0.518s] Level 1:colcon.colcon_core.package_identification:_identify(src/limo_files/ros_components_description) by extension 'ignore'
[0.518s] Level 1:colcon.colcon_core.package_identification:_identify(src/limo_files/ros_components_description) by extension 'ignore_ament_install'
[0.518s] Level 1:colcon.colcon_core.package_identification:_identify(src/limo_files/ros_components_description) by extensions ['colcon_pkg']
[0.519s] Level 1:colcon.colcon_core.package_identification:_identify(src/limo_files/ros_components_description) by extension 'colcon_pkg'
[0.519s] Level 1:colcon.colcon_core.package_identification:_identify(src/limo_files/ros_components_description) by extensions ['colcon_meta']
[0.519s] Level 1:colcon.colcon_core.package_identification:_identify(src/limo_files/ros_components_description) by extension 'colcon_meta'
[0.519s] Level 1:colcon.colcon_core.package_identification:_identify(src/limo_files/ros_components_description) by extensions ['ament_cargo']
[0.519s] Level 1:colcon.colcon_core.package_identification:_identify(src/limo_files/ros_components_description) by extension 'ament_cargo'
[0.519s] Level 1:colcon.colcon_core.package_identification:_identify(src/limo_files/ros_components_description) by extensions ['ros']
[0.519s] Level 1:colcon.colcon_core.package_identification:_identify(src/limo_files/ros_components_description) by extension 'ros'
[0.543s] DEBUG:colcon.colcon_core.package_identification:Package 'src/limo_files/ros_components_description' with type 'ros.ament_cmake' and name 'ros_components_description'
[0.543s] Level 1:colcon.colcon_core.package_identification:_identify(src/limo_files/rviz) by extensions ['ignore', 'ignore_ament_install']
[0.544s] Level 1:colcon.colcon_core.package_identification:_identify(src/limo_files/rviz) by extension 'ignore'
[0.544s] Level 1:colcon.colcon_core.package_identification:_identify(src/limo_files/rviz) by extension 'ignore_ament_install'
[0.544s] Level 1:colcon.colcon_core.package_identification:_identify(src/limo_files/rviz) by extensions ['colcon_pkg']
[0.544s] Level 1:colcon.colcon_core.package_identification:_identify(src/limo_files/rviz) by extension 'colcon_pkg'
[0.544s] Level 1:colcon.colcon_core.package_identification:_identify(src/limo_files/rviz) by extensions ['colcon_meta']
[0.544s] Level 1:colcon.colcon_core.package_identification:_identify(src/limo_files/rviz) by extension 'colcon_meta'
[0.544s] Level 1:colcon.colcon_core.package_identification:_identify(src/limo_files/rviz) by extensions ['ament_cargo']
[0.544s] Level 1:colcon.colcon_core.package_identification:_identify(src/limo_files/rviz) by extension 'ament_cargo'
[0.544s] Level 1:colcon.colcon_core.package_identification:_identify(src/limo_files/rviz) by extensions ['ros']
[0.544s] Level 1:colcon.colcon_core.package_identification:_identify(src/limo_files/rviz) by extension 'ros'
[0.544s] Level 1:colcon.colcon_core.package_identification:_identify(src/limo_files/rviz) by extensions ['cargo', 'cmake', 'python']
[0.544s] Level 1:colcon.colcon_core.package_identification:_identify(src/limo_files/rviz) by extension 'cargo'
[0.544s] Level 1:colcon.colcon_core.package_identification:_identify(src/limo_files/rviz) by extension 'cmake'
[0.544s] Level 1:colcon.colcon_core.package_identification:_identify(src/limo_files/rviz) by extension 'python'
[0.544s] Level 1:colcon.colcon_core.package_identification:_identify(src/limo_files/rviz) by extensions ['python_setup_py']
[0.544s] Level 1:colcon.colcon_core.package_identification:_identify(src/limo_files/rviz) by extension 'python_setup_py'
[0.544s] Level 1:colcon.colcon_core.package_identification:_identify(src/limo_files/scripts) by extensions ['ignore', 'ignore_ament_install']
[0.544s] Level 1:colcon.colcon_core.package_identification:_identify(src/limo_files/scripts) by extension 'ignore'
[0.544s] Level 1:colcon.colcon_core.package_identification:_identify(src/limo_files/scripts) by extension 'ignore_ament_install'
[0.545s] Level 1:colcon.colcon_core.package_identification:_identify(src/limo_files/scripts) by extensions ['colcon_pkg']
[0.545s] Level 1:colcon.colcon_core.package_identification:_identify(src/limo_files/scripts) by extension 'colcon_pkg'
[0.545s] Level 1:colcon.colcon_core.package_identification:_identify(src/limo_files/scripts) by extensions ['colcon_meta']
[0.545s] Level 1:colcon.colcon_core.package_identification:_identify(src/limo_files/scripts) by extension 'colcon_meta'
[0.545s] Level 1:colcon.colcon_core.package_identification:_identify(src/limo_files/scripts) by extensions ['ament_cargo']
[0.545s] Level 1:colcon.colcon_core.package_identification:_identify(src/limo_files/scripts) by extension 'ament_cargo'
[0.545s] Level 1:colcon.colcon_core.package_identification:_identify(src/limo_files/scripts) by extensions ['ros']
[0.545s] Level 1:colcon.colcon_core.package_identification:_identify(src/limo_files/scripts) by extension 'ros'
[0.545s] Level 1:colcon.colcon_core.package_identification:_identify(src/limo_files/scripts) by extensions ['cargo', 'cmake', 'python']
[0.545s] Level 1:colcon.colcon_core.package_identification:_identify(src/limo_files/scripts) by extension 'cargo'
[0.545s] Level 1:colcon.colcon_core.package_identification:_identify(src/limo_files/scripts) by extension 'cmake'
[0.545s] Level 1:colcon.colcon_core.package_identification:_identify(src/limo_files/scripts) by extension 'python'
[0.545s] Level 1:colcon.colcon_core.package_identification:_identify(src/limo_files/scripts) by extensions ['python_setup_py']
[0.545s] Level 1:colcon.colcon_core.package_identification:_identify(src/limo_files/scripts) by extension 'python_setup_py'
[0.545s] Level 1:colcon.colcon_core.package_identification:_identify(src/raw_test) by extensions ['ignore', 'ignore_ament_install']
[0.545s] Level 1:colcon.colcon_core.package_identification:_identify(src/raw_test) by extension 'ignore'
[0.545s] Level 1:colcon.colcon_core.package_identification:_identify(src/raw_test) by extension 'ignore_ament_install'
[0.545s] Level 1:colcon.colcon_core.package_identification:_identify(src/raw_test) by extensions ['colcon_pkg']
[0.545s] Level 1:colcon.colcon_core.package_identification:_identify(src/raw_test) by extension 'colcon_pkg'
[0.546s] Level 1:colcon.colcon_core.package_identification:_identify(src/raw_test) by extensions ['colcon_meta']
[0.546s] Level 1:colcon.colcon_core.package_identification:_identify(src/raw_test) by extension 'colcon_meta'
[0.546s] Level 1:colcon.colcon_core.package_identification:_identify(src/raw_test) by extensions ['ament_cargo']
[0.546s] Level 1:colcon.colcon_core.package_identification:_identify(src/raw_test) by extension 'ament_cargo'
[0.546s] Level 1:colcon.colcon_core.package_identification:_identify(src/raw_test) by extensions ['ros']
[0.546s] Level 1:colcon.colcon_core.package_identification:_identify(src/raw_test) by extension 'ros'
[0.546s] Level 1:colcon.colcon_core.package_identification:_identify(src/raw_test) by extensions ['cargo', 'cmake', 'python']
[0.546s] Level 1:colcon.colcon_core.package_identification:_identify(src/raw_test) by extension 'cargo'
[0.546s] Level 1:colcon.colcon_core.package_identification:_identify(src/raw_test) by extension 'cmake'
[0.546s] Level 1:colcon.colcon_core.package_identification:_identify(src/raw_test) by extension 'python'
[0.546s] Level 1:colcon.colcon_core.package_identification:_identify(src/raw_test) by extensions ['python_setup_py']
[0.546s] Level 1:colcon.colcon_core.package_identification:_identify(src/raw_test) by extension 'python_setup_py'
[0.546s] Level 1:colcon.colcon_core.package_identification:_identify(src/raw_test/openrobotics_darknet_ros) by extensions ['ignore', 'ignore_ament_install']
[0.547s] Level 1:colcon.colcon_core.package_identification:_identify(src/raw_test/openrobotics_darknet_ros) by extension 'ignore'
[0.547s] Level 1:colcon.colcon_core.package_identification:_identify(src/raw_test/openrobotics_darknet_ros) by extension 'ignore_ament_install'
[0.547s] Level 1:colcon.colcon_core.package_identification:_identify(src/raw_test/openrobotics_darknet_ros) by extensions ['colcon_pkg']
[0.547s] Level 1:colcon.colcon_core.package_identification:_identify(src/raw_test/openrobotics_darknet_ros) by extension 'colcon_pkg'
[0.547s] Level 1:colcon.colcon_core.package_identification:_identify(src/raw_test/openrobotics_darknet_ros) by extensions ['colcon_meta']
[0.547s] Level 1:colcon.colcon_core.package_identification:_identify(src/raw_test/openrobotics_darknet_ros) by extension 'colcon_meta'
[0.547s] Level 1:colcon.colcon_core.package_identification:_identify(src/raw_test/openrobotics_darknet_ros) by extensions ['ament_cargo']
[0.547s] Level 1:colcon.colcon_core.package_identification:_identify(src/raw_test/openrobotics_darknet_ros) by extension 'ament_cargo'
[0.547s] Level 1:colcon.colcon_core.package_identification:_identify(src/raw_test/openrobotics_darknet_ros) by extensions ['ros']
[0.547s] Level 1:colcon.colcon_core.package_identification:_identify(src/raw_test/openrobotics_darknet_ros) by extension 'ros'
[0.548s] DEBUG:colcon.colcon_core.package_identification:Package 'src/raw_test/openrobotics_darknet_ros' with type 'ros.ament_cmake' and name 'openrobotics_darknet_ros'
[0.548s] Level 1:colcon.colcon_core.package_identification:_identify(src/raw_test/vision_msgs) by extensions ['ignore', 'ignore_ament_install']
[0.548s] Level 1:colcon.colcon_core.package_identification:_identify(src/raw_test/vision_msgs) by extension 'ignore'
[0.549s] Level 1:colcon.colcon_core.package_identification:_identify(src/raw_test/vision_msgs) by extension 'ignore_ament_install'
[0.549s] Level 1:colcon.colcon_core.package_identification:_identify(src/raw_test/vision_msgs) by extensions ['colcon_pkg']
[0.549s] Level 1:colcon.colcon_core.package_identification:_identify(src/raw_test/vision_msgs) by extension 'colcon_pkg'
[0.549s] Level 1:colcon.colcon_core.package_identification:_identify(src/raw_test/vision_msgs) by extensions ['colcon_meta']
[0.549s] Level 1:colcon.colcon_core.package_identification:_identify(src/raw_test/vision_msgs) by extension 'colcon_meta'
[0.549s] Level 1:colcon.colcon_core.package_identification:_identify(src/raw_test/vision_msgs) by extensions ['ament_cargo']
[0.549s] Level 1:colcon.colcon_core.package_identification:_identify(src/raw_test/vision_msgs) by extension 'ament_cargo'
[0.549s] Level 1:colcon.colcon_core.package_identification:_identify(src/raw_test/vision_msgs) by extensions ['ros']
[0.549s] Level 1:colcon.colcon_core.package_identification:_identify(src/raw_test/vision_msgs) by extension 'ros'
[0.549s] Level 1:colcon.colcon_core.package_identification:_identify(src/raw_test/vision_msgs) by extensions ['cargo', 'cmake', 'python']
[0.549s] Level 1:colcon.colcon_core.package_identification:_identify(src/raw_test/vision_msgs) by extension 'cargo'
[0.549s] Level 1:colcon.colcon_core.package_identification:_identify(src/raw_test/vision_msgs) by extension 'cmake'
[0.549s] Level 1:colcon.colcon_core.package_identification:_identify(src/raw_test/vision_msgs) by extension 'python'
[0.549s] Level 1:colcon.colcon_core.package_identification:_identify(src/raw_test/vision_msgs) by extensions ['python_setup_py']
[0.549s] Level 1:colcon.colcon_core.package_identification:_identify(src/raw_test/vision_msgs) by extension 'python_setup_py'
[0.550s] Level 1:colcon.colcon_core.package_identification:_identify(src/raw_test/vision_msgs/vision_msgs) by extensions ['ignore', 'ignore_ament_install']
[0.550s] Level 1:colcon.colcon_core.package_identification:_identify(src/raw_test/vision_msgs/vision_msgs) by extension 'ignore'
[0.550s] Level 1:colcon.colcon_core.package_identification:_identify(src/raw_test/vision_msgs/vision_msgs) by extension 'ignore_ament_install'
[0.550s] Level 1:colcon.colcon_core.package_identification:_identify(src/raw_test/vision_msgs/vision_msgs) by extensions ['colcon_pkg']
[0.550s] Level 1:colcon.colcon_core.package_identification:_identify(src/raw_test/vision_msgs/vision_msgs) by extension 'colcon_pkg'
[0.550s] Level 1:colcon.colcon_core.package_identification:_identify(src/raw_test/vision_msgs/vision_msgs) by extensions ['colcon_meta']
[0.550s] Level 1:colcon.colcon_core.package_identification:_identify(src/raw_test/vision_msgs/vision_msgs) by extension 'colcon_meta'
[0.550s] Level 1:colcon.colcon_core.package_identification:_identify(src/raw_test/vision_msgs/vision_msgs) by extensions ['ament_cargo']
[0.550s] Level 1:colcon.colcon_core.package_identification:_identify(src/raw_test/vision_msgs/vision_msgs) by extension 'ament_cargo'
[0.550s] Level 1:colcon.colcon_core.package_identification:_identify(src/raw_test/vision_msgs/vision_msgs) by extensions ['ros']
[0.551s] Level 1:colcon.colcon_core.package_identification:_identify(src/raw_test/vision_msgs/vision_msgs) by extension 'ros'
[0.551s] DEBUG:colcon.colcon_core.package_identification:Package 'src/raw_test/vision_msgs/vision_msgs' with type 'ros.ament_cmake' and name 'vision_msgs'
[0.551s] Level 1:colcon.colcon_core.package_identification:_identify(src/raw_test/vision_msgs/vision_msgs_rviz_plugins) by extensions ['ignore', 'ignore_ament_install']
[0.552s] Level 1:colcon.colcon_core.package_identification:_identify(src/raw_test/vision_msgs/vision_msgs_rviz_plugins) by extension 'ignore'
[0.552s] Level 1:colcon.colcon_core.package_identification:_identify(src/raw_test/vision_msgs/vision_msgs_rviz_plugins) by extension 'ignore_ament_install'
[0.552s] Level 1:colcon.colcon_core.package_identification:_identify(src/raw_test/vision_msgs/vision_msgs_rviz_plugins) by extensions ['colcon_pkg']
[0.552s] Level 1:colcon.colcon_core.package_identification:_identify(src/raw_test/vision_msgs/vision_msgs_rviz_plugins) by extension 'colcon_pkg'
[0.552s] Level 1:colcon.colcon_core.package_identification:_identify(src/raw_test/vision_msgs/vision_msgs_rviz_plugins) by extensions ['colcon_meta']
[0.552s] Level 1:colcon.colcon_core.package_identification:_identify(src/raw_test/vision_msgs/vision_msgs_rviz_plugins) by extension 'colcon_meta'
[0.552s] Level 1:colcon.colcon_core.package_identification:_identify(src/raw_test/vision_msgs/vision_msgs_rviz_plugins) by extensions ['ament_cargo']
[0.552s] Level 1:colcon.colcon_core.package_identification:_identify(src/raw_test/vision_msgs/vision_msgs_rviz_plugins) by extension 'ament_cargo'
[0.552s] Level 1:colcon.colcon_core.package_identification:_identify(src/raw_test/vision_msgs/vision_msgs_rviz_plugins) by extensions ['ros']
[0.552s] Level 1:colcon.colcon_core.package_identification:_identify(src/raw_test/vision_msgs/vision_msgs_rviz_plugins) by extension 'ros'
[0.553s] DEBUG:colcon.colcon_core.package_identification:Package 'src/raw_test/vision_msgs/vision_msgs_rviz_plugins' with type 'ros.ament_cmake' and name 'vision_msgs_rviz_plugins'
[0.553s] Level 1:colcon.colcon_core.package_identification:_identify(src/raw_test/yolo_pointcloud_marker) by extensions ['ignore', 'ignore_ament_install']
[0.554s] Level 1:colcon.colcon_core.package_identification:_identify(src/raw_test/yolo_pointcloud_marker) by extension 'ignore'
[0.554s] Level 1:colcon.colcon_core.package_identification:_identify(src/raw_test/yolo_pointcloud_marker) by extension 'ignore_ament_install'
[0.554s] Level 1:colcon.colcon_core.package_identification:_identify(src/raw_test/yolo_pointcloud_marker) by extensions ['colcon_pkg']
[0.554s] Level 1:colcon.colcon_core.package_identification:_identify(src/raw_test/yolo_pointcloud_marker) by extension 'colcon_pkg'
[0.554s] Level 1:colcon.colcon_core.package_identification:_identify(src/raw_test/yolo_pointcloud_marker) by extensions ['colcon_meta']
[0.554s] Level 1:colcon.colcon_core.package_identification:_identify(src/raw_test/yolo_pointcloud_marker) by extension 'colcon_meta'
[0.554s] Level 1:colcon.colcon_core.package_identification:_identify(src/raw_test/yolo_pointcloud_marker) by extensions ['ament_cargo']
[0.554s] Level 1:colcon.colcon_core.package_identification:_identify(src/raw_test/yolo_pointcloud_marker) by extension 'ament_cargo'
[0.554s] Level 1:colcon.colcon_core.package_identification:_identify(src/raw_test/yolo_pointcloud_marker) by extensions ['ros']
[0.554s] Level 1:colcon.colcon_core.package_identification:_identify(src/raw_test/yolo_pointcloud_marker) by extension 'ros'
[0.555s] DEBUG:colcon.colcon_core.package_identification:Package 'src/raw_test/yolo_pointcloud_marker' with type 'ros.ament_python' and name 'yolo_pointcloud_marker'
[0.555s] Level 1:colcon.colcon_core.package_discovery:discover_packages(recursive) using defaults
[0.555s] Level 1:colcon.colcon_core.package_discovery:discover_packages(ignore) discover
[0.555s] Level 1:colcon.colcon_core.package_discovery:discover_packages(ignore) using defaults
[0.555s] Level 1:colcon.colcon_core.package_discovery:discover_packages(path) discover
[0.555s] Level 1:colcon.colcon_core.package_discovery:discover_packages(path) using defaults
[0.585s] INFO:colcon.colcon_core.package_selection:Skipping not selected package 'limo_car' in 'src/limo_files/limo_ros2/limo_car'
[0.585s] INFO:colcon.colcon_core.package_selection:Skipping not selected package 'limo_description' in 'src/limo_files/limo_ros2/limo_description'
[0.585s] INFO:colcon.colcon_core.package_selection:Skipping not selected package 'limo_msgs' in 'src/limo_files/limo_ros2/limo_msgs'
[0.585s] INFO:colcon.colcon_core.package_selection:Skipping not selected package 'ros_components_description' in 'src/limo_files/ros_components_description'
[0.585s] INFO:colcon.colcon_core.package_selection:Skipping not selected package 'tc_gazebo_plugins' in 'src/limo_files/gazebo_plugins_ros_mod/tc_gazebo_plugins'
[0.585s] INFO:colcon.colcon_core.package_selection:Skipping not selected package 'vision_msgs' in 'src/raw_test/vision_msgs/vision_msgs'
[0.586s] INFO:colcon.colcon_core.package_selection:Skipping not selected package 'limo_base' in 'src/limo_files/limo_ros2/limo_base'
[0.586s] INFO:colcon.colcon_core.package_selection:Skipping not selected package 'openrobotics_darknet_ros' in 'src/raw_test/openrobotics_darknet_ros'
[0.586s] INFO:colcon.colcon_core.package_selection:Skipping not selected package 'vision_msgs_rviz_plugins' in 'src/raw_test/vision_msgs/vision_msgs_rviz_plugins'
[0.586s] Level 5:colcon.colcon_core.verb:set package 'yolo_pointcloud_marker' build argument 'lookup_in_workspace' from command line to 'False'
[0.586s] Level 5:colcon.colcon_core.verb:set package 'yolo_pointcloud_marker' build argument 'cargo_args' from command line to 'None'
[0.586s] Level 5:colcon.colcon_core.verb:set package 'yolo_pointcloud_marker' build argument 'clean_build' from command line to 'False'
[0.586s] Level 5:colcon.colcon_core.verb:set package 'yolo_pointcloud_marker' build argument 'cmake_args' from command line to 'None'
[0.587s] Level 5:colcon.colcon_core.verb:set package 'yolo_pointcloud_marker' build argument 'cmake_target' from command line to 'None'
[0.587s] Level 5:colcon.colcon_core.verb:set package 'yolo_pointcloud_marker' build argument 'cmake_target_skip_unavailable' from command line to 'False'
[0.587s] Level 5:colcon.colcon_core.verb:set package 'yolo_pointcloud_marker' build argument 'cmake_clean_cache' from command line to 'False'
[0.587s] Level 5:colcon.colcon_core.verb:set package 'yolo_pointcloud_marker' build argument 'cmake_clean_first' from command line to 'False'
[0.587s] Level 5:colcon.colcon_core.verb:set package 'yolo_pointcloud_marker' build argument 'cmake_force_configure' from command line to 'False'
[0.587s] Level 5:colcon.colcon_core.verb:set package 'yolo_pointcloud_marker' build argument 'ament_cmake_args' from command line to 'None'
[0.587s] Level 5:colcon.colcon_core.verb:set package 'yolo_pointcloud_marker' build argument 'catkin_cmake_args' from command line to 'None'
[0.587s] Level 5:colcon.colcon_core.verb:set package 'yolo_pointcloud_marker' build argument 'catkin_skip_building_tests' from command line to 'False'
[0.587s] DEBUG:colcon.colcon_core.verb:Building package 'yolo_pointcloud_marker' with the following arguments: {'ament_cmake_args': None, 'build_base': '/home/user/ros2_ws/build/yolo_pointcloud_marker', 'cargo_args': None, 'catkin_cmake_args': None, 'catkin_skip_building_tests': False, 'clean_build': False, 'cmake_args': None, 'cmake_clean_cache': False, 'cmake_clean_first': False, 'cmake_force_configure': False, 'cmake_target': None, 'cmake_target_skip_unavailable': False, 'install_base': '/home/user/ros2_ws/install/yolo_pointcloud_marker', 'lookup_in_workspace': False, 'merge_install': False, 'path': '/home/user/ros2_ws/src/raw_test/yolo_pointcloud_marker', 'symlink_install': False, 'test_result_base': None}
[0.587s] INFO:colcon.colcon_core.executor:Executing jobs using 'parallel' executor
[0.601s] DEBUG:colcon.colcon_parallel_executor.executor.parallel:run_until_complete
[0.601s] INFO:colcon.colcon_ros.task.ament_python.build:Building ROS package in '/home/user/ros2_ws/src/raw_test/yolo_pointcloud_marker' with build type 'ament_python'
[0.602s] Level 1:colcon.colcon_core.shell:create_environment_hook('yolo_pointcloud_marker', 'ament_prefix_path')
[0.605s] INFO:colcon.colcon_core.plugin_system:Skipping extension 'colcon_core.shell.bat': Not used on non-Windows systems
[0.606s] INFO:colcon.colcon_core.shell:Creating environment hook '/home/user/ros2_ws/install/yolo_pointcloud_marker/share/yolo_pointcloud_marker/hook/ament_prefix_path.ps1'
[0.607s] INFO:colcon.colcon_core.shell:Creating environment descriptor '/home/user/ros2_ws/install/yolo_pointcloud_marker/share/yolo_pointcloud_marker/hook/ament_prefix_path.dsv'
[0.608s] INFO:colcon.colcon_core.shell:Creating environment hook '/home/user/ros2_ws/install/yolo_pointcloud_marker/share/yolo_pointcloud_marker/hook/ament_prefix_path.sh'
[0.609s] INFO:colcon.colcon_core.shell:Skip shell extension 'powershell' for command environment: Not usable outside of PowerShell
[0.609s] DEBUG:colcon.colcon_core.shell:Skip shell extension 'dsv' for command environment
[1.060s] INFO:colcon.colcon_core.task.python.build:Building Python package in '/home/user/ros2_ws/src/raw_test/yolo_pointcloud_marker'
[1.061s] INFO:colcon.colcon_core.shell:Skip shell extension 'powershell' for command environment: Not usable outside of PowerShell
[1.061s] DEBUG:colcon.colcon_core.shell:Skip shell extension 'dsv' for command environment
[1.761s] DEBUG:colcon.colcon_core.event_handler.log_command:Invoking command in '/home/user/ros2_ws/src/raw_test/yolo_pointcloud_marker': CMAKE_PREFIX_PATH=/home/user/ros2_ws/install/vision_msgs:/home/simulations/ros2_sims_ws/install/common_interfaces:/home/simulations/ros2_sims_ws/install/visualization_msgs:/home/simulations/ros2_sims_ws/install/test_msgs:/home/simulations/ros2_sims_ws/install/example_interfaces:/home/simulations/ros2_sims_ws/install/action_msgs:/home/simulations/ros2_sims_ws/install/unique_identifier_msgs:/home/simulations/ros2_sims_ws/install/trajectory_msgs:/home/simulations/ros2_sims_ws/install/test_interface_files:/home/simulations/ros2_sims_ws/install/stereo_msgs:/home/simulations/ros2_sims_ws/install/std_srvs:/home/simulations/ros2_sims_ws/install/shape_msgs:/home/simulations/ros2_sims_ws/install/sensor_msgs:/home/simulations/ros2_sims_ws/install/nav_msgs:/home/simulations/ros2_sims_ws/install/diagnostic_msgs:/home/simulations/ros2_sims_ws/install/geometry_msgs:/home/simulations/ros2_sims_ws/install/actionlib_msgs:/home/simulations/ros2_sims_ws/install/std_msgs:/home/simulations/ros2_sims_ws/install/statistics_msgs:/home/simulations/ros2_sims_ws/install/rosgraph_msgs:/home/simulations/ros2_sims_ws/install/rclrs_example_msgs:/home/simulations/ros2_sims_ws/install/composition_interfaces:/home/simulations/ros2_sims_ws/install/rcl_interfaces:/home/simulations/ros2_sims_ws/install/lifecycle_msgs:/home/simulations/ros2_sims_ws/install/builtin_interfaces:/home/simulations/ros2_sims_ws/install/rosidl_default_runtime:/home/simulations/ros2_sims_ws/install/rosidl_default_generators:/home/simulations/ros2_sims_ws/install/rosidl_generator_rs:/home/user/ros2_ws/install/vision_msgs_rviz_plugins:/home/user/ros2_ws/install/openrobotics_darknet_ros:/home/user/ros2_ws/install/tc_gazebo_plugins:/home/user/ros2_ws/install/ros_components_description:/home/user/ros2_ws/install/limo_base:/home/user/ros2_ws/install/limo_msgs:/home/user/ros2_ws/install/limo_description:/home/user/ros2_ws/install/limo_car LD_LIBRARY_PATH=/home/user/ros2_ws/install/vision_msgs/lib:/usr/local/cuda-10.2/lib64:/home/user/.catkin_ws_python3/src/TensorRT-7.0.0.11/lib:/home/simulations/ros2_sims_ws/install/visualization_msgs/lib:/home/simulations/ros2_sims_ws/install/test_msgs/lib:/home/simulations/ros2_sims_ws/install/example_interfaces/lib:/home/simulations/ros2_sims_ws/install/action_msgs/lib:/home/simulations/ros2_sims_ws/install/unique_identifier_msgs/lib:/home/simulations/ros2_sims_ws/install/trajectory_msgs/lib:/home/simulations/ros2_sims_ws/install/stereo_msgs/lib:/home/simulations/ros2_sims_ws/install/std_srvs/lib:/home/simulations/ros2_sims_ws/install/shape_msgs/lib:/home/simulations/ros2_sims_ws/install/sensor_msgs/lib:/home/simulations/ros2_sims_ws/install/nav_msgs/lib:/home/simulations/ros2_sims_ws/install/diagnostic_msgs/lib:/home/simulations/ros2_sims_ws/install/geometry_msgs/lib:/home/simulations/ros2_sims_ws/install/actionlib_msgs/lib:/home/simulations/ros2_sims_ws/install/std_msgs/lib:/home/simulations/ros2_sims_ws/install/statistics_msgs/lib:/home/simulations/ros2_sims_ws/install/rosgraph_msgs/lib:/home/simulations/ros2_sims_ws/install/rclrs_example_msgs/lib:/home/simulations/ros2_sims_ws/install/composition_interfaces/lib:/home/simulations/ros2_sims_ws/install/rcl_interfaces/lib:/home/simulations/ros2_sims_ws/install/lifecycle_msgs/lib:/home/simulations/ros2_sims_ws/install/builtin_interfaces/lib:/home/user/ros2_ws/install/vision_msgs_rviz_plugins/lib:/home/user/ros2_ws/install/openrobotics_darknet_ros/lib:/home/user/ros2_ws/install/tc_gazebo_plugins/lib:/home/user/ros2_ws/install/limo_msgs/lib:/opt/ros/humble/opt/rviz_ogre_vendor/lib:/opt/ros/humble/lib/x86_64-linux-gnu:/opt/ros/humble/lib:/usr/local/cuda-10.2/lib64:/home/user/.catkin_ws_python3/src/TensorRT-7.0.0.11/lib:/usr/lib/x86_64-linux-gnu/gazebo-11/plugins:/usr/lib/x86_64-linux-gnu/gazebo-11/plugins:/usr/lib/x86_64-linux-gnu/gazebo-11/plugins PYTHONPATH=/home/user/ros2_ws/build/yolo_pointcloud_marker/prefix_override:/home/user/ros2_ws/install/yolo_pointcloud_marker/lib/python3.10/site-packages:${PYTHONPATH} _=/usr/bin/env /usr/bin/python3 -W ignore:setup.py install is deprecated setup.py egg_info --egg-base ../../../build/yolo_pointcloud_marker build --build-base /home/user/ros2_ws/build/yolo_pointcloud_marker/build install --record /home/user/ros2_ws/build/yolo_pointcloud_marker/install.log --single-version-externally-managed install_data
[2.276s] Level 1:colcon.colcon_core.environment:checking '/home/user/ros2_ws/install/yolo_pointcloud_marker' for CMake module files
[2.277s] DEBUG:colcon.colcon_core.event_handler.log_command:Invoked command in '/home/user/ros2_ws/src/raw_test/yolo_pointcloud_marker' returned '0': CMAKE_PREFIX_PATH=/home/user/ros2_ws/install/vision_msgs:/home/simulations/ros2_sims_ws/install/common_interfaces:/home/simulations/ros2_sims_ws/install/visualization_msgs:/home/simulations/ros2_sims_ws/install/test_msgs:/home/simulations/ros2_sims_ws/install/example_interfaces:/home/simulations/ros2_sims_ws/install/action_msgs:/home/simulations/ros2_sims_ws/install/unique_identifier_msgs:/home/simulations/ros2_sims_ws/install/trajectory_msgs:/home/simulations/ros2_sims_ws/install/test_interface_files:/home/simulations/ros2_sims_ws/install/stereo_msgs:/home/simulations/ros2_sims_ws/install/std_srvs:/home/simulations/ros2_sims_ws/install/shape_msgs:/home/simulations/ros2_sims_ws/install/sensor_msgs:/home/simulations/ros2_sims_ws/install/nav_msgs:/home/simulations/ros2_sims_ws/install/diagnostic_msgs:/home/simulations/ros2_sims_ws/install/geometry_msgs:/home/simulations/ros2_sims_ws/install/actionlib_msgs:/home/simulations/ros2_sims_ws/install/std_msgs:/home/simulations/ros2_sims_ws/install/statistics_msgs:/home/simulations/ros2_sims_ws/install/rosgraph_msgs:/home/simulations/ros2_sims_ws/install/rclrs_example_msgs:/home/simulations/ros2_sims_ws/install/composition_interfaces:/home/simulations/ros2_sims_ws/install/rcl_interfaces:/home/simulations/ros2_sims_ws/install/lifecycle_msgs:/home/simulations/ros2_sims_ws/install/builtin_interfaces:/home/simulations/ros2_sims_ws/install/rosidl_default_runtime:/home/simulations/ros2_sims_ws/install/rosidl_default_generators:/home/simulations/ros2_sims_ws/install/rosidl_generator_rs:/home/user/ros2_ws/install/vision_msgs_rviz_plugins:/home/user/ros2_ws/install/openrobotics_darknet_ros:/home/user/ros2_ws/install/tc_gazebo_plugins:/home/user/ros2_ws/install/ros_components_description:/home/user/ros2_ws/install/limo_base:/home/user/ros2_ws/install/limo_msgs:/home/user/ros2_ws/install/limo_description:/home/user/ros2_ws/install/limo_car LD_LIBRARY_PATH=/home/user/ros2_ws/install/vision_msgs/lib:/usr/local/cuda-10.2/lib64:/home/user/.catkin_ws_python3/src/TensorRT-7.0.0.11/lib:/home/simulations/ros2_sims_ws/install/visualization_msgs/lib:/home/simulations/ros2_sims_ws/install/test_msgs/lib:/home/simulations/ros2_sims_ws/install/example_interfaces/lib:/home/simulations/ros2_sims_ws/install/action_msgs/lib:/home/simulations/ros2_sims_ws/install/unique_identifier_msgs/lib:/home/simulations/ros2_sims_ws/install/trajectory_msgs/lib:/home/simulations/ros2_sims_ws/install/stereo_msgs/lib:/home/simulations/ros2_sims_ws/install/std_srvs/lib:/home/simulations/ros2_sims_ws/install/shape_msgs/lib:/home/simulations/ros2_sims_ws/install/sensor_msgs/lib:/home/simulations/ros2_sims_ws/install/nav_msgs/lib:/home/simulations/ros2_sims_ws/install/diagnostic_msgs/lib:/home/simulations/ros2_sims_ws/install/geometry_msgs/lib:/home/simulations/ros2_sims_ws/install/actionlib_msgs/lib:/home/simulations/ros2_sims_ws/install/std_msgs/lib:/home/simulations/ros2_sims_ws/install/statistics_msgs/lib:/home/simulations/ros2_sims_ws/install/rosgraph_msgs/lib:/home/simulations/ros2_sims_ws/install/rclrs_example_msgs/lib:/home/simulations/ros2_sims_ws/install/composition_interfaces/lib:/home/simulations/ros2_sims_ws/install/rcl_interfaces/lib:/home/simulations/ros2_sims_ws/install/lifecycle_msgs/lib:/home/simulations/ros2_sims_ws/install/builtin_interfaces/lib:/home/user/ros2_ws/install/vision_msgs_rviz_plugins/lib:/home/user/ros2_ws/install/openrobotics_darknet_ros/lib:/home/user/ros2_ws/install/tc_gazebo_plugins/lib:/home/user/ros2_ws/install/limo_msgs/lib:/opt/ros/humble/opt/rviz_ogre_vendor/lib:/opt/ros/humble/lib/x86_64-linux-gnu:/opt/ros/humble/lib:/usr/local/cuda-10.2/lib64:/home/user/.catkin_ws_python3/src/TensorRT-7.0.0.11/lib:/usr/lib/x86_64-linux-gnu/gazebo-11/plugins:/usr/lib/x86_64-linux-gnu/gazebo-11/plugins:/usr/lib/x86_64-linux-gnu/gazebo-11/plugins PYTHONPATH=/home/user/ros2_ws/build/yolo_pointcloud_marker/prefix_override:/home/user/ros2_ws/install/yolo_pointcloud_marker/lib/python3.10/site-packages:${PYTHONPATH} _=/usr/bin/env /usr/bin/python3 -W ignore:setup.py install is deprecated setup.py egg_info --egg-base ../../../build/yolo_pointcloud_marker build --build-base /home/user/ros2_ws/build/yolo_pointcloud_marker/build install --record /home/user/ros2_ws/build/yolo_pointcloud_marker/install.log --single-version-externally-managed install_data
[2.278s] Level 1:colcon.colcon_core.environment:checking '/home/user/ros2_ws/install/yolo_pointcloud_marker' for CMake config files
[2.280s] Level 1:colcon.colcon_core.environment:checking '/home/user/ros2_ws/install/yolo_pointcloud_marker/lib'
[2.280s] Level 1:colcon.colcon_core.environment:checking '/home/user/ros2_ws/install/yolo_pointcloud_marker/bin'
[2.281s] Level 1:colcon.colcon_core.environment:checking '/home/user/ros2_ws/install/yolo_pointcloud_marker/lib/pkgconfig/yolo_pointcloud_marker.pc'
[2.281s] Level 1:colcon.colcon_core.environment:checking '/home/user/ros2_ws/install/yolo_pointcloud_marker/lib/python3.10/site-packages'
[2.281s] Level 1:colcon.colcon_core.shell:create_environment_hook('yolo_pointcloud_marker', 'pythonpath')
[2.282s] INFO:colcon.colcon_core.shell:Creating environment hook '/home/user/ros2_ws/install/yolo_pointcloud_marker/share/yolo_pointcloud_marker/hook/pythonpath.ps1'
[2.282s] INFO:colcon.colcon_core.shell:Creating environment descriptor '/home/user/ros2_ws/install/yolo_pointcloud_marker/share/yolo_pointcloud_marker/hook/pythonpath.dsv'
[2.283s] INFO:colcon.colcon_core.shell:Creating environment hook '/home/user/ros2_ws/install/yolo_pointcloud_marker/share/yolo_pointcloud_marker/hook/pythonpath.sh'
[2.284s] Level 1:colcon.colcon_core.environment:checking '/home/user/ros2_ws/install/yolo_pointcloud_marker/bin'
[2.284s] Level 1:colcon.colcon_core.environment:create_environment_scripts_only(yolo_pointcloud_marker)
[2.284s] INFO:colcon.colcon_core.shell:Creating package script '/home/user/ros2_ws/install/yolo_pointcloud_marker/share/yolo_pointcloud_marker/package.ps1'
[2.286s] INFO:colcon.colcon_core.shell:Creating package descriptor '/home/user/ros2_ws/install/yolo_pointcloud_marker/share/yolo_pointcloud_marker/package.dsv'
[2.286s] INFO:colcon.colcon_core.shell:Creating package script '/home/user/ros2_ws/install/yolo_pointcloud_marker/share/yolo_pointcloud_marker/package.sh'
[2.287s] INFO:colcon.colcon_core.shell:Creating package script '/home/user/ros2_ws/install/yolo_pointcloud_marker/share/yolo_pointcloud_marker/package.bash'
[2.288s] INFO:colcon.colcon_core.shell:Creating package script '/home/user/ros2_ws/install/yolo_pointcloud_marker/share/yolo_pointcloud_marker/package.zsh'
[2.289s] Level 1:colcon.colcon_core.environment:create_file_with_runtime_dependencies(/home/user/ros2_ws/install/yolo_pointcloud_marker/share/colcon-core/packages/yolo_pointcloud_marker)
[2.291s] DEBUG:colcon.colcon_parallel_executor.executor.parallel:closing loop
[2.291s] DEBUG:colcon.colcon_parallel_executor.executor.parallel:loop closed
[2.291s] DEBUG:colcon.colcon_parallel_executor.executor.parallel:run_until_complete finished with '0'
[2.291s] DEBUG:colcon.colcon_core.event_reactor:joining thread
[2.299s] INFO:colcon.colcon_core.plugin_system:Skipping extension 'colcon_notification.desktop_notification.notify_send': Could not find 'notify-send'
[2.299s] INFO:colcon.colcon_core.plugin_system:Skipping extension 'colcon_notification.desktop_notification.terminal_notifier': Not used on non-Darwin systems
[2.299s] INFO:colcon.colcon_core.plugin_system:Skipping extension 'colcon_notification.desktop_notification.win32': Not used on non-Windows systems
[2.299s] INFO:colcon.colcon_notification.desktop_notification:Sending desktop notification using 'notify2'
[2.312s] DEBUG:colcon.colcon_notification.desktop_notification.notify2:Failed to initialize notify2: org.freedesktop.DBus.Error.Spawn.ExecFailed: /usr/bin/dbus-launch terminated abnormally without any error message
[2.312s] DEBUG:colcon.colcon_core.event_reactor:joined thread
[2.313s] INFO:colcon.colcon_core.shell:Creating prefix script '/home/user/ros2_ws/install/local_setup.ps1'
[2.315s] INFO:colcon.colcon_core.shell:Creating prefix util module '/home/user/ros2_ws/install/_local_setup_util_ps1.py'
[2.317s] INFO:colcon.colcon_core.shell:Creating prefix chain script '/home/user/ros2_ws/install/setup.ps1'
[2.321s] INFO:colcon.colcon_core.shell:Creating prefix script '/home/user/ros2_ws/install/local_setup.sh'
[2.322s] INFO:colcon.colcon_core.shell:Creating prefix util module '/home/user/ros2_ws/install/_local_setup_util_sh.py'
[2.323s] INFO:colcon.colcon_core.shell:Creating prefix chain script '/home/user/ros2_ws/install/setup.sh'
[2.329s] INFO:colcon.colcon_core.shell:Creating prefix script '/home/user/ros2_ws/install/local_setup.bash'
[2.329s] INFO:colcon.colcon_core.shell:Creating prefix chain script '/home/user/ros2_ws/install/setup.bash'
[2.334s] INFO:colcon.colcon_core.shell:Creating prefix script '/home/user/ros2_ws/install/local_setup.zsh'
[2.335s] INFO:colcon.colcon_core.shell:Creating prefix chain script '/home/user/ros2_ws/install/setup.zsh'
