[1.190s] Invoking command in '/home/user/ros2_ws/src/move_towards_object': PYTHONPATH=/home/user/ros2_ws/build/move_towards_object/prefix_override:/home/user/ros2_ws/install/move_towards_object/lib/python3.10/site-packages:${PYTHONPATH} _=/usr/bin/env /usr/bin/python3 -W ignore:setup.py install is deprecated setup.py egg_info --egg-base ../../build/move_towards_object build --build-base /home/user/ros2_ws/build/move_towards_object/build install --record /home/user/ros2_ws/build/move_towards_object/install.log --single-version-externally-managed install_data
[1.690s] running egg_info
[1.692s] writing ../../build/move_towards_object/move_towards_object.egg-info/PKG-INFO
[1.692s] writing dependency_links to ../../build/move_towards_object/move_towards_object.egg-info/dependency_links.txt
[1.693s] writing entry points to ../../build/move_towards_object/move_towards_object.egg-info/entry_points.txt
[1.693s] writing requirements to ../../build/move_towards_object/move_towards_object.egg-info/requires.txt
[1.693s] writing top-level names to ../../build/move_towards_object/move_towards_object.egg-info/top_level.txt
[1.695s] reading manifest file '../../build/move_towards_object/move_towards_object.egg-info/SOURCES.txt'
[1.696s] writing manifest file '../../build/move_towards_object/move_towards_object.egg-info/SOURCES.txt'
[1.697s] running build
[1.697s] running build_py
[1.697s] copying move_towards_object/move_towards_object_node.py -> /home/user/ros2_ws/build/move_towards_object/build/lib/move_towards_object
[1.697s] running install
[1.697s] running install_lib
[1.698s] copying /home/user/ros2_ws/build/move_towards_object/build/lib/move_towards_object/move_towards_object_node.py -> /home/user/ros2_ws/install/move_towards_object/lib/python3.10/site-packages/move_towards_object
[1.699s] byte-compiling /home/user/ros2_ws/install/move_towards_object/lib/python3.10/site-packages/move_towards_object/move_towards_object_node.py to move_towards_object_node.cpython-310.pyc
[1.700s] running install_data
[1.700s] running install_egg_info
[1.704s] removing '/home/user/ros2_ws/install/move_towards_object/lib/python3.10/site-packages/move_towards_object-0.0.0-py3.10.egg-info' (and everything under it)
[1.732s] Copying ../../build/move_towards_object/move_towards_object.egg-info to /home/user/ros2_ws/install/move_towards_object/lib/python3.10/site-packages/move_towards_object-0.0.0-py3.10.egg-info
[1.735s] running install_scripts
[1.787s] Installing move_towards_object_node script to /home/user/ros2_ws/install/move_towards_object/lib/move_towards_object
[1.794s] writing list of installed files to '/home/user/ros2_ws/build/move_towards_object/install.log'
[1.846s] Invoked command in '/home/user/ros2_ws/src/move_towards_object' returned '0': PYTHONPATH=/home/user/ros2_ws/build/move_towards_object/prefix_override:/home/user/ros2_ws/install/move_towards_object/lib/python3.10/site-packages:${PYTHONPATH} _=/usr/bin/env /usr/bin/python3 -W ignore:setup.py install is deprecated setup.py egg_info --egg-base ../../build/move_towards_object build --build-base /home/user/ros2_ws/build/move_towards_object/build install --record /home/user/ros2_ws/build/move_towards_object/install.log --single-version-externally-managed install_data
