[5.101s] Invoking command in '/home/user/ros2_ws/src/move_towards_object': PYTHONPATH=/home/user/ros2_ws/build/move_towards_object/prefix_override:/home/user/ros2_ws/install/move_towards_object/lib/python3.10/site-packages:${PYTHONPATH} _=/usr/bin/env /usr/bin/python3 -W ignore:setup.py install is deprecated setup.py egg_info --egg-base ../../build/move_towards_object build --build-base /home/user/ros2_ws/build/move_towards_object/build install --record /home/user/ros2_ws/build/move_towards_object/install.log --single-version-externally-managed install_data
[6.760s] running egg_info
[6.762s] writing ../../build/move_towards_object/move_towards_object.egg-info/PKG-INFO
[6.762s] writing dependency_links to ../../build/move_towards_object/move_towards_object.egg-info/dependency_links.txt
[6.762s] writing entry points to ../../build/move_towards_object/move_towards_object.egg-info/entry_points.txt
[6.763s] writing requirements to ../../build/move_towards_object/move_towards_object.egg-info/requires.txt
[6.763s] writing top-level names to ../../build/move_towards_object/move_towards_object.egg-info/top_level.txt
[6.768s] reading manifest file '../../build/move_towards_object/move_towards_object.egg-info/SOURCES.txt'
[6.783s] writing manifest file '../../build/move_towards_object/move_towards_object.egg-info/SOURCES.txt'
[6.783s] running build
[6.783s] running build_py
[6.783s] copying move_towards_object/q_learning_agent.py -> /home/user/ros2_ws/build/move_towards_object/build/lib/move_towards_object
[6.789s] copying move_towards_object/robot_environment.py -> /home/user/ros2_ws/build/move_towards_object/build/lib/move_towards_object
[6.797s] copying move_towards_object/move_towards_object_node.py -> /home/user/ros2_ws/build/move_towards_object/build/lib/move_towards_object
[6.802s] running install
[6.803s] running install_lib
[6.807s] copying /home/user/ros2_ws/build/move_towards_object/build/lib/move_towards_object/q_learning_agent.py -> /home/user/ros2_ws/install/move_towards_object/lib/python3.10/site-packages/move_towards_object
[6.808s] copying /home/user/ros2_ws/build/move_towards_object/build/lib/move_towards_object/robot_environment.py -> /home/user/ros2_ws/install/move_towards_object/lib/python3.10/site-packages/move_towards_object
[6.812s] copying /home/user/ros2_ws/build/move_towards_object/build/lib/move_towards_object/move_towards_object_node.py -> /home/user/ros2_ws/install/move_towards_object/lib/python3.10/site-packages/move_towards_object
[6.821s] byte-compiling /home/user/ros2_ws/install/move_towards_object/lib/python3.10/site-packages/move_towards_object/q_learning_agent.py to q_learning_agent.cpython-310.pyc
[6.827s] byte-compiling /home/user/ros2_ws/install/move_towards_object/lib/python3.10/site-packages/move_towards_object/robot_environment.py to robot_environment.cpython-310.pyc
[6.829s] byte-compiling /home/user/ros2_ws/install/move_towards_object/lib/python3.10/site-packages/move_towards_object/move_towards_object_node.py to move_towards_object_node.cpython-310.pyc
[6.851s] running install_data
[6.851s] running install_egg_info
[6.872s] removing '/home/user/ros2_ws/install/move_towards_object/lib/python3.10/site-packages/move_towards_object-0.0.0-py3.10.egg-info' (and everything under it)
[6.873s] Copying ../../build/move_towards_object/move_towards_object.egg-info to /home/user/ros2_ws/install/move_towards_object/lib/python3.10/site-packages/move_towards_object-0.0.0-py3.10.egg-info
[6.879s] running install_scripts
[7.068s] Installing move_towards_object_node script to /home/user/ros2_ws/install/move_towards_object/lib/move_towards_object
[7.072s] writing list of installed files to '/home/user/ros2_ws/build/move_towards_object/install.log'
[7.217s] Invoked command in '/home/user/ros2_ws/src/move_towards_object' returned '0': PYTHONPATH=/home/user/ros2_ws/build/move_towards_object/prefix_override:/home/user/ros2_ws/install/move_towards_object/lib/python3.10/site-packages:${PYTHONPATH} _=/usr/bin/env /usr/bin/python3 -W ignore:setup.py install is deprecated setup.py egg_info --egg-base ../../build/move_towards_object build --build-base /home/user/ros2_ws/build/move_towards_object/build install --record /home/user/ros2_ws/build/move_towards_object/install.log --single-version-externally-managed install_data
