[1.508s] Invoking command in '/home/user/ros2_ws/src/move_towards_object': PYTHONPATH=/home/user/ros2_ws/build/move_towards_object/prefix_override:/home/user/ros2_ws/install/move_towards_object/lib/python3.10/site-packages:${PYTHONPATH} _=/usr/bin/env /usr/bin/python3 -W ignore:setup.py install is deprecated setup.py egg_info --egg-base ../../build/move_towards_object build --build-base /home/user/ros2_ws/build/move_towards_object/build install --record /home/user/ros2_ws/build/move_towards_object/install.log --single-version-externally-managed install_data
[2.003s] running egg_info
[2.003s] writing ../../build/move_towards_object/move_towards_object.egg-info/PKG-INFO
[2.004s] writing dependency_links to ../../build/move_towards_object/move_towards_object.egg-info/dependency_links.txt
[2.004s] writing entry points to ../../build/move_towards_object/move_towards_object.egg-info/entry_points.txt
[2.004s] writing requirements to ../../build/move_towards_object/move_towards_object.egg-info/requires.txt
[2.005s] writing top-level names to ../../build/move_towards_object/move_towards_object.egg-info/top_level.txt
[2.007s] reading manifest file '../../build/move_towards_object/move_towards_object.egg-info/SOURCES.txt'
[2.008s] writing manifest file '../../build/move_towards_object/move_towards_object.egg-info/SOURCES.txt'
[2.008s] running build
[2.009s] running build_py
[2.009s] copying move_towards_object/move_towards_object_node.py -> /home/user/ros2_ws/build/move_towards_object/build/lib/move_towards_object
[2.010s] running install
[2.011s] running install_lib
[2.012s] copying /home/user/ros2_ws/build/move_towards_object/build/lib/move_towards_object/move_towards_object_node.py -> /home/user/ros2_ws/install/move_towards_object/lib/python3.10/site-packages/move_towards_object
[2.014s] byte-compiling /home/user/ros2_ws/install/move_towards_object/lib/python3.10/site-packages/move_towards_object/move_towards_object_node.py to move_towards_object_node.cpython-310.pyc
[2.015s] running install_data
[2.016s] running install_egg_info
[2.023s] removing '/home/user/ros2_ws/install/move_towards_object/lib/python3.10/site-packages/move_towards_object-0.0.0-py3.10.egg-info' (and everything under it)
[2.024s] Copying ../../build/move_towards_object/move_towards_object.egg-info to /home/user/ros2_ws/install/move_towards_object/lib/python3.10/site-packages/move_towards_object-0.0.0-py3.10.egg-info
[2.025s] running install_scripts
[2.067s] Installing move_towards_object_node script to /home/user/ros2_ws/install/move_towards_object/lib/move_towards_object
[2.068s] writing list of installed files to '/home/user/ros2_ws/build/move_towards_object/install.log'
[2.108s] Invoked command in '/home/user/ros2_ws/src/move_towards_object' returned '0': PYTHONPATH=/home/user/ros2_ws/build/move_towards_object/prefix_override:/home/user/ros2_ws/install/move_towards_object/lib/python3.10/site-packages:${PYTHONPATH} _=/usr/bin/env /usr/bin/python3 -W ignore:setup.py install is deprecated setup.py egg_info --egg-base ../../build/move_towards_object build --build-base /home/user/ros2_ws/build/move_towards_object/build install --record /home/user/ros2_ws/build/move_towards_object/install.log --single-version-externally-managed install_data
