running egg_info
writing ../../build/3d_object_detection/3d_object_detection.egg-info/PKG-INFO
writing dependency_links to ../../build/3d_object_detection/3d_object_detection.egg-info/dependency_links.txt
writing entry points to ../../build/3d_object_detection/3d_object_detection.egg-info/entry_points.txt
writing requirements to ../../build/3d_object_detection/3d_object_detection.egg-info/requires.txt
writing top-level names to ../../build/3d_object_detection/3d_object_detection.egg-info/top_level.txt
reading manifest file '../../build/3d_object_detection/3d_object_detection.egg-info/SOURCES.txt'
writing manifest file '../../build/3d_object_detection/3d_object_detection.egg-info/SOURCES.txt'
running build
running build_py
copying 3d_object_detection/3d_object_detection_node.py -> /home/user/ros2_ws/build/3d_object_detection/build/lib/3d_object_detection
running install
running install_lib
copying /home/user/ros2_ws/build/3d_object_detection/build/lib/3d_object_detection/3d_object_detection_node.py -> /home/user/ros2_ws/install/3d_object_detection/lib/python3.10/site-packages/3d_object_detection
byte-compiling /home/user/ros2_ws/install/3d_object_detection/lib/python3.10/site-packages/3d_object_detection/3d_object_detection_node.py to 3d_object_detection_node.cpython-310.pyc
running install_data
running install_egg_info
removing '/home/user/ros2_ws/install/3d_object_detection/lib/python3.10/site-packages/3d_object_detection-0.0.0-py3.10.egg-info' (and everything under it)
Copying ../../build/3d_object_detection/3d_object_detection.egg-info to /home/user/ros2_ws/install/3d_object_detection/lib/python3.10/site-packages/3d_object_detection-0.0.0-py3.10.egg-info
running install_scripts
Installing 3d_object_detection_node script to /home/user/ros2_ws/install/3d_object_detection/lib/3d_object_detection
writing list of installed files to '/home/user/ros2_ws/build/3d_object_detection/install.log'
