[3.621s] Invoking command in '/home/user/ros2_ws/src/move_towards_object': PYTHONPATH=/home/user/ros2_ws/build/move_towards_object/prefix_override:/home/user/ros2_ws/install/move_towards_object/lib/python3.10/site-packages:${PYTHONPATH} _=/usr/bin/env /usr/bin/python3 -W ignore:setup.py install is deprecated setup.py egg_info --egg-base ../../build/move_towards_object build --build-base /home/user/ros2_ws/build/move_towards_object/build install --record /home/user/ros2_ws/build/move_towards_object/install.log --single-version-externally-managed install_data
[4.595s] running egg_info
[4.597s] creating ../../build/move_towards_object/move_towards_object.egg-info
[4.597s] writing ../../build/move_towards_object/move_towards_object.egg-info/PKG-INFO
[4.598s] writing dependency_links to ../../build/move_towards_object/move_towards_object.egg-info/dependency_links.txt
[4.599s] writing entry points to ../../build/move_towards_object/move_towards_object.egg-info/entry_points.txt
[4.600s] writing requirements to ../../build/move_towards_object/move_towards_object.egg-info/requires.txt
[4.600s] writing top-level names to ../../build/move_towards_object/move_towards_object.egg-info/top_level.txt
[4.601s] writing manifest file '../../build/move_towards_object/move_towards_object.egg-info/SOURCES.txt'
[4.604s] reading manifest file '../../build/move_towards_object/move_towards_object.egg-info/SOURCES.txt'
[4.666s] writing manifest file '../../build/move_towards_object/move_towards_object.egg-info/SOURCES.txt'
[4.667s] running build
[4.667s] running build_py
[4.667s] creating /home/user/ros2_ws/build/move_towards_object/build
[4.667s] creating /home/user/ros2_ws/build/move_towards_object/build/lib
[4.667s] creating /home/user/ros2_ws/build/move_towards_object/build/lib/move_towards_object
[4.667s] copying move_towards_object/__init__.py -> /home/user/ros2_ws/build/move_towards_object/build/lib/move_towards_object
[4.667s] copying move_towards_object/move_towards_object_node.py -> /home/user/ros2_ws/build/move_towards_object/build/lib/move_towards_object
[4.667s] running install
[4.668s] running install_lib
[4.669s] creating /home/user/ros2_ws/install/move_towards_object/lib/python3.10/site-packages/move_towards_object
[4.669s] copying /home/user/ros2_ws/build/move_towards_object/build/lib/move_towards_object/__init__.py -> /home/user/ros2_ws/install/move_towards_object/lib/python3.10/site-packages/move_towards_object
[4.669s] copying /home/user/ros2_ws/build/move_towards_object/build/lib/move_towards_object/move_towards_object_node.py -> /home/user/ros2_ws/install/move_towards_object/lib/python3.10/site-packages/move_towards_object
[4.670s] byte-compiling /home/user/ros2_ws/install/move_towards_object/lib/python3.10/site-packages/move_towards_object/__init__.py to __init__.cpython-310.pyc
[4.671s] byte-compiling /home/user/ros2_ws/install/move_towards_object/lib/python3.10/site-packages/move_towards_object/move_towards_object_node.py to move_towards_object_node.cpython-310.pyc
[4.672s] running install_data
[4.672s] creating /home/user/ros2_ws/install/move_towards_object/share/ament_index
[4.672s] creating /home/user/ros2_ws/install/move_towards_object/share/ament_index/resource_index
[4.673s] creating /home/user/ros2_ws/install/move_towards_object/share/ament_index/resource_index/packages
[4.673s] copying resource/move_towards_object -> /home/user/ros2_ws/install/move_towards_object/share/ament_index/resource_index/packages
[4.673s] copying package.xml -> /home/user/ros2_ws/install/move_towards_object/share/move_towards_object
[4.673s] running install_egg_info
[4.679s] Copying ../../build/move_towards_object/move_towards_object.egg-info to /home/user/ros2_ws/install/move_towards_object/lib/python3.10/site-packages/move_towards_object-0.0.0-py3.10.egg-info
[4.679s] running install_scripts
[4.714s] Installing move_towards_object_node script to /home/user/ros2_ws/install/move_towards_object/lib/move_towards_object
[4.714s] writing list of installed files to '/home/user/ros2_ws/build/move_towards_object/install.log'
[4.788s] Invoked command in '/home/user/ros2_ws/src/move_towards_object' returned '0': PYTHONPATH=/home/user/ros2_ws/build/move_towards_object/prefix_override:/home/user/ros2_ws/install/move_towards_object/lib/python3.10/site-packages:${PYTHONPATH} _=/usr/bin/env /usr/bin/python3 -W ignore:setup.py install is deprecated setup.py egg_info --egg-base ../../build/move_towards_object build --build-base /home/user/ros2_ws/build/move_towards_object/build install --record /home/user/ros2_ws/build/move_towards_object/install.log --single-version-externally-managed install_data
