[5.173s] Invoking command in '/home/user/ros2_ws/src/move_towards_object': PYTHONPATH=/home/user/ros2_ws/build/move_towards_object/prefix_override:/home/user/ros2_ws/install/move_towards_object/lib/python3.10/site-packages:${PYTHONPATH} _=/usr/bin/env /usr/bin/python3 -W ignore:setup.py install is deprecated setup.py egg_info --egg-base ../../build/move_towards_object build --build-base /home/user/ros2_ws/build/move_towards_object/build install --record /home/user/ros2_ws/build/move_towards_object/install.log --single-version-externally-managed install_data
[8.191s] running egg_info
[8.198s] writing ../../build/move_towards_object/move_towards_object.egg-info/PKG-INFO
[8.204s] writing dependency_links to ../../build/move_towards_object/move_towards_object.egg-info/dependency_links.txt
[8.208s] writing entry points to ../../build/move_towards_object/move_towards_object.egg-info/entry_points.txt
[8.208s] writing requirements to ../../build/move_towards_object/move_towards_object.egg-info/requires.txt
[8.209s] writing top-level names to ../../build/move_towards_object/move_towards_object.egg-info/top_level.txt
[8.233s] reading manifest file '../../build/move_towards_object/move_towards_object.egg-info/SOURCES.txt'
[8.242s] writing manifest file '../../build/move_towards_object/move_towards_object.egg-info/SOURCES.txt'
[8.249s] running build
[8.249s] running build_py
[8.250s] copying move_towards_object/move_towards_object_node.py -> /home/user/ros2_ws/build/move_towards_object/build/lib/move_towards_object
[8.258s] running install
[8.265s] running install_lib
[8.269s] copying /home/user/ros2_ws/build/move_towards_object/build/lib/move_towards_object/move_towards_object_node.py -> /home/user/ros2_ws/install/move_towards_object/lib/python3.10/site-packages/move_towards_object
[8.276s] byte-compiling /home/user/ros2_ws/install/move_towards_object/lib/python3.10/site-packages/move_towards_object/move_towards_object_node.py to move_towards_object_node.cpython-310.pyc
[8.298s] running install_data
[8.300s] running install_egg_info
[8.314s] removing '/home/user/ros2_ws/install/move_towards_object/lib/python3.10/site-packages/move_towards_object-0.0.0-py3.10.egg-info' (and everything under it)
[8.315s] Copying ../../build/move_towards_object/move_towards_object.egg-info to /home/user/ros2_ws/install/move_towards_object/lib/python3.10/site-packages/move_towards_object-0.0.0-py3.10.egg-info
[8.339s] running install_scripts
[8.499s] Installing move_towards_object_node script to /home/user/ros2_ws/install/move_towards_object/lib/move_towards_object
[8.500s] writing list of installed files to '/home/user/ros2_ws/build/move_towards_object/install.log'
[8.711s] Invoked command in '/home/user/ros2_ws/src/move_towards_object' returned '0': PYTHONPATH=/home/user/ros2_ws/build/move_towards_object/prefix_override:/home/user/ros2_ws/install/move_towards_object/lib/python3.10/site-packages:${PYTHONPATH} _=/usr/bin/env /usr/bin/python3 -W ignore:setup.py install is deprecated setup.py egg_info --egg-base ../../build/move_towards_object build --build-base /home/user/ros2_ws/build/move_towards_object/build install --record /home/user/ros2_ws/build/move_towards_object/install.log --single-version-externally-managed install_data
