[8.204s] Invoking command in '/home/user/ros2_ws/src/move_towards_object': PYTHONPATH=/home/user/ros2_ws/build/move_towards_object/prefix_override:/home/user/ros2_ws/install/move_towards_object/lib/python3.10/site-packages:${PYTHONPATH} _=/usr/bin/env /usr/bin/python3 -W ignore:setup.py install is deprecated setup.py egg_info --egg-base ../../build/move_towards_object build --build-base /home/user/ros2_ws/build/move_towards_object/build install --record /home/user/ros2_ws/build/move_towards_object/install.log --single-version-externally-managed install_data
[10.460s] running egg_info
[10.473s] creating ../../build/move_towards_object/move_towards_object.egg-info
[10.476s] writing ../../build/move_towards_object/move_towards_object.egg-info/PKG-INFO
[10.476s] writing dependency_links to ../../build/move_towards_object/move_towards_object.egg-info/dependency_links.txt
[10.478s] writing entry points to ../../build/move_towards_object/move_towards_object.egg-info/entry_points.txt
[10.478s] writing requirements to ../../build/move_towards_object/move_towards_object.egg-info/requires.txt
[10.478s] writing top-level names to ../../build/move_towards_object/move_towards_object.egg-info/top_level.txt
[10.478s] writing manifest file '../../build/move_towards_object/move_towards_object.egg-info/SOURCES.txt'
[10.480s] reading manifest file '../../build/move_towards_object/move_towards_object.egg-info/SOURCES.txt'
[10.480s] writing manifest file '../../build/move_towards_object/move_towards_object.egg-info/SOURCES.txt'
[10.481s] running build
[10.482s] running build_py
[10.482s] creating /home/user/ros2_ws/build/move_towards_object/build
[10.482s] creating /home/user/ros2_ws/build/move_towards_object/build/lib
[10.483s] creating /home/user/ros2_ws/build/move_towards_object/build/lib/move_towards_object
[10.483s] copying move_towards_object/__init__.py -> /home/user/ros2_ws/build/move_towards_object/build/lib/move_towards_object
[10.483s] copying move_towards_object/move_towards_object_node.py -> /home/user/ros2_ws/build/move_towards_object/build/lib/move_towards_object
[10.484s] running install
[10.485s] running install_lib
[10.485s] creating /home/user/ros2_ws/install/move_towards_object/lib/python3.10/site-packages/move_towards_object
[10.485s] copying /home/user/ros2_ws/build/move_towards_object/build/lib/move_towards_object/__init__.py -> /home/user/ros2_ws/install/move_towards_object/lib/python3.10/site-packages/move_towards_object
[10.485s] copying /home/user/ros2_ws/build/move_towards_object/build/lib/move_towards_object/move_towards_object_node.py -> /home/user/ros2_ws/install/move_towards_object/lib/python3.10/site-packages/move_towards_object
[10.487s] byte-compiling /home/user/ros2_ws/install/move_towards_object/lib/python3.10/site-packages/move_towards_object/__init__.py to __init__.cpython-310.pyc
[10.489s] byte-compiling /home/user/ros2_ws/install/move_towards_object/lib/python3.10/site-packages/move_towards_object/move_towards_object_node.py to move_towards_object_node.cpython-310.pyc
[10.490s] running install_data
[10.490s] creating /home/user/ros2_ws/install/move_towards_object/share/ament_index
[10.490s] creating /home/user/ros2_ws/install/move_towards_object/share/ament_index/resource_index
[10.490s] creating /home/user/ros2_ws/install/move_towards_object/share/ament_index/resource_index/packages
[10.490s] copying resource/move_towards_object -> /home/user/ros2_ws/install/move_towards_object/share/ament_index/resource_index/packages
[10.491s] copying package.xml -> /home/user/ros2_ws/install/move_towards_object/share/move_towards_object
[10.494s] running install_egg_info
[10.500s] Copying ../../build/move_towards_object/move_towards_object.egg-info to /home/user/ros2_ws/install/move_towards_object/lib/python3.10/site-packages/move_towards_object-0.0.0-py3.10.egg-info
[10.504s] running install_scripts
[10.716s] Installing move_towards_object_node script to /home/user/ros2_ws/install/move_towards_object/lib/move_towards_object
[10.721s] writing list of installed files to '/home/user/ros2_ws/build/move_towards_object/install.log'
[10.781s] Invoked command in '/home/user/ros2_ws/src/move_towards_object' returned '0': PYTHONPATH=/home/user/ros2_ws/build/move_towards_object/prefix_override:/home/user/ros2_ws/install/move_towards_object/lib/python3.10/site-packages:${PYTHONPATH} _=/usr/bin/env /usr/bin/python3 -W ignore:setup.py install is deprecated setup.py egg_info --egg-base ../../build/move_towards_object build --build-base /home/user/ros2_ws/build/move_towards_object/build install --record /home/user/ros2_ws/build/move_towards_object/install.log --single-version-externally-managed install_data
