[4.015s] Invoking command in '/home/user/ros2_ws/src/move_towards_object': PYTHONPATH=/home/user/ros2_ws/build/move_towards_object/prefix_override:/home/user/ros2_ws/install/move_towards_object/lib/python3.10/site-packages:${PYTHONPATH} _=/usr/bin/env /usr/bin/python3 -W ignore:setup.py install is deprecated setup.py egg_info --egg-base ../../build/move_towards_object build --build-base /home/user/ros2_ws/build/move_towards_object/build install --record /home/user/ros2_ws/build/move_towards_object/install.log --single-version-externally-managed install_data
[4.424s] running egg_info
[4.425s] writing ../../build/move_towards_object/move_towards_object.egg-info/PKG-INFO
[4.425s] writing dependency_links to ../../build/move_towards_object/move_towards_object.egg-info/dependency_links.txt
[4.425s] writing entry points to ../../build/move_towards_object/move_towards_object.egg-info/entry_points.txt
[4.426s] writing requirements to ../../build/move_towards_object/move_towards_object.egg-info/requires.txt
[4.426s] writing top-level names to ../../build/move_towards_object/move_towards_object.egg-info/top_level.txt
[4.429s] reading manifest file '../../build/move_towards_object/move_towards_object.egg-info/SOURCES.txt'
[4.430s] writing manifest file '../../build/move_towards_object/move_towards_object.egg-info/SOURCES.txt'
[4.430s] running build
[4.431s] running build_py
[4.431s] copying move_towards_object/q_learning_agent.py -> /home/user/ros2_ws/build/move_towards_object/build/lib/move_towards_object
[4.431s] copying move_towards_object/robot_environment.py -> /home/user/ros2_ws/build/move_towards_object/build/lib/move_towards_object
[4.431s] copying move_towards_object/move_towards_object_node.py -> /home/user/ros2_ws/build/move_towards_object/build/lib/move_towards_object
[4.431s] running install
[4.432s] running install_lib
[4.433s] copying /home/user/ros2_ws/build/move_towards_object/build/lib/move_towards_object/q_learning_agent.py -> /home/user/ros2_ws/install/move_towards_object/lib/python3.10/site-packages/move_towards_object
[4.433s] copying /home/user/ros2_ws/build/move_towards_object/build/lib/move_towards_object/robot_environment.py -> /home/user/ros2_ws/install/move_towards_object/lib/python3.10/site-packages/move_towards_object
[4.433s] copying /home/user/ros2_ws/build/move_towards_object/build/lib/move_towards_object/move_towards_object_node.py -> /home/user/ros2_ws/install/move_towards_object/lib/python3.10/site-packages/move_towards_object
[4.434s] byte-compiling /home/user/ros2_ws/install/move_towards_object/lib/python3.10/site-packages/move_towards_object/q_learning_agent.py to q_learning_agent.cpython-310.pyc
[4.436s] byte-compiling /home/user/ros2_ws/install/move_towards_object/lib/python3.10/site-packages/move_towards_object/robot_environment.py to robot_environment.cpython-310.pyc
[4.438s] byte-compiling /home/user/ros2_ws/install/move_towards_object/lib/python3.10/site-packages/move_towards_object/move_towards_object_node.py to move_towards_object_node.cpython-310.pyc
[4.439s] running install_data
[4.439s] running install_egg_info
[4.442s] removing '/home/user/ros2_ws/install/move_towards_object/lib/python3.10/site-packages/move_towards_object-0.0.0-py3.10.egg-info' (and everything under it)
[4.442s] Copying ../../build/move_towards_object/move_towards_object.egg-info to /home/user/ros2_ws/install/move_towards_object/lib/python3.10/site-packages/move_towards_object-0.0.0-py3.10.egg-info
[4.444s] running install_scripts
[4.475s] Installing move_towards_object_node script to /home/user/ros2_ws/install/move_towards_object/lib/move_towards_object
[4.476s] writing list of installed files to '/home/user/ros2_ws/build/move_towards_object/install.log'
[4.504s] Invoked command in '/home/user/ros2_ws/src/move_towards_object' returned '0': PYTHONPATH=/home/user/ros2_ws/build/move_towards_object/prefix_override:/home/user/ros2_ws/install/move_towards_object/lib/python3.10/site-packages:${PYTHONPATH} _=/usr/bin/env /usr/bin/python3 -W ignore:setup.py install is deprecated setup.py egg_info --egg-base ../../build/move_towards_object build --build-base /home/user/ros2_ws/build/move_towards_object/build install --record /home/user/ros2_ws/build/move_towards_object/install.log --single-version-externally-managed install_data
