[0.039s] Invoking command in '/home/user/ros2_ws/build/limo_car': CMAKE_PREFIX_PATH=${CMAKE_PREFIX_PATH}:/home/simulations/ros2_sims_ws/install/rclrs_tests:/home/simulations/ros2_sims_ws/install/examples_rclrs_minimal_client_service:/home/simulations/ros2_sims_ws/install/sensor_msgs_py:/home/simulations/ros2_sims_ws/install/examples_rclrs_minimal_pub_sub:/home/simulations/ros2_sims_ws/install/examples_rclrs_message_demo:/home/simulations/ros2_sims_ws/install/rclrs:/home/simulations/ros2_sims_ws/install/rosidl_runtime_rs:/opt/ros/humble _=/usr/bin/env /usr/bin/cmake /home/user/ros2_ws/src/limo_files/limo_ros2/limo_car -DDOWNLOAD_YOLO_CONFIG=ON -DCMAKE_INSTALL_PREFIX=/home/user/ros2_ws/install/limo_car
[0.142s] -- The C compiler identification is GNU 11.4.0
[0.233s] -- The CXX compiler identification is GNU 11.4.0
[0.244s] -- Detecting C compiler ABI info
[0.363s] -- Detecting C compiler ABI info - done
[0.372s] -- Check for working C compiler: /usr/bin/cc - skipped
[0.373s] -- Detecting C compile features
[0.374s] -- Detecting C compile features - done
[0.377s] -- Detecting CXX compiler ABI info
[0.526s] -- Detecting CXX compiler ABI info - done
[0.534s] -- Check for working CXX compiler: /usr/bin/c++ - skipped
[0.535s] -- Detecting CXX compile features
[0.535s] -- Detecting CXX compile features - done
[0.550s] -- Found ament_cmake: 1.3.8 (/opt/ros/humble/share/ament_cmake/cmake)
[0.876s] -- Found Python3: /usr/bin/python3 (found version "3.10.12") found components: Interpreter 
[1.168s] -- Found ament_lint_auto: 0.12.10 (/opt/ros/humble/share/ament_lint_auto/cmake)
[1.439s] -- Added test 'flake8' to check Python code syntax and style conventions
[1.441s] -- Added test 'lint_cmake' to check CMake code style
[1.444s] -- Added test 'pep257' to check Python code against some of the docstring style conventions in PEP 257
[1.449s] -- Added test 'xmllint' to check XML markup files
[1.454s] -- Configuring done
[1.460s] -- Generating done
[1.461s] [33mCMake Warning:
[1.461s]   Manually-specified variables were not used by the project:
[1.461s] 
[1.461s]     DOWNLOAD_YOLO_CONFIG
[1.461s] 
[1.461s] [0m
[1.461s] -- Build files have been written to: /home/user/ros2_ws/build/limo_car
[1.481s] Invoked command in '/home/user/ros2_ws/build/limo_car' returned '0': CMAKE_PREFIX_PATH=${CMAKE_PREFIX_PATH}:/home/simulations/ros2_sims_ws/install/rclrs_tests:/home/simulations/ros2_sims_ws/install/examples_rclrs_minimal_client_service:/home/simulations/ros2_sims_ws/install/sensor_msgs_py:/home/simulations/ros2_sims_ws/install/examples_rclrs_minimal_pub_sub:/home/simulations/ros2_sims_ws/install/examples_rclrs_message_demo:/home/simulations/ros2_sims_ws/install/rclrs:/home/simulations/ros2_sims_ws/install/rosidl_runtime_rs:/opt/ros/humble _=/usr/bin/env /usr/bin/cmake /home/user/ros2_ws/src/limo_files/limo_ros2/limo_car -DDOWNLOAD_YOLO_CONFIG=ON -DCMAKE_INSTALL_PREFIX=/home/user/ros2_ws/install/limo_car
[1.486s] Invoking command in '/home/user/ros2_ws/build/limo_car': CMAKE_PREFIX_PATH=${CMAKE_PREFIX_PATH}:/home/simulations/ros2_sims_ws/install/rclrs_tests:/home/simulations/ros2_sims_ws/install/examples_rclrs_minimal_client_service:/home/simulations/ros2_sims_ws/install/sensor_msgs_py:/home/simulations/ros2_sims_ws/install/examples_rclrs_minimal_pub_sub:/home/simulations/ros2_sims_ws/install/examples_rclrs_message_demo:/home/simulations/ros2_sims_ws/install/rclrs:/home/simulations/ros2_sims_ws/install/rosidl_runtime_rs:/opt/ros/humble _=/usr/bin/env /usr/bin/cmake --build /home/user/ros2_ws/build/limo_car -- -j8 -l8
[1.553s] Invoked command in '/home/user/ros2_ws/build/limo_car' returned '0': CMAKE_PREFIX_PATH=${CMAKE_PREFIX_PATH}:/home/simulations/ros2_sims_ws/install/rclrs_tests:/home/simulations/ros2_sims_ws/install/examples_rclrs_minimal_client_service:/home/simulations/ros2_sims_ws/install/sensor_msgs_py:/home/simulations/ros2_sims_ws/install/examples_rclrs_minimal_pub_sub:/home/simulations/ros2_sims_ws/install/examples_rclrs_message_demo:/home/simulations/ros2_sims_ws/install/rclrs:/home/simulations/ros2_sims_ws/install/rosidl_runtime_rs:/opt/ros/humble _=/usr/bin/env /usr/bin/cmake --build /home/user/ros2_ws/build/limo_car -- -j8 -l8
[1.623s] Invoking command in '/home/user/ros2_ws/build/limo_car': CMAKE_PREFIX_PATH=${CMAKE_PREFIX_PATH}:/home/simulations/ros2_sims_ws/install/rclrs_tests:/home/simulations/ros2_sims_ws/install/examples_rclrs_minimal_client_service:/home/simulations/ros2_sims_ws/install/sensor_msgs_py:/home/simulations/ros2_sims_ws/install/examples_rclrs_minimal_pub_sub:/home/simulations/ros2_sims_ws/install/examples_rclrs_message_demo:/home/simulations/ros2_sims_ws/install/rclrs:/home/simulations/ros2_sims_ws/install/rosidl_runtime_rs:/opt/ros/humble _=/usr/bin/env /usr/bin/cmake --install /home/user/ros2_ws/build/limo_car
[1.638s] -- Install configuration: ""
[1.638s] -- Installing: /home/user/ros2_ws/install/limo_car/share/limo_car/launch
[1.638s] -- Installing: /home/user/ros2_ws/install/limo_car/share/limo_car/launch/ackermann.launch.py
[1.639s] -- Installing: /home/user/ros2_ws/install/limo_car/share/limo_car/launch/display_ackermann.launch.py
[1.639s] -- Installing: /home/user/ros2_ws/install/limo_car/share/limo_car/launch/robot_desc_example.launch.py
[1.639s] -- Installing: /home/user/ros2_ws/install/limo_car/share/limo_car/launch/camera.launch.py
[1.639s] -- Installing: /home/user/ros2_ws/install/limo_car/share/limo_car/launch/ackermann_gazebo.launch.py
[1.640s] -- Installing: /home/user/ros2_ws/install/limo_car/share/limo_car/launch/start_world.launch.py
[1.640s] -- Installing: /home/user/ros2_ws/install/limo_car/share/limo_car/gazebo
[1.640s] -- Installing: /home/user/ros2_ws/install/limo_car/share/limo_car/gazebo/ackermann_with_sensor.xacro
[1.640s] -- Installing: /home/user/ros2_ws/install/limo_car/share/limo_car/gazebo/sensor.xacro
[1.640s] -- Installing: /home/user/ros2_ws/install/limo_car/share/limo_car/gazebo/ackermann.xacro
[1.640s] -- Installing: /home/user/ros2_ws/install/limo_car/share/limo_car/meshes
[1.640s] -- Installing: /home/user/ros2_ws/install/limo_car/share/limo_car/meshes/limo_wheel.dae
[1.663s] -- Installing: /home/user/ros2_ws/install/limo_car/share/limo_car/meshes/limo_wheel.stl
[1.676s] -- Installing: /home/user/ros2_ws/install/limo_car/share/limo_car/meshes/limo_base.stl
[1.745s] -- Installing: /home/user/ros2_ws/install/limo_car/share/limo_car/meshes/limo_base.dae
[1.844s] -- Installing: /home/user/ros2_ws/install/limo_car/share/limo_car/rviz
[1.844s] -- Installing: /home/user/ros2_ws/install/limo_car/share/limo_car/rviz/urdf.rviz
[1.845s] -- Installing: /home/user/ros2_ws/install/limo_car/share/limo_car/rviz/gazebo.rviz
[1.845s] -- Installing: /home/user/ros2_ws/install/limo_car/share/limo_car/urdf
[1.845s] -- Installing: /home/user/ros2_ws/install/limo_car/share/limo_car/urdf/limo_anteil.xacro
[1.845s] -- Installing: /home/user/ros2_ws/install/limo_car/share/limo_car/urdf/limo_steering_hinge.xacro
[1.845s] -- Installing: /home/user/ros2_ws/install/limo_car/share/limo_car/urdf/limo_ackerman_base.xacro
[1.845s] -- Installing: /home/user/ros2_ws/install/limo_car/share/ament_index/resource_index/package_run_dependencies/limo_car
[1.845s] -- Installing: /home/user/ros2_ws/install/limo_car/share/ament_index/resource_index/parent_prefix_path/limo_car
[1.846s] -- Installing: /home/user/ros2_ws/install/limo_car/share/limo_car/environment/ament_prefix_path.sh
[1.846s] -- Installing: /home/user/ros2_ws/install/limo_car/share/limo_car/environment/ament_prefix_path.dsv
[1.846s] -- Installing: /home/user/ros2_ws/install/limo_car/share/limo_car/environment/path.sh
[1.846s] -- Installing: /home/user/ros2_ws/install/limo_car/share/limo_car/environment/path.dsv
[1.846s] -- Installing: /home/user/ros2_ws/install/limo_car/share/limo_car/local_setup.bash
[1.847s] -- Installing: /home/user/ros2_ws/install/limo_car/share/limo_car/local_setup.sh
[1.847s] -- Installing: /home/user/ros2_ws/install/limo_car/share/limo_car/local_setup.zsh
[1.847s] -- Installing: /home/user/ros2_ws/install/limo_car/share/limo_car/local_setup.dsv
[1.847s] -- Installing: /home/user/ros2_ws/install/limo_car/share/limo_car/package.dsv
[1.847s] -- Installing: /home/user/ros2_ws/install/limo_car/share/ament_index/resource_index/packages/limo_car
[1.848s] -- Installing: /home/user/ros2_ws/install/limo_car/share/limo_car/cmake/limo_carConfig.cmake
[1.848s] -- Installing: /home/user/ros2_ws/install/limo_car/share/limo_car/cmake/limo_carConfig-version.cmake
[1.848s] -- Installing: /home/user/ros2_ws/install/limo_car/share/limo_car/package.xml
[1.851s] Invoked command in '/home/user/ros2_ws/build/limo_car' returned '0': CMAKE_PREFIX_PATH=${CMAKE_PREFIX_PATH}:/home/simulations/ros2_sims_ws/install/rclrs_tests:/home/simulations/ros2_sims_ws/install/examples_rclrs_minimal_client_service:/home/simulations/ros2_sims_ws/install/sensor_msgs_py:/home/simulations/ros2_sims_ws/install/examples_rclrs_minimal_pub_sub:/home/simulations/ros2_sims_ws/install/examples_rclrs_message_demo:/home/simulations/ros2_sims_ws/install/rclrs:/home/simulations/ros2_sims_ws/install/rosidl_runtime_rs:/opt/ros/humble _=/usr/bin/env /usr/bin/cmake --install /home/user/ros2_ws/build/limo_car
