[1.968s] Invoking command in '/home/user/ros2_ws/src/move_towards_object': PYTHONPATH=/home/user/ros2_ws/build/move_towards_object/prefix_override:/home/user/ros2_ws/install/move_towards_object/lib/python3.10/site-packages:${PYTHONPATH} _=/usr/bin/env /usr/bin/python3 -W ignore:setup.py install is deprecated setup.py egg_info --egg-base ../../build/move_towards_object build --build-base /home/user/ros2_ws/build/move_towards_object/build install --record /home/user/ros2_ws/build/move_towards_object/install.log --single-version-externally-managed install_data
[2.864s] running egg_info
[2.871s] writing ../../build/move_towards_object/move_towards_object.egg-info/PKG-INFO
[2.872s] writing dependency_links to ../../build/move_towards_object/move_towards_object.egg-info/dependency_links.txt
[2.873s] writing entry points to ../../build/move_towards_object/move_towards_object.egg-info/entry_points.txt
[2.874s] writing requirements to ../../build/move_towards_object/move_towards_object.egg-info/requires.txt
[2.874s] writing top-level names to ../../build/move_towards_object/move_towards_object.egg-info/top_level.txt
[2.878s] reading manifest file '../../build/move_towards_object/move_towards_object.egg-info/SOURCES.txt'
[2.884s] writing manifest file '../../build/move_towards_object/move_towards_object.egg-info/SOURCES.txt'
[2.884s] running build
[2.884s] running build_py
[2.884s] copying move_towards_object/q_learning_agent.py -> /home/user/ros2_ws/build/move_towards_object/build/lib/move_towards_object
[2.886s] copying move_towards_object/robot_environment.py -> /home/user/ros2_ws/build/move_towards_object/build/lib/move_towards_object
[2.887s] copying move_towards_object/move_towards_object_node.py -> /home/user/ros2_ws/build/move_towards_object/build/lib/move_towards_object
[2.888s] running install
[2.889s] running install_lib
[2.890s] copying /home/user/ros2_ws/build/move_towards_object/build/lib/move_towards_object/q_learning_agent.py -> /home/user/ros2_ws/install/move_towards_object/lib/python3.10/site-packages/move_towards_object
[2.890s] copying /home/user/ros2_ws/build/move_towards_object/build/lib/move_towards_object/robot_environment.py -> /home/user/ros2_ws/install/move_towards_object/lib/python3.10/site-packages/move_towards_object
[2.891s] copying /home/user/ros2_ws/build/move_towards_object/build/lib/move_towards_object/move_towards_object_node.py -> /home/user/ros2_ws/install/move_towards_object/lib/python3.10/site-packages/move_towards_object
[2.892s] byte-compiling /home/user/ros2_ws/install/move_towards_object/lib/python3.10/site-packages/move_towards_object/q_learning_agent.py to q_learning_agent.cpython-310.pyc
[2.897s] byte-compiling /home/user/ros2_ws/install/move_towards_object/lib/python3.10/site-packages/move_towards_object/robot_environment.py to robot_environment.cpython-310.pyc
[2.898s] byte-compiling /home/user/ros2_ws/install/move_towards_object/lib/python3.10/site-packages/move_towards_object/move_towards_object_node.py to move_towards_object_node.cpython-310.pyc
[2.900s] running install_data
[2.900s] running install_egg_info
[2.904s] removing '/home/user/ros2_ws/install/move_towards_object/lib/python3.10/site-packages/move_towards_object-0.0.0-py3.10.egg-info' (and everything under it)
[2.909s] Copying ../../build/move_towards_object/move_towards_object.egg-info to /home/user/ros2_ws/install/move_towards_object/lib/python3.10/site-packages/move_towards_object-0.0.0-py3.10.egg-info
[2.912s] running install_scripts
[2.964s] Installing move_towards_object_node script to /home/user/ros2_ws/install/move_towards_object/lib/move_towards_object
[2.967s] writing list of installed files to '/home/user/ros2_ws/build/move_towards_object/install.log'
[3.002s] Invoked command in '/home/user/ros2_ws/src/move_towards_object' returned '0': PYTHONPATH=/home/user/ros2_ws/build/move_towards_object/prefix_override:/home/user/ros2_ws/install/move_towards_object/lib/python3.10/site-packages:${PYTHONPATH} _=/usr/bin/env /usr/bin/python3 -W ignore:setup.py install is deprecated setup.py egg_info --egg-base ../../build/move_towards_object build --build-base /home/user/ros2_ws/build/move_towards_object/build install --record /home/user/ros2_ws/build/move_towards_object/install.log --single-version-externally-managed install_data
