[0.051s] Invoking command in '/home/user/ros2_ws/build/vision_msgs': CMAKE_PREFIX_PATH=${CMAKE_PREFIX_PATH}:/home/simulations/ros2_sims_ws/install/rclrs_tests:/home/simulations/ros2_sims_ws/install/examples_rclrs_minimal_client_service:/home/simulations/ros2_sims_ws/install/sensor_msgs_py:/home/simulations/ros2_sims_ws/install/examples_rclrs_minimal_pub_sub:/home/simulations/ros2_sims_ws/install/examples_rclrs_message_demo:/home/simulations/ros2_sims_ws/install/rclrs:/home/simulations/ros2_sims_ws/install/rosidl_runtime_rs:/opt/ros/humble _=/usr/bin/env /usr/bin/cmake /home/user/ros2_ws/src/raw_test/vision_msgs/vision_msgs -DDOWNLOAD_YOLO_CONFIG=ON -DCMAKE_INSTALL_PREFIX=/home/user/ros2_ws/install/vision_msgs
[0.160s] -- The C compiler identification is GNU 11.4.0
[0.246s] -- The CXX compiler identification is GNU 11.4.0
[0.256s] -- Detecting C compiler ABI info
[0.393s] -- Detecting C compiler ABI info - done
[0.401s] -- Check for working C compiler: /usr/bin/cc - skipped
[0.402s] -- Detecting C compile features
[0.402s] -- Detecting C compile features - done
[0.405s] -- Detecting CXX compiler ABI info
[0.544s] -- Detecting CXX compiler ABI info - done
[0.558s] -- Check for working CXX compiler: /usr/bin/c++ - skipped
[0.558s] -- Detecting CXX compile features
[0.559s] -- Detecting CXX compile features - done
[0.573s] -- Found ament_cmake: 1.3.8 (/opt/ros/humble/share/ament_cmake/cmake)
[0.904s] -- Found Python3: /usr/bin/python3 (found version "3.10.12") found components: Interpreter 
[1.226s] -- Found std_msgs: 4.2.3 (/home/simulations/ros2_sims_ws/install/std_msgs/share/std_msgs/cmake)
[1.380s] -- Found rosidl_generator_c: 3.1.5 (/opt/ros/humble/share/rosidl_generator_c/cmake)
[1.409s] -- Found rosidl_adapter: 3.1.5 (/opt/ros/humble/share/rosidl_adapter/cmake)
[1.444s] -- Found rosidl_generator_cpp: 3.1.5 (/opt/ros/humble/share/rosidl_generator_cpp/cmake)
[1.493s] -- Using all available rosidl_typesupport_c: rosidl_typesupport_fastrtps_c;rosidl_typesupport_introspection_c
[1.577s] -- Using all available rosidl_typesupport_cpp: rosidl_typesupport_fastrtps_cpp;rosidl_typesupport_introspection_cpp
[1.701s] -- Found geometry_msgs: 4.2.3 (/home/simulations/ros2_sims_ws/install/geometry_msgs/share/geometry_msgs/cmake)
[1.785s] -- Found rosidl_default_generators: 1.2.0 (/home/simulations/ros2_sims_ws/install/rosidl_default_generators/share/rosidl_default_generators/cmake)
[2.423s] -- Found ament_cmake_cppcheck: 0.12.10 (/opt/ros/humble/share/ament_cmake_cppcheck/cmake)
[2.445s] -- Found ament_cmake_cpplint: 0.12.10 (/opt/ros/humble/share/ament_cmake_cpplint/cmake)
[2.465s] -- Found ament_cmake_uncrustify: 0.12.10 (/opt/ros/humble/share/ament_cmake_uncrustify/cmake)
[2.482s] -- Found ament_cmake_ros: 0.10.0 (/opt/ros/humble/share/ament_cmake_ros/cmake)
[3.324s] -- Using all available rosidl_typesupport_c: rosidl_typesupport_fastrtps_c;rosidl_typesupport_introspection_c
[3.611s] -- Using all available rosidl_typesupport_cpp: rosidl_typesupport_fastrtps_cpp;rosidl_typesupport_introspection_cpp
[3.625s] -- Found rmw_implementation_cmake: 6.1.1 (/opt/ros/humble/share/rmw_implementation_cmake/cmake)
[3.942s] -- Found OpenSSL: /usr/lib/x86_64-linux-gnu/libcrypto.so (found version "3.0.2")  
[4.008s] -- Found FastRTPS: /opt/ros/humble/include  
[4.184s] -- Found PythonInterp: /usr/bin/python3 (found suitable version "3.10.12", minimum required is "3.6") 
[4.197s] -- Found python_cmake_module: 0.10.0 (/opt/ros/humble/share/python_cmake_module/cmake)
[4.243s] -- Found PythonLibs: /usr/lib/x86_64-linux-gnu/libpython3.10.so (found suitable version "3.10.12", minimum required is "3.5") 
[4.244s] -- Using PYTHON_EXECUTABLE: /usr/bin/python3
[4.244s] -- Using PYTHON_INCLUDE_DIRS: /usr/include/python3.10
[4.244s] -- Using PYTHON_LIBRARIES: /usr/lib/x86_64-linux-gnu/libpython3.10.so
[4.289s] -- Found PythonExtra: .so  
[4.430s] -- Found ament_cmake_flake8: 0.12.10 (/opt/ros/humble/share/ament_cmake_flake8/cmake)
[4.442s] -- Found ament_cmake_pep257: 0.12.10 (/opt/ros/humble/share/ament_cmake_pep257/cmake)
[4.455s] -- Found ament_lint_auto: 0.12.10 (/opt/ros/humble/share/ament_lint_auto/cmake)
[4.510s] -- Found gtest sources under '/opt/ros/humble/src/gtest_vendor': C++ tests using 'Google Test' will be built
[4.513s] -- Looking for pthread.h
[4.635s] -- Looking for pthread.h - found
[4.636s] -- Performing Test CMAKE_HAVE_LIBC_PTHREAD
[4.800s] -- Performing Test CMAKE_HAVE_LIBC_PTHREAD - Success
[4.803s] -- Found Threads: TRUE  
[4.818s] -- Added test 'cppcheck' to perform static code analysis on C / C++ code
[4.819s] -- Configured cppcheck include dirs: /home/user/ros2_ws/src/raw_test/vision_msgs/vision_msgs/include
[4.820s] -- Configured cppcheck exclude dirs and/or files: 
[4.822s] -- Added test 'cpplint' to check C / C++ code against the Google style
[4.822s] -- Configured cpplint exclude dirs and/or files: 
[4.824s] -- Added test 'uncrustify' to check C / C++ code style
[4.825s] -- Configured uncrustify additional arguments: 
[4.826s] -- Added test 'copyright' to check source files copyright and LICENSE
[4.828s] -- Added test 'lint_cmake' to check CMake code style
[4.831s] -- Added test 'xmllint' to check XML markup files
[4.839s] -- Configuring done
[4.963s] -- Generating done
[4.967s] [33mCMake Warning:
[4.967s]   Manually-specified variables were not used by the project:
[4.968s] 
[4.968s]     DOWNLOAD_YOLO_CONFIG
[4.968s] 
[4.968s] [0m
[4.968s] -- Build files have been written to: /home/user/ros2_ws/build/vision_msgs
[4.993s] Invoked command in '/home/user/ros2_ws/build/vision_msgs' returned '0': CMAKE_PREFIX_PATH=${CMAKE_PREFIX_PATH}:/home/simulations/ros2_sims_ws/install/rclrs_tests:/home/simulations/ros2_sims_ws/install/examples_rclrs_minimal_client_service:/home/simulations/ros2_sims_ws/install/sensor_msgs_py:/home/simulations/ros2_sims_ws/install/examples_rclrs_minimal_pub_sub:/home/simulations/ros2_sims_ws/install/examples_rclrs_message_demo:/home/simulations/ros2_sims_ws/install/rclrs:/home/simulations/ros2_sims_ws/install/rosidl_runtime_rs:/opt/ros/humble _=/usr/bin/env /usr/bin/cmake /home/user/ros2_ws/src/raw_test/vision_msgs/vision_msgs -DDOWNLOAD_YOLO_CONFIG=ON -DCMAKE_INSTALL_PREFIX=/home/user/ros2_ws/install/vision_msgs
[4.993s] Invoking command in '/home/user/ros2_ws/build/vision_msgs': CMAKE_PREFIX_PATH=${CMAKE_PREFIX_PATH}:/home/simulations/ros2_sims_ws/install/rclrs_tests:/home/simulations/ros2_sims_ws/install/examples_rclrs_minimal_client_service:/home/simulations/ros2_sims_ws/install/sensor_msgs_py:/home/simulations/ros2_sims_ws/install/examples_rclrs_minimal_pub_sub:/home/simulations/ros2_sims_ws/install/examples_rclrs_message_demo:/home/simulations/ros2_sims_ws/install/rclrs:/home/simulations/ros2_sims_ws/install/rosidl_runtime_rs:/opt/ros/humble _=/usr/bin/env /usr/bin/cmake --build /home/user/ros2_ws/build/vision_msgs -- -j8 -l8
[5.119s] [  1%] [34m[1mGenerating C code for ROS interfaces[0m
[5.158s] [  1%] [34m[1mGenerating Rust code for ROS interfaces[0m
[5.265s] [  2%] [34m[1mGenerating C++ code for ROS interfaces[0m
[5.285s] [  2%] Built target ament_cmake_python_copy_vision_msgs
[5.350s] [  2%] [32mBuilding CXX object gtest/CMakeFiles/gtest.dir/src/gtest-all.cc.o[0m
[5.362s] [  2%] [32mBuilding CXX object gtest/CMakeFiles/gtest_main.dir/src/gtest_main.cc.o[0m
[6.363s] running egg_info
[6.364s] creating vision_msgs.egg-info
[6.372s] writing vision_msgs.egg-info/PKG-INFO
[6.372s] writing dependency_links to vision_msgs.egg-info/dependency_links.txt
[6.373s] writing top-level names to vision_msgs.egg-info/top_level.txt
[6.373s] writing manifest file 'vision_msgs.egg-info/SOURCES.txt'
[6.383s] reading manifest file 'vision_msgs.egg-info/SOURCES.txt'
[6.384s] writing manifest file 'vision_msgs.egg-info/SOURCES.txt'
[6.442s] [  2%] Built target ament_cmake_python_build_vision_msgs_egg
[6.951s] [  3%] [32m[1mLinking CXX static library libgtest_main.a[0m
[7.129s] [  3%] Built target gtest_main
[7.454s] [  3%] Built target vision_msgs__rs
[8.198s] [  3%] Built target vision_msgs__cpp
[8.244s] [  5%] [34m[1mGenerating C++ introspection for ROS interfaces[0m
[8.244s] [  5%] [34m[1mGenerating C++ type support for eProsima Fast-RTPS[0m
[8.246s] [  6%] [34m[1mGenerating C++ type support dispatch for ROS interfaces[0m
[9.520s] [  6%] [32mBuilding C object CMakeFiles/vision_msgs__rosidl_generator_c.dir/rosidl_generator_c/vision_msgs/msg/detail/bounding_box2_d_array__functions.c.o[0m
[9.520s] [  7%] [32mBuilding C object CMakeFiles/vision_msgs__rosidl_generator_c.dir/rosidl_generator_c/vision_msgs/msg/detail/bounding_box3_d__functions.c.o[0m
[9.523s] [  7%] [32mBuilding C object CMakeFiles/vision_msgs__rosidl_generator_c.dir/rosidl_generator_c/vision_msgs/msg/detail/bounding_box3_d_array__functions.c.o[0m
[9.526s] [  8%] [32mBuilding C object CMakeFiles/vision_msgs__rosidl_generator_c.dir/rosidl_generator_c/vision_msgs/msg/detail/bounding_box2_d__functions.c.o[0m
[9.614s] [  9%] [32mBuilding C object CMakeFiles/vision_msgs__rosidl_generator_c.dir/rosidl_generator_c/vision_msgs/msg/detail/classification__functions.c.o[0m
[9.627s] [ 10%] [32mBuilding C object CMakeFiles/vision_msgs__rosidl_generator_c.dir/rosidl_generator_c/vision_msgs/msg/detail/detection2_d_array__functions.c.o[0m
[9.646s] [ 10%] [32mBuilding C object CMakeFiles/vision_msgs__rosidl_generator_c.dir/rosidl_generator_c/vision_msgs/msg/detail/detection2_d__functions.c.o[0m
[9.675s] [ 11%] [32mBuilding C object CMakeFiles/vision_msgs__rosidl_generator_c.dir/rosidl_generator_c/vision_msgs/msg/detail/detection3_d_array__functions.c.o[0m
[9.727s] [ 12%] [32mBuilding C object CMakeFiles/vision_msgs__rosidl_generator_c.dir/rosidl_generator_c/vision_msgs/msg/detail/detection3_d__functions.c.o[0m
[9.796s] [ 12%] [32mBuilding C object CMakeFiles/vision_msgs__rosidl_generator_c.dir/rosidl_generator_c/vision_msgs/msg/detail/label_info__functions.c.o[0m
[9.836s] [ 13%] [32mBuilding C object CMakeFiles/vision_msgs__rosidl_generator_c.dir/rosidl_generator_c/vision_msgs/msg/detail/object_hypothesis__functions.c.o[0m
[9.847s] [ 14%] [32mBuilding C object CMakeFiles/vision_msgs__rosidl_generator_c.dir/rosidl_generator_c/vision_msgs/msg/detail/object_hypothesis_with_pose__functions.c.o[0m
[9.918s] [ 14%] [32mBuilding C object CMakeFiles/vision_msgs__rosidl_generator_c.dir/rosidl_generator_c/vision_msgs/msg/detail/vision_class__functions.c.o[0m
[9.974s] [ 15%] [32mBuilding C object CMakeFiles/vision_msgs__rosidl_generator_c.dir/rosidl_generator_c/vision_msgs/msg/detail/point2_d__functions.c.o[0m
[9.976s] [ 15%] [32mBuilding C object CMakeFiles/vision_msgs__rosidl_generator_c.dir/rosidl_generator_c/vision_msgs/msg/detail/pose2_d__functions.c.o[0m
[10.047s] [ 16%] [32mBuilding C object CMakeFiles/vision_msgs__rosidl_generator_c.dir/rosidl_generator_c/vision_msgs/msg/detail/vision_info__functions.c.o[0m
[10.156s] [ 17%] [32m[1mLinking C shared library libvision_msgs__rosidl_generator_c.so[0m
[10.270s] [ 17%] Built target vision_msgs__rosidl_generator_c
[10.305s] [ 17%] [34m[1mGenerating C type support for eProsima Fast-RTPS[0m
[10.327s] [ 17%] [34m[1mGenerating C introspection for ROS interfaces[0m
[10.346s] [ 18%] [34m[1mGenerating C type support dispatch for ROS interfaces[0m
[10.483s] [ 19%] [32mBuilding CXX object CMakeFiles/vision_msgs__rosidl_typesupport_cpp.dir/rosidl_typesupport_cpp/vision_msgs/msg/bounding_box2_d_array__type_support.cpp.o[0m
[10.490s] [ 19%] [32mBuilding CXX object CMakeFiles/vision_msgs__rosidl_typesupport_cpp.dir/rosidl_typesupport_cpp/vision_msgs/msg/bounding_box2_d__type_support.cpp.o[0m
[10.959s] [ 20%] [32m[1mLinking CXX static library libgtest.a[0m
[10.961s] [ 21%] [32mBuilding CXX object CMakeFiles/vision_msgs__rosidl_typesupport_cpp.dir/rosidl_typesupport_cpp/vision_msgs/msg/bounding_box3_d__type_support.cpp.o[0m
[11.068s] [ 21%] [32mBuilding CXX object CMakeFiles/vision_msgs__rosidl_typesupport_cpp.dir/rosidl_typesupport_cpp/vision_msgs/msg/bounding_box3_d_array__type_support.cpp.o[0m
[11.294s] [ 21%] Built target gtest
[11.330s] [ 22%] [32mBuilding CXX object CMakeFiles/vision_msgs__rosidl_typesupport_cpp.dir/rosidl_typesupport_cpp/vision_msgs/msg/classification__type_support.cpp.o[0m
[11.394s] [ 23%] [32mBuilding CXX object CMakeFiles/vision_msgs__rosidl_typesupport_cpp.dir/rosidl_typesupport_cpp/vision_msgs/msg/detection2_d_array__type_support.cpp.o[0m
[11.564s] [ 23%] [32mBuilding CXX object CMakeFiles/vision_msgs__rosidl_typesupport_cpp.dir/rosidl_typesupport_cpp/vision_msgs/msg/detection2_d__type_support.cpp.o[0m
[11.789s] [ 23%] [32mBuilding CXX object CMakeFiles/vision_msgs__rosidl_typesupport_introspection_cpp.dir/rosidl_typesupport_introspection_cpp/vision_msgs/msg/detail/bounding_box2_d__type_support.cpp.o[0m
[11.844s] [ 24%] [32mBuilding CXX object CMakeFiles/vision_msgs__rosidl_typesupport_cpp.dir/rosidl_typesupport_cpp/vision_msgs/msg/detection3_d_array__type_support.cpp.o[0m
[11.874s] [ 24%] [32mBuilding CXX object CMakeFiles/vision_msgs__rosidl_typesupport_cpp.dir/rosidl_typesupport_cpp/vision_msgs/msg/detection3_d__type_support.cpp.o[0m
[11.898s] [ 24%] [32mBuilding CXX object CMakeFiles/vision_msgs__rosidl_typesupport_fastrtps_cpp.dir/rosidl_typesupport_fastrtps_cpp/vision_msgs/msg/detail/dds_fastrtps/bounding_box2_d__type_support.cpp.o[0m
[12.099s] [ 25%] [32mBuilding CXX object CMakeFiles/vision_msgs__rosidl_typesupport_cpp.dir/rosidl_typesupport_cpp/vision_msgs/msg/label_info__type_support.cpp.o[0m
[12.325s] [ 26%] [32mBuilding CXX object CMakeFiles/vision_msgs__rosidl_typesupport_cpp.dir/rosidl_typesupport_cpp/vision_msgs/msg/object_hypothesis__type_support.cpp.o[0m
[12.501s] [ 26%] [32mBuilding CXX object CMakeFiles/vision_msgs__rosidl_typesupport_cpp.dir/rosidl_typesupport_cpp/vision_msgs/msg/object_hypothesis_with_pose__type_support.cpp.o[0m
[12.560s] [ 27%] [32mBuilding CXX object CMakeFiles/vision_msgs__rosidl_typesupport_fastrtps_cpp.dir/rosidl_typesupport_fastrtps_cpp/vision_msgs/msg/detail/dds_fastrtps/bounding_box2_d_array__type_support.cpp.o[0m
[12.616s] [ 28%] [32mBuilding CXX object CMakeFiles/vision_msgs__rosidl_typesupport_introspection_cpp.dir/rosidl_typesupport_introspection_cpp/vision_msgs/msg/detail/bounding_box2_d_array__type_support.cpp.o[0m
[12.749s] [ 29%] [32mBuilding CXX object CMakeFiles/vision_msgs__rosidl_typesupport_introspection_cpp.dir/rosidl_typesupport_introspection_cpp/vision_msgs/msg/detail/bounding_box3_d__type_support.cpp.o[0m
[12.769s] [ 30%] [32mBuilding CXX object CMakeFiles/vision_msgs__rosidl_typesupport_cpp.dir/rosidl_typesupport_cpp/vision_msgs/msg/vision_class__type_support.cpp.o[0m
[12.826s] [ 31%] [32mBuilding CXX object CMakeFiles/vision_msgs__rosidl_typesupport_c.dir/rosidl_typesupport_c/vision_msgs/msg/bounding_box2_d__type_support.cpp.o[0m
[12.966s] [ 32%] [32mBuilding CXX object CMakeFiles/vision_msgs__rosidl_typesupport_cpp.dir/rosidl_typesupport_cpp/vision_msgs/msg/point2_d__type_support.cpp.o[0m
[13.014s] [ 32%] [32mBuilding CXX object CMakeFiles/vision_msgs__rosidl_typesupport_c.dir/rosidl_typesupport_c/vision_msgs/msg/bounding_box2_d_array__type_support.cpp.o[0m
[13.153s] [ 33%] [32mBuilding CXX object CMakeFiles/vision_msgs__rosidl_typesupport_c.dir/rosidl_typesupport_c/vision_msgs/msg/bounding_box3_d__type_support.cpp.o[0m
[13.206s] [ 33%] [32mBuilding CXX object CMakeFiles/vision_msgs__rosidl_typesupport_cpp.dir/rosidl_typesupport_cpp/vision_msgs/msg/pose2_d__type_support.cpp.o[0m
[13.282s] [ 34%] [32mBuilding CXX object CMakeFiles/vision_msgs__rosidl_typesupport_c.dir/rosidl_typesupport_c/vision_msgs/msg/bounding_box3_d_array__type_support.cpp.o[0m
[13.319s] [ 35%] [32mBuilding CXX object CMakeFiles/vision_msgs__rosidl_typesupport_fastrtps_cpp.dir/rosidl_typesupport_fastrtps_cpp/vision_msgs/msg/detail/dds_fastrtps/bounding_box3_d__type_support.cpp.o[0m
[13.388s] [ 36%] [32mBuilding CXX object CMakeFiles/vision_msgs__rosidl_typesupport_cpp.dir/rosidl_typesupport_cpp/vision_msgs/msg/vision_info__type_support.cpp.o[0m
[13.393s] [ 36%] [32mBuilding CXX object CMakeFiles/vision_msgs__rosidl_typesupport_introspection_cpp.dir/rosidl_typesupport_introspection_cpp/vision_msgs/msg/detail/bounding_box3_d_array__type_support.cpp.o[0m
[13.407s] [ 36%] [32mBuilding CXX object CMakeFiles/vision_msgs__rosidl_typesupport_c.dir/rosidl_typesupport_c/vision_msgs/msg/classification__type_support.cpp.o[0m
[13.501s] [ 37%] [32mBuilding CXX object CMakeFiles/vision_msgs__rosidl_typesupport_introspection_cpp.dir/rosidl_typesupport_introspection_cpp/vision_msgs/msg/detail/classification__type_support.cpp.o[0m
[13.528s] [ 38%] [32mBuilding CXX object CMakeFiles/vision_msgs__rosidl_typesupport_c.dir/rosidl_typesupport_c/vision_msgs/msg/detection2_d_array__type_support.cpp.o[0m
[13.674s] [ 39%] [32mBuilding CXX object CMakeFiles/vision_msgs__rosidl_typesupport_c.dir/rosidl_typesupport_c/vision_msgs/msg/detection2_d__type_support.cpp.o[0m
[13.762s] [ 39%] [32mBuilding CXX object CMakeFiles/vision_msgs__rosidl_typesupport_c.dir/rosidl_typesupport_c/vision_msgs/msg/detection3_d_array__type_support.cpp.o[0m
[13.847s] [ 40%] [32mBuilding CXX object CMakeFiles/vision_msgs__rosidl_typesupport_c.dir/rosidl_typesupport_c/vision_msgs/msg/detection3_d__type_support.cpp.o[0m
[13.850s] [ 41%] [32mBuilding C object CMakeFiles/vision_msgs__rosidl_typesupport_introspection_c.dir/rosidl_typesupport_introspection_c/vision_msgs/msg/detail/bounding_box2_d__type_support.c.o[0m
[13.862s] [ 41%] [32mBuilding CXX object CMakeFiles/vision_msgs__rosidl_typesupport_c.dir/rosidl_typesupport_c/vision_msgs/msg/label_info__type_support.cpp.o[0m
[13.869s] [ 42%] [32m[1mLinking CXX shared library libvision_msgs__rosidl_typesupport_cpp.so[0m
[13.887s] [ 43%] [32mBuilding CXX object CMakeFiles/vision_msgs__rosidl_typesupport_fastrtps_c.dir/rosidl_typesupport_fastrtps_c/vision_msgs/msg/detail/bounding_box2_d__type_support_c.cpp.o[0m
[13.935s] [ 43%] [32mBuilding C object CMakeFiles/vision_msgs__rosidl_typesupport_introspection_c.dir/rosidl_typesupport_introspection_c/vision_msgs/msg/detail/bounding_box2_d_array__type_support.c.o[0m
[13.948s] [ 44%] [32mBuilding CXX object CMakeFiles/vision_msgs__rosidl_typesupport_c.dir/rosidl_typesupport_c/vision_msgs/msg/object_hypothesis__type_support.cpp.o[0m
[13.975s] [ 45%] [32mBuilding CXX object CMakeFiles/vision_msgs__rosidl_typesupport_c.dir/rosidl_typesupport_c/vision_msgs/msg/object_hypothesis_with_pose__type_support.cpp.o[0m
[13.985s] [ 45%] Built target vision_msgs__rosidl_typesupport_cpp
[14.000s] [ 45%] [32mBuilding CXX object CMakeFiles/vision_msgs__rosidl_typesupport_fastrtps_cpp.dir/rosidl_typesupport_fastrtps_cpp/vision_msgs/msg/detail/dds_fastrtps/bounding_box3_d_array__type_support.cpp.o[0m
[14.021s] [ 45%] [32mBuilding CXX object CMakeFiles/vision_msgs__rosidl_typesupport_c.dir/rosidl_typesupport_c/vision_msgs/msg/vision_class__type_support.cpp.o[0m
[14.043s] [ 46%] [32mBuilding C object CMakeFiles/vision_msgs__rosidl_typesupport_introspection_c.dir/rosidl_typesupport_introspection_c/vision_msgs/msg/detail/bounding_box3_d__type_support.c.o[0m
[14.060s] [ 47%] [32mBuilding CXX object CMakeFiles/vision_msgs__rosidl_typesupport_c.dir/rosidl_typesupport_c/vision_msgs/msg/point2_d__type_support.cpp.o[0m
[14.066s] [ 48%] [32mBuilding C object CMakeFiles/vision_msgs__rosidl_typesupport_introspection_c.dir/rosidl_typesupport_introspection_c/vision_msgs/msg/detail/bounding_box3_d_array__type_support.c.o[0m
[14.115s] [ 49%] [32mBuilding CXX object CMakeFiles/vision_msgs__rosidl_typesupport_introspection_cpp.dir/rosidl_typesupport_introspection_cpp/vision_msgs/msg/detail/detection2_d_array__type_support.cpp.o[0m
[14.150s] [ 50%] [32mBuilding CXX object CMakeFiles/vision_msgs__rosidl_typesupport_c.dir/rosidl_typesupport_c/vision_msgs/msg/pose2_d__type_support.cpp.o[0m
[14.157s] [ 50%] [32mBuilding C object CMakeFiles/vision_msgs__rosidl_typesupport_introspection_c.dir/rosidl_typesupport_introspection_c/vision_msgs/msg/detail/classification__type_support.c.o[0m
[14.171s] [ 51%] [32mBuilding C object CMakeFiles/vision_msgs__rosidl_typesupport_introspection_c.dir/rosidl_typesupport_introspection_c/vision_msgs/msg/detail/detection2_d_array__type_support.c.o[0m
[14.177s] [ 51%] [32mBuilding CXX object CMakeFiles/vision_msgs__rosidl_typesupport_c.dir/rosidl_typesupport_c/vision_msgs/msg/vision_info__type_support.cpp.o[0m
[14.237s] [ 51%] [32mBuilding CXX object CMakeFiles/vision_msgs__rosidl_typesupport_introspection_cpp.dir/rosidl_typesupport_introspection_cpp/vision_msgs/msg/detail/detection2_d__type_support.cpp.o[0m
[14.253s] [ 52%] [32mBuilding C object CMakeFiles/vision_msgs__rosidl_typesupport_introspection_c.dir/rosidl_typesupport_introspection_c/vision_msgs/msg/detail/detection2_d__type_support.c.o[0m
[14.275s] [ 53%] [32mBuilding CXX object CMakeFiles/vision_msgs__rosidl_typesupport_fastrtps_cpp.dir/rosidl_typesupport_fastrtps_cpp/vision_msgs/msg/detail/dds_fastrtps/classification__type_support.cpp.o[0m
[14.277s] [ 54%] [32m[1mLinking CXX shared library libvision_msgs__rosidl_typesupport_c.so[0m
[14.301s] [ 54%] [32mBuilding C object CMakeFiles/vision_msgs__rosidl_typesupport_introspection_c.dir/rosidl_typesupport_introspection_c/vision_msgs/msg/detail/detection3_d_array__type_support.c.o[0m
[14.437s] [ 55%] [32mBuilding C object CMakeFiles/vision_msgs__rosidl_typesupport_introspection_c.dir/rosidl_typesupport_introspection_c/vision_msgs/msg/detail/detection3_d__type_support.c.o[0m
[14.444s] [ 55%] [32mBuilding CXX object CMakeFiles/vision_msgs__rosidl_typesupport_fastrtps_c.dir/rosidl_typesupport_fastrtps_c/vision_msgs/msg/detail/bounding_box2_d_array__type_support_c.cpp.o[0m
[14.450s] [ 55%] Built target vision_msgs__rosidl_typesupport_c
[14.473s] [ 56%] [32mBuilding CXX object CMakeFiles/vision_msgs__rosidl_typesupport_introspection_cpp.dir/rosidl_typesupport_introspection_cpp/vision_msgs/msg/detail/detection3_d_array__type_support.cpp.o[0m
[14.495s] [ 57%] [32mBuilding C object CMakeFiles/vision_msgs__rosidl_typesupport_introspection_c.dir/rosidl_typesupport_introspection_c/vision_msgs/msg/detail/label_info__type_support.c.o[0m
[14.609s] [ 58%] [32mBuilding CXX object CMakeFiles/vision_msgs__rosidl_typesupport_introspection_cpp.dir/rosidl_typesupport_introspection_cpp/vision_msgs/msg/detail/detection3_d__type_support.cpp.o[0m
[14.657s] [ 58%] [32mBuilding C object CMakeFiles/vision_msgs__rosidl_typesupport_introspection_c.dir/rosidl_typesupport_introspection_c/vision_msgs/msg/detail/object_hypothesis__type_support.c.o[0m
[14.779s] [ 59%] [32mBuilding C object CMakeFiles/vision_msgs__rosidl_typesupport_introspection_c.dir/rosidl_typesupport_introspection_c/vision_msgs/msg/detail/object_hypothesis_with_pose__type_support.c.o[0m
[14.927s] [ 59%] [32mBuilding C object CMakeFiles/vision_msgs__rosidl_typesupport_introspection_c.dir/rosidl_typesupport_introspection_c/vision_msgs/msg/detail/vision_class__type_support.c.o[0m
[14.955s] [ 60%] [32mBuilding C object CMakeFiles/vision_msgs__rosidl_typesupport_introspection_c.dir/rosidl_typesupport_introspection_c/vision_msgs/msg/detail/point2_d__type_support.c.o[0m
[15.027s] [ 60%] [32mBuilding CXX object CMakeFiles/vision_msgs__rosidl_typesupport_introspection_cpp.dir/rosidl_typesupport_introspection_cpp/vision_msgs/msg/detail/label_info__type_support.cpp.o[0m
[15.057s] [ 61%] [32mBuilding C object CMakeFiles/vision_msgs__rosidl_typesupport_introspection_c.dir/rosidl_typesupport_introspection_c/vision_msgs/msg/detail/pose2_d__type_support.c.o[0m
[15.077s] [ 61%] [32mBuilding C object CMakeFiles/vision_msgs__rosidl_typesupport_introspection_c.dir/rosidl_typesupport_introspection_c/vision_msgs/msg/detail/vision_info__type_support.c.o[0m
[15.115s] [ 62%] [32mBuilding CXX object CMakeFiles/vision_msgs__rosidl_typesupport_fastrtps_c.dir/rosidl_typesupport_fastrtps_c/vision_msgs/msg/detail/bounding_box3_d__type_support_c.cpp.o[0m
[15.157s] [ 63%] [32mBuilding CXX object CMakeFiles/vision_msgs__rosidl_typesupport_fastrtps_cpp.dir/rosidl_typesupport_fastrtps_cpp/vision_msgs/msg/detail/dds_fastrtps/detection2_d_array__type_support.cpp.o[0m
[15.161s] [ 64%] [32mBuilding CXX object CMakeFiles/vision_msgs__rosidl_typesupport_introspection_cpp.dir/rosidl_typesupport_introspection_cpp/vision_msgs/msg/detail/object_hypothesis__type_support.cpp.o[0m
[15.202s] [ 64%] [32mBuilding CXX object CMakeFiles/vision_msgs__rosidl_typesupport_introspection_cpp.dir/rosidl_typesupport_introspection_cpp/vision_msgs/msg/detail/object_hypothesis_with_pose__type_support.cpp.o[0m
[15.231s] [ 65%] [32m[1mLinking C shared library libvision_msgs__rosidl_typesupport_introspection_c.so[0m
[15.361s] [ 66%] [32mBuilding CXX object CMakeFiles/vision_msgs__rosidl_typesupport_introspection_cpp.dir/rosidl_typesupport_introspection_cpp/vision_msgs/msg/detail/vision_class__type_support.cpp.o[0m
[15.432s] [ 67%] [32mBuilding CXX object CMakeFiles/vision_msgs__rosidl_typesupport_introspection_cpp.dir/rosidl_typesupport_introspection_cpp/vision_msgs/msg/detail/point2_d__type_support.cpp.o[0m
[15.435s] [ 67%] Built target vision_msgs__rosidl_typesupport_introspection_c
[15.483s] [ 67%] [32mBuilding CXX object CMakeFiles/vision_msgs__rosidl_typesupport_fastrtps_cpp.dir/rosidl_typesupport_fastrtps_cpp/vision_msgs/msg/detail/dds_fastrtps/detection2_d__type_support.cpp.o[0m
[15.739s] [ 68%] [32mBuilding CXX object CMakeFiles/vision_msgs__rosidl_typesupport_fastrtps_c.dir/rosidl_typesupport_fastrtps_c/vision_msgs/msg/detail/bounding_box3_d_array__type_support_c.cpp.o[0m
[15.807s] [ 68%] [32mBuilding CXX object CMakeFiles/vision_msgs__rosidl_typesupport_introspection_cpp.dir/rosidl_typesupport_introspection_cpp/vision_msgs/msg/detail/pose2_d__type_support.cpp.o[0m
[15.921s] [ 69%] [32mBuilding CXX object CMakeFiles/vision_msgs__rosidl_typesupport_introspection_cpp.dir/rosidl_typesupport_introspection_cpp/vision_msgs/msg/detail/vision_info__type_support.cpp.o[0m
[15.926s] [ 69%] [32mBuilding CXX object CMakeFiles/vision_msgs__rosidl_typesupport_fastrtps_c.dir/rosidl_typesupport_fastrtps_c/vision_msgs/msg/detail/classification__type_support_c.cpp.o[0m
[16.051s] [ 70%] [32mBuilding CXX object CMakeFiles/vision_msgs__rosidl_typesupport_fastrtps_cpp.dir/rosidl_typesupport_fastrtps_cpp/vision_msgs/msg/detail/dds_fastrtps/detection3_d_array__type_support.cpp.o[0m
[16.151s] [ 71%] [32mBuilding CXX object CMakeFiles/vision_msgs__rosidl_typesupport_fastrtps_c.dir/rosidl_typesupport_fastrtps_c/vision_msgs/msg/detail/detection2_d_array__type_support_c.cpp.o[0m
[16.171s] [ 71%] [32mBuilding CXX object CMakeFiles/vision_msgs__rosidl_typesupport_fastrtps_cpp.dir/rosidl_typesupport_fastrtps_cpp/vision_msgs/msg/detail/dds_fastrtps/detection3_d__type_support.cpp.o[0m
[16.467s] [ 72%] [32mBuilding CXX object CMakeFiles/vision_msgs__rosidl_typesupport_fastrtps_c.dir/rosidl_typesupport_fastrtps_c/vision_msgs/msg/detail/detection2_d__type_support_c.cpp.o[0m
[16.472s] [ 73%] [32mBuilding CXX object CMakeFiles/vision_msgs__rosidl_typesupport_fastrtps_cpp.dir/rosidl_typesupport_fastrtps_cpp/vision_msgs/msg/detail/dds_fastrtps/label_info__type_support.cpp.o[0m
[16.535s] [ 73%] [32mBuilding CXX object CMakeFiles/vision_msgs__rosidl_typesupport_fastrtps_c.dir/rosidl_typesupport_fastrtps_c/vision_msgs/msg/detail/detection3_d_array__type_support_c.cpp.o[0m
[16.563s] [ 74%] [32mBuilding CXX object CMakeFiles/vision_msgs__rosidl_typesupport_fastrtps_cpp.dir/rosidl_typesupport_fastrtps_cpp/vision_msgs/msg/detail/dds_fastrtps/object_hypothesis__type_support.cpp.o[0m
[16.573s] [ 75%] [32m[1mLinking CXX shared library libvision_msgs__rosidl_typesupport_introspection_cpp.so[0m
[16.876s] [ 75%] Built target vision_msgs__rosidl_typesupport_introspection_cpp
[16.899s] [ 75%] [32mBuilding CXX object CMakeFiles/vision_msgs__rosidl_typesupport_fastrtps_cpp.dir/rosidl_typesupport_fastrtps_cpp/vision_msgs/msg/detail/dds_fastrtps/object_hypothesis_with_pose__type_support.cpp.o[0m
[16.919s] [ 76%] [32mBuilding CXX object CMakeFiles/vision_msgs__rosidl_typesupport_fastrtps_c.dir/rosidl_typesupport_fastrtps_c/vision_msgs/msg/detail/detection3_d__type_support_c.cpp.o[0m
[17.088s] [ 77%] [32mBuilding CXX object CMakeFiles/vision_msgs__rosidl_typesupport_fastrtps_cpp.dir/rosidl_typesupport_fastrtps_cpp/vision_msgs/msg/detail/dds_fastrtps/vision_class__type_support.cpp.o[0m
[17.096s] [ 77%] [32mBuilding CXX object CMakeFiles/vision_msgs__rosidl_typesupport_fastrtps_c.dir/rosidl_typesupport_fastrtps_c/vision_msgs/msg/detail/label_info__type_support_c.cpp.o[0m
[17.110s] [ 78%] [32mBuilding CXX object CMakeFiles/vision_msgs__rosidl_typesupport_fastrtps_c.dir/rosidl_typesupport_fastrtps_c/vision_msgs/msg/detail/object_hypothesis__type_support_c.cpp.o[0m
[17.216s] [ 79%] [32mBuilding CXX object CMakeFiles/vision_msgs__rosidl_typesupport_fastrtps_c.dir/rosidl_typesupport_fastrtps_c/vision_msgs/msg/detail/object_hypothesis_with_pose__type_support_c.cpp.o[0m
[17.272s] [ 80%] [32mBuilding CXX object CMakeFiles/vision_msgs__rosidl_typesupport_fastrtps_cpp.dir/rosidl_typesupport_fastrtps_cpp/vision_msgs/msg/detail/dds_fastrtps/point2_d__type_support.cpp.o[0m
[17.359s] [ 80%] [32mBuilding CXX object CMakeFiles/vision_msgs__rosidl_typesupport_fastrtps_cpp.dir/rosidl_typesupport_fastrtps_cpp/vision_msgs/msg/detail/dds_fastrtps/pose2_d__type_support.cpp.o[0m
[17.716s] [ 81%] [32mBuilding CXX object CMakeFiles/vision_msgs__rosidl_typesupport_fastrtps_cpp.dir/rosidl_typesupport_fastrtps_cpp/vision_msgs/msg/detail/dds_fastrtps/vision_info__type_support.cpp.o[0m
[17.740s] [ 81%] [32mBuilding CXX object CMakeFiles/vision_msgs__rosidl_typesupport_fastrtps_c.dir/rosidl_typesupport_fastrtps_c/vision_msgs/msg/detail/vision_class__type_support_c.cpp.o[0m
[17.761s] [ 82%] [32mBuilding CXX object CMakeFiles/vision_msgs__rosidl_typesupport_fastrtps_c.dir/rosidl_typesupport_fastrtps_c/vision_msgs/msg/detail/point2_d__type_support_c.cpp.o[0m
[17.772s] [ 83%] [32mBuilding CXX object CMakeFiles/vision_msgs__rosidl_typesupport_fastrtps_c.dir/rosidl_typesupport_fastrtps_c/vision_msgs/msg/detail/pose2_d__type_support_c.cpp.o[0m
[17.804s] [ 83%] [32mBuilding CXX object CMakeFiles/vision_msgs__rosidl_typesupport_fastrtps_c.dir/rosidl_typesupport_fastrtps_c/vision_msgs/msg/detail/vision_info__type_support_c.cpp.o[0m
[18.625s] [ 84%] [32m[1mLinking CXX shared library libvision_msgs__rosidl_typesupport_fastrtps_c.so[0m
[18.687s] [ 85%] [32m[1mLinking CXX shared library libvision_msgs__rosidl_typesupport_fastrtps_cpp.so[0m
[18.763s] [ 85%] Built target vision_msgs__rosidl_typesupport_fastrtps_c
[18.823s] [ 85%] Built target vision_msgs__rosidl_typesupport_fastrtps_cpp
[18.865s] [ 85%] Built target vision_msgs
[18.907s] [ 85%] [34m[1mGenerating Python code for ROS interfaces[0m
[18.907s] [ 86%] [32mBuilding CXX object CMakeFiles/vision_msgs_test.dir/test/main.cpp.o[0m
[19.922s] [ 87%] [32m[1mLinking CXX executable vision_msgs_test[0m
[20.149s] [ 87%] Built target vision_msgs_test
[23.404s] [ 87%] Built target vision_msgs__py
[23.450s] [ 87%] [32mBuilding C object CMakeFiles/vision_msgs__rosidl_generator_py.dir/rosidl_generator_py/vision_msgs/msg/_bounding_box2_d_s.c.o[0m
[23.459s] [ 89%] [32mBuilding C object CMakeFiles/vision_msgs__rosidl_generator_py.dir/rosidl_generator_py/vision_msgs/msg/_bounding_box3_d_s.c.o[0m
[23.460s] [ 89%] [32mBuilding C object CMakeFiles/vision_msgs__rosidl_generator_py.dir/rosidl_generator_py/vision_msgs/msg/_bounding_box3_d_array_s.c.o[0m
[23.472s] [ 89%] [32mBuilding C object CMakeFiles/vision_msgs__rosidl_generator_py.dir/rosidl_generator_py/vision_msgs/msg/_bounding_box2_d_array_s.c.o[0m
[23.483s] [ 91%] [32mBuilding C object CMakeFiles/vision_msgs__rosidl_generator_py.dir/rosidl_generator_py/vision_msgs/msg/_detection3_d_array_s.c.o[0m
[23.483s] [ 91%] [32mBuilding C object CMakeFiles/vision_msgs__rosidl_generator_py.dir/rosidl_generator_py/vision_msgs/msg/_detection2_d_array_s.c.o[0m
[23.485s] [ 91%] [32mBuilding C object CMakeFiles/vision_msgs__rosidl_generator_py.dir/rosidl_generator_py/vision_msgs/msg/_classification_s.c.o[0m
[23.488s] [ 92%] [32mBuilding C object CMakeFiles/vision_msgs__rosidl_generator_py.dir/rosidl_generator_py/vision_msgs/msg/_detection2_d_s.c.o[0m
[23.756s] [ 92%] [32mBuilding C object CMakeFiles/vision_msgs__rosidl_generator_py.dir/rosidl_generator_py/vision_msgs/msg/_detection3_d_s.c.o[0m
[23.786s] [ 93%] [32mBuilding C object CMakeFiles/vision_msgs__rosidl_generator_py.dir/rosidl_generator_py/vision_msgs/msg/_label_info_s.c.o[0m
[23.789s] [ 94%] [32mBuilding C object CMakeFiles/vision_msgs__rosidl_generator_py.dir/rosidl_generator_py/vision_msgs/msg/_object_hypothesis_s.c.o[0m
[23.806s] [ 94%] [32mBuilding C object CMakeFiles/vision_msgs__rosidl_generator_py.dir/rosidl_generator_py/vision_msgs/msg/_object_hypothesis_with_pose_s.c.o[0m
[23.807s] [ 95%] [32mBuilding C object CMakeFiles/vision_msgs__rosidl_generator_py.dir/rosidl_generator_py/vision_msgs/msg/_vision_class_s.c.o[0m
[23.872s] [ 96%] [32mBuilding C object CMakeFiles/vision_msgs__rosidl_generator_py.dir/rosidl_generator_py/vision_msgs/msg/_point2_d_s.c.o[0m
[23.934s] [ 96%] [32mBuilding C object CMakeFiles/vision_msgs__rosidl_generator_py.dir/rosidl_generator_py/vision_msgs/msg/_pose2_d_s.c.o[0m
[23.939s] [ 97%] [32mBuilding C object CMakeFiles/vision_msgs__rosidl_generator_py.dir/rosidl_generator_py/vision_msgs/msg/_vision_info_s.c.o[0m
[24.166s] [ 97%] [32m[1mLinking C shared library rosidl_generator_py/vision_msgs/libvision_msgs__rosidl_generator_py.so[0m
[24.231s] [ 97%] Built target vision_msgs__rosidl_generator_py
[24.280s] [ 98%] [32mBuilding C object CMakeFiles/vision_msgs__rosidl_typesupport_fastrtps_c__pyext.dir/rosidl_generator_py/vision_msgs/_vision_msgs_s.ep.rosidl_typesupport_fastrtps_c.c.o[0m
[24.280s] [ 99%] [32mBuilding C object CMakeFiles/vision_msgs__rosidl_typesupport_introspection_c__pyext.dir/rosidl_generator_py/vision_msgs/_vision_msgs_s.ep.rosidl_typesupport_introspection_c.c.o[0m
[24.299s] [ 99%] [32mBuilding C object CMakeFiles/vision_msgs__rosidl_typesupport_c__pyext.dir/rosidl_generator_py/vision_msgs/_vision_msgs_s.ep.rosidl_typesupport_c.c.o[0m
[24.507s] [ 99%] [32m[1mLinking C shared library rosidl_generator_py/vision_msgs/vision_msgs_s__rosidl_typesupport_fastrtps_c.cpython-310-x86_64-linux-gnu.so[0m
[24.543s] [ 99%] [32m[1mLinking C shared library rosidl_generator_py/vision_msgs/vision_msgs_s__rosidl_typesupport_introspection_c.cpython-310-x86_64-linux-gnu.so[0m
[24.554s] [100%] [32m[1mLinking C shared library rosidl_generator_py/vision_msgs/vision_msgs_s__rosidl_typesupport_c.cpython-310-x86_64-linux-gnu.so[0m
[24.583s] [100%] Built target vision_msgs__rosidl_typesupport_fastrtps_c__pyext
[24.621s] [100%] Built target vision_msgs__rosidl_typesupport_introspection_c__pyext
[24.632s] [100%] Built target vision_msgs__rosidl_typesupport_c__pyext
[24.648s] Invoked command in '/home/user/ros2_ws/build/vision_msgs' returned '0': CMAKE_PREFIX_PATH=${CMAKE_PREFIX_PATH}:/home/simulations/ros2_sims_ws/install/rclrs_tests:/home/simulations/ros2_sims_ws/install/examples_rclrs_minimal_client_service:/home/simulations/ros2_sims_ws/install/sensor_msgs_py:/home/simulations/ros2_sims_ws/install/examples_rclrs_minimal_pub_sub:/home/simulations/ros2_sims_ws/install/examples_rclrs_message_demo:/home/simulations/ros2_sims_ws/install/rclrs:/home/simulations/ros2_sims_ws/install/rosidl_runtime_rs:/opt/ros/humble _=/usr/bin/env /usr/bin/cmake --build /home/user/ros2_ws/build/vision_msgs -- -j8 -l8
[25.713s] Invoking command in '/home/user/ros2_ws/build/vision_msgs': CMAKE_PREFIX_PATH=${CMAKE_PREFIX_PATH}:/home/simulations/ros2_sims_ws/install/rclrs_tests:/home/simulations/ros2_sims_ws/install/examples_rclrs_minimal_client_service:/home/simulations/ros2_sims_ws/install/sensor_msgs_py:/home/simulations/ros2_sims_ws/install/examples_rclrs_minimal_pub_sub:/home/simulations/ros2_sims_ws/install/examples_rclrs_message_demo:/home/simulations/ros2_sims_ws/install/rclrs:/home/simulations/ros2_sims_ws/install/rosidl_runtime_rs:/opt/ros/humble _=/usr/bin/env /usr/bin/cmake --install /home/user/ros2_ws/build/vision_msgs
[25.724s] -- Install configuration: ""
[25.724s] -- Installing: /home/user/ros2_ws/install/vision_msgs/share/ament_index/resource_index/rosidl_interfaces/vision_msgs
[25.725s] -- Installing: /home/user/ros2_ws/install/vision_msgs/include/vision_msgs/vision_msgs
[25.725s] -- Installing: /home/user/ros2_ws/install/vision_msgs/include/vision_msgs/vision_msgs/msg
[25.725s] -- Installing: /home/user/ros2_ws/install/vision_msgs/include/vision_msgs/vision_msgs/msg/detail
[25.725s] -- Installing: /home/user/ros2_ws/install/vision_msgs/include/vision_msgs/vision_msgs/msg/detail/point2_d__functions.c
[25.725s] -- Installing: /home/user/ros2_ws/install/vision_msgs/include/vision_msgs/vision_msgs/msg/detail/bounding_box3_d__functions.h
[25.725s] -- Installing: /home/user/ros2_ws/install/vision_msgs/include/vision_msgs/vision_msgs/msg/detail/detection3_d__type_support.h
[25.725s] -- Installing: /home/user/ros2_ws/install/vision_msgs/include/vision_msgs/vision_msgs/msg/detail/object_hypothesis__struct.h
[25.726s] -- Installing: /home/user/ros2_ws/install/vision_msgs/include/vision_msgs/vision_msgs/msg/detail/label_info__type_support.h
[25.726s] -- Installing: /home/user/ros2_ws/install/vision_msgs/include/vision_msgs/vision_msgs/msg/detail/vision_class__functions.h
[25.726s] -- Installing: /home/user/ros2_ws/install/vision_msgs/include/vision_msgs/vision_msgs/msg/detail/label_info__struct.h
[25.726s] -- Installing: /home/user/ros2_ws/install/vision_msgs/include/vision_msgs/vision_msgs/msg/detail/object_hypothesis__type_support.h
[25.726s] -- Installing: /home/user/ros2_ws/install/vision_msgs/include/vision_msgs/vision_msgs/msg/detail/classification__functions.h
[25.726s] -- Installing: /home/user/ros2_ws/install/vision_msgs/include/vision_msgs/vision_msgs/msg/detail/bounding_box3_d_array__functions.h
[25.727s] -- Installing: /home/user/ros2_ws/install/vision_msgs/include/vision_msgs/vision_msgs/msg/detail/vision_info__struct.h
[25.727s] -- Installing: /home/user/ros2_ws/install/vision_msgs/include/vision_msgs/vision_msgs/msg/detail/vision_info__type_support.h
[25.727s] -- Installing: /home/user/ros2_ws/install/vision_msgs/include/vision_msgs/vision_msgs/msg/detail/detection2_d__functions.h
[25.727s] -- Installing: /home/user/ros2_ws/install/vision_msgs/include/vision_msgs/vision_msgs/msg/detail/bounding_box2_d_array__struct.h
[25.727s] -- Installing: /home/user/ros2_ws/install/vision_msgs/include/vision_msgs/vision_msgs/msg/detail/bounding_box3_d_array__functions.c
[25.727s] -- Installing: /home/user/ros2_ws/install/vision_msgs/include/vision_msgs/vision_msgs/msg/detail/detection2_d__functions.c
[25.728s] -- Installing: /home/user/ros2_ws/install/vision_msgs/include/vision_msgs/vision_msgs/msg/detail/vision_class__struct.h
[25.728s] -- Installing: /home/user/ros2_ws/install/vision_msgs/include/vision_msgs/vision_msgs/msg/detail/label_info__functions.h
[25.728s] -- Installing: /home/user/ros2_ws/install/vision_msgs/include/vision_msgs/vision_msgs/msg/detail/object_hypothesis_with_pose__type_support.h
[25.728s] -- Installing: /home/user/ros2_ws/install/vision_msgs/include/vision_msgs/vision_msgs/msg/detail/pose2_d__functions.h
[25.728s] -- Installing: /home/user/ros2_ws/install/vision_msgs/include/vision_msgs/vision_msgs/msg/detail/vision_class__type_support.h
[25.728s] -- Installing: /home/user/ros2_ws/install/vision_msgs/include/vision_msgs/vision_msgs/msg/detail/bounding_box3_d__functions.c
[25.728s] -- Installing: /home/user/ros2_ws/install/vision_msgs/include/vision_msgs/vision_msgs/msg/detail/detection3_d__functions.h
[25.729s] -- Installing: /home/user/ros2_ws/install/vision_msgs/include/vision_msgs/vision_msgs/msg/detail/detection3_d_array__type_support.h
[25.729s] -- Installing: /home/user/ros2_ws/install/vision_msgs/include/vision_msgs/vision_msgs/msg/detail/detection3_d__struct.h
[25.729s] -- Installing: /home/user/ros2_ws/install/vision_msgs/include/vision_msgs/vision_msgs/msg/detail/detection2_d__type_support.h
[25.729s] -- Installing: /home/user/ros2_ws/install/vision_msgs/include/vision_msgs/vision_msgs/msg/detail/classification__type_support.h
[25.729s] -- Installing: /home/user/ros2_ws/install/vision_msgs/include/vision_msgs/vision_msgs/msg/detail/object_hypothesis__functions.h
[25.729s] -- Installing: /home/user/ros2_ws/install/vision_msgs/include/vision_msgs/vision_msgs/msg/detail/vision_class__functions.c
[25.730s] -- Installing: /home/user/ros2_ws/install/vision_msgs/include/vision_msgs/vision_msgs/msg/detail/detection2_d__struct.h
[25.730s] -- Installing: /home/user/ros2_ws/install/vision_msgs/include/vision_msgs/vision_msgs/msg/detail/vision_info__functions.h
[25.730s] -- Installing: /home/user/ros2_ws/install/vision_msgs/include/vision_msgs/vision_msgs/msg/detail/bounding_box2_d__struct.h
[25.730s] -- Installing: /home/user/ros2_ws/install/vision_msgs/include/vision_msgs/vision_msgs/msg/detail/pose2_d__struct.h
[25.730s] -- Installing: /home/user/ros2_ws/install/vision_msgs/include/vision_msgs/vision_msgs/msg/detail/object_hypothesis_with_pose__functions.h
[25.730s] -- Installing: /home/user/ros2_ws/install/vision_msgs/include/vision_msgs/vision_msgs/msg/detail/object_hypothesis_with_pose__struct.h
[25.730s] -- Installing: /home/user/ros2_ws/install/vision_msgs/include/vision_msgs/vision_msgs/msg/detail/point2_d__type_support.h
[25.730s] -- Installing: /home/user/ros2_ws/install/vision_msgs/include/vision_msgs/vision_msgs/msg/detail/object_hypothesis__functions.c
[25.731s] -- Installing: /home/user/ros2_ws/install/vision_msgs/include/vision_msgs/vision_msgs/msg/detail/bounding_box2_d__functions.c
[25.731s] -- Installing: /home/user/ros2_ws/install/vision_msgs/include/vision_msgs/vision_msgs/msg/detail/bounding_box3_d_array__type_support.h
[25.731s] -- Installing: /home/user/ros2_ws/install/vision_msgs/include/vision_msgs/vision_msgs/msg/detail/bounding_box2_d_array__functions.c
[25.731s] -- Installing: /home/user/ros2_ws/install/vision_msgs/include/vision_msgs/vision_msgs/msg/detail/pose2_d__type_support.h
[25.731s] -- Installing: /home/user/ros2_ws/install/vision_msgs/include/vision_msgs/vision_msgs/msg/detail/detection3_d_array__functions.h
[25.731s] -- Installing: /home/user/ros2_ws/install/vision_msgs/include/vision_msgs/vision_msgs/msg/detail/bounding_box2_d__functions.h
[25.732s] -- Installing: /home/user/ros2_ws/install/vision_msgs/include/vision_msgs/vision_msgs/msg/detail/label_info__functions.c
[25.732s] -- Installing: /home/user/ros2_ws/install/vision_msgs/include/vision_msgs/vision_msgs/msg/detail/classification__functions.c
[25.732s] -- Installing: /home/user/ros2_ws/install/vision_msgs/include/vision_msgs/vision_msgs/msg/detail/bounding_box3_d_array__struct.h
[25.732s] -- Installing: /home/user/ros2_ws/install/vision_msgs/include/vision_msgs/vision_msgs/msg/detail/bounding_box2_d_array__type_support.h
[25.732s] -- Installing: /home/user/ros2_ws/install/vision_msgs/include/vision_msgs/vision_msgs/msg/detail/detection2_d_array__functions.c
[25.732s] -- Installing: /home/user/ros2_ws/install/vision_msgs/include/vision_msgs/vision_msgs/msg/detail/detection3_d_array__struct.h
[25.732s] -- Installing: /home/user/ros2_ws/install/vision_msgs/include/vision_msgs/vision_msgs/msg/detail/bounding_box3_d__struct.h
[25.733s] -- Installing: /home/user/ros2_ws/install/vision_msgs/include/vision_msgs/vision_msgs/msg/detail/bounding_box2_d__type_support.h
[25.733s] -- Installing: /home/user/ros2_ws/install/vision_msgs/include/vision_msgs/vision_msgs/msg/detail/point2_d__functions.h
[25.733s] -- Installing: /home/user/ros2_ws/install/vision_msgs/include/vision_msgs/vision_msgs/msg/detail/pose2_d__functions.c
[25.733s] -- Installing: /home/user/ros2_ws/install/vision_msgs/include/vision_msgs/vision_msgs/msg/detail/object_hypothesis_with_pose__functions.c
[25.733s] -- Installing: /home/user/ros2_ws/install/vision_msgs/include/vision_msgs/vision_msgs/msg/detail/bounding_box2_d_array__functions.h
[25.733s] -- Installing: /home/user/ros2_ws/install/vision_msgs/include/vision_msgs/vision_msgs/msg/detail/detection2_d_array__functions.h
[25.734s] -- Installing: /home/user/ros2_ws/install/vision_msgs/include/vision_msgs/vision_msgs/msg/detail/detection2_d_array__struct.h
[25.734s] -- Installing: /home/user/ros2_ws/install/vision_msgs/include/vision_msgs/vision_msgs/msg/detail/point2_d__struct.h
[25.734s] -- Installing: /home/user/ros2_ws/install/vision_msgs/include/vision_msgs/vision_msgs/msg/detail/detection2_d_array__type_support.h
[25.734s] -- Installing: /home/user/ros2_ws/install/vision_msgs/include/vision_msgs/vision_msgs/msg/detail/detection3_d__functions.c
[25.734s] -- Installing: /home/user/ros2_ws/install/vision_msgs/include/vision_msgs/vision_msgs/msg/detail/detection3_d_array__functions.c
[25.734s] -- Installing: /home/user/ros2_ws/install/vision_msgs/include/vision_msgs/vision_msgs/msg/detail/classification__struct.h
[25.735s] -- Installing: /home/user/ros2_ws/install/vision_msgs/include/vision_msgs/vision_msgs/msg/detail/bounding_box3_d__type_support.h
[25.735s] -- Installing: /home/user/ros2_ws/install/vision_msgs/include/vision_msgs/vision_msgs/msg/detail/vision_info__functions.c
[25.735s] -- Installing: /home/user/ros2_ws/install/vision_msgs/include/vision_msgs/vision_msgs/msg/detection3_d_array.h
[25.735s] -- Installing: /home/user/ros2_ws/install/vision_msgs/include/vision_msgs/vision_msgs/msg/rosidl_generator_c__visibility_control.h
[25.735s] -- Installing: /home/user/ros2_ws/install/vision_msgs/include/vision_msgs/vision_msgs/msg/vision_info.h
[25.735s] -- Installing: /home/user/ros2_ws/install/vision_msgs/include/vision_msgs/vision_msgs/msg/vision_class.h
[25.735s] -- Installing: /home/user/ros2_ws/install/vision_msgs/include/vision_msgs/vision_msgs/msg/pose2_d.h
[25.735s] -- Installing: /home/user/ros2_ws/install/vision_msgs/include/vision_msgs/vision_msgs/msg/label_info.h
[25.736s] -- Installing: /home/user/ros2_ws/install/vision_msgs/include/vision_msgs/vision_msgs/msg/classification.h
[25.736s] -- Installing: /home/user/ros2_ws/install/vision_msgs/include/vision_msgs/vision_msgs/msg/bounding_box2_d_array.h
[25.736s] -- Installing: /home/user/ros2_ws/install/vision_msgs/include/vision_msgs/vision_msgs/msg/object_hypothesis.h
[25.736s] -- Installing: /home/user/ros2_ws/install/vision_msgs/include/vision_msgs/vision_msgs/msg/detection2_d_array.h
[25.736s] -- Installing: /home/user/ros2_ws/install/vision_msgs/include/vision_msgs/vision_msgs/msg/detection3_d.h
[25.736s] -- Installing: /home/user/ros2_ws/install/vision_msgs/include/vision_msgs/vision_msgs/msg/point2_d.h
[25.737s] -- Installing: /home/user/ros2_ws/install/vision_msgs/include/vision_msgs/vision_msgs/msg/bounding_box3_d_array.h
[25.737s] -- Installing: /home/user/ros2_ws/install/vision_msgs/include/vision_msgs/vision_msgs/msg/object_hypothesis_with_pose.h
[25.737s] -- Installing: /home/user/ros2_ws/install/vision_msgs/include/vision_msgs/vision_msgs/msg/bounding_box2_d.h
[25.737s] -- Installing: /home/user/ros2_ws/install/vision_msgs/include/vision_msgs/vision_msgs/msg/detection2_d.h
[25.737s] -- Installing: /home/user/ros2_ws/install/vision_msgs/include/vision_msgs/vision_msgs/msg/bounding_box3_d.h
[25.737s] -- Installing: /home/user/ros2_ws/install/vision_msgs/share/vision_msgs/environment/library_path.sh
[25.738s] -- Installing: /home/user/ros2_ws/install/vision_msgs/share/vision_msgs/environment/library_path.dsv
[25.738s] -- Installing: /home/user/ros2_ws/install/vision_msgs/lib/libvision_msgs__rosidl_generator_c.so
[25.738s] -- Set runtime path of "/home/user/ros2_ws/install/vision_msgs/lib/libvision_msgs__rosidl_generator_c.so" to ""
[25.738s] -- Up-to-date: /home/user/ros2_ws/install/vision_msgs/include/vision_msgs/vision_msgs
[25.738s] -- Up-to-date: /home/user/ros2_ws/install/vision_msgs/include/vision_msgs/vision_msgs/msg
[25.738s] -- Up-to-date: /home/user/ros2_ws/install/vision_msgs/include/vision_msgs/vision_msgs/msg/detail
[25.738s] -- Installing: /home/user/ros2_ws/install/vision_msgs/include/vision_msgs/vision_msgs/msg/detail/detection2_d_array__rosidl_typesupport_fastrtps_c.h
[25.739s] -- Installing: /home/user/ros2_ws/install/vision_msgs/include/vision_msgs/vision_msgs/msg/detail/vision_info__rosidl_typesupport_fastrtps_c.h
[25.739s] -- Installing: /home/user/ros2_ws/install/vision_msgs/include/vision_msgs/vision_msgs/msg/detail/point2_d__rosidl_typesupport_fastrtps_c.h
[25.739s] -- Installing: /home/user/ros2_ws/install/vision_msgs/include/vision_msgs/vision_msgs/msg/detail/detection2_d__rosidl_typesupport_fastrtps_c.h
[25.739s] -- Installing: /home/user/ros2_ws/install/vision_msgs/include/vision_msgs/vision_msgs/msg/detail/bounding_box3_d_array__rosidl_typesupport_fastrtps_c.h
[25.739s] -- Installing: /home/user/ros2_ws/install/vision_msgs/include/vision_msgs/vision_msgs/msg/detail/classification__rosidl_typesupport_fastrtps_c.h
[25.739s] -- Installing: /home/user/ros2_ws/install/vision_msgs/include/vision_msgs/vision_msgs/msg/detail/bounding_box2_d_array__rosidl_typesupport_fastrtps_c.h
[25.740s] -- Installing: /home/user/ros2_ws/install/vision_msgs/include/vision_msgs/vision_msgs/msg/detail/object_hypothesis__rosidl_typesupport_fastrtps_c.h
[25.740s] -- Installing: /home/user/ros2_ws/install/vision_msgs/include/vision_msgs/vision_msgs/msg/detail/label_info__rosidl_typesupport_fastrtps_c.h
[25.740s] -- Installing: /home/user/ros2_ws/install/vision_msgs/include/vision_msgs/vision_msgs/msg/detail/detection3_d_array__rosidl_typesupport_fastrtps_c.h
[25.740s] -- Installing: /home/user/ros2_ws/install/vision_msgs/include/vision_msgs/vision_msgs/msg/detail/pose2_d__rosidl_typesupport_fastrtps_c.h
[25.740s] -- Installing: /home/user/ros2_ws/install/vision_msgs/include/vision_msgs/vision_msgs/msg/detail/bounding_box3_d__rosidl_typesupport_fastrtps_c.h
[25.740s] -- Installing: /home/user/ros2_ws/install/vision_msgs/include/vision_msgs/vision_msgs/msg/detail/object_hypothesis_with_pose__rosidl_typesupport_fastrtps_c.h
[25.741s] -- Installing: /home/user/ros2_ws/install/vision_msgs/include/vision_msgs/vision_msgs/msg/detail/detection3_d__rosidl_typesupport_fastrtps_c.h
[25.741s] -- Installing: /home/user/ros2_ws/install/vision_msgs/include/vision_msgs/vision_msgs/msg/detail/vision_class__rosidl_typesupport_fastrtps_c.h
[25.741s] -- Installing: /home/user/ros2_ws/install/vision_msgs/include/vision_msgs/vision_msgs/msg/detail/bounding_box2_d__rosidl_typesupport_fastrtps_c.h
[25.741s] -- Installing: /home/user/ros2_ws/install/vision_msgs/include/vision_msgs/vision_msgs/msg/rosidl_typesupport_fastrtps_c__visibility_control.h
[25.741s] -- Installing: /home/user/ros2_ws/install/vision_msgs/lib/libvision_msgs__rosidl_typesupport_fastrtps_c.so
[25.742s] -- Set runtime path of "/home/user/ros2_ws/install/vision_msgs/lib/libvision_msgs__rosidl_typesupport_fastrtps_c.so" to ""
[25.742s] -- Up-to-date: /home/user/ros2_ws/install/vision_msgs/include/vision_msgs/vision_msgs
[25.743s] -- Up-to-date: /home/user/ros2_ws/install/vision_msgs/include/vision_msgs/vision_msgs/msg
[25.743s] -- Up-to-date: /home/user/ros2_ws/install/vision_msgs/include/vision_msgs/vision_msgs/msg/detail
[25.743s] -- Installing: /home/user/ros2_ws/install/vision_msgs/include/vision_msgs/vision_msgs/msg/detail/detection3_d_array__traits.hpp
[25.743s] -- Installing: /home/user/ros2_ws/install/vision_msgs/include/vision_msgs/vision_msgs/msg/detail/label_info__traits.hpp
[25.743s] -- Installing: /home/user/ros2_ws/install/vision_msgs/include/vision_msgs/vision_msgs/msg/detail/detection2_d_array__struct.hpp
[25.743s] -- Installing: /home/user/ros2_ws/install/vision_msgs/include/vision_msgs/vision_msgs/msg/detail/detection2_d__traits.hpp
[25.743s] -- Installing: /home/user/ros2_ws/install/vision_msgs/include/vision_msgs/vision_msgs/msg/detail/bounding_box3_d_array__traits.hpp
[25.743s] -- Installing: /home/user/ros2_ws/install/vision_msgs/include/vision_msgs/vision_msgs/msg/detail/classification__builder.hpp
[25.744s] -- Installing: /home/user/ros2_ws/install/vision_msgs/include/vision_msgs/vision_msgs/msg/detail/bounding_box2_d__struct.hpp
[25.744s] -- Installing: /home/user/ros2_ws/install/vision_msgs/include/vision_msgs/vision_msgs/msg/detail/object_hypothesis__traits.hpp
[25.744s] -- Installing: /home/user/ros2_ws/install/vision_msgs/include/vision_msgs/vision_msgs/msg/detail/detection3_d_array__builder.hpp
[25.744s] -- Installing: /home/user/ros2_ws/install/vision_msgs/include/vision_msgs/vision_msgs/msg/detail/detection2_d__builder.hpp
[25.744s] -- Installing: /home/user/ros2_ws/install/vision_msgs/include/vision_msgs/vision_msgs/msg/detail/object_hypothesis_with_pose__builder.hpp
[25.744s] -- Installing: /home/user/ros2_ws/install/vision_msgs/include/vision_msgs/vision_msgs/msg/detail/object_hypothesis_with_pose__struct.hpp
[25.745s] -- Installing: /home/user/ros2_ws/install/vision_msgs/include/vision_msgs/vision_msgs/msg/detail/label_info__builder.hpp
[25.745s] -- Installing: /home/user/ros2_ws/install/vision_msgs/include/vision_msgs/vision_msgs/msg/detail/pose2_d__traits.hpp
[25.745s] -- Installing: /home/user/ros2_ws/install/vision_msgs/include/vision_msgs/vision_msgs/msg/detail/vision_class__traits.hpp
[25.745s] -- Installing: /home/user/ros2_ws/install/vision_msgs/include/vision_msgs/vision_msgs/msg/detail/vision_info__builder.hpp
[25.745s] -- Installing: /home/user/ros2_ws/install/vision_msgs/include/vision_msgs/vision_msgs/msg/detail/bounding_box2_d__traits.hpp
[25.745s] -- Installing: /home/user/ros2_ws/install/vision_msgs/include/vision_msgs/vision_msgs/msg/detail/bounding_box3_d_array__builder.hpp
[25.745s] -- Installing: /home/user/ros2_ws/install/vision_msgs/include/vision_msgs/vision_msgs/msg/detail/detection2_d__struct.hpp
[25.746s] -- Installing: /home/user/ros2_ws/install/vision_msgs/include/vision_msgs/vision_msgs/msg/detail/point2_d__struct.hpp
[25.746s] -- Installing: /home/user/ros2_ws/install/vision_msgs/include/vision_msgs/vision_msgs/msg/detail/label_info__struct.hpp
[25.746s] -- Installing: /home/user/ros2_ws/install/vision_msgs/include/vision_msgs/vision_msgs/msg/detail/object_hypothesis__builder.hpp
[25.746s] -- Installing: /home/user/ros2_ws/install/vision_msgs/include/vision_msgs/vision_msgs/msg/detail/classification__struct.hpp
[25.746s] -- Installing: /home/user/ros2_ws/install/vision_msgs/include/vision_msgs/vision_msgs/msg/detail/vision_info__struct.hpp
[25.746s] -- Installing: /home/user/ros2_ws/install/vision_msgs/include/vision_msgs/vision_msgs/msg/detail/detection3_d__struct.hpp
[25.746s] -- Installing: /home/user/ros2_ws/install/vision_msgs/include/vision_msgs/vision_msgs/msg/detail/detection3_d_array__struct.hpp
[25.747s] -- Installing: /home/user/ros2_ws/install/vision_msgs/include/vision_msgs/vision_msgs/msg/detail/bounding_box2_d_array__struct.hpp
[25.747s] -- Installing: /home/user/ros2_ws/install/vision_msgs/include/vision_msgs/vision_msgs/msg/detail/point2_d__builder.hpp
[25.747s] -- Installing: /home/user/ros2_ws/install/vision_msgs/include/vision_msgs/vision_msgs/msg/detail/point2_d__traits.hpp
[25.747s] -- Installing: /home/user/ros2_ws/install/vision_msgs/include/vision_msgs/vision_msgs/msg/detail/bounding_box3_d_array__struct.hpp
[25.747s] -- Installing: /home/user/ros2_ws/install/vision_msgs/include/vision_msgs/vision_msgs/msg/detail/pose2_d__builder.hpp
[25.747s] -- Installing: /home/user/ros2_ws/install/vision_msgs/include/vision_msgs/vision_msgs/msg/detail/pose2_d__struct.hpp
[25.748s] -- Installing: /home/user/ros2_ws/install/vision_msgs/include/vision_msgs/vision_msgs/msg/detail/detection3_d__builder.hpp
[25.748s] -- Installing: /home/user/ros2_ws/install/vision_msgs/include/vision_msgs/vision_msgs/msg/detail/detection3_d__traits.hpp
[25.748s] -- Installing: /home/user/ros2_ws/install/vision_msgs/include/vision_msgs/vision_msgs/msg/detail/vision_class__builder.hpp
[25.748s] -- Installing: /home/user/ros2_ws/install/vision_msgs/include/vision_msgs/vision_msgs/msg/detail/vision_info__traits.hpp
[25.748s] -- Installing: /home/user/ros2_ws/install/vision_msgs/include/vision_msgs/vision_msgs/msg/detail/bounding_box3_d__traits.hpp
[25.748s] -- Installing: /home/user/ros2_ws/install/vision_msgs/include/vision_msgs/vision_msgs/msg/detail/object_hypothesis_with_pose__traits.hpp
[25.749s] -- Installing: /home/user/ros2_ws/install/vision_msgs/include/vision_msgs/vision_msgs/msg/detail/bounding_box3_d__builder.hpp
[25.749s] -- Installing: /home/user/ros2_ws/install/vision_msgs/include/vision_msgs/vision_msgs/msg/detail/bounding_box3_d__struct.hpp
[25.749s] -- Installing: /home/user/ros2_ws/install/vision_msgs/include/vision_msgs/vision_msgs/msg/detail/vision_class__struct.hpp
[25.749s] -- Installing: /home/user/ros2_ws/install/vision_msgs/include/vision_msgs/vision_msgs/msg/detail/detection2_d_array__builder.hpp
[25.749s] -- Installing: /home/user/ros2_ws/install/vision_msgs/include/vision_msgs/vision_msgs/msg/detail/classification__traits.hpp
[25.749s] -- Installing: /home/user/ros2_ws/install/vision_msgs/include/vision_msgs/vision_msgs/msg/detail/bounding_box2_d_array__builder.hpp
[25.750s] -- Installing: /home/user/ros2_ws/install/vision_msgs/include/vision_msgs/vision_msgs/msg/detail/bounding_box2_d__builder.hpp
[25.750s] -- Installing: /home/user/ros2_ws/install/vision_msgs/include/vision_msgs/vision_msgs/msg/detail/detection2_d_array__traits.hpp
[25.750s] -- Installing: /home/user/ros2_ws/install/vision_msgs/include/vision_msgs/vision_msgs/msg/detail/object_hypothesis__struct.hpp
[25.750s] -- Installing: /home/user/ros2_ws/install/vision_msgs/include/vision_msgs/vision_msgs/msg/detail/bounding_box2_d_array__traits.hpp
[25.750s] -- Installing: /home/user/ros2_ws/install/vision_msgs/include/vision_msgs/vision_msgs/msg/point2_d.hpp
[25.751s] -- Installing: /home/user/ros2_ws/install/vision_msgs/include/vision_msgs/vision_msgs/msg/detection3_d.hpp
[25.751s] -- Installing: /home/user/ros2_ws/install/vision_msgs/include/vision_msgs/vision_msgs/msg/bounding_box3_d_array.hpp
[25.751s] -- Installing: /home/user/ros2_ws/install/vision_msgs/include/vision_msgs/vision_msgs/msg/detection3_d_array.hpp
[25.751s] -- Installing: /home/user/ros2_ws/install/vision_msgs/include/vision_msgs/vision_msgs/msg/label_info.hpp
[25.751s] -- Installing: /home/user/ros2_ws/install/vision_msgs/include/vision_msgs/vision_msgs/msg/classification.hpp
[25.751s] -- Installing: /home/user/ros2_ws/install/vision_msgs/include/vision_msgs/vision_msgs/msg/object_hypothesis_with_pose.hpp
[25.752s] -- Installing: /home/user/ros2_ws/install/vision_msgs/include/vision_msgs/vision_msgs/msg/bounding_box2_d.hpp
[25.752s] -- Installing: /home/user/ros2_ws/install/vision_msgs/include/vision_msgs/vision_msgs/msg/bounding_box3_d.hpp
[25.752s] -- Installing: /home/user/ros2_ws/install/vision_msgs/include/vision_msgs/vision_msgs/msg/detection2_d.hpp
[25.752s] -- Installing: /home/user/ros2_ws/install/vision_msgs/include/vision_msgs/vision_msgs/msg/bounding_box2_d_array.hpp
[25.752s] -- Installing: /home/user/ros2_ws/install/vision_msgs/include/vision_msgs/vision_msgs/msg/object_hypothesis.hpp
[25.752s] -- Installing: /home/user/ros2_ws/install/vision_msgs/include/vision_msgs/vision_msgs/msg/pose2_d.hpp
[25.752s] -- Installing: /home/user/ros2_ws/install/vision_msgs/include/vision_msgs/vision_msgs/msg/vision_class.hpp
[25.752s] -- Installing: /home/user/ros2_ws/install/vision_msgs/include/vision_msgs/vision_msgs/msg/vision_info.hpp
[25.752s] -- Installing: /home/user/ros2_ws/install/vision_msgs/include/vision_msgs/vision_msgs/msg/detection2_d_array.hpp
[25.753s] -- Up-to-date: /home/user/ros2_ws/install/vision_msgs/include/vision_msgs/vision_msgs
[25.753s] -- Up-to-date: /home/user/ros2_ws/install/vision_msgs/include/vision_msgs/vision_msgs/msg
[25.753s] -- Up-to-date: /home/user/ros2_ws/install/vision_msgs/include/vision_msgs/vision_msgs/msg/detail
[25.753s] -- Installing: /home/user/ros2_ws/install/vision_msgs/include/vision_msgs/vision_msgs/msg/detail/object_hypothesis_with_pose__rosidl_typesupport_fastrtps_cpp.hpp
[25.753s] -- Installing: /home/user/ros2_ws/install/vision_msgs/include/vision_msgs/vision_msgs/msg/detail/detection2_d_array__rosidl_typesupport_fastrtps_cpp.hpp
[25.753s] -- Installing: /home/user/ros2_ws/install/vision_msgs/include/vision_msgs/vision_msgs/msg/detail/vision_class__rosidl_typesupport_fastrtps_cpp.hpp
[25.753s] -- Installing: /home/user/ros2_ws/install/vision_msgs/include/vision_msgs/vision_msgs/msg/detail/bounding_box3_d_array__rosidl_typesupport_fastrtps_cpp.hpp
[25.754s] -- Installing: /home/user/ros2_ws/install/vision_msgs/include/vision_msgs/vision_msgs/msg/detail/bounding_box2_d_array__rosidl_typesupport_fastrtps_cpp.hpp
[25.754s] -- Installing: /home/user/ros2_ws/install/vision_msgs/include/vision_msgs/vision_msgs/msg/detail/object_hypothesis__rosidl_typesupport_fastrtps_cpp.hpp
[25.754s] -- Installing: /home/user/ros2_ws/install/vision_msgs/include/vision_msgs/vision_msgs/msg/detail/bounding_box2_d__rosidl_typesupport_fastrtps_cpp.hpp
[25.754s] -- Installing: /home/user/ros2_ws/install/vision_msgs/include/vision_msgs/vision_msgs/msg/detail/detection3_d_array__rosidl_typesupport_fastrtps_cpp.hpp
[25.754s] -- Installing: /home/user/ros2_ws/install/vision_msgs/include/vision_msgs/vision_msgs/msg/detail/pose2_d__rosidl_typesupport_fastrtps_cpp.hpp
[25.754s] -- Installing: /home/user/ros2_ws/install/vision_msgs/include/vision_msgs/vision_msgs/msg/detail/bounding_box3_d__rosidl_typesupport_fastrtps_cpp.hpp
[25.755s] -- Installing: /home/user/ros2_ws/install/vision_msgs/include/vision_msgs/vision_msgs/msg/detail/point2_d__rosidl_typesupport_fastrtps_cpp.hpp
[25.755s] -- Installing: /home/user/ros2_ws/install/vision_msgs/include/vision_msgs/vision_msgs/msg/detail/detection3_d__rosidl_typesupport_fastrtps_cpp.hpp
[25.755s] -- Installing: /home/user/ros2_ws/install/vision_msgs/include/vision_msgs/vision_msgs/msg/detail/classification__rosidl_typesupport_fastrtps_cpp.hpp
[25.755s] -- Installing: /home/user/ros2_ws/install/vision_msgs/include/vision_msgs/vision_msgs/msg/detail/dds_fastrtps
[25.755s] -- Installing: /home/user/ros2_ws/install/vision_msgs/include/vision_msgs/vision_msgs/msg/detail/detection2_d__rosidl_typesupport_fastrtps_cpp.hpp
[25.755s] -- Installing: /home/user/ros2_ws/install/vision_msgs/include/vision_msgs/vision_msgs/msg/detail/label_info__rosidl_typesupport_fastrtps_cpp.hpp
[25.755s] -- Installing: /home/user/ros2_ws/install/vision_msgs/include/vision_msgs/vision_msgs/msg/detail/vision_info__rosidl_typesupport_fastrtps_cpp.hpp
[25.755s] -- Installing: /home/user/ros2_ws/install/vision_msgs/include/vision_msgs/vision_msgs/msg/rosidl_typesupport_fastrtps_cpp__visibility_control.h
[25.756s] -- Installing: /home/user/ros2_ws/install/vision_msgs/lib/libvision_msgs__rosidl_typesupport_fastrtps_cpp.so
[25.756s] -- Set runtime path of "/home/user/ros2_ws/install/vision_msgs/lib/libvision_msgs__rosidl_typesupport_fastrtps_cpp.so" to ""
[25.756s] -- Up-to-date: /home/user/ros2_ws/install/vision_msgs/include/vision_msgs/vision_msgs
[25.756s] -- Up-to-date: /home/user/ros2_ws/install/vision_msgs/include/vision_msgs/vision_msgs/msg
[25.756s] -- Up-to-date: /home/user/ros2_ws/install/vision_msgs/include/vision_msgs/vision_msgs/msg/detail
[25.756s] -- Installing: /home/user/ros2_ws/install/vision_msgs/include/vision_msgs/vision_msgs/msg/detail/bounding_box2_d__rosidl_typesupport_introspection_c.h
[25.756s] -- Installing: /home/user/ros2_ws/install/vision_msgs/include/vision_msgs/vision_msgs/msg/detail/object_hypothesis_with_pose__type_support.c
[25.756s] -- Installing: /home/user/ros2_ws/install/vision_msgs/include/vision_msgs/vision_msgs/msg/detail/point2_d__type_support.c
[25.757s] -- Installing: /home/user/ros2_ws/install/vision_msgs/include/vision_msgs/vision_msgs/msg/detail/object_hypothesis_with_pose__rosidl_typesupport_introspection_c.h
[25.757s] -- Installing: /home/user/ros2_ws/install/vision_msgs/include/vision_msgs/vision_msgs/msg/detail/detection3_d_array__rosidl_typesupport_introspection_c.h
[25.757s] -- Installing: /home/user/ros2_ws/install/vision_msgs/include/vision_msgs/vision_msgs/msg/detail/vision_info__rosidl_typesupport_introspection_c.h
[25.757s] -- Installing: /home/user/ros2_ws/install/vision_msgs/include/vision_msgs/vision_msgs/msg/detail/bounding_box2_d_array__rosidl_typesupport_introspection_c.h
[25.757s] -- Installing: /home/user/ros2_ws/install/vision_msgs/include/vision_msgs/vision_msgs/msg/detail/detection2_d_array__type_support.c
[25.757s] -- Installing: /home/user/ros2_ws/install/vision_msgs/include/vision_msgs/vision_msgs/msg/detail/vision_class__rosidl_typesupport_introspection_c.h
[25.757s] -- Installing: /home/user/ros2_ws/install/vision_msgs/include/vision_msgs/vision_msgs/msg/detail/bounding_box2_d_array__type_support.c
[25.757s] -- Installing: /home/user/ros2_ws/install/vision_msgs/include/vision_msgs/vision_msgs/msg/detail/pose2_d__rosidl_typesupport_introspection_c.h
[25.757s] -- Installing: /home/user/ros2_ws/install/vision_msgs/include/vision_msgs/vision_msgs/msg/detail/label_info__type_support.c
[25.758s] -- Installing: /home/user/ros2_ws/install/vision_msgs/include/vision_msgs/vision_msgs/msg/detail/bounding_box3_d__type_support.c
[25.758s] -- Installing: /home/user/ros2_ws/install/vision_msgs/include/vision_msgs/vision_msgs/msg/detail/detection3_d_array__type_support.c
[25.758s] -- Installing: /home/user/ros2_ws/install/vision_msgs/include/vision_msgs/vision_msgs/msg/detail/detection3_d__rosidl_typesupport_introspection_c.h
[25.758s] -- Installing: /home/user/ros2_ws/install/vision_msgs/include/vision_msgs/vision_msgs/msg/detail/point2_d__rosidl_typesupport_introspection_c.h
[25.758s] -- Installing: /home/user/ros2_ws/install/vision_msgs/include/vision_msgs/vision_msgs/msg/detail/pose2_d__type_support.c
[25.758s] -- Installing: /home/user/ros2_ws/install/vision_msgs/include/vision_msgs/vision_msgs/msg/detail/vision_class__type_support.c
[25.758s] -- Installing: /home/user/ros2_ws/install/vision_msgs/include/vision_msgs/vision_msgs/msg/detail/detection2_d_array__rosidl_typesupport_introspection_c.h
[25.758s] -- Installing: /home/user/ros2_ws/install/vision_msgs/include/vision_msgs/vision_msgs/msg/detail/bounding_box3_d_array__type_support.c
[25.759s] -- Installing: /home/user/ros2_ws/install/vision_msgs/include/vision_msgs/vision_msgs/msg/detail/vision_info__type_support.c
[25.759s] -- Installing: /home/user/ros2_ws/install/vision_msgs/include/vision_msgs/vision_msgs/msg/detail/bounding_box3_d_array__rosidl_typesupport_introspection_c.h
[25.759s] -- Installing: /home/user/ros2_ws/install/vision_msgs/include/vision_msgs/vision_msgs/msg/detail/detection2_d__rosidl_typesupport_introspection_c.h
[25.759s] -- Installing: /home/user/ros2_ws/install/vision_msgs/include/vision_msgs/vision_msgs/msg/detail/label_info__rosidl_typesupport_introspection_c.h
[25.759s] -- Installing: /home/user/ros2_ws/install/vision_msgs/include/vision_msgs/vision_msgs/msg/detail/bounding_box2_d__type_support.c
[25.759s] -- Installing: /home/user/ros2_ws/install/vision_msgs/include/vision_msgs/vision_msgs/msg/detail/bounding_box3_d__rosidl_typesupport_introspection_c.h
[25.759s] -- Installing: /home/user/ros2_ws/install/vision_msgs/include/vision_msgs/vision_msgs/msg/detail/object_hypothesis__type_support.c
[25.759s] -- Installing: /home/user/ros2_ws/install/vision_msgs/include/vision_msgs/vision_msgs/msg/detail/classification__type_support.c
[25.760s] -- Installing: /home/user/ros2_ws/install/vision_msgs/include/vision_msgs/vision_msgs/msg/detail/object_hypothesis__rosidl_typesupport_introspection_c.h
[25.760s] -- Installing: /home/user/ros2_ws/install/vision_msgs/include/vision_msgs/vision_msgs/msg/detail/detection3_d__type_support.c
[25.760s] -- Installing: /home/user/ros2_ws/install/vision_msgs/include/vision_msgs/vision_msgs/msg/detail/classification__rosidl_typesupport_introspection_c.h
[25.760s] -- Installing: /home/user/ros2_ws/install/vision_msgs/include/vision_msgs/vision_msgs/msg/detail/detection2_d__type_support.c
[25.760s] -- Installing: /home/user/ros2_ws/install/vision_msgs/include/vision_msgs/vision_msgs/msg/rosidl_typesupport_introspection_c__visibility_control.h
[25.760s] -- Installing: /home/user/ros2_ws/install/vision_msgs/lib/libvision_msgs__rosidl_typesupport_introspection_c.so
[25.760s] -- Set runtime path of "/home/user/ros2_ws/install/vision_msgs/lib/libvision_msgs__rosidl_typesupport_introspection_c.so" to ""
[25.761s] -- Installing: /home/user/ros2_ws/install/vision_msgs/lib/libvision_msgs__rosidl_typesupport_c.so
[25.761s] -- Set runtime path of "/home/user/ros2_ws/install/vision_msgs/lib/libvision_msgs__rosidl_typesupport_c.so" to ""
[25.761s] -- Up-to-date: /home/user/ros2_ws/install/vision_msgs/include/vision_msgs/vision_msgs
[25.761s] -- Up-to-date: /home/user/ros2_ws/install/vision_msgs/include/vision_msgs/vision_msgs/msg
[25.761s] -- Up-to-date: /home/user/ros2_ws/install/vision_msgs/include/vision_msgs/vision_msgs/msg/detail
[25.761s] -- Installing: /home/user/ros2_ws/install/vision_msgs/include/vision_msgs/vision_msgs/msg/detail/bounding_box3_d__rosidl_typesupport_introspection_cpp.hpp
[25.762s] -- Installing: /home/user/ros2_ws/install/vision_msgs/include/vision_msgs/vision_msgs/msg/detail/object_hypothesis_with_pose__rosidl_typesupport_introspection_cpp.hpp
[25.762s] -- Installing: /home/user/ros2_ws/install/vision_msgs/include/vision_msgs/vision_msgs/msg/detail/pose2_d__rosidl_typesupport_introspection_cpp.hpp
[25.762s] -- Installing: /home/user/ros2_ws/install/vision_msgs/include/vision_msgs/vision_msgs/msg/detail/detection2_d_array__type_support.cpp
[25.762s] -- Installing: /home/user/ros2_ws/install/vision_msgs/include/vision_msgs/vision_msgs/msg/detail/bounding_box2_d_array__type_support.cpp
[25.762s] -- Installing: /home/user/ros2_ws/install/vision_msgs/include/vision_msgs/vision_msgs/msg/detail/vision_info__type_support.cpp
[25.762s] -- Installing: /home/user/ros2_ws/install/vision_msgs/include/vision_msgs/vision_msgs/msg/detail/classification__rosidl_typesupport_introspection_cpp.hpp
[25.762s] -- Installing: /home/user/ros2_ws/install/vision_msgs/include/vision_msgs/vision_msgs/msg/detail/bounding_box2_d__rosidl_typesupport_introspection_cpp.hpp
[25.763s] -- Installing: /home/user/ros2_ws/install/vision_msgs/include/vision_msgs/vision_msgs/msg/detail/detection2_d_array__rosidl_typesupport_introspection_cpp.hpp
[25.763s] -- Installing: /home/user/ros2_ws/install/vision_msgs/include/vision_msgs/vision_msgs/msg/detail/vision_class__rosidl_typesupport_introspection_cpp.hpp
[25.763s] -- Installing: /home/user/ros2_ws/install/vision_msgs/include/vision_msgs/vision_msgs/msg/detail/detection3_d_array__rosidl_typesupport_introspection_cpp.hpp
[25.763s] -- Installing: /home/user/ros2_ws/install/vision_msgs/include/vision_msgs/vision_msgs/msg/detail/detection2_d__rosidl_typesupport_introspection_cpp.hpp
[25.763s] -- Installing: /home/user/ros2_ws/install/vision_msgs/include/vision_msgs/vision_msgs/msg/detail/vision_info__rosidl_typesupport_introspection_cpp.hpp
[25.764s] -- Installing: /home/user/ros2_ws/install/vision_msgs/include/vision_msgs/vision_msgs/msg/detail/detection2_d__type_support.cpp
[25.764s] -- Installing: /home/user/ros2_ws/install/vision_msgs/include/vision_msgs/vision_msgs/msg/detail/pose2_d__type_support.cpp
[25.764s] -- Installing: /home/user/ros2_ws/install/vision_msgs/include/vision_msgs/vision_msgs/msg/detail/detection3_d_array__type_support.cpp
[25.764s] -- Installing: /home/user/ros2_ws/install/vision_msgs/include/vision_msgs/vision_msgs/msg/detail/detection3_d__type_support.cpp
[25.764s] -- Installing: /home/user/ros2_ws/install/vision_msgs/include/vision_msgs/vision_msgs/msg/detail/label_info__type_support.cpp
[25.765s] -- Installing: /home/user/ros2_ws/install/vision_msgs/include/vision_msgs/vision_msgs/msg/detail/object_hypothesis__type_support.cpp
[25.765s] -- Installing: /home/user/ros2_ws/install/vision_msgs/include/vision_msgs/vision_msgs/msg/detail/bounding_box3_d_array__type_support.cpp
[25.765s] -- Installing: /home/user/ros2_ws/install/vision_msgs/include/vision_msgs/vision_msgs/msg/detail/bounding_box3_d_array__rosidl_typesupport_introspection_cpp.hpp
[25.765s] -- Installing: /home/user/ros2_ws/install/vision_msgs/include/vision_msgs/vision_msgs/msg/detail/point2_d__rosidl_typesupport_introspection_cpp.hpp
[25.765s] -- Installing: /home/user/ros2_ws/install/vision_msgs/include/vision_msgs/vision_msgs/msg/detail/point2_d__type_support.cpp
[25.765s] -- Installing: /home/user/ros2_ws/install/vision_msgs/include/vision_msgs/vision_msgs/msg/detail/bounding_box3_d__type_support.cpp
[25.766s] -- Installing: /home/user/ros2_ws/install/vision_msgs/include/vision_msgs/vision_msgs/msg/detail/classification__type_support.cpp
[25.766s] -- Installing: /home/user/ros2_ws/install/vision_msgs/include/vision_msgs/vision_msgs/msg/detail/object_hypothesis_with_pose__type_support.cpp
[25.766s] -- Installing: /home/user/ros2_ws/install/vision_msgs/include/vision_msgs/vision_msgs/msg/detail/bounding_box2_d_array__rosidl_typesupport_introspection_cpp.hpp
[25.766s] -- Installing: /home/user/ros2_ws/install/vision_msgs/include/vision_msgs/vision_msgs/msg/detail/label_info__rosidl_typesupport_introspection_cpp.hpp
[25.766s] -- Installing: /home/user/ros2_ws/install/vision_msgs/include/vision_msgs/vision_msgs/msg/detail/vision_class__type_support.cpp
[25.766s] -- Installing: /home/user/ros2_ws/install/vision_msgs/include/vision_msgs/vision_msgs/msg/detail/detection3_d__rosidl_typesupport_introspection_cpp.hpp
[25.767s] -- Installing: /home/user/ros2_ws/install/vision_msgs/include/vision_msgs/vision_msgs/msg/detail/bounding_box2_d__type_support.cpp
[25.767s] -- Installing: /home/user/ros2_ws/install/vision_msgs/include/vision_msgs/vision_msgs/msg/detail/object_hypothesis__rosidl_typesupport_introspection_cpp.hpp
[25.767s] -- Installing: /home/user/ros2_ws/install/vision_msgs/lib/libvision_msgs__rosidl_typesupport_introspection_cpp.so
[25.768s] -- Set runtime path of "/home/user/ros2_ws/install/vision_msgs/lib/libvision_msgs__rosidl_typesupport_introspection_cpp.so" to ""
[25.768s] -- Installing: /home/user/ros2_ws/install/vision_msgs/lib/libvision_msgs__rosidl_typesupport_cpp.so
[25.768s] -- Set runtime path of "/home/user/ros2_ws/install/vision_msgs/lib/libvision_msgs__rosidl_typesupport_cpp.so" to ""
[25.769s] -- Installing: /home/user/ros2_ws/install/vision_msgs/share/ament_index/resource_index/rust_packages/vision_msgs
[25.769s] -- Installing: /home/user/ros2_ws/install/vision_msgs/share/vision_msgs/rust
[25.769s] -- Installing: /home/user/ros2_ws/install/vision_msgs/share/vision_msgs/rust/Cargo.toml
[25.769s] -- Installing: /home/user/ros2_ws/install/vision_msgs/share/vision_msgs/rust/src
[25.769s] -- Installing: /home/user/ros2_ws/install/vision_msgs/share/vision_msgs/rust/src/msg.rs
[25.769s] -- Installing: /home/user/ros2_ws/install/vision_msgs/share/vision_msgs/rust/src/lib.rs
[25.770s] -- Installing: /home/user/ros2_ws/install/vision_msgs/share/vision_msgs/rust/build.rs
[25.770s] -- Up-to-date: /home/user/ros2_ws/install/vision_msgs/share/vision_msgs/rust
[25.770s] -- Up-to-date: /home/user/ros2_ws/install/vision_msgs/share/vision_msgs/rust/Cargo.toml
[25.770s] -- Up-to-date: /home/user/ros2_ws/install/vision_msgs/share/vision_msgs/rust/src
[25.770s] -- Up-to-date: /home/user/ros2_ws/install/vision_msgs/share/vision_msgs/rust/src/msg.rs
[25.770s] -- Up-to-date: /home/user/ros2_ws/install/vision_msgs/share/vision_msgs/rust/src/lib.rs
[25.771s] -- Up-to-date: /home/user/ros2_ws/install/vision_msgs/share/vision_msgs/rust/build.rs
[25.771s] -- Up-to-date: /home/user/ros2_ws/install/vision_msgs/share/vision_msgs/rust
[25.771s] -- Up-to-date: /home/user/ros2_ws/install/vision_msgs/share/vision_msgs/rust/Cargo.toml
[25.771s] -- Up-to-date: /home/user/ros2_ws/install/vision_msgs/share/vision_msgs/rust/src
[25.771s] -- Up-to-date: /home/user/ros2_ws/install/vision_msgs/share/vision_msgs/rust/src/msg.rs
[25.771s] -- Up-to-date: /home/user/ros2_ws/install/vision_msgs/share/vision_msgs/rust/src/lib.rs
[25.771s] -- Up-to-date: /home/user/ros2_ws/install/vision_msgs/share/vision_msgs/rust/build.rs
[25.772s] -- Installing: /home/user/ros2_ws/install/vision_msgs/share/vision_msgs/environment/pythonpath.sh
[25.773s] -- Installing: /home/user/ros2_ws/install/vision_msgs/share/vision_msgs/environment/pythonpath.dsv
[25.773s] -- Installing: /home/user/ros2_ws/install/vision_msgs/local/lib/python3.10/dist-packages/vision_msgs-4.1.1-py3.10.egg-info
[25.773s] -- Installing: /home/user/ros2_ws/install/vision_msgs/local/lib/python3.10/dist-packages/vision_msgs-4.1.1-py3.10.egg-info/PKG-INFO
[25.773s] -- Installing: /home/user/ros2_ws/install/vision_msgs/local/lib/python3.10/dist-packages/vision_msgs-4.1.1-py3.10.egg-info/top_level.txt
[25.773s] -- Installing: /home/user/ros2_ws/install/vision_msgs/local/lib/python3.10/dist-packages/vision_msgs-4.1.1-py3.10.egg-info/SOURCES.txt
[25.773s] -- Installing: /home/user/ros2_ws/install/vision_msgs/local/lib/python3.10/dist-packages/vision_msgs-4.1.1-py3.10.egg-info/dependency_links.txt
[25.773s] -- Installing: /home/user/ros2_ws/install/vision_msgs/local/lib/python3.10/dist-packages/vision_msgs
[25.773s] -- Installing: /home/user/ros2_ws/install/vision_msgs/local/lib/python3.10/dist-packages/vision_msgs/vision_msgs_s__rosidl_typesupport_fastrtps_c.cpython-310-x86_64-linux-gnu.so
[25.773s] -- Installing: /home/user/ros2_ws/install/vision_msgs/local/lib/python3.10/dist-packages/vision_msgs/libvision_msgs__rosidl_generator_py.so
[25.773s] -- Installing: /home/user/ros2_ws/install/vision_msgs/local/lib/python3.10/dist-packages/vision_msgs/_vision_msgs_s.ep.rosidl_typesupport_c.c
[25.774s] -- Installing: /home/user/ros2_ws/install/vision_msgs/local/lib/python3.10/dist-packages/vision_msgs/_vision_msgs_s.ep.rosidl_typesupport_introspection_c.c
[25.774s] -- Installing: /home/user/ros2_ws/install/vision_msgs/local/lib/python3.10/dist-packages/vision_msgs/msg
[25.774s] -- Installing: /home/user/ros2_ws/install/vision_msgs/local/lib/python3.10/dist-packages/vision_msgs/msg/_vision_info_s.c
[25.774s] -- Installing: /home/user/ros2_ws/install/vision_msgs/local/lib/python3.10/dist-packages/vision_msgs/msg/_vision_info.py
[25.774s] -- Installing: /home/user/ros2_ws/install/vision_msgs/local/lib/python3.10/dist-packages/vision_msgs/msg/_detection3_d_array_s.c
[25.775s] -- Installing: /home/user/ros2_ws/install/vision_msgs/local/lib/python3.10/dist-packages/vision_msgs/msg/_object_hypothesis_s.c
[25.775s] -- Installing: /home/user/ros2_ws/install/vision_msgs/local/lib/python3.10/dist-packages/vision_msgs/msg/_detection2_d_array.py
[25.775s] -- Installing: /home/user/ros2_ws/install/vision_msgs/local/lib/python3.10/dist-packages/vision_msgs/msg/_detection2_d.py
[25.775s] -- Installing: /home/user/ros2_ws/install/vision_msgs/local/lib/python3.10/dist-packages/vision_msgs/msg/_object_hypothesis_with_pose_s.c
[25.775s] -- Installing: /home/user/ros2_ws/install/vision_msgs/local/lib/python3.10/dist-packages/vision_msgs/msg/_bounding_box2_d_array.py
[25.776s] -- Installing: /home/user/ros2_ws/install/vision_msgs/local/lib/python3.10/dist-packages/vision_msgs/msg/_object_hypothesis.py
[25.776s] -- Installing: /home/user/ros2_ws/install/vision_msgs/local/lib/python3.10/dist-packages/vision_msgs/msg/_label_info.py
[25.776s] -- Installing: /home/user/ros2_ws/install/vision_msgs/local/lib/python3.10/dist-packages/vision_msgs/msg/_pose2_d.py
[25.776s] -- Installing: /home/user/ros2_ws/install/vision_msgs/local/lib/python3.10/dist-packages/vision_msgs/msg/_detection3_d_array.py
[25.776s] -- Installing: /home/user/ros2_ws/install/vision_msgs/local/lib/python3.10/dist-packages/vision_msgs/msg/_classification.py
[25.776s] -- Installing: /home/user/ros2_ws/install/vision_msgs/local/lib/python3.10/dist-packages/vision_msgs/msg/_detection3_d_s.c
[25.777s] -- Installing: /home/user/ros2_ws/install/vision_msgs/local/lib/python3.10/dist-packages/vision_msgs/msg/_bounding_box2_d_s.c
[25.777s] -- Installing: /home/user/ros2_ws/install/vision_msgs/local/lib/python3.10/dist-packages/vision_msgs/msg/__init__.py
[25.777s] -- Installing: /home/user/ros2_ws/install/vision_msgs/local/lib/python3.10/dist-packages/vision_msgs/msg/_vision_class_s.c
[25.777s] -- Installing: /home/user/ros2_ws/install/vision_msgs/local/lib/python3.10/dist-packages/vision_msgs/msg/_detection2_d_array_s.c
[25.777s] -- Installing: /home/user/ros2_ws/install/vision_msgs/local/lib/python3.10/dist-packages/vision_msgs/msg/_point2_d_s.c
[25.777s] -- Installing: /home/user/ros2_ws/install/vision_msgs/local/lib/python3.10/dist-packages/vision_msgs/msg/_classification_s.c
[25.778s] -- Installing: /home/user/ros2_ws/install/vision_msgs/local/lib/python3.10/dist-packages/vision_msgs/msg/_bounding_box3_d_array.py
[25.778s] -- Installing: /home/user/ros2_ws/install/vision_msgs/local/lib/python3.10/dist-packages/vision_msgs/msg/_bounding_box2_d_array_s.c
[25.778s] -- Installing: /home/user/ros2_ws/install/vision_msgs/local/lib/python3.10/dist-packages/vision_msgs/msg/_detection2_d_s.c
[25.778s] -- Installing: /home/user/ros2_ws/install/vision_msgs/local/lib/python3.10/dist-packages/vision_msgs/msg/_bounding_box3_d_array_s.c
[25.778s] -- Installing: /home/user/ros2_ws/install/vision_msgs/local/lib/python3.10/dist-packages/vision_msgs/msg/_point2_d.py
[25.778s] -- Installing: /home/user/ros2_ws/install/vision_msgs/local/lib/python3.10/dist-packages/vision_msgs/msg/_label_info_s.c
[25.779s] -- Installing: /home/user/ros2_ws/install/vision_msgs/local/lib/python3.10/dist-packages/vision_msgs/msg/_bounding_box3_d_s.c
[25.779s] -- Installing: /home/user/ros2_ws/install/vision_msgs/local/lib/python3.10/dist-packages/vision_msgs/msg/_bounding_box2_d.py
[25.779s] -- Installing: /home/user/ros2_ws/install/vision_msgs/local/lib/python3.10/dist-packages/vision_msgs/msg/_vision_class.py
[25.779s] -- Installing: /home/user/ros2_ws/install/vision_msgs/local/lib/python3.10/dist-packages/vision_msgs/msg/_pose2_d_s.c
[25.779s] -- Installing: /home/user/ros2_ws/install/vision_msgs/local/lib/python3.10/dist-packages/vision_msgs/msg/_object_hypothesis_with_pose.py
[25.780s] -- Installing: /home/user/ros2_ws/install/vision_msgs/local/lib/python3.10/dist-packages/vision_msgs/msg/_bounding_box3_d.py
[25.780s] -- Installing: /home/user/ros2_ws/install/vision_msgs/local/lib/python3.10/dist-packages/vision_msgs/msg/_detection3_d.py
[25.780s] -- Installing: /home/user/ros2_ws/install/vision_msgs/local/lib/python3.10/dist-packages/vision_msgs/__init__.py
[25.780s] -- Installing: /home/user/ros2_ws/install/vision_msgs/local/lib/python3.10/dist-packages/vision_msgs/_vision_msgs_s.ep.rosidl_typesupport_fastrtps_c.c
[25.780s] -- Installing: /home/user/ros2_ws/install/vision_msgs/local/lib/python3.10/dist-packages/vision_msgs/vision_msgs_s__rosidl_typesupport_c.cpython-310-x86_64-linux-gnu.so
[25.781s] -- Installing: /home/user/ros2_ws/install/vision_msgs/local/lib/python3.10/dist-packages/vision_msgs/vision_msgs_s__rosidl_typesupport_introspection_c.cpython-310-x86_64-linux-gnu.so
[25.864s] Listing '/home/user/ros2_ws/install/vision_msgs/local/lib/python3.10/dist-packages/vision_msgs'...
[25.864s] Compiling '/home/user/ros2_ws/install/vision_msgs/local/lib/python3.10/dist-packages/vision_msgs/__init__.py'...
[25.864s] Listing '/home/user/ros2_ws/install/vision_msgs/local/lib/python3.10/dist-packages/vision_msgs/msg'...
[25.864s] Compiling '/home/user/ros2_ws/install/vision_msgs/local/lib/python3.10/dist-packages/vision_msgs/msg/__init__.py'...
[25.864s] Compiling '/home/user/ros2_ws/install/vision_msgs/local/lib/python3.10/dist-packages/vision_msgs/msg/_bounding_box2_d.py'...
[25.864s] Compiling '/home/user/ros2_ws/install/vision_msgs/local/lib/python3.10/dist-packages/vision_msgs/msg/_bounding_box2_d_array.py'...
[25.864s] Compiling '/home/user/ros2_ws/install/vision_msgs/local/lib/python3.10/dist-packages/vision_msgs/msg/_bounding_box3_d.py'...
[25.864s] Compiling '/home/user/ros2_ws/install/vision_msgs/local/lib/python3.10/dist-packages/vision_msgs/msg/_bounding_box3_d_array.py'...
[25.864s] Compiling '/home/user/ros2_ws/install/vision_msgs/local/lib/python3.10/dist-packages/vision_msgs/msg/_classification.py'...
[25.864s] Compiling '/home/user/ros2_ws/install/vision_msgs/local/lib/python3.10/dist-packages/vision_msgs/msg/_detection2_d.py'...
[25.865s] Compiling '/home/user/ros2_ws/install/vision_msgs/local/lib/python3.10/dist-packages/vision_msgs/msg/_detection2_d_array.py'...
[25.865s] Compiling '/home/user/ros2_ws/install/vision_msgs/local/lib/python3.10/dist-packages/vision_msgs/msg/_detection3_d.py'...
[25.865s] Compiling '/home/user/ros2_ws/install/vision_msgs/local/lib/python3.10/dist-packages/vision_msgs/msg/_detection3_d_array.py'...
[25.865s] Compiling '/home/user/ros2_ws/install/vision_msgs/local/lib/python3.10/dist-packages/vision_msgs/msg/_label_info.py'...
[25.865s] Compiling '/home/user/ros2_ws/install/vision_msgs/local/lib/python3.10/dist-packages/vision_msgs/msg/_object_hypothesis.py'...
[25.865s] Compiling '/home/user/ros2_ws/install/vision_msgs/local/lib/python3.10/dist-packages/vision_msgs/msg/_object_hypothesis_with_pose.py'...
[25.865s] Compiling '/home/user/ros2_ws/install/vision_msgs/local/lib/python3.10/dist-packages/vision_msgs/msg/_point2_d.py'...
[25.865s] Compiling '/home/user/ros2_ws/install/vision_msgs/local/lib/python3.10/dist-packages/vision_msgs/msg/_pose2_d.py'...
[25.865s] Compiling '/home/user/ros2_ws/install/vision_msgs/local/lib/python3.10/dist-packages/vision_msgs/msg/_vision_class.py'...
[25.865s] Compiling '/home/user/ros2_ws/install/vision_msgs/local/lib/python3.10/dist-packages/vision_msgs/msg/_vision_info.py'...
[25.869s] -- Installing: /home/user/ros2_ws/install/vision_msgs/local/lib/python3.10/dist-packages/vision_msgs/vision_msgs_s__rosidl_typesupport_fastrtps_c.cpython-310-x86_64-linux-gnu.so
[25.869s] -- Set runtime path of "/home/user/ros2_ws/install/vision_msgs/local/lib/python3.10/dist-packages/vision_msgs/vision_msgs_s__rosidl_typesupport_fastrtps_c.cpython-310-x86_64-linux-gnu.so" to ""
[25.869s] -- Installing: /home/user/ros2_ws/install/vision_msgs/local/lib/python3.10/dist-packages/vision_msgs/vision_msgs_s__rosidl_typesupport_introspection_c.cpython-310-x86_64-linux-gnu.so
[25.870s] -- Set runtime path of "/home/user/ros2_ws/install/vision_msgs/local/lib/python3.10/dist-packages/vision_msgs/vision_msgs_s__rosidl_typesupport_introspection_c.cpython-310-x86_64-linux-gnu.so" to ""
[25.870s] -- Installing: /home/user/ros2_ws/install/vision_msgs/local/lib/python3.10/dist-packages/vision_msgs/vision_msgs_s__rosidl_typesupport_c.cpython-310-x86_64-linux-gnu.so
[25.871s] -- Set runtime path of "/home/user/ros2_ws/install/vision_msgs/local/lib/python3.10/dist-packages/vision_msgs/vision_msgs_s__rosidl_typesupport_c.cpython-310-x86_64-linux-gnu.so" to ""
[25.871s] -- Installing: /home/user/ros2_ws/install/vision_msgs/lib/libvision_msgs__rosidl_generator_py.so
[25.871s] -- Set runtime path of "/home/user/ros2_ws/install/vision_msgs/lib/libvision_msgs__rosidl_generator_py.so" to ""
[25.871s] -- Installing: /home/user/ros2_ws/install/vision_msgs/share/vision_msgs/msg/BoundingBox2D.idl
[25.872s] -- Installing: /home/user/ros2_ws/install/vision_msgs/share/vision_msgs/msg/BoundingBox2DArray.idl
[25.872s] -- Installing: /home/user/ros2_ws/install/vision_msgs/share/vision_msgs/msg/BoundingBox3D.idl
[25.872s] -- Installing: /home/user/ros2_ws/install/vision_msgs/share/vision_msgs/msg/BoundingBox3DArray.idl
[25.872s] -- Installing: /home/user/ros2_ws/install/vision_msgs/share/vision_msgs/msg/Classification.idl
[25.872s] -- Installing: /home/user/ros2_ws/install/vision_msgs/share/vision_msgs/msg/Detection2DArray.idl
[25.873s] -- Installing: /home/user/ros2_ws/install/vision_msgs/share/vision_msgs/msg/Detection2D.idl
[25.873s] -- Installing: /home/user/ros2_ws/install/vision_msgs/share/vision_msgs/msg/Detection3DArray.idl
[25.873s] -- Installing: /home/user/ros2_ws/install/vision_msgs/share/vision_msgs/msg/Detection3D.idl
[25.873s] -- Installing: /home/user/ros2_ws/install/vision_msgs/share/vision_msgs/msg/LabelInfo.idl
[25.874s] -- Installing: /home/user/ros2_ws/install/vision_msgs/share/vision_msgs/msg/ObjectHypothesis.idl
[25.874s] -- Installing: /home/user/ros2_ws/install/vision_msgs/share/vision_msgs/msg/ObjectHypothesisWithPose.idl
[25.874s] -- Installing: /home/user/ros2_ws/install/vision_msgs/share/vision_msgs/msg/VisionClass.idl
[25.874s] -- Installing: /home/user/ros2_ws/install/vision_msgs/share/vision_msgs/msg/Point2D.idl
[25.874s] -- Installing: /home/user/ros2_ws/install/vision_msgs/share/vision_msgs/msg/Pose2D.idl
[25.875s] -- Installing: /home/user/ros2_ws/install/vision_msgs/share/vision_msgs/msg/VisionInfo.idl
[25.875s] -- Installing: /home/user/ros2_ws/install/vision_msgs/share/vision_msgs/msg/BoundingBox2D.msg
[25.875s] -- Installing: /home/user/ros2_ws/install/vision_msgs/share/vision_msgs/msg/BoundingBox2DArray.msg
[25.875s] -- Installing: /home/user/ros2_ws/install/vision_msgs/share/vision_msgs/msg/BoundingBox3D.msg
[25.875s] -- Installing: /home/user/ros2_ws/install/vision_msgs/share/vision_msgs/msg/BoundingBox3DArray.msg
[25.876s] -- Installing: /home/user/ros2_ws/install/vision_msgs/share/vision_msgs/msg/Classification.msg
[25.876s] -- Installing: /home/user/ros2_ws/install/vision_msgs/share/vision_msgs/msg/Detection2DArray.msg
[25.876s] -- Installing: /home/user/ros2_ws/install/vision_msgs/share/vision_msgs/msg/Detection2D.msg
[25.876s] -- Installing: /home/user/ros2_ws/install/vision_msgs/share/vision_msgs/msg/Detection3DArray.msg
[25.877s] -- Installing: /home/user/ros2_ws/install/vision_msgs/share/vision_msgs/msg/Detection3D.msg
[25.877s] -- Installing: /home/user/ros2_ws/install/vision_msgs/share/vision_msgs/msg/LabelInfo.msg
[25.877s] -- Installing: /home/user/ros2_ws/install/vision_msgs/share/vision_msgs/msg/ObjectHypothesis.msg
[25.877s] -- Installing: /home/user/ros2_ws/install/vision_msgs/share/vision_msgs/msg/ObjectHypothesisWithPose.msg
[25.877s] -- Installing: /home/user/ros2_ws/install/vision_msgs/share/vision_msgs/msg/VisionClass.msg
[25.878s] -- Installing: /home/user/ros2_ws/install/vision_msgs/share/vision_msgs/msg/Point2D.msg
[25.878s] -- Installing: /home/user/ros2_ws/install/vision_msgs/share/vision_msgs/msg/Pose2D.msg
[25.878s] -- Installing: /home/user/ros2_ws/install/vision_msgs/share/vision_msgs/msg/VisionInfo.msg
[25.878s] -- Up-to-date: /home/user/ros2_ws/install/vision_msgs/include/vision_msgs
[25.878s] -- Installing: /home/user/ros2_ws/install/vision_msgs/include/vision_msgs/create_aabb.hpp
[25.879s] -- Installing: /home/user/ros2_ws/install/vision_msgs/share/ament_index/resource_index/package_run_dependencies/vision_msgs
[25.879s] -- Installing: /home/user/ros2_ws/install/vision_msgs/share/ament_index/resource_index/parent_prefix_path/vision_msgs
[25.879s] -- Installing: /home/user/ros2_ws/install/vision_msgs/share/vision_msgs/environment/ament_prefix_path.sh
[25.879s] -- Installing: /home/user/ros2_ws/install/vision_msgs/share/vision_msgs/environment/ament_prefix_path.dsv
[25.880s] -- Installing: /home/user/ros2_ws/install/vision_msgs/share/vision_msgs/environment/path.sh
[25.880s] -- Installing: /home/user/ros2_ws/install/vision_msgs/share/vision_msgs/environment/path.dsv
[25.880s] -- Installing: /home/user/ros2_ws/install/vision_msgs/share/vision_msgs/local_setup.bash
[25.880s] -- Installing: /home/user/ros2_ws/install/vision_msgs/share/vision_msgs/local_setup.sh
[25.880s] -- Installing: /home/user/ros2_ws/install/vision_msgs/share/vision_msgs/local_setup.zsh
[25.881s] -- Installing: /home/user/ros2_ws/install/vision_msgs/share/vision_msgs/local_setup.dsv
[25.881s] -- Installing: /home/user/ros2_ws/install/vision_msgs/share/vision_msgs/package.dsv
[25.881s] -- Installing: /home/user/ros2_ws/install/vision_msgs/share/ament_index/resource_index/packages/vision_msgs
[25.881s] -- Installing: /home/user/ros2_ws/install/vision_msgs/share/vision_msgs/cmake/export_vision_msgs__rosidl_generator_cExport.cmake
[25.882s] -- Installing: /home/user/ros2_ws/install/vision_msgs/share/vision_msgs/cmake/export_vision_msgs__rosidl_generator_cExport-noconfig.cmake
[25.882s] -- Installing: /home/user/ros2_ws/install/vision_msgs/share/vision_msgs/cmake/export_vision_msgs__rosidl_typesupport_fastrtps_cExport.cmake
[25.882s] -- Installing: /home/user/ros2_ws/install/vision_msgs/share/vision_msgs/cmake/export_vision_msgs__rosidl_typesupport_fastrtps_cExport-noconfig.cmake
[25.882s] -- Installing: /home/user/ros2_ws/install/vision_msgs/share/vision_msgs/cmake/export_vision_msgs__rosidl_generator_cppExport.cmake
[25.883s] -- Installing: /home/user/ros2_ws/install/vision_msgs/share/vision_msgs/cmake/export_vision_msgs__rosidl_typesupport_fastrtps_cppExport.cmake
[25.883s] -- Installing: /home/user/ros2_ws/install/vision_msgs/share/vision_msgs/cmake/export_vision_msgs__rosidl_typesupport_fastrtps_cppExport-noconfig.cmake
[25.883s] -- Installing: /home/user/ros2_ws/install/vision_msgs/share/vision_msgs/cmake/vision_msgs__rosidl_typesupport_introspection_cExport.cmake
[25.883s] -- Installing: /home/user/ros2_ws/install/vision_msgs/share/vision_msgs/cmake/vision_msgs__rosidl_typesupport_introspection_cExport-noconfig.cmake
[25.884s] -- Installing: /home/user/ros2_ws/install/vision_msgs/share/vision_msgs/cmake/vision_msgs__rosidl_typesupport_cExport.cmake
[25.884s] -- Installing: /home/user/ros2_ws/install/vision_msgs/share/vision_msgs/cmake/vision_msgs__rosidl_typesupport_cExport-noconfig.cmake
[25.884s] -- Installing: /home/user/ros2_ws/install/vision_msgs/share/vision_msgs/cmake/vision_msgs__rosidl_typesupport_introspection_cppExport.cmake
[25.884s] -- Installing: /home/user/ros2_ws/install/vision_msgs/share/vision_msgs/cmake/vision_msgs__rosidl_typesupport_introspection_cppExport-noconfig.cmake
[25.885s] -- Installing: /home/user/ros2_ws/install/vision_msgs/share/vision_msgs/cmake/vision_msgs__rosidl_typesupport_cppExport.cmake
[25.885s] -- Installing: /home/user/ros2_ws/install/vision_msgs/share/vision_msgs/cmake/vision_msgs__rosidl_typesupport_cppExport-noconfig.cmake
[25.885s] -- Installing: /home/user/ros2_ws/install/vision_msgs/share/vision_msgs/cmake/export_vision_msgs__rosidl_generator_pyExport.cmake
[25.885s] -- Installing: /home/user/ros2_ws/install/vision_msgs/share/vision_msgs/cmake/export_vision_msgs__rosidl_generator_pyExport-noconfig.cmake
[25.885s] -- Installing: /home/user/ros2_ws/install/vision_msgs/share/vision_msgs/cmake/rosidl_cmake-extras.cmake
[25.886s] -- Installing: /home/user/ros2_ws/install/vision_msgs/share/vision_msgs/cmake/ament_cmake_export_dependencies-extras.cmake
[25.886s] -- Installing: /home/user/ros2_ws/install/vision_msgs/share/vision_msgs/cmake/ament_cmake_export_include_directories-extras.cmake
[25.886s] -- Installing: /home/user/ros2_ws/install/vision_msgs/share/vision_msgs/cmake/ament_cmake_export_libraries-extras.cmake
[25.886s] -- Installing: /home/user/ros2_ws/install/vision_msgs/share/vision_msgs/cmake/ament_cmake_export_targets-extras.cmake
[25.887s] -- Installing: /home/user/ros2_ws/install/vision_msgs/share/vision_msgs/cmake/rosidl_cmake_export_typesupport_targets-extras.cmake
[25.887s] -- Installing: /home/user/ros2_ws/install/vision_msgs/share/vision_msgs/cmake/rosidl_cmake_export_typesupport_libraries-extras.cmake
[25.887s] -- Installing: /home/user/ros2_ws/install/vision_msgs/share/vision_msgs/cmake/vision_msgsConfig.cmake
[25.887s] -- Installing: /home/user/ros2_ws/install/vision_msgs/share/vision_msgs/cmake/vision_msgsConfig-version.cmake
[25.887s] -- Installing: /home/user/ros2_ws/install/vision_msgs/share/vision_msgs/package.xml
[25.891s] Invoked command in '/home/user/ros2_ws/build/vision_msgs' returned '0': CMAKE_PREFIX_PATH=${CMAKE_PREFIX_PATH}:/home/simulations/ros2_sims_ws/install/rclrs_tests:/home/simulations/ros2_sims_ws/install/examples_rclrs_minimal_client_service:/home/simulations/ros2_sims_ws/install/sensor_msgs_py:/home/simulations/ros2_sims_ws/install/examples_rclrs_minimal_pub_sub:/home/simulations/ros2_sims_ws/install/examples_rclrs_message_demo:/home/simulations/ros2_sims_ws/install/rclrs:/home/simulations/ros2_sims_ws/install/rosidl_runtime_rs:/opt/ros/humble _=/usr/bin/env /usr/bin/cmake --install /home/user/ros2_ws/build/vision_msgs
