[2.076s] Invoking command in '/home/user/ros2_ws/src/move_towards_object': PYTHONPATH=/home/user/ros2_ws/build/move_towards_object/prefix_override:/home/user/ros2_ws/install/move_towards_object/lib/python3.10/site-packages:${PYTHONPATH} _=/usr/bin/env /usr/bin/python3 -W ignore:setup.py install is deprecated setup.py egg_info --egg-base ../../build/move_towards_object build --build-base /home/user/ros2_ws/build/move_towards_object/build install --record /home/user/ros2_ws/build/move_towards_object/install.log --single-version-externally-managed install_data
[2.845s] running egg_info
[2.846s] writing ../../build/move_towards_object/move_towards_object.egg-info/PKG-INFO
[2.846s] writing dependency_links to ../../build/move_towards_object/move_towards_object.egg-info/dependency_links.txt
[2.847s] writing entry points to ../../build/move_towards_object/move_towards_object.egg-info/entry_points.txt
[2.847s] writing requirements to ../../build/move_towards_object/move_towards_object.egg-info/requires.txt
[2.848s] writing top-level names to ../../build/move_towards_object/move_towards_object.egg-info/top_level.txt
[2.850s] reading manifest file '../../build/move_towards_object/move_towards_object.egg-info/SOURCES.txt'
[2.915s] writing manifest file '../../build/move_towards_object/move_towards_object.egg-info/SOURCES.txt'
[2.918s] running build
[2.919s] running build_py
[2.919s] copying move_towards_object/q_learning_agent.py -> /home/user/ros2_ws/build/move_towards_object/build/lib/move_towards_object
[2.919s] copying move_towards_object/robot_environment.py -> /home/user/ros2_ws/build/move_towards_object/build/lib/move_towards_object
[2.919s] copying move_towards_object/move_towards_object_node.py -> /home/user/ros2_ws/build/move_towards_object/build/lib/move_towards_object
[2.920s] running install
[2.920s] running install_lib
[2.922s] copying /home/user/ros2_ws/build/move_towards_object/build/lib/move_towards_object/q_learning_agent.py -> /home/user/ros2_ws/install/move_towards_object/lib/python3.10/site-packages/move_towards_object
[2.922s] copying /home/user/ros2_ws/build/move_towards_object/build/lib/move_towards_object/robot_environment.py -> /home/user/ros2_ws/install/move_towards_object/lib/python3.10/site-packages/move_towards_object
[2.922s] copying /home/user/ros2_ws/build/move_towards_object/build/lib/move_towards_object/move_towards_object_node.py -> /home/user/ros2_ws/install/move_towards_object/lib/python3.10/site-packages/move_towards_object
[2.924s] byte-compiling /home/user/ros2_ws/install/move_towards_object/lib/python3.10/site-packages/move_towards_object/q_learning_agent.py to q_learning_agent.cpython-310.pyc
[2.926s] byte-compiling /home/user/ros2_ws/install/move_towards_object/lib/python3.10/site-packages/move_towards_object/robot_environment.py to robot_environment.cpython-310.pyc
[2.929s] byte-compiling /home/user/ros2_ws/install/move_towards_object/lib/python3.10/site-packages/move_towards_object/move_towards_object_node.py to move_towards_object_node.cpython-310.pyc
[2.931s] running install_data
[2.931s] running install_egg_info
[2.934s] removing '/home/user/ros2_ws/install/move_towards_object/lib/python3.10/site-packages/move_towards_object-0.0.0-py3.10.egg-info' (and everything under it)
[2.934s] Copying ../../build/move_towards_object/move_towards_object.egg-info to /home/user/ros2_ws/install/move_towards_object/lib/python3.10/site-packages/move_towards_object-0.0.0-py3.10.egg-info
[2.937s] running install_scripts
[2.981s] Installing move_towards_object_node script to /home/user/ros2_ws/install/move_towards_object/lib/move_towards_object
[2.982s] writing list of installed files to '/home/user/ros2_ws/build/move_towards_object/install.log'
[3.027s] Invoked command in '/home/user/ros2_ws/src/move_towards_object' returned '0': PYTHONPATH=/home/user/ros2_ws/build/move_towards_object/prefix_override:/home/user/ros2_ws/install/move_towards_object/lib/python3.10/site-packages:${PYTHONPATH} _=/usr/bin/env /usr/bin/python3 -W ignore:setup.py install is deprecated setup.py egg_info --egg-base ../../build/move_towards_object build --build-base /home/user/ros2_ws/build/move_towards_object/build install --record /home/user/ros2_ws/build/move_towards_object/install.log --single-version-externally-managed install_data
